#
# There is insufficient memory for the Java Runtime Environment to continue.
# Native memory allocation (malloc) failed to allocate 135266304 bytes for committing reserved memory.
# Possible reasons:
#   The system is out of physical RAM or swap space
#   In 32 bit mode, the process size limit was hit
# Possible solutions:
#   Reduce memory load on the system
#   Increase physical memory or swap space
#   Check if swap backing store is full
#   Use 64 bit Java on a 64 bit OS
#   Decrease Java heap size (-Xmx/-Xms)
#   Decrease number of Java threads
#   Decrease Java thread stack sizes (-Xss)
#   Set larger code cache with -XX:ReservedCodeCacheSize=
# This output file may be truncated or incomplete.
#
#  Out of Memory Error (os_linux.cpp:2827), pid=30727, tid=139746573002496
#
# JRE version: OpenJDK Runtime Environment (7.0_91-b02) (build 1.7.0_91-b02)
# Java VM: OpenJDK 64-Bit Server VM (24.91-b01 mixed mode linux-amd64 compressed oops)
# Derivative: IcedTea 2.6.3
# Distribution: Ubuntu 15.04, package 7u91-2.6.3-0ubuntu0.15.04.1
# Failed to write core dump. Core dumps have been disabled. To enable core dumping, try "ulimit -c unlimited" before starting Java again
#

---------------  T H R E A D  ---------------

Current thread (0x00007f1944075800):  VMThread [stack: 0x00007f1948c7a000,0x00007f1948d7b000] [id=30733]

Stack: [0x00007f1948c7a000,0x00007f1948d7b000],  sp=0x00007f1948d794e0,  free space=1021k
Native frames: (J=compiled Java code, j=interpreted, Vv=VM code, C=native code)
V  [libjvm.so+0x991aa6]  VMError::report_and_die()+0x186
V  [libjvm.so+0x4934c2]  report_vm_out_of_memory(char const*, int, unsigned long, char const*)+0x92
V  [libjvm.so+0x80371b]  os::pd_commit_memory(char*, unsigned long, unsigned long, bool)+0xeb
V  [libjvm.so+0x7fddfe]  os::commit_memory(char*, unsigned long, unsigned long, bool)+0x2e
V  [libjvm.so+0x871c0b]  PSVirtualSpace::expand_by(unsigned long)+0x5b
V  [libjvm.so+0x872ac3]  PSYoungGen::resize_generation(unsigned long, unsigned long)+0xd3
V  [libjvm.so+0x8731db]  PSYoungGen::resize(unsigned long, unsigned long)+0x1b
V  [libjvm.so+0x86eb41]  PSScavenge::invoke_no_policy()+0xd51
V  [libjvm.so+0x86f3b8]  PSScavenge::invoke()+0x38
V  [libjvm.so+0x826a73]  ParallelScavengeHeap::failed_mem_allocate(unsigned long)+0x63
V  [libjvm.so+0x993372]  VM_ParallelGCFailedAllocation::doit()+0x92
V  [libjvm.so+0x9977f7]  VM_Operation::evaluate()+0x47
V  [libjvm.so+0x995f6b]  VMThread::evaluate_operation(VM_Operation*)+0xab
V  [libjvm.so+0x996616]  VMThread::loop()+0x1e6
V  [libjvm.so+0x996ae1]  VMThread::run()+0x81
V  [libjvm.so+0x800642]  java_start(Thread*)+0xf2

VM_Operation (0x00007f194df95040): ParallelGCFailedAllocation, mode: safepoint, requested by thread 0x00007f194400a000


---------------  P R O C E S S  ---------------

Java Threads: ( => current thread )
  0x00007f19440b1000 JavaThread "Service Thread" daemon [_thread_blocked, id=30739, stack(0x00007f1948207000,0x00007f1948308000)]
  0x00007f19440ae800 JavaThread "C2 CompilerThread1" daemon [_thread_blocked, id=30738, stack(0x00007f1948308000,0x00007f1948409000)]
  0x00007f19440ab800 JavaThread "C2 CompilerThread0" daemon [_thread_blocked, id=30737, stack(0x00007f1948409000,0x00007f194850a000)]
  0x00007f19440a9000 JavaThread "Signal Dispatcher" daemon [_thread_blocked, id=30736, stack(0x00007f194850a000,0x00007f194860b000)]
  0x00007f194407c800 JavaThread "Finalizer" daemon [_thread_blocked, id=30735, stack(0x00007f1948a78000,0x00007f1948b79000)]
  0x00007f194407a000 JavaThread "Reference Handler" daemon [_thread_blocked, id=30734, stack(0x00007f1948b79000,0x00007f1948c7a000)]
  0x00007f194400a000 JavaThread "main" [_thread_blocked, id=30728, stack(0x00007f194de96000,0x00007f194df97000)]

Other Threads:
=>0x00007f1944075800 VMThread [stack: 0x00007f1948c7a000,0x00007f1948d7b000] [id=30733]
  0x00007f19440bb800 WatcherThread [stack: 0x00007f1948106000,0x00007f1948207000] [id=30740]

VM state:at safepoint (normal execution)

VM Mutex/Monitor currently owned by a thread:  ([mutex/lock_event])
[0x00007f1944006570] Threads_lock - owner thread: 0x00007f1944075800
[0x00007f1944006a70] Heap_lock - owner thread: 0x00007f194400a000

Heap
 PSYoungGen      total 153600K, used 21475K [0x00000000eaa80000, 0x00000000f5580000, 0x0000000100000000)
  eden space 132096K, 0% used [0x00000000eaa80000,0x00000000eaa80000,0x00000000f2b80000)
  from space 21504K, 99% used [0x00000000f2b80000,0x00000000f4078e28,0x00000000f4080000)
  to   space 21504K, 0% used [0x00000000f4080000,0x00000000f4080000,0x00000000f5580000)
 ParOldGen       total 349696K, used 43790K [0x00000000c0000000, 0x00000000d5580000, 0x00000000eaa80000)
  object space 349696K, 12% used [0x00000000c0000000,0x00000000c2ac3bb8,0x00000000d5580000)
 PSPermGen       total 21504K, used 4607K [0x00000000b5a00000, 0x00000000b6f00000, 0x00000000c0000000)
  object space 21504K, 21% used [0x00000000b5a00000,0x00000000b5e7ffb8,0x00000000b6f00000)

Card table byte_map: [0x00007f194a823000,0x00007f194aa77000] byte_map_base: 0x00007f194a276000

Polling page: 0x00007f194dfb6000

Code Cache  [0x00007f1941000000, 0x00007f1941270000, 0x00007f1944000000)
 total_blobs=380 nmethods=155 adapters=179 free_code_cache=48294Kb largest_free_block=49409728

Compilation events (10 events):
Event: 2.045 Thread 0x00007f19440ab800 nmethod 152 0x00007f19410c6cd0 code [0x00007f19410c6e20, 0x00007f19410c6f38]
Event: 2.045 Thread 0x00007f19440ab800  153             com.googlecode.d2j.node.DexMethodNode::visitCode (19 bytes)
Event: 2.046 Thread 0x00007f19440ab800 nmethod 153 0x00007f19410c68d0 code [0x00007f19410c6a20, 0x00007f19410c6bb8]
Event: 2.046 Thread 0x00007f19440ab800  154             com.googlecode.d2j.visitors.DexMethodVisitor::visitCode (17 bytes)
Event: 2.047 Thread 0x00007f19440ab800 nmethod 154 0x00007f19410c6690 code [0x00007f19410c67c0, 0x00007f19410c6838]
Event: 2.047 Thread 0x00007f19440ab800  155             com.googlecode.d2j.node.DexCodeNode::<init> (27 bytes)
Event: 2.047 Thread 0x00007f19440ab800 nmethod 155 0x00007f19410c6390 code [0x00007f19410c64e0, 0x00007f19410c65f8]
Event: 2.047 Thread 0x00007f19440ab800  156             com.googlecode.d2j.visitors.DexCodeVisitor::<init> (10 bytes)
Event: 2.047 Thread 0x00007f19440ab800 nmethod 156 0x00007f19410c6190 code [0x00007f19410c62c0, 0x00007f19410c6338]
Event: 2.047 Thread 0x00007f19440ab800  157             com.googlecode.d2j.reader.DexFileReader::acceptCode (216 bytes)

GC Heap History (1 events):
Event: 2.242 GC heap before
{Heap before GC invocations=1 (full 0):
 PSYoungGen      total 153600K, used 132096K [0x00000000eaa80000, 0x00000000f5580000, 0x0000000100000000)
  eden space 132096K, 100% used [0x00000000eaa80000,0x00000000f2b80000,0x00000000f2b80000)
  from space 21504K, 0% used [0x00000000f4080000,0x00000000f4080000,0x00000000f5580000)
  to   space 21504K, 0% used [0x00000000f2b80000,0x00000000f2b80000,0x00000000f4080000)
 ParOldGen       total 349696K, used 0K [0x00000000c0000000, 0x00000000d5580000, 0x00000000eaa80000)
  object space 349696K, 0% used [0x00000000c0000000,0x00000000c0000000,0x00000000d5580000)
 PSPermGen       total 21504K, used 4607K [0x00000000b5a00000, 0x00000000b6f00000, 0x00000000c0000000)
  object space 21504K, 21% used [0x00000000b5a00000,0x00000000b5e7ffb8,0x00000000b6f00000)

Deoptimization events (9 events):
Event: 0.440 Thread 0x00007f194400a000 Uncommon trap: reason=unstable_if action=reinterpret pc=0x00007f19410607f4 method=java.lang.String.indexOf(II)I @ 49
Event: 0.930 Thread 0x00007f194400a000 Uncommon trap: reason=unstable_if action=reinterpret pc=0x00007f194106b9dc method=com.googlecode.d2j.util.Mutf8.decode(Ljava/nio/ByteBuffer;Ljava/lang/StringBuilder;)Ljava/lang/String; @ 23
Event: 1.254 Thread 0x00007f194400a000 Uncommon trap: reason=predicate action=maybe_recompile pc=0x00007f19410884f8 method=java.util.Arrays.fill([Ljava/lang/Object;Ljava/lang/Object;)V @ 10
Event: 1.299 Thread 0x00007f194400a000 Uncommon trap: reason=array_check action=maybe_recompile pc=0x00007f194108e7bc method=java.util.Arrays.fill([Ljava/lang/Object;Ljava/lang/Object;)V @ 13
Event: 1.299 Thread 0x00007f194400a000 Uncommon trap: reason=array_check action=maybe_recompile pc=0x00007f194108e7bc method=java.util.Arrays.fill([Ljava/lang/Object;Ljava/lang/Object;)V @ 13
Event: 1.299 Thread 0x00007f194400a000 Uncommon trap: reason=array_check action=maybe_recompile pc=0x00007f194108e7bc method=java.util.Arrays.fill([Ljava/lang/Object;Ljava/lang/Object;)V @ 13
Event: 1.299 Thread 0x00007f194400a000 Uncommon trap: reason=array_check action=maybe_recompile pc=0x00007f194108e7bc method=java.util.Arrays.fill([Ljava/lang/Object;Ljava/lang/Object;)V @ 13
Event: 1.390 Thread 0x00007f194400a000 Uncommon trap: reason=unloaded action=reinterpret pc=0x00007f194109fdfc method=com.googlecode.d2j.reader.DexFileReader.acceptInsn([BLcom/googlecode/d2j/visitors/DexCodeVisitor;Ljava/util/BitSet;Ljava/util/Map;)V @ 2522
Event: 1.495 Thread 0x00007f194400a000 Uncommon trap: reason=null_check action=make_not_entrant pc=0x00007f1941092624 method=com.googlecode.d2j.reader.DexFileReader.acceptField(Ljava/nio/ByteBuffer;ILcom/googlecode/d2j/visitors/DexClassVisitor;Ljava/util/Map;Ljava/lang/Object;I)I @ 63

Internal exceptions (10 events):
Event: 0.563 Thread 0x00007f194400a000 Threw 0x00000000eb3d4ac8 at /build/openjdk-7-1hyu6m/openjdk-7-7u91-2.6.3/build/openjdk/hotspot/src/share/vm/prims/jvm.cpp:1322
Event: 0.564 Thread 0x00007f194400a000 Threw 0x00000000eb3d9448 at /build/openjdk-7-1hyu6m/openjdk-7-7u91-2.6.3/build/openjdk/hotspot/src/share/vm/prims/jvm.cpp:1322
Event: 0.565 Thread 0x00007f194400a000 Threw 0x00000000eb3de3f0 at /build/openjdk-7-1hyu6m/openjdk-7-7u91-2.6.3/build/openjdk/hotspot/src/share/vm/prims/jvm.cpp:1322
Event: 0.566 Thread 0x00007f194400a000 Threw 0x00000000eb3f3918 at /build/openjdk-7-1hyu6m/openjdk-7-7u91-2.6.3/build/openjdk/hotspot/src/share/vm/prims/jvm.cpp:1322
Event: 0.571 Thread 0x00007f194400a000 Threw 0x00000000eb3f7b68 at /build/openjdk-7-1hyu6m/openjdk-7-7u91-2.6.3/build/openjdk/hotspot/src/share/vm/prims/jvm.cpp:1322
Event: 0.571 Thread 0x00007f194400a000 Threw 0x00000000eb3fdbe0 at /build/openjdk-7-1hyu6m/openjdk-7-7u91-2.6.3/build/openjdk/hotspot/src/share/vm/prims/jvm.cpp:1322
Event: 0.587 Thread 0x00007f194400a000 Threw 0x00000000eb40eaa8 at /build/openjdk-7-1hyu6m/openjdk-7-7u91-2.6.3/build/openjdk/hotspot/src/share/vm/prims/jvm.cpp:1322
Event: 0.588 Thread 0x00007f194400a000 Threw 0x00000000eb416540 at /build/openjdk-7-1hyu6m/openjdk-7-7u91-2.6.3/build/openjdk/hotspot/src/share/vm/prims/jvm.cpp:1322
Event: 0.596 Thread 0x00007f194400a000 Threw 0x00000000eb42f4a8 at /build/openjdk-7-1hyu6m/openjdk-7-7u91-2.6.3/build/openjdk/hotspot/src/share/vm/prims/jvm.cpp:1322
Event: 1.495 Thread 0x00007f194400a000 Implicit null exception at 0x00007f194109058c to 0x00007f19410925a9

Events (10 events):
Event: 1.299 Thread 0x00007f194400a000 DEOPT UNPACKING pc=0x00007f1941039445 sp=0x00007f194df95258 mode 2
Event: 1.390 Thread 0x00007f194400a000 Uncommon trap: trap_request=0x0000027c fr.pc=0x00007f194109fdfc
Event: 1.390 Thread 0x00007f194400a000 DEOPT PACKING pc=0x00007f194109fdfc sp=0x00007f194df95330
Event: 1.390 Thread 0x00007f194400a000 DEOPT UNPACKING pc=0x00007f1941039445 sp=0x00007f194df952c8 mode 2
Event: 1.495 Thread 0x00007f194400a000 Uncommon trap: trap_request=0xfffffff4 fr.pc=0x00007f1941092624
Event: 1.495 Thread 0x00007f194400a000 DEOPT PACKING pc=0x00007f1941092624 sp=0x00007f194df955d0
Event: 1.495 Thread 0x00007f194400a000 DEOPT UNPACKING pc=0x00007f1941039445 sp=0x00007f194df954e8 mode 2
Event: 1.971 loading class 0x00007f1949fdc3d0
Event: 1.990 loading class 0x00007f1949fdc3d0 done
Event: 2.242 Executing VM operation: ParallelGCFailedAllocation


Dynamic libraries:
00400000-00401000 r-xp 00000000 08:07 13638528                           /usr/lib/jvm/java-7-openjdk-amd64/jre/bin/java
00600000-00601000 r--p 00000000 08:07 13638528                           /usr/lib/jvm/java-7-openjdk-amd64/jre/bin/java
00601000-00602000 rw-p 00001000 08:07 13638528                           /usr/lib/jvm/java-7-openjdk-amd64/jre/bin/java
0218b000-021ac000 rw-p 00000000 00:00 0                                  [heap]
b5a00000-b6f00000 rw-p 00000000 00:00 0 
b6f00000-c0000000 rw-p 00000000 00:00 0 
c0000000-d5580000 rw-p 00000000 00:00 0 
d5580000-eaa80000 rw-p 00000000 00:00 0 
eaa80000-f5580000 rw-p 00000000 00:00 0 
fd680000-100000000 rw-p 00000000 00:00 0 
7f1908000000-7f1908021000 rw-p 00000000 00:00 0 
7f1908021000-7f190c000000 ---p 00000000 00:00 0 
7f1910000000-7f1910c45000 rw-p 00000000 00:00 0 
7f1910c45000-7f1914000000 ---p 00000000 00:00 0 
7f1914000000-7f1914021000 rw-p 00000000 00:00 0 
7f1914021000-7f1918000000 ---p 00000000 00:00 0 
7f1918000000-7f1918021000 rw-p 00000000 00:00 0 
7f1918021000-7f191c000000 ---p 00000000 00:00 0 
7f191c000000-7f191d67b000 rw-p 00000000 00:00 0 
7f191d67b000-7f1920000000 ---p 00000000 00:00 0 
7f1920000000-7f1920021000 rw-p 00000000 00:00 0 
7f1920021000-7f1924000000 ---p 00000000 00:00 0 
7f1924000000-7f1924021000 rw-p 00000000 00:00 0 
7f1924021000-7f1928000000 ---p 00000000 00:00 0 
7f1928000000-7f1928021000 rw-p 00000000 00:00 0 
7f1928021000-7f192c000000 ---p 00000000 00:00 0 
7f192c000000-7f192c240000 rw-p 00000000 00:00 0 
7f192c240000-7f1930000000 ---p 00000000 00:00 0 
7f1930000000-7f1930021000 rw-p 00000000 00:00 0 
7f1930021000-7f1934000000 ---p 00000000 00:00 0 
7f1934000000-7f1934021000 rw-p 00000000 00:00 0 
7f1934021000-7f1938000000 ---p 00000000 00:00 0 
7f1938000000-7f1938021000 rw-p 00000000 00:00 0 
7f1938021000-7f193c000000 ---p 00000000 00:00 0 
7f193c969000-7f193d30b000 rw-p 00000000 00:00 0 
7f193d30b000-7f193d377000 r-xp 00000000 08:07 16257056                   /lib/x86_64-linux-gnu/libpcre.so.3.13.1
7f193d377000-7f193d576000 ---p 0006c000 08:07 16257056                   /lib/x86_64-linux-gnu/libpcre.so.3.13.1
7f193d576000-7f193d577000 r--p 0006b000 08:07 16257056                   /lib/x86_64-linux-gnu/libpcre.so.3.13.1
7f193d577000-7f193d578000 rw-p 0006c000 08:07 16257056                   /lib/x86_64-linux-gnu/libpcre.so.3.13.1
7f193d578000-7f193d57f000 r-xp 00000000 08:07 13631618                   /usr/lib/x86_64-linux-gnu/libffi.so.6.0.4
7f193d57f000-7f193d77e000 ---p 00007000 08:07 13631618                   /usr/lib/x86_64-linux-gnu/libffi.so.6.0.4
7f193d77e000-7f193d77f000 r--p 00006000 08:07 13631618                   /usr/lib/x86_64-linux-gnu/libffi.so.6.0.4
7f193d77f000-7f193d780000 rw-p 00007000 08:07 13631618                   /usr/lib/x86_64-linux-gnu/libffi.so.6.0.4
7f193d780000-7f193d797000 r-xp 00000000 08:07 16253007                   /lib/x86_64-linux-gnu/libresolv-2.21.so
7f193d797000-7f193d997000 ---p 00017000 08:07 16253007                   /lib/x86_64-linux-gnu/libresolv-2.21.so
7f193d997000-7f193d999000 r--p 00017000 08:07 16253007                   /lib/x86_64-linux-gnu/libresolv-2.21.so
7f193d999000-7f193d99a000 rw-p 00019000 08:07 16253007                   /lib/x86_64-linux-gnu/libresolv-2.21.so
7f193d99a000-7f193d99c000 rw-p 00000000 00:00 0 
7f193d99c000-7f193d9bd000 r-xp 00000000 08:07 16257131                   /lib/x86_64-linux-gnu/libselinux.so.1
7f193d9bd000-7f193dbbc000 ---p 00021000 08:07 16257131                   /lib/x86_64-linux-gnu/libselinux.so.1
7f193dbbc000-7f193dbbd000 r--p 00020000 08:07 16257131                   /lib/x86_64-linux-gnu/libselinux.so.1
7f193dbbd000-7f193dbbe000 rw-p 00021000 08:07 16257131                   /lib/x86_64-linux-gnu/libselinux.so.1
7f193dbbe000-7f193dbc0000 rw-p 00000000 00:00 0 
7f193dbc0000-7f193dbc3000 r-xp 00000000 08:07 13631893                   /usr/lib/x86_64-linux-gnu/libgmodule-2.0.so.0.4400.1
7f193dbc3000-7f193ddc2000 ---p 00003000 08:07 13631893                   /usr/lib/x86_64-linux-gnu/libgmodule-2.0.so.0.4400.1
7f193ddc2000-7f193ddc3000 r--p 00002000 08:07 13631893                   /usr/lib/x86_64-linux-gnu/libgmodule-2.0.so.0.4400.1
7f193ddc3000-7f193ddc4000 rw-p 00003000 08:07 13631893                   /usr/lib/x86_64-linux-gnu/libgmodule-2.0.so.0.4400.1
7f193ddc4000-7f193ded1000 r-xp 00000000 08:07 16257102                   /lib/x86_64-linux-gnu/libglib-2.0.so.0.4400.1
7f193ded1000-7f193e0d0000 ---p 0010d000 08:07 16257102                   /lib/x86_64-linux-gnu/libglib-2.0.so.0.4400.1
7f193e0d0000-7f193e0d1000 r--p 0010c000 08:07 16257102                   /lib/x86_64-linux-gnu/libglib-2.0.so.0.4400.1
7f193e0d1000-7f193e0d2000 rw-p 0010d000 08:07 16257102                   /lib/x86_64-linux-gnu/libglib-2.0.so.0.4400.1
7f193e0d2000-7f193e0d3000 rw-p 00000000 00:00 0 
7f193e0d3000-7f193e123000 r-xp 00000000 08:07 13631853                   /usr/lib/x86_64-linux-gnu/libgobject-2.0.so.0.4400.1
7f193e123000-7f193e323000 ---p 00050000 08:07 13631853                   /usr/lib/x86_64-linux-gnu/libgobject-2.0.so.0.4400.1
7f193e323000-7f193e324000 r--p 00050000 08:07 13631853                   /usr/lib/x86_64-linux-gnu/libgobject-2.0.so.0.4400.1
7f193e324000-7f193e325000 rw-p 00051000 08:07 13631853                   /usr/lib/x86_64-linux-gnu/libgobject-2.0.so.0.4400.1
7f193e325000-7f193e49d000 r-xp 00000000 08:07 13631875                   /usr/lib/x86_64-linux-gnu/libgio-2.0.so.0.4400.1
7f193e49d000-7f193e69d000 ---p 00178000 08:07 13631875                   /usr/lib/x86_64-linux-gnu/libgio-2.0.so.0.4400.1
7f193e69d000-7f193e6a1000 r--p 00178000 08:07 13631875                   /usr/lib/x86_64-linux-gnu/libgio-2.0.so.0.4400.1
7f193e6a1000-7f193e6a3000 rw-p 0017c000 08:07 13631875                   /usr/lib/x86_64-linux-gnu/libgio-2.0.so.0.4400.1
7f193e6a3000-7f193e6a5000 rw-p 00000000 00:00 0 
7f193e6a5000-7f193e6bd000 r-xp 00000000 08:07 13641905                   /usr/lib/jvm/java-7-openjdk-amd64/jre/lib/amd64/libnet.so
7f193e6bd000-7f193e8bc000 ---p 00018000 08:07 13641905                   /usr/lib/jvm/java-7-openjdk-amd64/jre/lib/amd64/libnet.so
7f193e8bc000-7f193e8bd000 r--p 00017000 08:07 13641905                   /usr/lib/jvm/java-7-openjdk-amd64/jre/lib/amd64/libnet.so
7f193e8bd000-7f193e8be000 rw-p 00018000 08:07 13641905                   /usr/lib/jvm/java-7-openjdk-amd64/jre/lib/amd64/libnet.so
7f193e8be000-7f193e8cf000 r-xp 00000000 08:07 13641872                   /usr/lib/jvm/java-7-openjdk-amd64/jre/lib/amd64/libnio.so
7f193e8cf000-7f193eace000 ---p 00011000 08:07 13641872                   /usr/lib/jvm/java-7-openjdk-amd64/jre/lib/amd64/libnio.so
7f193eace000-7f193eacf000 r--p 00010000 08:07 13641872                   /usr/lib/jvm/java-7-openjdk-amd64/jre/lib/amd64/libnio.so
7f193eacf000-7f193ead0000 rw-p 00011000 08:07 13641872                   /usr/lib/jvm/java-7-openjdk-amd64/jre/lib/amd64/libnio.so
7f193ead0000-7f1941000000 rw-p 00000000 00:00 0 
7f1941000000-7f1941270000 rwxp 00000000 00:00 0 
7f1941270000-7f19441e0000 rw-p 00000000 00:00 0 
7f19441e0000-7f1948000000 ---p 00000000 00:00 0 
7f19480bf000-7f19480c0000 rw-p 00000000 00:00 0 
7f19480c0000-7f19480c7000 r--s 00000000 08:07 13902402                   /usr/lib/x86_64-linux-gnu/gconv/gconv-modules.cache
7f19480c7000-7f19480db000 r--p 00000000 08:07 14421516                   /usr/share/locale-langpack/zh_CN/LC_MESSAGES/libc.mo
7f19480db000-7f19480ea000 r--s 000e1000 08:07 5247407                    /home/hit_alan/zhoufandi/somefilebetweenlinuxandwindows/dex2jar-2.0/lib/dx-1.7.jar
7f19480ea000-7f19480ed000 r--s 00016000 08:07 5247405                    /home/hit_alan/zhoufandi/somefilebetweenlinuxandwindows/dex2jar-2.0/lib/dex-writer-2.0.jar
7f19480ed000-7f19480ef000 r--s 00012000 08:07 5247403                    /home/hit_alan/zhoufandi/somefilebetweenlinuxandwindows/dex2jar-2.0/lib/dex-translator-2.0.jar
7f19480ef000-7f19480f3000 r--s 00028000 08:07 5247401                    /home/hit_alan/zhoufandi/somefilebetweenlinuxandwindows/dex2jar-2.0/lib/dex-tools-2.0.jar
7f19480f3000-7f19480f5000 r--s 0000d000 08:07 5247400                    /home/hit_alan/zhoufandi/somefilebetweenlinuxandwindows/dex2jar-2.0/lib/dex-reader-api-2.0.jar
7f19480f5000-7f19480f6000 r--s 0000f000 08:07 5247398                    /home/hit_alan/zhoufandi/somefilebetweenlinuxandwindows/dex2jar-2.0/lib/dex-reader-2.0.jar
7f19480f6000-7f19480fb000 r--s 00030000 08:07 5247397                    /home/hit_alan/zhoufandi/somefilebetweenlinuxandwindows/dex2jar-2.0/lib/dex-ir-2.0.jar
7f19480fb000-7f19480fd000 r--s 0002b000 08:07 5247396                    /home/hit_alan/zhoufandi/somefilebetweenlinuxandwindows/dex2jar-2.0/lib/d2j-smali-2.0.jar
7f19480fd000-7f19480fe000 r--s 00026000 08:07 5247390                    /home/hit_alan/zhoufandi/somefilebetweenlinuxandwindows/dex2jar-2.0/lib/d2j-jasmin-2.0.jar
7f19480fe000-7f1948103000 r--s 0004f000 08:07 5247384                    /home/hit_alan/zhoufandi/somefilebetweenlinuxandwindows/dex2jar-2.0/lib/asm-debug-all-4.1.jar
7f1948103000-7f1948106000 r--s 00026000 08:07 5247381                    /home/hit_alan/zhoufandi/somefilebetweenlinuxandwindows/dex2jar-2.0/lib/antlr-runtime-3.5.jar
7f1948106000-7f1948107000 ---p 00000000 00:00 0 
7f1948107000-7f1948207000 rw-p 00000000 00:00 0                          [stack:30740]
7f1948207000-7f194820a000 ---p 00000000 00:00 0 
7f194820a000-7f1948308000 rw-p 00000000 00:00 0                          [stack:30739]
7f1948308000-7f194830b000 ---p 00000000 00:00 0 
7f194830b000-7f1948409000 rw-p 00000000 00:00 0                          [stack:30738]
7f1948409000-7f194840c000 ---p 00000000 00:00 0 
7f194840c000-7f194850a000 rw-p 00000000 00:00 0                          [stack:30737]
7f194850a000-7f194850d000 ---p 00000000 00:00 0 
7f194850d000-7f194860b000 rw-p 00000000 00:00 0                          [stack:30736]
7f194860b000-7f1948a78000 r--p 00000000 08:07 13634881                   /usr/lib/locale/locale-archive
7f1948a78000-7f1948a7b000 ---p 00000000 00:00 0 
7f1948a7b000-7f1948b79000 rw-p 00000000 00:00 0                          [stack:30735]
7f1948b79000-7f1948b7c000 ---p 00000000 00:00 0 
7f1948b7c000-7f1948c7a000 rw-p 00000000 00:00 0                          [stack:30734]
7f1948c7a000-7f1948c7b000 ---p 00000000 00:00 0 
7f1948c7b000-7f1949d78000 rw-p 00000000 00:00 0                          [stack:30733]
7f1949d78000-7f1949f2a000 r--s 01d2e000 08:07 13641865                   /usr/lib/jvm/java-7-openjdk-amd64/jre/lib/rt.jar
7f1949f2a000-7f194a276000 rw-p 00000000 00:00 0 
7f194a276000-7f194a277000 ---p 00000000 00:00 0 
7f194a277000-7f194a377000 rw-p 00000000 00:00 0                          [stack:30732]
7f194a377000-7f194a378000 ---p 00000000 00:00 0 
7f194a378000-7f194a478000 rw-p 00000000 00:00 0                          [stack:30731]
7f194a478000-7f194a479000 ---p 00000000 00:00 0 
7f194a479000-7f194a579000 rw-p 00000000 00:00 0                          [stack:30730]
7f194a579000-7f194a57a000 ---p 00000000 00:00 0 
7f194a57a000-7f194a685000 rw-p 00000000 00:00 0                          [stack:30729]
7f194a685000-7f194a6cd000 rw-p 00000000 00:00 0 
7f194a6cd000-7f194a778000 rw-p 00000000 00:00 0 
7f194a778000-7f194a823000 rw-p 00000000 00:00 0 
7f194a823000-7f194a82e000 rw-p 00000000 00:00 0 
7f194a82e000-7f194a876000 rw-p 00000000 00:00 0 
7f194a876000-7f194a921000 rw-p 00000000 00:00 0 
7f194a921000-7f194a9cb000 rw-p 00000000 00:00 0 
7f194a9cb000-7f194aa21000 rw-p 00000000 00:00 0 
7f194aa21000-7f194aa76000 rw-p 00000000 00:00 0 
7f194aa76000-7f194aa77000 rw-p 00000000 00:00 0 
7f194aa77000-7f194aa7f000 r-xp 00000000 08:07 13641879                   /usr/lib/jvm/java-7-openjdk-amd64/jre/lib/amd64/libzip.so
7f194aa7f000-7f194ac7e000 ---p 00008000 08:07 13641879                   /usr/lib/jvm/java-7-openjdk-amd64/jre/lib/amd64/libzip.so
7f194ac7e000-7f194ac7f000 r--p 00007000 08:07 13641879                   /usr/lib/jvm/java-7-openjdk-amd64/jre/lib/amd64/libzip.so
7f194ac7f000-7f194ac80000 rw-p 00008000 08:07 13641879                   /usr/lib/jvm/java-7-openjdk-amd64/jre/lib/amd64/libzip.so
7f194ac80000-7f194ac8c000 r-xp 00000000 08:07 16253008                   /lib/x86_64-linux-gnu/libnss_files-2.21.so
7f194ac8c000-7f194ae8b000 ---p 0000c000 08:07 16253008                   /lib/x86_64-linux-gnu/libnss_files-2.21.so
7f194ae8b000-7f194ae8c000 r--p 0000b000 08:07 16253008                   /lib/x86_64-linux-gnu/libnss_files-2.21.so
7f194ae8c000-7f194ae8d000 rw-p 0000c000 08:07 16253008                   /lib/x86_64-linux-gnu/libnss_files-2.21.so
7f194ae8d000-7f194ae98000 r-xp 00000000 08:07 16252996                   /lib/x86_64-linux-gnu/libnss_nis-2.21.so
7f194ae98000-7f194b097000 ---p 0000b000 08:07 16252996                   /lib/x86_64-linux-gnu/libnss_nis-2.21.so
7f194b097000-7f194b098000 r--p 0000a000 08:07 16252996                   /lib/x86_64-linux-gnu/libnss_nis-2.21.so
7f194b098000-7f194b099000 rw-p 0000b000 08:07 16252996                   /lib/x86_64-linux-gnu/libnss_nis-2.21.so
7f194b099000-7f194b0b0000 r-xp 00000000 08:07 16257004                   /lib/x86_64-linux-gnu/libnsl-2.21.so
7f194b0b0000-7f194b2af000 ---p 00017000 08:07 16257004                   /lib/x86_64-linux-gnu/libnsl-2.21.so
7f194b2af000-7f194b2b0000 r--p 00016000 08:07 16257004                   /lib/x86_64-linux-gnu/libnsl-2.21.so
7f194b2b0000-7f194b2b1000 rw-p 00017000 08:07 16257004                   /lib/x86_64-linux-gnu/libnsl-2.21.so
7f194b2b1000-7f194b2b3000 rw-p 00000000 00:00 0 
7f194b2b3000-7f194b2bb000 r-xp 00000000 08:07 16253010                   /lib/x86_64-linux-gnu/libnss_compat-2.21.so
7f194b2bb000-7f194b4ba000 ---p 00008000 08:07 16253010                   /lib/x86_64-linux-gnu/libnss_compat-2.21.so
7f194b4ba000-7f194b4bb000 r--p 00007000 08:07 16253010                   /lib/x86_64-linux-gnu/libnss_compat-2.21.so
7f194b4bb000-7f194b4bc000 rw-p 00008000 08:07 16253010                   /lib/x86_64-linux-gnu/libnss_compat-2.21.so
7f194b4bc000-7f194b4e9000 r-xp 00000000 08:07 13641887                   /usr/lib/jvm/java-7-openjdk-amd64/jre/lib/amd64/libjava.so
7f194b4e9000-7f194b6e8000 ---p 0002d000 08:07 13641887                   /usr/lib/jvm/java-7-openjdk-amd64/jre/lib/amd64/libjava.so
7f194b6e8000-7f194b6e9000 r--p 0002c000 08:07 13641887                   /usr/lib/jvm/java-7-openjdk-amd64/jre/lib/amd64/libjava.so
7f194b6e9000-7f194b6eb000 rw-p 0002d000 08:07 13641887                   /usr/lib/jvm/java-7-openjdk-amd64/jre/lib/amd64/libjava.so
7f194b6eb000-7f194b6fa000 r-xp 00000000 08:07 13641901                   /usr/lib/jvm/java-7-openjdk-amd64/jre/lib/amd64/libverify.so
7f194b6fa000-7f194b8f9000 ---p 0000f000 08:07 13641901                   /usr/lib/jvm/java-7-openjdk-amd64/jre/lib/amd64/libverify.so
7f194b8f9000-7f194b8fc000 r--p 0000e000 08:07 13641901                   /usr/lib/jvm/java-7-openjdk-amd64/jre/lib/amd64/libverify.so
7f194b8fc000-7f194b8fd000 rw-p 00011000 08:07 13641901                   /usr/lib/jvm/java-7-openjdk-amd64/jre/lib/amd64/libverify.so
7f194b8fd000-7f194b904000 r-xp 00000000 08:07 16257005                   /lib/x86_64-linux-gnu/librt-2.21.so
7f194b904000-7f194bb03000 ---p 00007000 08:07 16257005                   /lib/x86_64-linux-gnu/librt-2.21.so
7f194bb03000-7f194bb04000 r--p 00006000 08:07 16257005                   /lib/x86_64-linux-gnu/librt-2.21.so
7f194bb04000-7f194bb05000 rw-p 00007000 08:07 16257005                   /lib/x86_64-linux-gnu/librt-2.21.so
7f194bb05000-7f194bb1b000 r-xp 00000000 08:07 16257047                   /lib/x86_64-linux-gnu/libgcc_s.so.1
7f194bb1b000-7f194bd1a000 ---p 00016000 08:07 16257047                   /lib/x86_64-linux-gnu/libgcc_s.so.1
7f194bd1a000-7f194bd1b000 rw-p 00015000 08:07 16257047                   /lib/x86_64-linux-gnu/libgcc_s.so.1
7f194bd1b000-7f194be22000 r-xp 00000000 08:07 16257003                   /lib/x86_64-linux-gnu/libm-2.21.so
7f194be22000-7f194c021000 ---p 00107000 08:07 16257003                   /lib/x86_64-linux-gnu/libm-2.21.so
7f194c021000-7f194c022000 r--p 00106000 08:07 16257003                   /lib/x86_64-linux-gnu/libm-2.21.so
7f194c022000-7f194c023000 rw-p 00107000 08:07 16257003                   /lib/x86_64-linux-gnu/libm-2.21.so
7f194c023000-7f194c113000 r-xp 00000000 08:07 13631543                   /usr/lib/x86_64-linux-gnu/libstdc++.so.6.0.20
7f194c113000-7f194c313000 ---p 000f0000 08:07 13631543                   /usr/lib/x86_64-linux-gnu/libstdc++.so.6.0.20
7f194c313000-7f194c31b000 r--p 000f0000 08:07 13631543                   /usr/lib/x86_64-linux-gnu/libstdc++.so.6.0.20
7f194c31b000-7f194c31d000 rw-p 000f8000 08:07 13631543                   /usr/lib/x86_64-linux-gnu/libstdc++.so.6.0.20
7f194c31d000-7f194c332000 rw-p 00000000 00:00 0 
7f194c332000-7f194ce92000 r-xp 00000000 08:07 13641893                   /usr/lib/jvm/java-7-openjdk-amd64/jre/lib/amd64/server/libjvm.so
7f194ce92000-7f194d092000 ---p 00b60000 08:07 13641893                   /usr/lib/jvm/java-7-openjdk-amd64/jre/lib/amd64/server/libjvm.so
7f194d092000-7f194d131000 r--p 00b60000 08:07 13641893                   /usr/lib/jvm/java-7-openjdk-amd64/jre/lib/amd64/server/libjvm.so
7f194d131000-7f194d154000 rw-p 00bff000 08:07 13641893                   /usr/lib/jvm/java-7-openjdk-amd64/jre/lib/amd64/server/libjvm.so
7f194d154000-7f194d181000 rw-p 00000000 00:00 0 
7f194d181000-7f194d19a000 r-xp 00000000 08:07 16257026                   /lib/x86_64-linux-gnu/libz.so.1.2.8
7f194d19a000-7f194d39a000 ---p 00019000 08:07 16257026                   /lib/x86_64-linux-gnu/libz.so.1.2.8
7f194d39a000-7f194d39b000 r--p 00019000 08:07 16257026                   /lib/x86_64-linux-gnu/libz.so.1.2.8
7f194d39b000-7f194d39c000 rw-p 0001a000 08:07 16257026                   /lib/x86_64-linux-gnu/libz.so.1.2.8
7f194d39c000-7f194d3b4000 r-xp 00000000 08:07 16253005                   /lib/x86_64-linux-gnu/libpthread-2.21.so
7f194d3b4000-7f194d5b4000 ---p 00018000 08:07 16253005                   /lib/x86_64-linux-gnu/libpthread-2.21.so
7f194d5b4000-7f194d5b5000 r--p 00018000 08:07 16253005                   /lib/x86_64-linux-gnu/libpthread-2.21.so
7f194d5b5000-7f194d5b6000 rw-p 00019000 08:07 16253005                   /lib/x86_64-linux-gnu/libpthread-2.21.so
7f194d5b6000-7f194d5ba000 rw-p 00000000 00:00 0 
7f194d5ba000-7f194d5bd000 r-xp 00000000 08:07 16253001                   /lib/x86_64-linux-gnu/libdl-2.21.so
7f194d5bd000-7f194d7bc000 ---p 00003000 08:07 16253001                   /lib/x86_64-linux-gnu/libdl-2.21.so
7f194d7bc000-7f194d7bd000 r--p 00002000 08:07 16253001                   /lib/x86_64-linux-gnu/libdl-2.21.so
7f194d7bd000-7f194d7be000 rw-p 00003000 08:07 16253001                   /lib/x86_64-linux-gnu/libdl-2.21.so
7f194d7be000-7f194d97e000 r-xp 00000000 08:07 16257010                   /lib/x86_64-linux-gnu/libc-2.21.so
7f194d97e000-7f194db7e000 ---p 001c0000 08:07 16257010                   /lib/x86_64-linux-gnu/libc-2.21.so
7f194db7e000-7f194db82000 r--p 001c0000 08:07 16257010                   /lib/x86_64-linux-gnu/libc-2.21.so
7f194db82000-7f194db84000 rw-p 001c4000 08:07 16257010                   /lib/x86_64-linux-gnu/libc-2.21.so
7f194db84000-7f194db88000 rw-p 00000000 00:00 0 
7f194db88000-7f194db95000 r-xp 00000000 08:07 13641902                   /usr/lib/jvm/java-7-openjdk-amd64/jre/lib/amd64/jli/libjli.so
7f194db95000-7f194dd94000 ---p 0000d000 08:07 13641902                   /usr/lib/jvm/java-7-openjdk-amd64/jre/lib/amd64/jli/libjli.so
7f194dd94000-7f194dd95000 r--p 0000c000 08:07 13641902                   /usr/lib/jvm/java-7-openjdk-amd64/jre/lib/amd64/jli/libjli.so
7f194dd95000-7f194dd96000 rw-p 0000d000 08:07 13641902                   /usr/lib/jvm/java-7-openjdk-amd64/jre/lib/amd64/jli/libjli.so
7f194dd96000-7f194ddba000 r-xp 00000000 08:07 16253004                   /lib/x86_64-linux-gnu/ld-2.21.so
7f194ddba000-7f194ddbe000 r--s 00034000 08:07 13641859                   /usr/lib/jvm/java-7-openjdk-amd64/jre/lib/ext/sunjce_provider.jar
7f194ddbe000-7f194dde0000 rw-p 00000000 00:00 0 
7f194dde0000-7f194de96000 rw-p 00000000 00:00 0 
7f194de96000-7f194de99000 ---p 00000000 00:00 0 
7f194de99000-7f194df9c000 rw-p 00000000 00:00 0                          [stack:30728]
7f194df9c000-7f194df9d000 r--s 00003000 08:07 5247386                    /home/hit_alan/zhoufandi/somefilebetweenlinuxandwindows/dex2jar-2.0/lib/d2j-base-cmd-2.0.jar
7f194df9d000-7f194df9e000 r--s 00002000 08:07 13641861                   /usr/lib/jvm/java-7-openjdk-amd64/jre/lib/ext/dnsns.jar
7f194df9e000-7f194dfa0000 r--s 00012000 08:07 13641856                   /usr/lib/jvm/java-7-openjdk-amd64/jre/lib/ext/zipfs.jar
7f194dfa0000-7f194dfa4000 r--s 0003c000 08:07 13641860                   /usr/lib/jvm/java-7-openjdk-amd64/jre/lib/ext/sunpkcs11.jar
7f194dfa4000-7f194dfa7000 r--s 0000f000 08:07 13641858                   /usr/lib/jvm/java-7-openjdk-amd64/jre/lib/ext/icedtea-sound.jar
7f194dfa7000-7f194dfab000 r--s 00085000 08:07 13641857                   /usr/lib/jvm/java-7-openjdk-amd64/jre/lib/ext/localedata.jar
7f194dfab000-7f194dfad000 r--s 00006000 08:07 14028198                   /usr/share/java/java-atk-wrapper.jar
7f194dfad000-7f194dfb5000 rw-s 00000000 08:07 6033502                    /tmp/hsperfdata_hit_alan/30727
7f194dfb5000-7f194dfb6000 rw-p 00000000 00:00 0 
7f194dfb6000-7f194dfb7000 ---p 00000000 00:00 0 
7f194dfb7000-7f194dfb9000 rw-p 00000000 00:00 0 
7f194dfb9000-7f194dfba000 r--p 00023000 08:07 16253004                   /lib/x86_64-linux-gnu/ld-2.21.so
7f194dfba000-7f194dfbb000 rw-p 00024000 08:07 16253004                   /lib/x86_64-linux-gnu/ld-2.21.so
7f194dfbb000-7f194dfbc000 rw-p 00000000 00:00 0 
7fff7de3f000-7fff7de61000 rw-p 00000000 00:00 0                          [stack]
7fff7de6e000-7fff7de70000 r--p 00000000 00:00 0                          [vvar]
7fff7de70000-7fff7de72000 r-xp 00000000 00:00 0                          [vdso]
ffffffffff600000-ffffffffff601000 r-xp 00000000 00:00 0                  [vsyscall]

VM Arguments:
jvm_args: -Xms512m -Xmx1024m 
java_command: com.googlecode.dex2jar.tools.Dex2jarCmd ../channelapk/20160424103720/channel.dex
Launcher Type: SUN_STANDARD

Environment Variables:
JAVA_HOME=/usr/lib/jvm/java-7-openjdk-amd64
PATH=/home/hit_alan/.gvm/vertx/current/bin:/home/hit_alan/.gvm/springboot/current/bin:/home/hit_alan/.gvm/lazybones/current/bin:/home/hit_alan/.gvm/jbake/current/bin:/home/hit_alan/.gvm/groovyserv/current/bin:/home/hit_alan/.gvm/groovy/current/bin:/home/hit_alan/.gvm/griffon/current/bin:/home/hit_alan/.gvm/grails/current/bin:/home/hit_alan/.gvm/gradle/current/bin:/home/hit_alan/.gvm/glide/current/bin:/home/hit_alan/.gvm/gaiden/current/bin:/home/hit_alan/.gvm/crash/current/bin:/home/hit_alan/.gvm/asciidoctorj/current/bin:/home/hit_alan/bin:/usr/local/sbin:/usr/local/bin:/usr/sbin:/usr/bin:/sbin:/bin:/usr/games:/usr/local/games:/usr/gradle-2.4/bin:/usr/grails-3.0.2/bin:/home/hit_alan/softwares/adt-bundle-linux-x86_64-20140624/sdk/platform-tools:/home/hit_alan/softwares/adt-bundle-linux-x86_64-20140624/sdk/tools
SHELL=/bin/bash
DISPLAY=:0.0

Signal Handlers:
SIGSEGV: [libjvm.so+0x992590], sa_mask[0]=0x7ffbfeff, sa_flags=0x10000004
SIGBUS: [libjvm.so+0x992590], sa_mask[0]=0x7ffbfeff, sa_flags=0x10000004
SIGFPE: [libjvm.so+0x7fec60], sa_mask[0]=0x7ffbfeff, sa_flags=0x10000004
SIGPIPE: [libjvm.so+0x7fec60], sa_mask[0]=0x7ffbfeff, sa_flags=0x10000004
SIGXFSZ: [libjvm.so+0x7fec60], sa_mask[0]=0x7ffbfeff, sa_flags=0x10000004
SIGILL: [libjvm.so+0x7fec60], sa_mask[0]=0x7ffbfeff, sa_flags=0x10000004
SIGUSR1: SIG_DFL, sa_mask[0]=0x00000000, sa_flags=0x00000000
SIGUSR2: [libjvm.so+0x7feae0], sa_mask[0]=0x00000004, sa_flags=0x10000004
SIGHUP: [libjvm.so+0x7fece0], sa_mask[0]=0x7ffbfeff, sa_flags=0x10000004
SIGINT: [libjvm.so+0x7fece0], sa_mask[0]=0x7ffbfeff, sa_flags=0x10000004
SIGTERM: [libjvm.so+0x7fece0], sa_mask[0]=0x7ffbfeff, sa_flags=0x10000004
SIGQUIT: [libjvm.so+0x7fece0], sa_mask[0]=0x7ffbfeff, sa_flags=0x10000004
SIGTRAP: SIG_DFL, sa_mask[0]=0x00000000, sa_flags=0x00000000


---------------  S Y S T E M  ---------------

OS:Ubuntu 15.04 (vivid)
uname:Linux 3.19.0-49-generic #55-Ubuntu SMP Fri Jan 22 02:10:24 UTC 2016 x86_64
libc:glibc 2.21 NPTL 2.21 
rlimit: STACK 8192k, CORE 0k, NPROC 31639, NOFILE 65536, AS infinity
load average:5.49 2.06 0.78

/proc/meminfo:
MemTotal:        8121860 kB
MemFree:          156848 kB
MemAvailable:     122524 kB
Buffers:            3100 kB
Cached:           199092 kB
SwapCached:            0 kB
Active:          7590192 kB
Inactive:         170480 kB
Active(anon):    7560024 kB
Inactive(anon):   131728 kB
Active(file):      30168 kB
Inactive(file):    38752 kB
Unevictable:         216 kB
Mlocked:             216 kB
SwapTotal:             0 kB
SwapFree:              0 kB
Dirty:               124 kB
Writeback:             0 kB
AnonPages:       7558916 kB
Mapped:           173236 kB
Shmem:            133108 kB
Slab:              69864 kB
SReclaimable:      31364 kB
SUnreclaim:        38500 kB
KernelStack:       14240 kB
PageTables:        62424 kB
NFS_Unstable:          0 kB
Bounce:                0 kB
WritebackTmp:          0 kB
CommitLimit:     4060928 kB
Committed_AS:   13458108 kB
VmallocTotal:   34359738367 kB
VmallocUsed:      111420 kB
VmallocChunk:   34359546884 kB
HardwareCorrupted:     0 kB
AnonHugePages:   4491264 kB
CmaTotal:              0 kB
CmaFree:               0 kB
HugePages_Total:       0
HugePages_Free:        0
HugePages_Rsvd:        0
HugePages_Surp:        0
Hugepagesize:       2048 kB
DirectMap4k:      167188 kB
DirectMap2M:     7118848 kB
DirectMap1G:     2097152 kB


CPU:total 4 (4 cores per cpu, 1 threads per core) family 6 model 60 stepping 3, cmov, cx8, fxsr, mmx, sse, sse2, sse3, ssse3, sse4.1, sse4.2, popcnt, avx, avx2, aes, erms, tsc, tscinvbit

/proc/cpuinfo:
processor	: 0
vendor_id	: GenuineIntel
cpu family	: 6
model		: 60
model name	: Intel(R) Core(TM) i5-4590 CPU @ 3.30GHz
stepping	: 3
microcode	: 0x1d
cpu MHz		: 3499.933
cache size	: 6144 KB
physical id	: 0
siblings	: 4
core id		: 0
cpu cores	: 4
apicid		: 0
initial apicid	: 0
fpu		: yes
fpu_exception	: yes
cpuid level	: 13
wp		: yes
flags		: fpu vme de pse tsc msr pae mce cx8 apic sep mtrr pge mca cmov pat pse36 clflush dts acpi mmx fxsr sse sse2 ss ht tm pbe syscall nx pdpe1gb rdtscp lm constant_tsc arch_perfmon pebs bts rep_good nopl xtopology nonstop_tsc aperfmperf eagerfpu pni pclmulqdq dtes64 monitor ds_cpl vmx smx est tm2 ssse3 fma cx16 xtpr pdcm pcid sse4_1 sse4_2 x2apic movbe popcnt tsc_deadline_timer aes xsave avx f16c rdrand lahf_lm abm ida arat epb pln pts dtherm tpr_shadow vnmi flexpriority ept vpid fsgsbase tsc_adjust bmi1 avx2 smep bmi2 erms invpcid xsaveopt
bugs		:
bogomips	: 6584.67
clflush size	: 64
cache_alignment	: 64
address sizes	: 39 bits physical, 48 bits virtual
power management:

processor	: 1
vendor_id	: GenuineIntel
cpu family	: 6
model		: 60
model name	: Intel(R) Core(TM) i5-4590 CPU @ 3.30GHz
stepping	: 3
microcode	: 0x1d
cpu MHz		: 3500.062
cache size	: 6144 KB
physical id	: 0
siblings	: 4
core id		: 1
cpu cores	: 4
apicid		: 2
initial apicid	: 2
fpu		: yes
fpu_exception	: yes
cpuid level	: 13
wp		: yes
flags		: fpu vme de pse tsc msr pae mce cx8 apic sep mtrr pge mca cmov pat pse36 clflush dts acpi mmx fxsr sse sse2 ss ht tm pbe syscall nx pdpe1gb rdtscp lm constant_tsc arch_perfmon pebs bts rep_good nopl xtopology nonstop_tsc aperfmperf eagerfpu pni pclmulqdq dtes64 monitor ds_cpl vmx smx est tm2 ssse3 fma cx16 xtpr pdcm pcid sse4_1 sse4_2 x2apic movbe popcnt tsc_deadline_timer aes xsave avx f16c rdrand lahf_lm abm ida arat epb pln pts dtherm tpr_shadow vnmi flexpriority ept vpid fsgsbase tsc_adjust bmi1 avx2 smep bmi2 erms invpcid xsaveopt
bugs		:
bogomips	: 6584.67
clflush size	: 64
cache_alignment	: 64
address sizes	: 39 bits physical, 48 bits virtual
power management:

processor	: 2
vendor_id	: GenuineIntel
cpu family	: 6
model		: 60
model name	: Intel(R) Core(TM) i5-4590 CPU @ 3.30GHz
stepping	: 3
microcode	: 0x1d
cpu MHz		: 3499.933
cache size	: 6144 KB
physical id	: 0
siblings	: 4
core id		: 2
cpu cores	: 4
apicid		: 4
initial apicid	: 4
fpu		: yes
fpu_exception	: yes
cpuid level	: 13
wp		: yes
flags		: fpu vme de pse tsc msr pae mce cx8 apic sep mtrr pge mca cmov pat pse36 clflush dts acpi mmx fxsr sse sse2 ss ht tm pbe syscall nx pdpe1gb rdtscp lm constant_tsc arch_perfmon pebs bts rep_good nopl xtopology nonstop_tsc aperfmperf eagerfpu pni pclmulqdq dtes64 monitor ds_cpl vmx smx est tm2 ssse3 fma cx16 xtpr pdcm pcid sse4_1 sse4_2 x2apic movbe popcnt tsc_deadline_timer aes xsave avx f16c rdrand lahf_lm abm ida arat epb pln pts dtherm tpr_shadow vnmi flexpriority ept vpid fsgsbase tsc_adjust bmi1 avx2 smep bmi2 erms invpcid xsaveopt
bugs		:
bogomips	: 6584.67
clflush size	: 64
cache_alignment	: 64
address sizes	: 39 bits physical, 48 bits virtual
power management:

processor	: 3
vendor_id	: GenuineIntel
cpu family	: 6
model		: 60
model name	: Intel(R) Core(TM) i5-4590 CPU @ 3.30GHz
stepping	: 3
microcode	: 0x1d
cpu MHz		: 3499.933
cache size	: 6144 KB
physical id	: 0
siblings	: 4
core id		: 3
cpu cores	: 4
apicid		: 6
initial apicid	: 6
fpu		: yes
fpu_exception	: yes
cpuid level	: 13
wp		: yes
flags		: fpu vme de pse tsc msr pae mce cx8 apic sep mtrr pge mca cmov pat pse36 clflush dts acpi mmx fxsr sse sse2 ss ht tm pbe syscall nx pdpe1gb rdtscp lm constant_tsc arch_perfmon pebs bts rep_good nopl xtopology nonstop_tsc aperfmperf eagerfpu pni pclmulqdq dtes64 monitor ds_cpl vmx smx est tm2 ssse3 fma cx16 xtpr pdcm pcid sse4_1 sse4_2 x2apic movbe popcnt tsc_deadline_timer aes xsave avx f16c rdrand lahf_lm abm ida arat epb pln pts dtherm tpr_shadow vnmi flexpriority ept vpid fsgsbase tsc_adjust bmi1 avx2 smep bmi2 erms invpcid xsaveopt
bugs		:
bogomips	: 6584.67
clflush size	: 64
cache_alignment	: 64
address sizes	: 39 bits physical, 48 bits virtual
power management:



Memory: 4k page, physical 8121860k(155892k free), swap 0k(0k free)

vm_info: OpenJDK 64-Bit Server VM (24.91-b01) for linux-amd64 JRE (1.7.0_91-b02), built on Nov 19 2015 06:08:55 by "buildd" with gcc 4.9.2

time: Sun Apr 24 10:37:32 2016
elapsed time: 2 seconds

