#
# There is insufficient memory for the Java Runtime Environment to continue.
# Native memory allocation (malloc) failed to allocate 150994944 bytes for committing reserved memory.
# Possible reasons:
#   The system is out of physical RAM or swap space
#   In 32 bit mode, the process size limit was hit
# Possible solutions:
#   Reduce memory load on the system
#   Increase physical memory or swap space
#   Check if swap backing store is full
#   Use 64 bit Java on a 64 bit OS
#   Decrease Java heap size (-Xmx/-Xms)
#   Decrease number of Java threads
#   Decrease Java thread stack sizes (-Xss)
#   Set larger code cache with -XX:ReservedCodeCacheSize=
# This output file may be truncated or incomplete.
#
#  Out of Memory Error (os_linux.cpp:2827), pid=32115, tid=139780693169920
#
# JRE version: OpenJDK Runtime Environment (7.0_91-b02) (build 1.7.0_91-b02)
# Java VM: OpenJDK 64-Bit Server VM (24.91-b01 mixed mode linux-amd64 compressed oops)
# Derivative: IcedTea 2.6.3
# Distribution: Ubuntu 15.04, package 7u91-2.6.3-0ubuntu0.15.04.1
# Failed to write core dump. Core dumps have been disabled. To enable core dumping, try "ulimit -c unlimited" before starting Java again
#

---------------  T H R E A D  ---------------

Current thread (0x00007f214013c800):  VMThread [stack: 0x00007f213a801000,0x00007f213a902000] [id=32121]

Stack: [0x00007f213a801000,0x00007f213a902000],  sp=0x00007f213a9004e0,  free space=1021k
Native frames: (J=compiled Java code, j=interpreted, Vv=VM code, C=native code)
V  [libjvm.so+0x991aa6]  VMError::report_and_die()+0x186
V  [libjvm.so+0x4934c2]  report_vm_out_of_memory(char const*, int, unsigned long, char const*)+0x92
V  [libjvm.so+0x80371b]  os::pd_commit_memory(char*, unsigned long, unsigned long, bool)+0xeb
V  [libjvm.so+0x7fddfe]  os::commit_memory(char*, unsigned long, unsigned long, bool)+0x2e
V  [libjvm.so+0x871c0b]  PSVirtualSpace::expand_by(unsigned long)+0x5b
V  [libjvm.so+0x872ac3]  PSYoungGen::resize_generation(unsigned long, unsigned long)+0xd3
V  [libjvm.so+0x8731db]  PSYoungGen::resize(unsigned long, unsigned long)+0x1b
V  [libjvm.so+0x86eb41]  PSScavenge::invoke_no_policy()+0xd51
V  [libjvm.so+0x86f3b8]  PSScavenge::invoke()+0x38
V  [libjvm.so+0x826a73]  ParallelScavengeHeap::failed_mem_allocate(unsigned long)+0x63
V  [libjvm.so+0x993372]  VM_ParallelGCFailedAllocation::doit()+0x92
V  [libjvm.so+0x9977f7]  VM_Operation::evaluate()+0x47
V  [libjvm.so+0x995f6b]  VMThread::evaluate_operation(VM_Operation*)+0xab
V  [libjvm.so+0x996616]  VMThread::loop()+0x1e6
V  [libjvm.so+0x996ae1]  VMThread::run()+0x81
V  [libjvm.so+0x800642]  java_start(Thread*)+0xf2

VM_Operation (0x00007f2146f7c590): ParallelGCFailedAllocation, mode: safepoint, requested by thread 0x00007f214000a000


---------------  P R O C E S S  ---------------

Java Threads: ( => current thread )
  0x00007f2140177800 JavaThread "Service Thread" daemon [_thread_blocked, id=32127, stack(0x00007f2139d8e000,0x00007f2139e8f000)]
  0x00007f2140175800 JavaThread "C2 CompilerThread1" daemon [_thread_blocked, id=32126, stack(0x00007f2139e8f000,0x00007f2139f90000)]
  0x00007f2140172800 JavaThread "C2 CompilerThread0" daemon [_thread_blocked, id=32125, stack(0x00007f2139f90000,0x00007f213a091000)]
  0x00007f2140170000 JavaThread "Signal Dispatcher" daemon [_thread_blocked, id=32124, stack(0x00007f213a091000,0x00007f213a192000)]
  0x00007f2140143800 JavaThread "Finalizer" daemon [_thread_blocked, id=32123, stack(0x00007f213a5ff000,0x00007f213a700000)]
  0x00007f2140141000 JavaThread "Reference Handler" daemon [_thread_blocked, id=32122, stack(0x00007f213a700000,0x00007f213a801000)]
  0x00007f214000a000 JavaThread "main" [_thread_blocked, id=32116, stack(0x00007f2146e7d000,0x00007f2146f7e000)]

Other Threads:
=>0x00007f214013c800 VMThread [stack: 0x00007f213a801000,0x00007f213a902000] [id=32121]
  0x00007f2140182800 WatcherThread [stack: 0x00007f2139c8d000,0x00007f2139d8e000] [id=32128]

VM state:at safepoint (normal execution)

VM Mutex/Monitor currently owned by a thread:  ([mutex/lock_event])
[0x00007f2140006370] Threads_lock - owner thread: 0x00007f214013c800
[0x00007f2140006870] Heap_lock - owner thread: 0x00007f214000a000

Heap
 PSYoungGen      total 134144K, used 5115K [0x00000007d6a80000, 0x00000007df280000, 0x0000000800000000)
  eden space 129024K, 0% used [0x00000007d6a80000,0x00000007d6a80000,0x00000007de880000)
  from space 5120K, 99% used [0x00000007de880000,0x00000007ded7eca8,0x00000007ded80000)
  to   space 5120K, 0% used [0x00000007ded80000,0x00000007ded80000,0x00000007df280000)
 ParOldGen       total 84480K, used 20810K [0x0000000784000000, 0x0000000789280000, 0x00000007d6a80000)
  object space 84480K, 24% used [0x0000000784000000,0x00000007854529d8,0x0000000789280000)
 PSPermGen       total 21504K, used 7624K [0x0000000779a00000, 0x000000077af00000, 0x0000000784000000)
  object space 21504K, 35% used [0x0000000779a00000,0x000000077a1721d0,0x000000077af00000)

Card table byte_map: [0x00007f213c5aa000,0x00007f213c9de000] byte_map_base: 0x00007f21389dd000

Polling page: 0x00007f2146f9d000

Code Cache  [0x00007f213c9de000, 0x00007f213cc4e000, 0x00007f213f9de000)
 total_blobs=567 nmethods=312 adapters=208 free_code_cache=47593Kb largest_free_block=48710848

Compilation events (10 events):
Event: 4.157 Thread 0x00007f2140175800  316             com.github.stigmata.birthmarks.cvfv.TypeAndValueBirthmarkElement::getSignature (5 bytes)
Event: 4.157 Thread 0x00007f2140175800 nmethod 316 0x00007f213cb41090 code [0x00007f213cb411c0, 0x00007f213cb41238]
Event: 4.158 Thread 0x00007f2140175800  317             com.github.stigmata.birthmarks.comparators.PlainBirthmarkComparator::compare (119 bytes)
Event: 4.167 Thread 0x00007f2140172800  318             com.github.stigmata.birthmarks.cvfv.TypeAndValueBirthmarkElement::equals (70 bytes)
Event: 4.168 Thread 0x00007f2140172800 nmethod 318 0x00007f213cb66090 code [0x00007f213cb661e0, 0x00007f213cb664f8]
Event: 4.182 Thread 0x00007f2140175800 nmethod 317 0x00007f213cb68050 code [0x00007f213cb68260, 0x00007f213cb692b8]
Event: 4.249 Thread 0x00007f2140172800  319 %           com.github.stigmata.printer.xml.ComparisonResultSetXmlPrinter::printResult @ 7 (54 bytes)
Event: 4.251 Thread 0x00007f2140172800 nmethod 319% 0x00007f213cb65950 code [0x00007f213cb65ae0, 0x00007f213cb65db8]
Event: 4.507 Thread 0x00007f2140172800  320             com.github.stigmata.birthmarks.comparators.PlainBirthmarkComparator::compare (119 bytes)
Event: 4.515 Thread 0x00007f2140172800 nmethod 320 0x00007f213cb66ad0 code [0x00007f213cb66ce0, 0x00007f213cb677d8]

GC Heap History (9 events):
Event: 1.471 GC heap before
{Heap before GC invocations=1 (full 0):
 PSYoungGen      total 37376K, used 32256K [0x00000007d6a80000, 0x00000007d9400000, 0x0000000800000000)
  eden space 32256K, 100% used [0x00000007d6a80000,0x00000007d8a00000,0x00000007d8a00000)
  from space 5120K, 0% used [0x00000007d8f00000,0x00000007d8f00000,0x00000007d9400000)
  to   space 5120K, 0% used [0x00000007d8a00000,0x00000007d8a00000,0x00000007d8f00000)
 ParOldGen       total 84480K, used 0K [0x0000000784000000, 0x0000000789280000, 0x00000007d6a80000)
  object space 84480K, 0% used [0x0000000784000000,0x0000000784000000,0x0000000789280000)
 PSPermGen       total 21504K, used 7432K [0x0000000779a00000, 0x000000077af00000, 0x0000000784000000)
  object space 21504K, 34% used [0x0000000779a00000,0x000000077a142000,0x000000077af00000)
Event: 1.493 GC heap after
Heap after GC invocations=1 (full 0):
 PSYoungGen      total 37376K, used 5104K [0x00000007d6a80000, 0x00000007db380000, 0x0000000800000000)
  eden space 32256K, 0% used [0x00000007d6a80000,0x00000007d6a80000,0x00000007d8a00000)
  from space 5120K, 99% used [0x00000007d8a00000,0x00000007d8efc1a0,0x00000007d8f00000)
  to   space 5120K, 0% used [0x00000007dae80000,0x00000007dae80000,0x00000007db380000)
 ParOldGen       total 84480K, used 70K [0x0000000784000000, 0x0000000789280000, 0x00000007d6a80000)
  object space 84480K, 0% used [0x0000000784000000,0x00000007840118b8,0x0000000789280000)
 PSPermGen       total 21504K, used 7432K [0x0000000779a00000, 0x000000077af00000, 0x0000000784000000)
  object space 21504K, 34% used [0x0000000779a00000,0x000000077a142000,0x000000077af00000)
}
Event: 1.962 GC heap before
{Heap before GC invocations=2 (full 0):
 PSYoungGen      total 37376K, used 37360K [0x00000007d6a80000, 0x00000007db380000, 0x0000000800000000)
  eden space 32256K, 100% used [0x00000007d6a80000,0x00000007d8a00000,0x00000007d8a00000)
  from space 5120K, 99% used [0x00000007d8a00000,0x00000007d8efc1a0,0x00000007d8f00000)
  to   space 5120K, 0% used [0x00000007dae80000,0x00000007dae80000,0x00000007db380000)
 ParOldGen       total 84480K, used 70K [0x0000000784000000, 0x0000000789280000, 0x00000007d6a80000)
  object space 84480K, 0% used [0x0000000784000000,0x00000007840118b8,0x0000000789280000)
 PSPermGen       total 21504K, used 7473K [0x0000000779a00000, 0x000000077af00000, 0x0000000784000000)
  object space 21504K, 34% used [0x0000000779a00000,0x000000077a14c7e8,0x000000077af00000)
Event: 1.988 GC heap after
Heap after GC invocations=2 (full 0):
 PSYoungGen      total 69632K, used 5098K [0x00000007d6a80000, 0x00000007db380000, 0x0000000800000000)
  eden space 64512K, 0% used [0x00000007d6a80000,0x00000007d6a80000,0x00000007da980000)
  from space 5120K, 99% used [0x00000007dae80000,0x00000007db37a920,0x00000007db380000)
  to   space 5120K, 0% used [0x00000007da980000,0x00000007da980000,0x00000007dae80000)
 ParOldGen       total 84480K, used 2434K [0x0000000784000000, 0x0000000789280000, 0x00000007d6a80000)
  object space 84480K, 2% used [0x0000000784000000,0x0000000784260a60,0x0000000789280000)
 PSPermGen       total 21504K, used 7473K [0x0000000779a00000, 0x000000077af00000, 0x0000000784000000)
  object space 21504K, 34% used [0x0000000779a00000,0x000000077a14c7e8,0x000000077af00000)
}
Event: 2.949 GC heap before
{Heap before GC invocations=3 (full 0):
 PSYoungGen      total 69632K, used 69610K [0x00000007d6a80000, 0x00000007db380000, 0x0000000800000000)
  eden space 64512K, 100% used [0x00000007d6a80000,0x00000007da980000,0x00000007da980000)
  from space 5120K, 99% used [0x00000007dae80000,0x00000007db37a920,0x00000007db380000)
  to   space 5120K, 0% used [0x00000007da980000,0x00000007da980000,0x00000007dae80000)
 ParOldGen       total 84480K, used 2434K [0x0000000784000000, 0x0000000789280000, 0x00000007d6a80000)
  object space 84480K, 2% used [0x0000000784000000,0x0000000784260a60,0x0000000789280000)
 PSPermGen       total 21504K, used 7542K [0x0000000779a00000, 0x000000077af00000, 0x0000000784000000)
  object space 21504K, 35% used [0x0000000779a00000,0x000000077a15d888,0x000000077af00000)
Event: 2.972 GC heap after
Heap after GC invocations=3 (full 0):
 PSYoungGen      total 69632K, used 5112K [0x00000007d6a80000, 0x00000007df280000, 0x0000000800000000)
  eden space 64512K, 0% used [0x00000007d6a80000,0x00000007d6a80000,0x00000007da980000)
  from space 5120K, 99% used [0x00000007da980000,0x00000007dae7e0c0,0x00000007dae80000)
  to   space 5120K, 0% used [0x00000007ded80000,0x00000007ded80000,0x00000007df280000)
 ParOldGen       total 84480K, used 9283K [0x0000000784000000, 0x0000000789280000, 0x00000007d6a80000)
  object space 84480K, 10% used [0x0000000784000000,0x0000000784910ca0,0x0000000789280000)
 PSPermGen       total 21504K, used 7542K [0x0000000779a00000, 0x000000077af00000, 0x0000000784000000)
  object space 21504K, 35% used [0x0000000779a00000,0x000000077a15d888,0x000000077af00000)
}
Event: 3.520 GC heap before
{Heap before GC invocations=4 (full 0):
 PSYoungGen      total 69632K, used 69624K [0x00000007d6a80000, 0x00000007df280000, 0x0000000800000000)
  eden space 64512K, 100% used [0x00000007d6a80000,0x00000007da980000,0x00000007da980000)
  from space 5120K, 99% used [0x00000007da980000,0x00000007dae7e0c0,0x00000007dae80000)
  to   space 5120K, 0% used [0x00000007ded80000,0x00000007ded80000,0x00000007df280000)
 ParOldGen       total 84480K, used 9283K [0x0000000784000000, 0x0000000789280000, 0x00000007d6a80000)
  object space 84480K, 10% used [0x0000000784000000,0x0000000784910ca0,0x0000000789280000)
 PSPermGen       total 21504K, used 7588K [0x0000000779a00000, 0x000000077af00000, 0x0000000784000000)
  object space 21504K, 35% used [0x0000000779a00000,0x000000077a169090,0x000000077af00000)
Event: 3.536 GC heap after
Heap after GC invocations=4 (full 0):
 PSYoungGen      total 134144K, used 5101K [0x00000007d6a80000, 0x00000007df280000, 0x0000000800000000)
  eden space 129024K, 0% used [0x00000007d6a80000,0x00000007d6a80000,0x00000007de880000)
  from space 5120K, 99% used [0x00000007ded80000,0x00000007df27b538,0x00000007df280000)
  to   space 5120K, 0% used [0x00000007de880000,0x00000007de880000,0x00000007ded80000)
 ParOldGen       total 84480K, used 15664K [0x0000000784000000, 0x0000000789280000, 0x00000007d6a80000)
  object space 84480K, 18% used [0x0000000784000000,0x0000000784f4c208,0x0000000789280000)
 PSPermGen       total 21504K, used 7588K [0x0000000779a00000, 0x000000077af00000, 0x0000000784000000)
  object space 21504K, 35% used [0x0000000779a00000,0x000000077a169090,0x000000077af00000)
}
Event: 6.594 GC heap before
{Heap before GC invocations=5 (full 0):
 PSYoungGen      total 134144K, used 134125K [0x00000007d6a80000, 0x00000007df280000, 0x0000000800000000)
  eden space 129024K, 100% used [0x00000007d6a80000,0x00000007de880000,0x00000007de880000)
  from space 5120K, 99% used [0x00000007ded80000,0x00000007df27b538,0x00000007df280000)
  to   space 5120K, 0% used [0x00000007de880000,0x00000007de880000,0x00000007ded80000)
 ParOldGen       total 84480K, used 15664K [0x0000000784000000, 0x0000000789280000, 0x00000007d6a80000)
  object space 84480K, 18% used [0x0000000784000000,0x0000000784f4c208,0x0000000789280000)
 PSPermGen       total 21504K, used 7624K [0x0000000779a00000, 0x000000077af00000, 0x0000000784000000)
  object space 21504K, 35% used [0x0000000779a00000,0x000000077a1721d0,0x000000077af00000)

Deoptimization events (10 events):
Event: 3.967 Thread 0x00007f214000a000 Uncommon trap: reason=unstable_if action=reinterpret pc=0x00007f213cafbfa4 method=java.util.HashMap.get(Ljava/lang/Object;)Ljava/lang/Object; @ 17
Event: 3.968 Thread 0x00007f214000a000 Uncommon trap: reason=unstable_if action=reinterpret pc=0x00007f213ca6498c method=java.lang.CharacterDataLatin1.toUpperCase(I)I @ 12
Event: 3.968 Thread 0x00007f214000a000 Uncommon trap: reason=unstable_if action=reinterpret pc=0x00007f213ca5f930 method=java.util.Hashtable.get(Ljava/lang/Object;)Ljava/lang/Object; @ 37
Event: 3.968 Thread 0x00007f214000a000 Uncommon trap: reason=unstable_if action=reinterpret pc=0x00007f213ca4384c method=java.util.HashMap$HashIterator.<init>(Ljava/util/HashMap;)V @ 56
Event: 4.089 Thread 0x00007f214000a000 Uncommon trap: reason=unstable_if action=reinterpret pc=0x00007f213cb46d18 method=java.util.HashMap.keySet()Ljava/util/Set; @ 6
Event: 4.152 Thread 0x00007f214000a000 Uncommon trap: reason=unstable_if action=reinterpret pc=0x00007f213cb41a48 method=com.github.stigmata.birthmarks.comparators.PlainBirthmarkComparator.compare(Lcom/github/stigmata/Birthmark;Lcom/github/stigmata/Birthmark;Lcom/github/stigmata/BirthmarkConte
Event: 4.501 Thread 0x00007f214000a000 Uncommon trap: reason=class_check action=maybe_recompile pc=0x00007f213cb6915c method=com.github.stigmata.birthmarks.cvfv.TypeAndValueBirthmarkElement.equals(Ljava/lang/Object;)Z @ 64
Event: 4.501 Thread 0x00007f214000a000 Uncommon trap: reason=class_check action=maybe_recompile pc=0x00007f213cb6915c method=com.github.stigmata.birthmarks.cvfv.TypeAndValueBirthmarkElement.equals(Ljava/lang/Object;)Z @ 64
Event: 4.501 Thread 0x00007f214000a000 Uncommon trap: reason=class_check action=maybe_recompile pc=0x00007f213cb6915c method=com.github.stigmata.birthmarks.cvfv.TypeAndValueBirthmarkElement.equals(Ljava/lang/Object;)Z @ 64
Event: 4.501 Thread 0x00007f214000a000 Uncommon trap: reason=class_check action=maybe_recompile pc=0x00007f213cb6915c method=com.github.stigmata.birthmarks.cvfv.TypeAndValueBirthmarkElement.equals(Ljava/lang/Object;)Z @ 64

Internal exceptions (10 events):
Event: 0.942 Thread 0x00007f214000a000 Threw 0x00000007d732f1d8 at /build/openjdk-7-1hyu6m/openjdk-7-7u91-2.6.3/build/openjdk/hotspot/src/share/vm/prims/jvm.cpp:1322
Event: 0.944 Thread 0x00007f214000a000 Threw 0x00000007d7335f30 at /build/openjdk-7-1hyu6m/openjdk-7-7u91-2.6.3/build/openjdk/hotspot/src/share/vm/prims/jvm.cpp:1322
Event: 3.455 Thread 0x00007f214000a000 Implicit null exception at 0x00007f213cb2e910 to 0x00007f213cb318bd
Event: 3.472 Thread 0x00007f214000a000 Implicit null exception at 0x00007f213cb1b90c to 0x00007f213cb1bdaa
Event: 3.708 Thread 0x00007f214000a000 Implicit null exception at 0x00007f213cae1473 to 0x00007f213cae526d
Event: 3.967 Thread 0x00007f214000a000 Threw 0x00000007d9edc738 at /build/openjdk-7-1hyu6m/openjdk-7-7u91-2.6.3/build/openjdk/hotspot/src/share/vm/prims/jvm.cpp:1322
Event: 3.967 Thread 0x00007f214000a000 Implicit null exception at 0x00007f213cafbf58 to 0x00007f213cafbf96
Event: 3.967 Thread 0x00007f214000a000 Threw 0x00000007d9ee2300 at /build/openjdk-7-1hyu6m/openjdk-7-7u91-2.6.3/build/openjdk/hotspot/src/share/vm/prims/jvm.cpp:1322
Event: 3.968 Thread 0x00007f214000a000 Threw 0x00000007d9ef7620 at /build/openjdk-7-1hyu6m/openjdk-7-7u91-2.6.3/build/openjdk/hotspot/src/share/vm/prims/jvm.cpp:1322
Event: 3.968 Thread 0x00007f214000a000 Threw 0x00000007d9efb720 at /build/openjdk-7-1hyu6m/openjdk-7-7u91-2.6.3/build/openjdk/hotspot/src/share/vm/prims/jvm.cpp:1322

Events (10 events):
Event: 4.501 Thread 0x00007f214000a000 Uncommon trap: trap_request=0xffffffde fr.pc=0x00007f213cb6915c
Event: 4.501 Thread 0x00007f214000a000 DEOPT PACKING pc=0x00007f213cb6915c sp=0x00007f2146f7c710
Event: 4.501 Thread 0x00007f214000a000 DEOPT UNPACKING pc=0x00007f213ca17445 sp=0x00007f2146f7c638 mode 2
Event: 4.501 Thread 0x00007f214000a000 Uncommon trap: trap_request=0xffffffde fr.pc=0x00007f213cb6915c
Event: 4.501 Thread 0x00007f214000a000 DEOPT PACKING pc=0x00007f213cb6915c sp=0x00007f2146f7c710
Event: 4.501 Thread 0x00007f214000a000 DEOPT UNPACKING pc=0x00007f213ca17445 sp=0x00007f2146f7c638 mode 2
Event: 4.515 Thread 0x00007f2140172800 flushing nmethod 0x00007f213ca4d510
Event: 4.515 Thread 0x00007f2140172800 flushing nmethod 0x00007f213ca4df10
Event: 4.515 Thread 0x00007f2140172800 flushing nmethod 0x00007f213ca50310
Event: 6.594 Executing VM operation: ParallelGCFailedAllocation


Dynamic libraries:
00400000-00401000 r-xp 00000000 08:07 13638528                           /usr/lib/jvm/java-7-openjdk-amd64/jre/bin/java
00600000-00601000 r--p 00000000 08:07 13638528                           /usr/lib/jvm/java-7-openjdk-amd64/jre/bin/java
00601000-00602000 rw-p 00001000 08:07 13638528                           /usr/lib/jvm/java-7-openjdk-amd64/jre/bin/java
0182d000-0184e000 rw-p 00000000 00:00 0                                  [heap]
779a00000-77af00000 rw-p 00000000 00:00 0 
77af00000-784000000 rw-p 00000000 00:00 0 
784000000-789280000 rw-p 00000000 00:00 0 
789280000-7d6a80000 rw-p 00000000 00:00 0 
7d6a80000-7df280000 rw-p 00000000 00:00 0 
7e8280000-800000000 rw-p 00000000 00:00 0 
7f20ec000000-7f20ec3a1000 rw-p 00000000 00:00 0 
7f20ec3a1000-7f20f0000000 ---p 00000000 00:00 0 
7f20f4000000-7f20f7ffd000 rw-p 00000000 00:00 0 
7f20f7ffd000-7f20f8000000 ---p 00000000 00:00 0 
7f20f8000000-7f20fbffd000 rw-p 00000000 00:00 0 
7f20fbffd000-7f20fc000000 ---p 00000000 00:00 0 
7f20fc000000-7f20fc021000 rw-p 00000000 00:00 0 
7f20fc021000-7f2100000000 ---p 00000000 00:00 0 
7f2100000000-7f2100021000 rw-p 00000000 00:00 0 
7f2100021000-7f2104000000 ---p 00000000 00:00 0 
7f2104000000-7f2104f8a000 rw-p 00000000 00:00 0 
7f2104f8a000-7f2108000000 ---p 00000000 00:00 0 
7f2108000000-7f21090a1000 rw-p 00000000 00:00 0 
7f21090a1000-7f210c000000 ---p 00000000 00:00 0 
7f210c000000-7f210c021000 rw-p 00000000 00:00 0 
7f210c021000-7f2110000000 ---p 00000000 00:00 0 
7f2110000000-7f2110021000 rw-p 00000000 00:00 0 
7f2110021000-7f2114000000 ---p 00000000 00:00 0 
7f2114000000-7f2114021000 rw-p 00000000 00:00 0 
7f2114021000-7f2118000000 ---p 00000000 00:00 0 
7f211bcd0000-7f2120000000 rw-p 00000000 00:00 0 
7f2120000000-7f2120021000 rw-p 00000000 00:00 0 
7f2120021000-7f2124000000 ---p 00000000 00:00 0 
7f2124000000-7f2124021000 rw-p 00000000 00:00 0 
7f2124021000-7f2128000000 ---p 00000000 00:00 0 
7f212c000000-7f212c021000 rw-p 00000000 00:00 0 
7f212c021000-7f2130000000 ---p 00000000 00:00 0 
7f2130000000-7f2130240000 rw-p 00000000 00:00 0 
7f2130240000-7f2134000000 ---p 00000000 00:00 0 
7f2134000000-7f2134021000 rw-p 00000000 00:00 0 
7f2134021000-7f2138000000 ---p 00000000 00:00 0 
7f213809d000-7f21380b1000 r--p 00000000 08:07 14421516                   /usr/share/locale-langpack/zh_CN/LC_MESSAGES/libc.mo
7f21380b1000-7f2138127000 r--s 004e3000 08:07 5247965                    /home/hit_alan/zhoufandi/somefilebetweenlinuxandwindows/dex2jar-2.0/20160517230650/clientdex2jar.jar
7f2138127000-7f213819d000 r--s 004e3000 08:07 5247965                    /home/hit_alan/zhoufandi/somefilebetweenlinuxandwindows/dex2jar-2.0/20160517230650/clientdex2jar.jar
7f213819d000-7f213849e000 rw-p 00000000 00:00 0 
7f213849e000-7f213850a000 r-xp 00000000 08:07 16257056                   /lib/x86_64-linux-gnu/libpcre.so.3.13.1
7f213850a000-7f2138709000 ---p 0006c000 08:07 16257056                   /lib/x86_64-linux-gnu/libpcre.so.3.13.1
7f2138709000-7f213870a000 r--p 0006b000 08:07 16257056                   /lib/x86_64-linux-gnu/libpcre.so.3.13.1
7f213870a000-7f213870b000 rw-p 0006c000 08:07 16257056                   /lib/x86_64-linux-gnu/libpcre.so.3.13.1
7f213870b000-7f2138712000 r-xp 00000000 08:07 13631618                   /usr/lib/x86_64-linux-gnu/libffi.so.6.0.4
7f2138712000-7f2138911000 ---p 00007000 08:07 13631618                   /usr/lib/x86_64-linux-gnu/libffi.so.6.0.4
7f2138911000-7f2138912000 r--p 00006000 08:07 13631618                   /usr/lib/x86_64-linux-gnu/libffi.so.6.0.4
7f2138912000-7f2138913000 rw-p 00007000 08:07 13631618                   /usr/lib/x86_64-linux-gnu/libffi.so.6.0.4
7f2138913000-7f213892a000 r-xp 00000000 08:07 16253007                   /lib/x86_64-linux-gnu/libresolv-2.21.so
7f213892a000-7f2138b2a000 ---p 00017000 08:07 16253007                   /lib/x86_64-linux-gnu/libresolv-2.21.so
7f2138b2a000-7f2138b2c000 r--p 00017000 08:07 16253007                   /lib/x86_64-linux-gnu/libresolv-2.21.so
7f2138b2c000-7f2138b2d000 rw-p 00019000 08:07 16253007                   /lib/x86_64-linux-gnu/libresolv-2.21.so
7f2138b2d000-7f2138b2f000 rw-p 00000000 00:00 0 
7f2138b2f000-7f2138b50000 r-xp 00000000 08:07 16257131                   /lib/x86_64-linux-gnu/libselinux.so.1
7f2138b50000-7f2138d4f000 ---p 00021000 08:07 16257131                   /lib/x86_64-linux-gnu/libselinux.so.1
7f2138d4f000-7f2138d50000 r--p 00020000 08:07 16257131                   /lib/x86_64-linux-gnu/libselinux.so.1
7f2138d50000-7f2138d51000 rw-p 00021000 08:07 16257131                   /lib/x86_64-linux-gnu/libselinux.so.1
7f2138d51000-7f2138d53000 rw-p 00000000 00:00 0 
7f2138d53000-7f2138d56000 r-xp 00000000 08:07 13631893                   /usr/lib/x86_64-linux-gnu/libgmodule-2.0.so.0.4400.1
7f2138d56000-7f2138f55000 ---p 00003000 08:07 13631893                   /usr/lib/x86_64-linux-gnu/libgmodule-2.0.so.0.4400.1
7f2138f55000-7f2138f56000 r--p 00002000 08:07 13631893                   /usr/lib/x86_64-linux-gnu/libgmodule-2.0.so.0.4400.1
7f2138f56000-7f2138f57000 rw-p 00003000 08:07 13631893                   /usr/lib/x86_64-linux-gnu/libgmodule-2.0.so.0.4400.1
7f2138f57000-7f2139064000 r-xp 00000000 08:07 16257102                   /lib/x86_64-linux-gnu/libglib-2.0.so.0.4400.1
7f2139064000-7f2139263000 ---p 0010d000 08:07 16257102                   /lib/x86_64-linux-gnu/libglib-2.0.so.0.4400.1
7f2139263000-7f2139264000 r--p 0010c000 08:07 16257102                   /lib/x86_64-linux-gnu/libglib-2.0.so.0.4400.1
7f2139264000-7f2139265000 rw-p 0010d000 08:07 16257102                   /lib/x86_64-linux-gnu/libglib-2.0.so.0.4400.1
7f2139265000-7f2139266000 rw-p 00000000 00:00 0 
7f2139266000-7f21392b6000 r-xp 00000000 08:07 13631853                   /usr/lib/x86_64-linux-gnu/libgobject-2.0.so.0.4400.1
7f21392b6000-7f21394b6000 ---p 00050000 08:07 13631853                   /usr/lib/x86_64-linux-gnu/libgobject-2.0.so.0.4400.1
7f21394b6000-7f21394b7000 r--p 00050000 08:07 13631853                   /usr/lib/x86_64-linux-gnu/libgobject-2.0.so.0.4400.1
7f21394b7000-7f21394b8000 rw-p 00051000 08:07 13631853                   /usr/lib/x86_64-linux-gnu/libgobject-2.0.so.0.4400.1
7f21394b8000-7f2139630000 r-xp 00000000 08:07 13631875                   /usr/lib/x86_64-linux-gnu/libgio-2.0.so.0.4400.1
7f2139630000-7f2139830000 ---p 00178000 08:07 13631875                   /usr/lib/x86_64-linux-gnu/libgio-2.0.so.0.4400.1
7f2139830000-7f2139834000 r--p 00178000 08:07 13631875                   /usr/lib/x86_64-linux-gnu/libgio-2.0.so.0.4400.1
7f2139834000-7f2139836000 rw-p 0017c000 08:07 13631875                   /usr/lib/x86_64-linux-gnu/libgio-2.0.so.0.4400.1
7f2139836000-7f2139838000 rw-p 00000000 00:00 0 
7f2139840000-7f2139847000 r--s 00000000 08:07 13902402                   /usr/lib/x86_64-linux-gnu/gconv/gconv-modules.cache
7f2139847000-7f213984d000 r--s 0003f000 08:07 5247952                    /home/hit_alan/zhoufandi/somefilebetweenlinuxandwindows/dex2jar-2.0/20160517230650/channeldex2jar.jar
7f2139853000-7f213986b000 r-xp 00000000 08:07 13641905                   /usr/lib/jvm/java-7-openjdk-amd64/jre/lib/amd64/libnet.so
7f213986b000-7f2139a6a000 ---p 00018000 08:07 13641905                   /usr/lib/jvm/java-7-openjdk-amd64/jre/lib/amd64/libnet.so
7f2139a6a000-7f2139a6b000 r--p 00017000 08:07 13641905                   /usr/lib/jvm/java-7-openjdk-amd64/jre/lib/amd64/libnet.so
7f2139a6b000-7f2139a6c000 rw-p 00018000 08:07 13641905                   /usr/lib/jvm/java-7-openjdk-amd64/jre/lib/amd64/libnet.so
7f2139a6c000-7f2139a7d000 r-xp 00000000 08:07 13641872                   /usr/lib/jvm/java-7-openjdk-amd64/jre/lib/amd64/libnio.so
7f2139a7d000-7f2139c7c000 ---p 00011000 08:07 13641872                   /usr/lib/jvm/java-7-openjdk-amd64/jre/lib/amd64/libnio.so
7f2139c7c000-7f2139c7d000 r--p 00010000 08:07 13641872                   /usr/lib/jvm/java-7-openjdk-amd64/jre/lib/amd64/libnio.so
7f2139c7d000-7f2139c7e000 rw-p 00011000 08:07 13641872                   /usr/lib/jvm/java-7-openjdk-amd64/jre/lib/amd64/libnio.so
7f2139c7e000-7f2139c88000 r--s 000ae000 08:07 13641923                   /usr/lib/jvm/java-7-openjdk-amd64/jre/lib/resources.jar
7f2139c88000-7f2139c8d000 r--s 00036000 08:07 7081023                    /home/hit_alan/zhoufandi/somefilebetweenlinuxandwindows/target/asm-all-5.0.3.jar
7f2139c8d000-7f2139c8e000 ---p 00000000 00:00 0 
7f2139c8e000-7f2139d8e000 rw-p 00000000 00:00 0                          [stack:32128]
7f2139d8e000-7f2139d91000 ---p 00000000 00:00 0 
7f2139d91000-7f2139e8f000 rw-p 00000000 00:00 0                          [stack:32127]
7f2139e8f000-7f2139e92000 ---p 00000000 00:00 0 
7f2139e92000-7f2139f90000 rw-p 00000000 00:00 0                          [stack:32126]
7f2139f90000-7f2139f93000 ---p 00000000 00:00 0 
7f2139f93000-7f213a091000 rw-p 00000000 00:00 0                          [stack:32125]
7f213a091000-7f213a094000 ---p 00000000 00:00 0 
7f213a094000-7f213a192000 rw-p 00000000 00:00 0                          [stack:32124]
7f213a192000-7f213a5ff000 r--p 00000000 08:07 13634881                   /usr/lib/locale/locale-archive
7f213a5ff000-7f213a602000 ---p 00000000 00:00 0 
7f213a602000-7f213a700000 rw-p 00000000 00:00 0                          [stack:32123]
7f213a700000-7f213a703000 ---p 00000000 00:00 0 
7f213a703000-7f213a801000 rw-p 00000000 00:00 0                          [stack:32122]
7f213a801000-7f213a802000 ---p 00000000 00:00 0 
7f213a802000-7f213b85a000 rw-p 00000000 00:00 0                          [stack:32121]
7f213b85a000-7f213ba0c000 r--s 01d2e000 08:07 13641865                   /usr/lib/jvm/java-7-openjdk-amd64/jre/lib/rt.jar
7f213ba0c000-7f213bf10000 rw-p 00000000 00:00 0 
7f213bf10000-7f213bf11000 ---p 00000000 00:00 0 
7f213bf11000-7f213c011000 rw-p 00000000 00:00 0                          [stack:32120]
7f213c011000-7f213c012000 ---p 00000000 00:00 0 
7f213c012000-7f213c112000 rw-p 00000000 00:00 0                          [stack:32119]
7f213c112000-7f213c113000 ---p 00000000 00:00 0 
7f213c113000-7f213c213000 rw-p 00000000 00:00 0                          [stack:32118]
7f213c213000-7f213c214000 ---p 00000000 00:00 0 
7f213c214000-7f213c33e000 rw-p 00000000 00:00 0                          [stack:32117]
7f213c33e000-7f213c5aa000 rw-p 00000000 00:00 0 
7f213c5aa000-7f213c5b5000 rw-p 00000000 00:00 0 
7f213c5b5000-7f213c5fd000 rw-p 00000000 00:00 0 
7f213c5fd000-7f213c627000 rw-p 00000000 00:00 0 
7f213c627000-7f213c892000 rw-p 00000000 00:00 0 
7f213c892000-7f213c8d7000 rw-p 00000000 00:00 0 
7f213c8d7000-7f213c9dd000 rw-p 00000000 00:00 0 
7f213c9dd000-7f213c9de000 rw-p 00000000 00:00 0 
7f213c9de000-7f213cc4e000 rwxp 00000000 00:00 0 
7f213cc4e000-7f213f9de000 rw-p 00000000 00:00 0 
7f213f9de000-7f213f9e6000 r-xp 00000000 08:07 13641879                   /usr/lib/jvm/java-7-openjdk-amd64/jre/lib/amd64/libzip.so
7f213f9e6000-7f213fbe5000 ---p 00008000 08:07 13641879                   /usr/lib/jvm/java-7-openjdk-amd64/jre/lib/amd64/libzip.so
7f213fbe5000-7f213fbe6000 r--p 00007000 08:07 13641879                   /usr/lib/jvm/java-7-openjdk-amd64/jre/lib/amd64/libzip.so
7f213fbe6000-7f213fbe7000 rw-p 00008000 08:07 13641879                   /usr/lib/jvm/java-7-openjdk-amd64/jre/lib/amd64/libzip.so
7f213fbe7000-7f213fbf3000 r-xp 00000000 08:07 16253008                   /lib/x86_64-linux-gnu/libnss_files-2.21.so
7f213fbf3000-7f213fdf2000 ---p 0000c000 08:07 16253008                   /lib/x86_64-linux-gnu/libnss_files-2.21.so
7f213fdf2000-7f213fdf3000 r--p 0000b000 08:07 16253008                   /lib/x86_64-linux-gnu/libnss_files-2.21.so
7f213fdf3000-7f213fdf4000 rw-p 0000c000 08:07 16253008                   /lib/x86_64-linux-gnu/libnss_files-2.21.so
7f213fdf4000-7f213fdff000 r-xp 00000000 08:07 16252996                   /lib/x86_64-linux-gnu/libnss_nis-2.21.so
7f213fdff000-7f213fffe000 ---p 0000b000 08:07 16252996                   /lib/x86_64-linux-gnu/libnss_nis-2.21.so
7f213fffe000-7f213ffff000 r--p 0000a000 08:07 16252996                   /lib/x86_64-linux-gnu/libnss_nis-2.21.so
7f213ffff000-7f2140000000 rw-p 0000b000 08:07 16252996                   /lib/x86_64-linux-gnu/libnss_nis-2.21.so
7f2140000000-7f2143ffe000 rw-p 00000000 00:00 0 
7f2143ffe000-7f2144000000 ---p 00000000 00:00 0 
7f2144003000-7f2144038000 rw-p 00000000 00:00 0 
7f2144038000-7f2144080000 rw-p 00000000 00:00 0 
7f2144080000-7f2144097000 r-xp 00000000 08:07 16257004                   /lib/x86_64-linux-gnu/libnsl-2.21.so
7f2144097000-7f2144296000 ---p 00017000 08:07 16257004                   /lib/x86_64-linux-gnu/libnsl-2.21.so
7f2144296000-7f2144297000 r--p 00016000 08:07 16257004                   /lib/x86_64-linux-gnu/libnsl-2.21.so
7f2144297000-7f2144298000 rw-p 00017000 08:07 16257004                   /lib/x86_64-linux-gnu/libnsl-2.21.so
7f2144298000-7f214429a000 rw-p 00000000 00:00 0 
7f214429a000-7f21442a2000 r-xp 00000000 08:07 16253010                   /lib/x86_64-linux-gnu/libnss_compat-2.21.so
7f21442a2000-7f21444a1000 ---p 00008000 08:07 16253010                   /lib/x86_64-linux-gnu/libnss_compat-2.21.so
7f21444a1000-7f21444a2000 r--p 00007000 08:07 16253010                   /lib/x86_64-linux-gnu/libnss_compat-2.21.so
7f21444a2000-7f21444a3000 rw-p 00008000 08:07 16253010                   /lib/x86_64-linux-gnu/libnss_compat-2.21.so
7f21444a3000-7f21444d0000 r-xp 00000000 08:07 13641887                   /usr/lib/jvm/java-7-openjdk-amd64/jre/lib/amd64/libjava.so
7f21444d0000-7f21446cf000 ---p 0002d000 08:07 13641887                   /usr/lib/jvm/java-7-openjdk-amd64/jre/lib/amd64/libjava.so
7f21446cf000-7f21446d0000 r--p 0002c000 08:07 13641887                   /usr/lib/jvm/java-7-openjdk-amd64/jre/lib/amd64/libjava.so
7f21446d0000-7f21446d2000 rw-p 0002d000 08:07 13641887                   /usr/lib/jvm/java-7-openjdk-amd64/jre/lib/amd64/libjava.so
7f21446d2000-7f21446e1000 r-xp 00000000 08:07 13641901                   /usr/lib/jvm/java-7-openjdk-amd64/jre/lib/amd64/libverify.so
7f21446e1000-7f21448e0000 ---p 0000f000 08:07 13641901                   /usr/lib/jvm/java-7-openjdk-amd64/jre/lib/amd64/libverify.so
7f21448e0000-7f21448e3000 r--p 0000e000 08:07 13641901                   /usr/lib/jvm/java-7-openjdk-amd64/jre/lib/amd64/libverify.so
7f21448e3000-7f21448e4000 rw-p 00011000 08:07 13641901                   /usr/lib/jvm/java-7-openjdk-amd64/jre/lib/amd64/libverify.so
7f21448e4000-7f21448eb000 r-xp 00000000 08:07 16257005                   /lib/x86_64-linux-gnu/librt-2.21.so
7f21448eb000-7f2144aea000 ---p 00007000 08:07 16257005                   /lib/x86_64-linux-gnu/librt-2.21.so
7f2144aea000-7f2144aeb000 r--p 00006000 08:07 16257005                   /lib/x86_64-linux-gnu/librt-2.21.so
7f2144aeb000-7f2144aec000 rw-p 00007000 08:07 16257005                   /lib/x86_64-linux-gnu/librt-2.21.so
7f2144aec000-7f2144b02000 r-xp 00000000 08:07 16257047                   /lib/x86_64-linux-gnu/libgcc_s.so.1
7f2144b02000-7f2144d01000 ---p 00016000 08:07 16257047                   /lib/x86_64-linux-gnu/libgcc_s.so.1
7f2144d01000-7f2144d02000 rw-p 00015000 08:07 16257047                   /lib/x86_64-linux-gnu/libgcc_s.so.1
7f2144d02000-7f2144e09000 r-xp 00000000 08:07 16257003                   /lib/x86_64-linux-gnu/libm-2.21.so
7f2144e09000-7f2145008000 ---p 00107000 08:07 16257003                   /lib/x86_64-linux-gnu/libm-2.21.so
7f2145008000-7f2145009000 r--p 00106000 08:07 16257003                   /lib/x86_64-linux-gnu/libm-2.21.so
7f2145009000-7f214500a000 rw-p 00107000 08:07 16257003                   /lib/x86_64-linux-gnu/libm-2.21.so
7f214500a000-7f21450fa000 r-xp 00000000 08:07 13631543                   /usr/lib/x86_64-linux-gnu/libstdc++.so.6.0.20
7f21450fa000-7f21452fa000 ---p 000f0000 08:07 13631543                   /usr/lib/x86_64-linux-gnu/libstdc++.so.6.0.20
7f21452fa000-7f2145302000 r--p 000f0000 08:07 13631543                   /usr/lib/x86_64-linux-gnu/libstdc++.so.6.0.20
7f2145302000-7f2145304000 rw-p 000f8000 08:07 13631543                   /usr/lib/x86_64-linux-gnu/libstdc++.so.6.0.20
7f2145304000-7f2145319000 rw-p 00000000 00:00 0 
7f2145319000-7f2145e79000 r-xp 00000000 08:07 13641893                   /usr/lib/jvm/java-7-openjdk-amd64/jre/lib/amd64/server/libjvm.so
7f2145e79000-7f2146079000 ---p 00b60000 08:07 13641893                   /usr/lib/jvm/java-7-openjdk-amd64/jre/lib/amd64/server/libjvm.so
7f2146079000-7f2146118000 r--p 00b60000 08:07 13641893                   /usr/lib/jvm/java-7-openjdk-amd64/jre/lib/amd64/server/libjvm.so
7f2146118000-7f214613b000 rw-p 00bff000 08:07 13641893                   /usr/lib/jvm/java-7-openjdk-amd64/jre/lib/amd64/server/libjvm.so
7f214613b000-7f2146168000 rw-p 00000000 00:00 0 
7f2146168000-7f2146181000 r-xp 00000000 08:07 16257026                   /lib/x86_64-linux-gnu/libz.so.1.2.8
7f2146181000-7f2146381000 ---p 00019000 08:07 16257026                   /lib/x86_64-linux-gnu/libz.so.1.2.8
7f2146381000-7f2146382000 r--p 00019000 08:07 16257026                   /lib/x86_64-linux-gnu/libz.so.1.2.8
7f2146382000-7f2146383000 rw-p 0001a000 08:07 16257026                   /lib/x86_64-linux-gnu/libz.so.1.2.8
7f2146383000-7f214639b000 r-xp 00000000 08:07 16253005                   /lib/x86_64-linux-gnu/libpthread-2.21.so
7f214639b000-7f214659b000 ---p 00018000 08:07 16253005                   /lib/x86_64-linux-gnu/libpthread-2.21.so
7f214659b000-7f214659c000 r--p 00018000 08:07 16253005                   /lib/x86_64-linux-gnu/libpthread-2.21.so
7f214659c000-7f214659d000 rw-p 00019000 08:07 16253005                   /lib/x86_64-linux-gnu/libpthread-2.21.so
7f214659d000-7f21465a1000 rw-p 00000000 00:00 0 
7f21465a1000-7f21465a4000 r-xp 00000000 08:07 16253001                   /lib/x86_64-linux-gnu/libdl-2.21.so
7f21465a4000-7f21467a3000 ---p 00003000 08:07 16253001                   /lib/x86_64-linux-gnu/libdl-2.21.so
7f21467a3000-7f21467a4000 r--p 00002000 08:07 16253001                   /lib/x86_64-linux-gnu/libdl-2.21.so
7f21467a4000-7f21467a5000 rw-p 00003000 08:07 16253001                   /lib/x86_64-linux-gnu/libdl-2.21.so
7f21467a5000-7f2146965000 r-xp 00000000 08:07 16257010                   /lib/x86_64-linux-gnu/libc-2.21.so
7f2146965000-7f2146b65000 ---p 001c0000 08:07 16257010                   /lib/x86_64-linux-gnu/libc-2.21.so
7f2146b65000-7f2146b69000 r--p 001c0000 08:07 16257010                   /lib/x86_64-linux-gnu/libc-2.21.so
7f2146b69000-7f2146b6b000 rw-p 001c4000 08:07 16257010                   /lib/x86_64-linux-gnu/libc-2.21.so
7f2146b6b000-7f2146b6f000 rw-p 00000000 00:00 0 
7f2146b6f000-7f2146b7c000 r-xp 00000000 08:07 13641902                   /usr/lib/jvm/java-7-openjdk-amd64/jre/lib/amd64/jli/libjli.so
7f2146b7c000-7f2146d7b000 ---p 0000d000 08:07 13641902                   /usr/lib/jvm/java-7-openjdk-amd64/jre/lib/amd64/jli/libjli.so
7f2146d7b000-7f2146d7c000 r--p 0000c000 08:07 13641902                   /usr/lib/jvm/java-7-openjdk-amd64/jre/lib/amd64/jli/libjli.so
7f2146d7c000-7f2146d7d000 rw-p 0000d000 08:07 13641902                   /usr/lib/jvm/java-7-openjdk-amd64/jre/lib/amd64/jli/libjli.so
7f2146d7d000-7f2146da1000 r-xp 00000000 08:07 16253004                   /lib/x86_64-linux-gnu/ld-2.21.so
7f2146da1000-7f2146da2000 rw-p 00000000 00:00 0 
7f2146da2000-7f2146da3000 r--s 00005000 08:07 7081028                    /home/hit_alan/zhoufandi/somefilebetweenlinuxandwindows/target/csvio-1.0.2.jar
7f2146da3000-7f2146da5000 r--s 0001d000 08:07 7081025                    /home/hit_alan/zhoufandi/somefilebetweenlinuxandwindows/target/xmlcli-1.2.3.jar
7f2146da5000-7f2146da7000 r--s 0000d000 08:07 7081029                    /home/hit_alan/zhoufandi/somefilebetweenlinuxandwindows/target/commons-logging-1.1.1.jar
7f2146da7000-7f2146dac000 r--s 00034000 08:07 7081024                    /home/hit_alan/zhoufandi/somefilebetweenlinuxandwindows/target/commons-beanutils-1.8.3.jar
7f2146dac000-7f2146dae000 r--s 0000b000 08:07 7081027                    /home/hit_alan/zhoufandi/somefilebetweenlinuxandwindows/target/commons-dbutils-1.4.jar
7f2146dae000-7f2146db9000 r--s 000b4000 08:07 7081123                    /home/hit_alan/zhoufandi/somefilebetweenlinuxandwindows/target/stigmata-5.0-SNAPSHOT.jar
7f2146db9000-7f2146dbd000 r--s 00034000 08:07 13641859                   /usr/lib/jvm/java-7-openjdk-amd64/jre/lib/ext/sunjce_provider.jar
7f2146dbd000-7f2146dc7000 rw-p 00000000 00:00 0 
7f2146dc7000-7f2146e7d000 rw-p 00000000 00:00 0 
7f2146e7d000-7f2146e80000 ---p 00000000 00:00 0 
7f2146e80000-7f2146f83000 rw-p 00000000 00:00 0                          [stack:32116]
7f2146f83000-7f2146f84000 r--s 00008000 08:07 7081026                    /home/hit_alan/zhoufandi/somefilebetweenlinuxandwindows/target/commons-cli-1.1.jar
7f2146f84000-7f2146f85000 r--s 00002000 08:07 13641861                   /usr/lib/jvm/java-7-openjdk-amd64/jre/lib/ext/dnsns.jar
7f2146f85000-7f2146f87000 r--s 00012000 08:07 13641856                   /usr/lib/jvm/java-7-openjdk-amd64/jre/lib/ext/zipfs.jar
7f2146f87000-7f2146f8b000 r--s 0003c000 08:07 13641860                   /usr/lib/jvm/java-7-openjdk-amd64/jre/lib/ext/sunpkcs11.jar
7f2146f8b000-7f2146f8e000 r--s 0000f000 08:07 13641858                   /usr/lib/jvm/java-7-openjdk-amd64/jre/lib/ext/icedtea-sound.jar
7f2146f8e000-7f2146f92000 r--s 00085000 08:07 13641857                   /usr/lib/jvm/java-7-openjdk-amd64/jre/lib/ext/localedata.jar
7f2146f92000-7f2146f94000 r--s 00006000 08:07 14028198                   /usr/share/java/java-atk-wrapper.jar
7f2146f94000-7f2146f9c000 rw-s 00000000 08:07 6296644                    /tmp/hsperfdata_hit_alan/32115
7f2146f9c000-7f2146f9d000 rw-p 00000000 00:00 0 
7f2146f9d000-7f2146f9e000 ---p 00000000 00:00 0 
7f2146f9e000-7f2146fa0000 rw-p 00000000 00:00 0 
7f2146fa0000-7f2146fa1000 r--p 00023000 08:07 16253004                   /lib/x86_64-linux-gnu/ld-2.21.so
7f2146fa1000-7f2146fa2000 rw-p 00024000 08:07 16253004                   /lib/x86_64-linux-gnu/ld-2.21.so
7f2146fa2000-7f2146fa3000 rw-p 00000000 00:00 0 
7ffddf018000-7ffddf039000 rw-p 00000000 00:00 0                          [stack]
7ffddf180000-7ffddf182000 r--p 00000000 00:00 0                          [vvar]
7ffddf182000-7ffddf184000 r-xp 00000000 00:00 0                          [vdso]
ffffffffff600000-ffffffffff601000 r-xp 00000000 00:00 0                  [vsyscall]

VM Arguments:
java_command: stigmata-5.0-SNAPSHOT.jar -f xml -b cvfv compare ../dex2jar-2.0/20160517230650/channeldex2jar.jar ../dex2jar-2.0/20160517230650/clientdex2jar.jar
Launcher Type: SUN_STANDARD

Environment Variables:
JAVA_HOME=/usr/lib/jvm/java-7-openjdk-amd64
PATH=/home/hit_alan/.gvm/vertx/current/bin:/home/hit_alan/.gvm/springboot/current/bin:/home/hit_alan/.gvm/lazybones/current/bin:/home/hit_alan/.gvm/jbake/current/bin:/home/hit_alan/.gvm/groovyserv/current/bin:/home/hit_alan/.gvm/groovy/current/bin:/home/hit_alan/.gvm/griffon/current/bin:/home/hit_alan/.gvm/grails/current/bin:/home/hit_alan/.gvm/gradle/current/bin:/home/hit_alan/.gvm/glide/current/bin:/home/hit_alan/.gvm/gaiden/current/bin:/home/hit_alan/.gvm/crash/current/bin:/home/hit_alan/.gvm/asciidoctorj/current/bin:/home/hit_alan/bin:/usr/local/sbin:/usr/local/bin:/usr/sbin:/usr/bin:/sbin:/bin:/usr/games:/usr/local/games:/usr/gradle-2.4/bin:/usr/grails-3.0.2/bin:/home/hit_alan/softwares/adt-bundle-linux-x86_64-20140624/sdk/platform-tools:/home/hit_alan/softwares/adt-bundle-linux-x86_64-20140624/sdk/tools
SHELL=/bin/bash
DISPLAY=:0.0

Signal Handlers:
SIGSEGV: [libjvm.so+0x992590], sa_mask[0]=0x7ffbfeff, sa_flags=0x10000004
SIGBUS: [libjvm.so+0x992590], sa_mask[0]=0x7ffbfeff, sa_flags=0x10000004
SIGFPE: [libjvm.so+0x7fec60], sa_mask[0]=0x7ffbfeff, sa_flags=0x10000004
SIGPIPE: [libjvm.so+0x7fec60], sa_mask[0]=0x7ffbfeff, sa_flags=0x10000004
SIGXFSZ: [libjvm.so+0x7fec60], sa_mask[0]=0x7ffbfeff, sa_flags=0x10000004
SIGILL: [libjvm.so+0x7fec60], sa_mask[0]=0x7ffbfeff, sa_flags=0x10000004
SIGUSR1: SIG_DFL, sa_mask[0]=0x00000000, sa_flags=0x00000000
SIGUSR2: [libjvm.so+0x7feae0], sa_mask[0]=0x00000004, sa_flags=0x10000004
SIGHUP: [libjvm.so+0x7fece0], sa_mask[0]=0x7ffbfeff, sa_flags=0x10000004
SIGINT: [libjvm.so+0x7fece0], sa_mask[0]=0x7ffbfeff, sa_flags=0x10000004
SIGTERM: [libjvm.so+0x7fece0], sa_mask[0]=0x7ffbfeff, sa_flags=0x10000004
SIGQUIT: [libjvm.so+0x7fece0], sa_mask[0]=0x7ffbfeff, sa_flags=0x10000004
SIGTRAP: SIG_DFL, sa_mask[0]=0x00000000, sa_flags=0x00000000


---------------  S Y S T E M  ---------------

OS:Ubuntu 15.04 (vivid)
uname:Linux 3.19.0-49-generic #55-Ubuntu SMP Fri Jan 22 02:10:24 UTC 2016 x86_64
libc:glibc 2.21 NPTL 2.21 
rlimit: STACK 8192k, CORE 0k, NPROC 31639, NOFILE 65536, AS infinity
load average:6.21 2.44 1.13

/proc/meminfo:
MemTotal:        8121860 kB
MemFree:          133684 kB
MemAvailable:     107920 kB
Buffers:            2336 kB
Cached:           262184 kB
SwapCached:            0 kB
Active:          7562908 kB
Inactive:         219976 kB
Active(anon):    7520136 kB
Inactive(anon):   178588 kB
Active(file):      42772 kB
Inactive(file):    41388 kB
Unevictable:         192 kB
Mlocked:             192 kB
SwapTotal:             0 kB
SwapFree:              0 kB
Dirty:             13900 kB
Writeback:             0 kB
AnonPages:       7519072 kB
Mapped:           221988 kB
Shmem:            179896 kB
Slab:              71000 kB
SReclaimable:      33248 kB
SUnreclaim:        37752 kB
KernelStack:       13264 kB
PageTables:        62388 kB
NFS_Unstable:          0 kB
Bounce:                0 kB
WritebackTmp:          0 kB
CommitLimit:     4060928 kB
Committed_AS:   13342168 kB
VmallocTotal:   34359738367 kB
VmallocUsed:      111280 kB
VmallocChunk:   34359554808 kB
HardwareCorrupted:     0 kB
AnonHugePages:   3624960 kB
CmaTotal:              0 kB
CmaFree:               0 kB
HugePages_Total:       0
HugePages_Free:        0
HugePages_Rsvd:        0
HugePages_Surp:        0
Hugepagesize:       2048 kB
DirectMap4k:      171284 kB
DirectMap2M:     6066176 kB
DirectMap1G:     3145728 kB


CPU:total 4 (4 cores per cpu, 1 threads per core) family 6 model 60 stepping 3, cmov, cx8, fxsr, mmx, sse, sse2, sse3, ssse3, sse4.1, sse4.2, popcnt, avx, avx2, aes, erms, tsc, tscinvbit

/proc/cpuinfo:
processor	: 0
vendor_id	: GenuineIntel
cpu family	: 6
model		: 60
model name	: Intel(R) Core(TM) i5-4590 CPU @ 3.30GHz
stepping	: 3
microcode	: 0x1d
cpu MHz		: 3499.933
cache size	: 6144 KB
physical id	: 0
siblings	: 4
core id		: 0
cpu cores	: 4
apicid		: 0
initial apicid	: 0
fpu		: yes
fpu_exception	: yes
cpuid level	: 13
wp		: yes
flags		: fpu vme de pse tsc msr pae mce cx8 apic sep mtrr pge mca cmov pat pse36 clflush dts acpi mmx fxsr sse sse2 ss ht tm pbe syscall nx pdpe1gb rdtscp lm constant_tsc arch_perfmon pebs bts rep_good nopl xtopology nonstop_tsc aperfmperf eagerfpu pni pclmulqdq dtes64 monitor ds_cpl vmx smx est tm2 ssse3 fma cx16 xtpr pdcm pcid sse4_1 sse4_2 x2apic movbe popcnt tsc_deadline_timer aes xsave avx f16c rdrand lahf_lm abm ida arat epb pln pts dtherm tpr_shadow vnmi flexpriority ept vpid fsgsbase tsc_adjust bmi1 avx2 smep bmi2 erms invpcid xsaveopt
bugs		:
bogomips	: 6584.49
clflush size	: 64
cache_alignment	: 64
address sizes	: 39 bits physical, 48 bits virtual
power management:

processor	: 1
vendor_id	: GenuineIntel
cpu family	: 6
model		: 60
model name	: Intel(R) Core(TM) i5-4590 CPU @ 3.30GHz
stepping	: 3
microcode	: 0x1d
cpu MHz		: 3499.933
cache size	: 6144 KB
physical id	: 0
siblings	: 4
core id		: 1
cpu cores	: 4
apicid		: 2
initial apicid	: 2
fpu		: yes
fpu_exception	: yes
cpuid level	: 13
wp		: yes
flags		: fpu vme de pse tsc msr pae mce cx8 apic sep mtrr pge mca cmov pat pse36 clflush dts acpi mmx fxsr sse sse2 ss ht tm pbe syscall nx pdpe1gb rdtscp lm constant_tsc arch_perfmon pebs bts rep_good nopl xtopology nonstop_tsc aperfmperf eagerfpu pni pclmulqdq dtes64 monitor ds_cpl vmx smx est tm2 ssse3 fma cx16 xtpr pdcm pcid sse4_1 sse4_2 x2apic movbe popcnt tsc_deadline_timer aes xsave avx f16c rdrand lahf_lm abm ida arat epb pln pts dtherm tpr_shadow vnmi flexpriority ept vpid fsgsbase tsc_adjust bmi1 avx2 smep bmi2 erms invpcid xsaveopt
bugs		:
bogomips	: 6584.49
clflush size	: 64
cache_alignment	: 64
address sizes	: 39 bits physical, 48 bits virtual
power management:

processor	: 2
vendor_id	: GenuineIntel
cpu family	: 6
model		: 60
model name	: Intel(R) Core(TM) i5-4590 CPU @ 3.30GHz
stepping	: 3
microcode	: 0x1d
cpu MHz		: 3499.933
cache size	: 6144 KB
physical id	: 0
siblings	: 4
core id		: 2
cpu cores	: 4
apicid		: 4
initial apicid	: 4
fpu		: yes
fpu_exception	: yes
cpuid level	: 13
wp		: yes
flags		: fpu vme de pse tsc msr pae mce cx8 apic sep mtrr pge mca cmov pat pse36 clflush dts acpi mmx fxsr sse sse2 ss ht tm pbe syscall nx pdpe1gb rdtscp lm constant_tsc arch_perfmon pebs bts rep_good nopl xtopology nonstop_tsc aperfmperf eagerfpu pni pclmulqdq dtes64 monitor ds_cpl vmx smx est tm2 ssse3 fma cx16 xtpr pdcm pcid sse4_1 sse4_2 x2apic movbe popcnt tsc_deadline_timer aes xsave avx f16c rdrand lahf_lm abm ida arat epb pln pts dtherm tpr_shadow vnmi flexpriority ept vpid fsgsbase tsc_adjust bmi1 avx2 smep bmi2 erms invpcid xsaveopt
bugs		:
bogomips	: 6584.49
clflush size	: 64
cache_alignment	: 64
address sizes	: 39 bits physical, 48 bits virtual
power management:

processor	: 3
vendor_id	: GenuineIntel
cpu family	: 6
model		: 60
model name	: Intel(R) Core(TM) i5-4590 CPU @ 3.30GHz
stepping	: 3
microcode	: 0x1d
cpu MHz		: 3499.933
cache size	: 6144 KB
physical id	: 0
siblings	: 4
core id		: 3
cpu cores	: 4
apicid		: 6
initial apicid	: 6
fpu		: yes
fpu_exception	: yes
cpuid level	: 13
wp		: yes
flags		: fpu vme de pse tsc msr pae mce cx8 apic sep mtrr pge mca cmov pat pse36 clflush dts acpi mmx fxsr sse sse2 ss ht tm pbe syscall nx pdpe1gb rdtscp lm constant_tsc arch_perfmon pebs bts rep_good nopl xtopology nonstop_tsc aperfmperf eagerfpu pni pclmulqdq dtes64 monitor ds_cpl vmx smx est tm2 ssse3 fma cx16 xtpr pdcm pcid sse4_1 sse4_2 x2apic movbe popcnt tsc_deadline_timer aes xsave avx f16c rdrand lahf_lm abm ida arat epb pln pts dtherm tpr_shadow vnmi flexpriority ept vpid fsgsbase tsc_adjust bmi1 avx2 smep bmi2 erms invpcid xsaveopt
bugs		:
bogomips	: 6584.49
clflush size	: 64
cache_alignment	: 64
address sizes	: 39 bits physical, 48 bits virtual
power management:



Memory: 4k page, physical 8121860k(133684k free), swap 0k(0k free)

vm_info: OpenJDK 64-Bit Server VM (24.91-b01) for linux-amd64 JRE (1.7.0_91-b02), built on Nov 19 2015 06:08:55 by "buildd" with gcc 4.9.2

time: Tue May 17 23:07:26 2016
elapsed time: 6 seconds

