#
# There is insufficient memory for the Java Runtime Environment to continue.
# Native memory allocation (malloc) failed to allocate 81788928 bytes for committing reserved memory.
# Possible reasons:
#   The system is out of physical RAM or swap space
#   In 32 bit mode, the process size limit was hit
# Possible solutions:
#   Reduce memory load on the system
#   Increase physical memory or swap space
#   Check if swap backing store is full
#   Use 64 bit Java on a 64 bit OS
#   Decrease Java heap size (-Xmx/-Xms)
#   Decrease number of Java threads
#   Decrease Java thread stack sizes (-Xss)
#   Set larger code cache with -XX:ReservedCodeCacheSize=
# This output file may be truncated or incomplete.
#
#  Out of Memory Error (os_linux.cpp:2827), pid=31176, tid=140078733006592
#
# JRE version: OpenJDK Runtime Environment (7.0_95) (build 1.7.0_95-b00)
# Java VM: OpenJDK 64-Bit Server VM (24.95-b01 mixed mode linux-amd64 compressed oops)
# Derivative: IcedTea 2.6.4
# Distribution: Ubuntu 15.04, package 7u95-2.6.4-0ubuntu0.15.04.1
# Failed to write core dump. Core dumps have been disabled. To enable core dumping, try "ulimit -c unlimited" before starting Java again
#

---------------  T H R E A D  ---------------

Current thread (0x00007f66a813d000):  VMThread [stack: 0x00007f669f0f1000,0x00007f669f1f2000] [id=31182]

Stack: [0x00007f669f0f1000,0x00007f669f1f2000],  sp=0x00007f669f1f04e0,  free space=1021k
Native frames: (J=compiled Java code, j=interpreted, Vv=VM code, C=native code)
V  [libjvm.so+0x991aa6]
V  [libjvm.so+0x4934c2]
V  [libjvm.so+0x80371b]
V  [libjvm.so+0x7fddfe]
V  [libjvm.so+0x871c0b]
V  [libjvm.so+0x872ac3]
V  [libjvm.so+0x8731db]
V  [libjvm.so+0x86eb41]
V  [libjvm.so+0x86f3b8]
V  [libjvm.so+0x826a73]
V  [libjvm.so+0x993372]
V  [libjvm.so+0x9977f7]
V  [libjvm.so+0x995f6b]
V  [libjvm.so+0x996616]
V  [libjvm.so+0x996ae1]
V  [libjvm.so+0x800642]

VM_Operation (0x00007f66af8c3570): ParallelGCFailedAllocation, mode: safepoint, requested by thread 0x00007f66a800a000


---------------  P R O C E S S  ---------------

Java Threads: ( => current thread )
  0x00007f66a8178000 JavaThread "Service Thread" daemon [_thread_blocked, id=31188, stack(0x00007f669e67e000,0x00007f669e77f000)]
  0x00007f66a8175800 JavaThread "C2 CompilerThread1" daemon [_thread_blocked, id=31187, stack(0x00007f669e77f000,0x00007f669e880000)]
  0x00007f66a8172800 JavaThread "C2 CompilerThread0" daemon [_thread_blocked, id=31186, stack(0x00007f669e880000,0x00007f669e981000)]
  0x00007f66a8170000 JavaThread "Signal Dispatcher" daemon [_thread_blocked, id=31185, stack(0x00007f669e981000,0x00007f669ea82000)]
  0x00007f66a8143800 JavaThread "Finalizer" daemon [_thread_blocked, id=31184, stack(0x00007f669eeef000,0x00007f669eff0000)]
  0x00007f66a8141000 JavaThread "Reference Handler" daemon [_thread_blocked, id=31183, stack(0x00007f669eff0000,0x00007f669f0f1000)]
  0x00007f66a800a000 JavaThread "main" [_thread_blocked, id=31177, stack(0x00007f66af7c4000,0x00007f66af8c5000)]

Other Threads:
=>0x00007f66a813d000 VMThread [stack: 0x00007f669f0f1000,0x00007f669f1f2000] [id=31182]
  0x00007f66a8182800 WatcherThread [stack: 0x00007f669e57d000,0x00007f669e67e000] [id=31189]

VM state:at safepoint (normal execution)

VM Mutex/Monitor currently owned by a thread:  ([mutex/lock_event])
[0x00007f66a8006430] Threads_lock - owner thread: 0x00007f66a813d000
[0x00007f66a8006930] Heap_lock - owner thread: 0x00007f66a800a000

Heap
 PSYoungGen      total 538112K, used 96K [0x00000007d6a80000, 0x00000007faf80000, 0x0000000800000000)
  eden space 519168K, 0% used [0x00000007d6a80000,0x00000007d6a80000,0x00000007f6580000)
  from space 18944K, 0% used [0x00000007f9d00000,0x00000007f9d18000,0x00000007faf80000)
  to   space 19456K, 0% used [0x00000007f8980000,0x00000007f8980000,0x00000007f9c80000)
 ParOldGen       total 84480K, used 36884K [0x0000000784000000, 0x0000000789280000, 0x00000007d6a80000)
  object space 84480K, 43% used [0x0000000784000000,0x0000000786405030,0x0000000789280000)
 PSPermGen       total 21504K, used 7657K [0x0000000779a00000, 0x000000077af00000, 0x0000000784000000)
  object space 21504K, 35% used [0x0000000779a00000,0x000000077a17a5b0,0x000000077af00000)

Card table byte_map: [0x00007f66a4bcc000,0x00007f66a5000000] byte_map_base: 0x00007f66a0fff000

Polling page: 0x00007f66af8e5000

Code Cache  [0x00007f66a5000000, 0x00007f66a5270000, 0x00007f66a8000000)
 total_blobs=606 nmethods=351 adapters=208 free_code_cache=47590Kb largest_free_block=48660480

Compilation events (10 events):
Event: 6.348 Thread 0x00007f66a8172800  362   !         java.lang.ref.Finalizer::runFinalizer (62 bytes)
Event: 6.348 Thread 0x00007f66a8175800  363             java.lang.ref.Finalizer::hasBeenFinalized (14 bytes)
Event: 6.348 Thread 0x00007f66a8175800 nmethod 363 0x00007f66a5090a10 code [0x00007f66a5090b40, 0x00007f66a5090bd8]
Event: 6.348 Thread 0x00007f66a8175800  364   !         java.lang.ref.Finalizer::remove (94 bytes)
Event: 6.349 Thread 0x00007f66a8175800 nmethod 364 0x00007f66a50f7d10 code [0x00007f66a50f7e60, 0x00007f66a50f8178]
Event: 6.349 Thread 0x00007f66a8175800  365             java.lang.System$2::invokeFinalize (5 bytes)
Event: 6.350 Thread 0x00007f66a8175800 nmethod 365 0x00007f66a509a3d0 code [0x00007f66a509a520, 0x00007f66a509a598]
Event: 6.351 Thread 0x00007f66a8172800 nmethod 362 0x00007f66a51060d0 code [0x00007f66a5106240, 0x00007f66a5106858]
Event: 7.773 Thread 0x00007f66a8175800  366             java.lang.Integer::equals (29 bytes)
Event: 7.773 Thread 0x00007f66a8175800 nmethod 366 0x00007f66a5105d90 code [0x00007f66a5105ee0, 0x00007f66a5105f98]

GC Heap History (10 events):
Event: 59.188 GC heap after
Heap after GC invocations=13 (full 0):
 PSYoungGen      total 447488K, used 96K [0x00000007d6a80000, 0x00000007fd780000, 0x0000000800000000)
  eden space 425984K, 0% used [0x00000007d6a80000,0x00000007d6a80000,0x00000007f0a80000)
  from space 21504K, 0% used [0x00000007fad80000,0x00000007fad98000,0x00000007fc280000)
  to   space 21504K, 0% used [0x00000007fc280000,0x00000007fc280000,0x00000007fd780000)
 ParOldGen       total 84480K, used 36781K [0x0000000784000000, 0x0000000789280000, 0x00000007d6a80000)
  object space 84480K, 43% used [0x0000000784000000,0x00000007863eb468,0x0000000789280000)
 PSPermGen       total 21504K, used 7657K [0x0000000779a00000, 0x000000077af00000, 0x0000000784000000)
  object space 21504K, 35% used [0x0000000779a00000,0x000000077a17a508,0x000000077af00000)
}
Event: 68.243 GC heap before
{Heap before GC invocations=14 (full 0):
 PSYoungGen      total 447488K, used 426080K [0x00000007d6a80000, 0x00000007fd780000, 0x0000000800000000)
  eden space 425984K, 100% used [0x00000007d6a80000,0x00000007f0a80000,0x00000007f0a80000)
  from space 21504K, 0% used [0x00000007fad80000,0x00000007fad98000,0x00000007fc280000)
  to   space 21504K, 0% used [0x00000007fc280000,0x00000007fc280000,0x00000007fd780000)
 ParOldGen       total 84480K, used 36781K [0x0000000784000000, 0x0000000789280000, 0x00000007d6a80000)
  object space 84480K, 43% used [0x0000000784000000,0x00000007863eb468,0x0000000789280000)
 PSPermGen       total 21504K, used 7657K [0x0000000779a00000, 0x000000077af00000, 0x0000000784000000)
  object space 21504K, 35% used [0x0000000779a00000,0x000000077a17a508,0x000000077af00000)
Event: 68.244 GC heap after
Heap after GC invocations=14 (full 0):
 PSYoungGen      total 407040K, used 64K [0x00000007d6a80000, 0x00000007fc300000, 0x0000000800000000)
  eden space 406528K, 0% used [0x00000007d6a80000,0x00000007d6a80000,0x00000007ef780000)
  from space 512K, 12% used [0x00000007fc280000,0x00000007fc290000,0x00000007fc300000)
  to   space 20992K, 0% used [0x00000007f9a00000,0x00000007f9a00000,0x00000007fae80000)
 ParOldGen       total 84480K, used 36812K [0x0000000784000000, 0x0000000789280000, 0x00000007d6a80000)
  object space 84480K, 43% used [0x0000000784000000,0x00000007863f3330,0x0000000789280000)
 PSPermGen       total 21504K, used 7657K [0x0000000779a00000, 0x000000077af00000, 0x0000000784000000)
  object space 21504K, 35% used [0x0000000779a00000,0x000000077a17a508,0x000000077af00000)
}
Event: 76.857 GC heap before
{Heap before GC invocations=15 (full 0):
 PSYoungGen      total 407040K, used 406592K [0x00000007d6a80000, 0x00000007fc300000, 0x0000000800000000)
  eden space 406528K, 100% used [0x00000007d6a80000,0x00000007ef780000,0x00000007ef780000)
  from space 512K, 12% used [0x00000007fc280000,0x00000007fc290000,0x00000007fc300000)
  to   space 20992K, 0% used [0x00000007f9a00000,0x00000007f9a00000,0x00000007fae80000)
 ParOldGen       total 84480K, used 36812K [0x0000000784000000, 0x0000000789280000, 0x00000007d6a80000)
  object space 84480K, 43% used [0x0000000784000000,0x00000007863f3330,0x0000000789280000)
 PSPermGen       total 21504K, used 7657K [0x0000000779a00000, 0x000000077af00000, 0x0000000784000000)
  object space 21504K, 35% used [0x0000000779a00000,0x000000077a17a508,0x000000077af00000)
Event: 76.858 GC heap after
Heap after GC invocations=15 (full 0):
 PSYoungGen      total 409088K, used 64K [0x00000007d6a80000, 0x00000007fc300000, 0x0000000800000000)
  eden space 388096K, 0% used [0x00000007d6a80000,0x00000007d6a80000,0x00000007ee580000)
  from space 20992K, 0% used [0x00000007f9a00000,0x00000007f9a10000,0x00000007fae80000)
  to   space 20480K, 0% used [0x00000007faf00000,0x00000007faf00000,0x00000007fc300000)
 ParOldGen       total 84480K, used 36828K [0x0000000784000000, 0x0000000789280000, 0x00000007d6a80000)
  object space 84480K, 43% used [0x0000000784000000,0x00000007863f7330,0x0000000789280000)
 PSPermGen       total 21504K, used 7657K [0x0000000779a00000, 0x000000077af00000, 0x0000000784000000)
  object space 21504K, 35% used [0x0000000779a00000,0x000000077a17a508,0x000000077af00000)
}
Event: 83.705 GC heap before
{Heap before GC invocations=16 (full 0):
 PSYoungGen      total 409088K, used 388160K [0x00000007d6a80000, 0x00000007fc300000, 0x0000000800000000)
  eden space 388096K, 100% used [0x00000007d6a80000,0x00000007ee580000,0x00000007ee580000)
  from space 20992K, 0% used [0x00000007f9a00000,0x00000007f9a10000,0x00000007fae80000)
  to   space 20480K, 0% used [0x00000007faf00000,0x00000007faf00000,0x00000007fc300000)
 ParOldGen       total 84480K, used 36828K [0x0000000784000000, 0x0000000789280000, 0x00000007d6a80000)
  object space 84480K, 43% used [0x0000000784000000,0x00000007863f7330,0x0000000789280000)
 PSPermGen       total 21504K, used 7657K [0x0000000779a00000, 0x000000077af00000, 0x0000000784000000)
  object space 21504K, 35% used [0x0000000779a00000,0x000000077a17a508,0x000000077af00000)
Event: 83.706 GC heap after
Heap after GC invocations=16 (full 0):
 PSYoungGen      total 371200K, used 64K [0x00000007d6a80000, 0x00000007faf80000, 0x0000000800000000)
  eden space 370688K, 0% used [0x00000007d6a80000,0x00000007d6a80000,0x00000007ed480000)
  from space 512K, 12% used [0x00000007faf00000,0x00000007faf10000,0x00000007faf80000)
  to   space 19456K, 0% used [0x00000007f8980000,0x00000007f8980000,0x00000007f9c80000)
 ParOldGen       total 84480K, used 36844K [0x0000000784000000, 0x0000000789280000, 0x00000007d6a80000)
  object space 84480K, 43% used [0x0000000784000000,0x00000007863fb330,0x0000000789280000)
 PSPermGen       total 21504K, used 7657K [0x0000000779a00000, 0x000000077af00000, 0x0000000784000000)
  object space 21504K, 35% used [0x0000000779a00000,0x000000077a17a508,0x000000077af00000)
}
Event: 94.880 GC heap before
{Heap before GC invocations=17 (full 0):
 PSYoungGen      total 371200K, used 370752K [0x00000007d6a80000, 0x00000007faf80000, 0x0000000800000000)
  eden space 370688K, 100% used [0x00000007d6a80000,0x00000007ed480000,0x00000007ed480000)
  from space 512K, 12% used [0x00000007faf00000,0x00000007faf10000,0x00000007faf80000)
  to   space 19456K, 0% used [0x00000007f8980000,0x00000007f8980000,0x00000007f9c80000)
 ParOldGen       total 84480K, used 36844K [0x0000000784000000, 0x0000000789280000, 0x00000007d6a80000)
  object space 84480K, 43% used [0x0000000784000000,0x00000007863fb330,0x0000000789280000)
 PSPermGen       total 21504K, used 7657K [0x0000000779a00000, 0x000000077af00000, 0x0000000784000000)
  object space 21504K, 35% used [0x0000000779a00000,0x000000077a17a508,0x000000077af00000)
Event: 96.294 GC heap after
Heap after GC invocations=17 (full 0):
 PSYoungGen      total 538624K, used 64K [0x00000007d6a80000, 0x00000007faf80000, 0x0000000800000000)
  eden space 519168K, 0% used [0x00000007d6a80000,0x00000007d6a80000,0x00000007f6580000)
  from space 19456K, 0% used [0x00000007f8980000,0x00000007f8990000,0x00000007f9c80000)
  to   space 18944K, 0% used [0x00000007f9d00000,0x00000007f9d00000,0x00000007faf80000)
 ParOldGen       total 84480K, used 36868K [0x0000000784000000, 0x0000000789280000, 0x00000007d6a80000)
  object space 84480K, 43% used [0x0000000784000000,0x0000000786401030,0x0000000789280000)
 PSPermGen       total 21504K, used 7657K [0x0000000779a00000, 0x000000077af00000, 0x0000000784000000)
  object space 21504K, 35% used [0x0000000779a00000,0x000000077a17a508,0x000000077af00000)
}
Event: 126.889 GC heap before
{Heap before GC invocations=18 (full 0):
 PSYoungGen      total 538624K, used 519232K [0x00000007d6a80000, 0x00000007faf80000, 0x0000000800000000)
  eden space 519168K, 100% used [0x00000007d6a80000,0x00000007f6580000,0x00000007f6580000)
  from space 19456K, 0% used [0x00000007f8980000,0x00000007f8990000,0x00000007f9c80000)
  to   space 18944K, 0% used [0x00000007f9d00000,0x00000007f9d00000,0x00000007faf80000)
 ParOldGen       total 84480K, used 36868K [0x0000000784000000, 0x0000000789280000, 0x00000007d6a80000)
  object space 84480K, 43% used [0x0000000784000000,0x0000000786401030,0x0000000789280000)
 PSPermGen       total 21504K, used 7657K [0x0000000779a00000, 0x000000077af00000, 0x0000000784000000)
  object space 21504K, 35% used [0x0000000779a00000,0x000000077a17a5b0,0x000000077af00000)

Deoptimization events (10 events):
Event: 2.129 Thread 0x00007f66a800a000 Uncommon trap: reason=class_check action=maybe_recompile pc=0x00007f66a509db48 method=com.github.stigmata.birthmarks.cvfv.TypeAndValueBirthmarkElement.equals(Ljava/lang/Object;)Z @ 64
Event: 2.129 Thread 0x00007f66a800a000 Uncommon trap: reason=class_check action=maybe_recompile pc=0x00007f66a509db48 method=com.github.stigmata.birthmarks.cvfv.TypeAndValueBirthmarkElement.equals(Ljava/lang/Object;)Z @ 64
Event: 2.129 Thread 0x00007f66a800a000 Uncommon trap: reason=class_check action=maybe_recompile pc=0x00007f66a509db48 method=com.github.stigmata.birthmarks.cvfv.TypeAndValueBirthmarkElement.equals(Ljava/lang/Object;)Z @ 64
Event: 2.129 Thread 0x00007f66a800a000 Uncommon trap: reason=class_check action=maybe_recompile pc=0x00007f66a509db48 method=com.github.stigmata.birthmarks.cvfv.TypeAndValueBirthmarkElement.equals(Ljava/lang/Object;)Z @ 64
Event: 2.129 Thread 0x00007f66a800a000 Uncommon trap: reason=class_check action=maybe_recompile pc=0x00007f66a50b07c8 method=com.github.stigmata.birthmarks.cvfv.TypeAndValueBirthmarkElement.equals(Ljava/lang/Object;)Z @ 64
Event: 5.826 Thread 0x00007f66a800a000 Uncommon trap: reason=bimorphic action=maybe_recompile pc=0x00007f66a5099888 method=com.github.stigmata.birthmarks.cvfv.TypeAndValueBirthmarkElement.equals(Ljava/lang/Object;)Z @ 64
Event: 5.826 Thread 0x00007f66a800a000 Uncommon trap: reason=bimorphic action=maybe_recompile pc=0x00007f66a5099888 method=com.github.stigmata.birthmarks.cvfv.TypeAndValueBirthmarkElement.equals(Ljava/lang/Object;)Z @ 64
Event: 5.826 Thread 0x00007f66a800a000 Uncommon trap: reason=bimorphic action=maybe_recompile pc=0x00007f66a5099888 method=com.github.stigmata.birthmarks.cvfv.TypeAndValueBirthmarkElement.equals(Ljava/lang/Object;)Z @ 64
Event: 5.826 Thread 0x00007f66a800a000 Uncommon trap: reason=bimorphic action=maybe_recompile pc=0x00007f66a5099888 method=com.github.stigmata.birthmarks.cvfv.TypeAndValueBirthmarkElement.equals(Ljava/lang/Object;)Z @ 64
Event: 5.826 Thread 0x00007f66a800a000 Uncommon trap: reason=bimorphic action=maybe_recompile pc=0x00007f66a509f8c8 method=com.github.stigmata.birthmarks.cvfv.TypeAndValueBirthmarkElement.equals(Ljava/lang/Object;)Z @ 64

Internal exceptions (10 events):
Event: 0.292 Thread 0x00007f66a800a000 Threw 0x00000007d7fe0908 at /build/openjdk-7-3x2aMC/openjdk-7-7u95-2.6.4/build/openjdk/hotspot/src/share/vm/prims/jvm.cpp:1322
Event: 0.295 Thread 0x00007f66a800a000 Threw 0x00000007d7fe4578 at /build/openjdk-7-3x2aMC/openjdk-7-7u95-2.6.4/build/openjdk/hotspot/src/share/vm/prims/jvm.cpp:1322
Event: 0.295 Thread 0x00007f66a800a000 Threw 0x00000007d7fe8728 at /build/openjdk-7-3x2aMC/openjdk-7-7u95-2.6.4/build/openjdk/hotspot/src/share/vm/prims/jvm.cpp:1322
Event: 0.296 Thread 0x00007f66a800a000 Threw 0x00000007d7ff53a8 at /build/openjdk-7-3x2aMC/openjdk-7-7u95-2.6.4/build/openjdk/hotspot/src/share/vm/prims/jvm.cpp:1322
Event: 0.296 Thread 0x00007f66a800a000 Threw 0x00000007d7ffb4c8 at /build/openjdk-7-3x2aMC/openjdk-7-7u95-2.6.4/build/openjdk/hotspot/src/share/vm/prims/jvm.cpp:1322
Event: 1.083 Thread 0x00007f66a800a000 Implicit null exception at 0x00007f66a51092d8 to 0x00007f66a5109316
Event: 1.761 Thread 0x00007f66a800a000 Threw 0x00000007dc703080 at /build/openjdk-7-3x2aMC/openjdk-7-7u95-2.6.4/build/openjdk/hotspot/src/share/vm/prims/jvm.cpp:1322
Event: 1.761 Thread 0x00007f66a800a000 Threw 0x00000007dc708c48 at /build/openjdk-7-3x2aMC/openjdk-7-7u95-2.6.4/build/openjdk/hotspot/src/share/vm/prims/jvm.cpp:1322
Event: 1.762 Thread 0x00007f66a800a000 Threw 0x00000007dc71df68 at /build/openjdk-7-3x2aMC/openjdk-7-7u95-2.6.4/build/openjdk/hotspot/src/share/vm/prims/jvm.cpp:1322
Event: 1.762 Thread 0x00007f66a800a000 Threw 0x00000007dc722068 at /build/openjdk-7-3x2aMC/openjdk-7-7u95-2.6.4/build/openjdk/hotspot/src/share/vm/prims/jvm.cpp:1322

Events (10 events):
Event: 59.188 Executing VM operation: ParallelGCFailedAllocation done
Event: 68.243 Executing VM operation: ParallelGCFailedAllocation
Event: 68.244 Executing VM operation: ParallelGCFailedAllocation done
Event: 76.857 Executing VM operation: ParallelGCFailedAllocation
Event: 76.858 Executing VM operation: ParallelGCFailedAllocation done
Event: 83.705 Executing VM operation: ParallelGCFailedAllocation
Event: 83.706 Executing VM operation: ParallelGCFailedAllocation done
Event: 93.691 Executing VM operation: ParallelGCFailedAllocation
Event: 96.357 Executing VM operation: ParallelGCFailedAllocation done
Event: 125.494 Executing VM operation: ParallelGCFailedAllocation


Dynamic libraries:
00400000-00401000 r-xp 00000000 08:07 13641842                           /usr/lib/jvm/java-7-openjdk-amd64/jre/bin/java
00600000-00601000 r--p 00000000 08:07 13641842                           /usr/lib/jvm/java-7-openjdk-amd64/jre/bin/java
00601000-00602000 rw-p 00001000 08:07 13641842                           /usr/lib/jvm/java-7-openjdk-amd64/jre/bin/java
02073000-02094000 rw-p 00000000 00:00 0                                  [heap]
779a00000-77af00000 rw-p 00000000 00:00 0 
77af00000-784000000 rw-p 00000000 00:00 0 
784000000-789280000 rw-p 00000000 00:00 0 
789280000-7d6a80000 rw-p 00000000 00:00 0 
7d6a80000-7faf80000 rw-p 00000000 00:00 0 
7ffd80000-800000000 ---p 00000000 00:00 0 
7f6654000000-7f6657ffc000 rw-p 00000000 00:00 0 
7f6657ffc000-7f6658000000 ---p 00000000 00:00 0 
7f6658000000-7f6658713000 rw-p 00000000 00:00 0 
7f6658713000-7f665c000000 ---p 00000000 00:00 0 
7f665c000000-7f665fffd000 rw-p 00000000 00:00 0 
7f665fffd000-7f6660000000 ---p 00000000 00:00 0 
7f6660000000-7f6663ffc000 rw-p 00000000 00:00 0 
7f6663ffc000-7f6664000000 ---p 00000000 00:00 0 
7f6664000000-7f6664021000 rw-p 00000000 00:00 0 
7f6664021000-7f6668000000 ---p 00000000 00:00 0 
7f6668000000-7f666bff9000 rw-p 00000000 00:00 0 
7f666bff9000-7f666c000000 ---p 00000000 00:00 0 
7f666c000000-7f666d1f3000 rw-p 00000000 00:00 0 
7f666d1f3000-7f6670000000 ---p 00000000 00:00 0 
7f6670000000-7f6670021000 rw-p 00000000 00:00 0 
7f6670021000-7f6674000000 ---p 00000000 00:00 0 
7f6674000000-7f6674021000 rw-p 00000000 00:00 0 
7f6674021000-7f6678000000 ---p 00000000 00:00 0 
7f6678000000-7f66791dc000 rw-p 00000000 00:00 0 
7f66791dc000-7f667c000000 ---p 00000000 00:00 0 
7f667c000000-7f667c021000 rw-p 00000000 00:00 0 
7f667c021000-7f6680000000 ---p 00000000 00:00 0 
7f6680000000-7f6680021000 rw-p 00000000 00:00 0 
7f6680021000-7f6684000000 ---p 00000000 00:00 0 
7f6684000000-7f6684021000 rw-p 00000000 00:00 0 
7f6684021000-7f6688000000 ---p 00000000 00:00 0 
7f668bcd0000-7f6690000000 rw-p 00000000 00:00 0 
7f6690000000-7f6690021000 rw-p 00000000 00:00 0 
7f6690021000-7f6694000000 ---p 00000000 00:00 0 
7f6694000000-7f6694021000 rw-p 00000000 00:00 0 
7f6694021000-7f6698000000 ---p 00000000 00:00 0 
7f6698000000-7f6698021000 rw-p 00000000 00:00 0 
7f6698021000-7f669c000000 ---p 00000000 00:00 0 
7f669c8f5000-7f669c996000 r--s 005b7000 08:07 5246096                    /home/hit_alan/zhoufandi/somefilebetweenlinuxandwindows/dex2jar-2.0/eef50103fc7f390678a8a56013a809b38979468c5c17135f5bcf5c7ab08f6d2e/clientdex2jar.jar
7f669c996000-7f669c9d6000 r--s 002b8000 08:07 5246091                    /home/hit_alan/zhoufandi/somefilebetweenlinuxandwindows/dex2jar-2.0/eef50103fc7f390678a8a56013a809b38979468c5c17135f5bcf5c7ab08f6d2e/channeldex2jar.jar
7f669c9d6000-7f669ca77000 r--s 005b7000 08:07 5246096                    /home/hit_alan/zhoufandi/somefilebetweenlinuxandwindows/dex2jar-2.0/eef50103fc7f390678a8a56013a809b38979468c5c17135f5bcf5c7ab08f6d2e/clientdex2jar.jar
7f669ca77000-7f669cab7000 r--s 002b8000 08:07 5246091                    /home/hit_alan/zhoufandi/somefilebetweenlinuxandwindows/dex2jar-2.0/eef50103fc7f390678a8a56013a809b38979468c5c17135f5bcf5c7ab08f6d2e/channeldex2jar.jar
7f669cab7000-7f669cdb8000 rw-p 00000000 00:00 0 
7f669cdb8000-7f669ce24000 r-xp 00000000 08:07 16257056                   /lib/x86_64-linux-gnu/libpcre.so.3.13.1
7f669ce24000-7f669d023000 ---p 0006c000 08:07 16257056                   /lib/x86_64-linux-gnu/libpcre.so.3.13.1
7f669d023000-7f669d024000 r--p 0006b000 08:07 16257056                   /lib/x86_64-linux-gnu/libpcre.so.3.13.1
7f669d024000-7f669d025000 rw-p 0006c000 08:07 16257056                   /lib/x86_64-linux-gnu/libpcre.so.3.13.1
7f669d025000-7f669d02c000 r-xp 00000000 08:07 13631618                   /usr/lib/x86_64-linux-gnu/libffi.so.6.0.4
7f669d02c000-7f669d22b000 ---p 00007000 08:07 13631618                   /usr/lib/x86_64-linux-gnu/libffi.so.6.0.4
7f669d22b000-7f669d22c000 r--p 00006000 08:07 13631618                   /usr/lib/x86_64-linux-gnu/libffi.so.6.0.4
7f669d22c000-7f669d22d000 rw-p 00007000 08:07 13631618                   /usr/lib/x86_64-linux-gnu/libffi.so.6.0.4
7f669d22d000-7f669d244000 r-xp 00000000 08:07 16253007                   /lib/x86_64-linux-gnu/libresolv-2.21.so
7f669d244000-7f669d444000 ---p 00017000 08:07 16253007                   /lib/x86_64-linux-gnu/libresolv-2.21.so
7f669d444000-7f669d446000 r--p 00017000 08:07 16253007                   /lib/x86_64-linux-gnu/libresolv-2.21.so
7f669d446000-7f669d447000 rw-p 00019000 08:07 16253007                   /lib/x86_64-linux-gnu/libresolv-2.21.so
7f669d447000-7f669d449000 rw-p 00000000 00:00 0 
7f669d449000-7f669d46a000 r-xp 00000000 08:07 16257131                   /lib/x86_64-linux-gnu/libselinux.so.1
7f669d46a000-7f669d669000 ---p 00021000 08:07 16257131                   /lib/x86_64-linux-gnu/libselinux.so.1
7f669d669000-7f669d66a000 r--p 00020000 08:07 16257131                   /lib/x86_64-linux-gnu/libselinux.so.1
7f669d66a000-7f669d66b000 rw-p 00021000 08:07 16257131                   /lib/x86_64-linux-gnu/libselinux.so.1
7f669d66b000-7f669d66d000 rw-p 00000000 00:00 0 
7f669d66d000-7f669d670000 r-xp 00000000 08:07 13631893                   /usr/lib/x86_64-linux-gnu/libgmodule-2.0.so.0.4400.1
7f669d670000-7f669d86f000 ---p 00003000 08:07 13631893                   /usr/lib/x86_64-linux-gnu/libgmodule-2.0.so.0.4400.1
7f669d86f000-7f669d870000 r--p 00002000 08:07 13631893                   /usr/lib/x86_64-linux-gnu/libgmodule-2.0.so.0.4400.1
7f669d870000-7f669d871000 rw-p 00003000 08:07 13631893                   /usr/lib/x86_64-linux-gnu/libgmodule-2.0.so.0.4400.1
7f669d871000-7f669d97e000 r-xp 00000000 08:07 16257102                   /lib/x86_64-linux-gnu/libglib-2.0.so.0.4400.1
7f669d97e000-7f669db7d000 ---p 0010d000 08:07 16257102                   /lib/x86_64-linux-gnu/libglib-2.0.so.0.4400.1
7f669db7d000-7f669db7e000 r--p 0010c000 08:07 16257102                   /lib/x86_64-linux-gnu/libglib-2.0.so.0.4400.1
7f669db7e000-7f669db7f000 rw-p 0010d000 08:07 16257102                   /lib/x86_64-linux-gnu/libglib-2.0.so.0.4400.1
7f669db7f000-7f669db80000 rw-p 00000000 00:00 0 
7f669db80000-7f669dbd0000 r-xp 00000000 08:07 13631853                   /usr/lib/x86_64-linux-gnu/libgobject-2.0.so.0.4400.1
7f669dbd0000-7f669ddd0000 ---p 00050000 08:07 13631853                   /usr/lib/x86_64-linux-gnu/libgobject-2.0.so.0.4400.1
7f669ddd0000-7f669ddd1000 r--p 00050000 08:07 13631853                   /usr/lib/x86_64-linux-gnu/libgobject-2.0.so.0.4400.1
7f669ddd1000-7f669ddd2000 rw-p 00051000 08:07 13631853                   /usr/lib/x86_64-linux-gnu/libgobject-2.0.so.0.4400.1
7f669ddd2000-7f669df4a000 r-xp 00000000 08:07 13631875                   /usr/lib/x86_64-linux-gnu/libgio-2.0.so.0.4400.1
7f669df4a000-7f669e14a000 ---p 00178000 08:07 13631875                   /usr/lib/x86_64-linux-gnu/libgio-2.0.so.0.4400.1
7f669e14a000-7f669e14e000 r--p 00178000 08:07 13631875                   /usr/lib/x86_64-linux-gnu/libgio-2.0.so.0.4400.1
7f669e14e000-7f669e150000 rw-p 0017c000 08:07 13631875                   /usr/lib/x86_64-linux-gnu/libgio-2.0.so.0.4400.1
7f669e150000-7f669e152000 rw-p 00000000 00:00 0 
7f669e152000-7f669e16a000 r-xp 00000000 08:07 13642175                   /usr/lib/jvm/java-7-openjdk-amd64/jre/lib/amd64/libnet.so
7f669e16a000-7f669e369000 ---p 00018000 08:07 13642175                   /usr/lib/jvm/java-7-openjdk-amd64/jre/lib/amd64/libnet.so
7f669e369000-7f669e36a000 r--p 00017000 08:07 13642175                   /usr/lib/jvm/java-7-openjdk-amd64/jre/lib/amd64/libnet.so
7f669e36a000-7f669e36b000 rw-p 00018000 08:07 13642175                   /usr/lib/jvm/java-7-openjdk-amd64/jre/lib/amd64/libnet.so
7f669e36b000-7f669e37c000 r-xp 00000000 08:07 13642136                   /usr/lib/jvm/java-7-openjdk-amd64/jre/lib/amd64/libnio.so
7f669e37c000-7f669e57b000 ---p 00011000 08:07 13642136                   /usr/lib/jvm/java-7-openjdk-amd64/jre/lib/amd64/libnio.so
7f669e57b000-7f669e57c000 r--p 00010000 08:07 13642136                   /usr/lib/jvm/java-7-openjdk-amd64/jre/lib/amd64/libnio.so
7f669e57c000-7f669e57d000 rw-p 00011000 08:07 13642136                   /usr/lib/jvm/java-7-openjdk-amd64/jre/lib/amd64/libnio.so
7f669e57d000-7f669e57e000 ---p 00000000 00:00 0 
7f669e57e000-7f669e67e000 rw-p 00000000 00:00 0 
7f669e67e000-7f669e681000 ---p 00000000 00:00 0 
7f669e681000-7f669e77f000 rw-p 00000000 00:00 0 
7f669e77f000-7f669e782000 ---p 00000000 00:00 0 
7f669e782000-7f669e880000 rw-p 00000000 00:00 0 
7f669e880000-7f669e883000 ---p 00000000 00:00 0 
7f669e883000-7f669e981000 rw-p 00000000 00:00 0 
7f669e981000-7f669e984000 ---p 00000000 00:00 0 
7f669e984000-7f669ea82000 rw-p 00000000 00:00 0 
7f669ea82000-7f669eeef000 r--p 00000000 08:07 13634881                   /usr/lib/locale/locale-archive
7f669eeef000-7f669eef2000 ---p 00000000 00:00 0 
7f669eef2000-7f669eff0000 rw-p 00000000 00:00 0 
7f669eff0000-7f669eff3000 ---p 00000000 00:00 0 
7f669eff3000-7f669f0f1000 rw-p 00000000 00:00 0 
7f669f0f1000-7f669f0f2000 ---p 00000000 00:00 0 
7f669f0f2000-7f66a0000000 rw-p 00000000 00:00 0 
7f66a0000000-7f66a0021000 rw-p 00000000 00:00 0 
7f66a0021000-7f66a4000000 ---p 00000000 00:00 0 
7f66a4023000-7f66a416d000 rw-p 00000000 00:00 0 
7f66a416d000-7f66a431f000 r--s 01d2f000 08:07 13642124                   /usr/lib/jvm/java-7-openjdk-amd64/jre/lib/rt.jar
7f66a431f000-7f66a47c8000 rw-p 00000000 00:00 0 
7f66a47c8000-7f66a47c9000 ---p 00000000 00:00 0 
7f66a47c9000-7f66a48c9000 rw-p 00000000 00:00 0 
7f66a48c9000-7f66a48ca000 ---p 00000000 00:00 0 
7f66a48ca000-7f66a49ca000 rw-p 00000000 00:00 0 
7f66a49ca000-7f66a49cb000 ---p 00000000 00:00 0 
7f66a49cb000-7f66a4acb000 rw-p 00000000 00:00 0 
7f66a4acb000-7f66a4acc000 ---p 00000000 00:00 0 
7f66a4acc000-7f66a4bd7000 rw-p 00000000 00:00 0 
7f66a4bd7000-7f66a4c1f000 rw-p 00000000 00:00 0 
7f66a4c1f000-7f66a4c49000 rw-p 00000000 00:00 0 
7f66a4c49000-7f66a4eb4000 rw-p 00000000 00:00 0 
7f66a4eb4000-7f66a4fd7000 rw-p 00000000 00:00 0 
7f66a4fd7000-7f66a4fff000 ---p 00000000 00:00 0 
7f66a4fff000-7f66a5000000 rw-p 00000000 00:00 0 
7f66a5000000-7f66a5270000 rwxp 00000000 00:00 0 
7f66a5270000-7f66abffb000 rw-p 00000000 00:00 0 
7f66abffb000-7f66ac000000 ---p 00000000 00:00 0 
7f66ac00e000-7f66ac015000 r--s 00000000 08:07 13902402                   /usr/lib/x86_64-linux-gnu/gconv/gconv-modules.cache
7f66ac015000-7f66ac029000 r--p 00000000 08:07 14421516                   /usr/share/locale-langpack/zh_CN/LC_MESSAGES/libc.mo
7f66ac029000-7f66ac033000 r--s 000ae000 08:07 13642193                   /usr/lib/jvm/java-7-openjdk-amd64/jre/lib/resources.jar
7f66ac033000-7f66ac038000 r--s 00036000 08:07 7081023                    /home/hit_alan/zhoufandi/somefilebetweenlinuxandwindows/target/asm-all-5.0.3.jar
7f66ac038000-7f66ac0c8000 rw-p 00000000 00:00 0 
7f66ac0c8000-7f66ac110000 rw-p 00000000 00:00 0 
7f66ac110000-7f66ac13a000 rw-p 00000000 00:00 0 
7f66ac13a000-7f66ac3a6000 rw-p 00000000 00:00 0 
7f66ac3a6000-7f66ac3ae000 r-xp 00000000 08:07 13642144                   /usr/lib/jvm/java-7-openjdk-amd64/jre/lib/amd64/libzip.so
7f66ac3ae000-7f66ac5ad000 ---p 00008000 08:07 13642144                   /usr/lib/jvm/java-7-openjdk-amd64/jre/lib/amd64/libzip.so
7f66ac5ad000-7f66ac5ae000 r--p 00007000 08:07 13642144                   /usr/lib/jvm/java-7-openjdk-amd64/jre/lib/amd64/libzip.so
7f66ac5ae000-7f66ac5af000 rw-p 00008000 08:07 13642144                   /usr/lib/jvm/java-7-openjdk-amd64/jre/lib/amd64/libzip.so
7f66ac5af000-7f66ac5bb000 r-xp 00000000 08:07 16253008                   /lib/x86_64-linux-gnu/libnss_files-2.21.so
7f66ac5bb000-7f66ac7ba000 ---p 0000c000 08:07 16253008                   /lib/x86_64-linux-gnu/libnss_files-2.21.so
7f66ac7ba000-7f66ac7bb000 r--p 0000b000 08:07 16253008                   /lib/x86_64-linux-gnu/libnss_files-2.21.so
7f66ac7bb000-7f66ac7bc000 rw-p 0000c000 08:07 16253008                   /lib/x86_64-linux-gnu/libnss_files-2.21.so
7f66ac7bc000-7f66ac7c7000 r-xp 00000000 08:07 16252996                   /lib/x86_64-linux-gnu/libnss_nis-2.21.so
7f66ac7c7000-7f66ac9c6000 ---p 0000b000 08:07 16252996                   /lib/x86_64-linux-gnu/libnss_nis-2.21.so
7f66ac9c6000-7f66ac9c7000 r--p 0000a000 08:07 16252996                   /lib/x86_64-linux-gnu/libnss_nis-2.21.so
7f66ac9c7000-7f66ac9c8000 rw-p 0000b000 08:07 16252996                   /lib/x86_64-linux-gnu/libnss_nis-2.21.so
7f66ac9c8000-7f66ac9df000 r-xp 00000000 08:07 16257004                   /lib/x86_64-linux-gnu/libnsl-2.21.so
7f66ac9df000-7f66acbde000 ---p 00017000 08:07 16257004                   /lib/x86_64-linux-gnu/libnsl-2.21.so
7f66acbde000-7f66acbdf000 r--p 00016000 08:07 16257004                   /lib/x86_64-linux-gnu/libnsl-2.21.so
7f66acbdf000-7f66acbe0000 rw-p 00017000 08:07 16257004                   /lib/x86_64-linux-gnu/libnsl-2.21.so
7f66acbe0000-7f66acbe2000 rw-p 00000000 00:00 0 
7f66acbe2000-7f66acbea000 r-xp 00000000 08:07 16253010                   /lib/x86_64-linux-gnu/libnss_compat-2.21.so
7f66acbea000-7f66acde9000 ---p 00008000 08:07 16253010                   /lib/x86_64-linux-gnu/libnss_compat-2.21.so
7f66acde9000-7f66acdea000 r--p 00007000 08:07 16253010                   /lib/x86_64-linux-gnu/libnss_compat-2.21.so
7f66acdea000-7f66acdeb000 rw-p 00008000 08:07 16253010                   /lib/x86_64-linux-gnu/libnss_compat-2.21.so
7f66acdeb000-7f66ace18000 r-xp 00000000 08:07 13642157                   /usr/lib/jvm/java-7-openjdk-amd64/jre/lib/amd64/libjava.so
7f66ace18000-7f66ad017000 ---p 0002d000 08:07 13642157                   /usr/lib/jvm/java-7-openjdk-amd64/jre/lib/amd64/libjava.so
7f66ad017000-7f66ad018000 r--p 0002c000 08:07 13642157                   /usr/lib/jvm/java-7-openjdk-amd64/jre/lib/amd64/libjava.so
7f66ad018000-7f66ad01a000 rw-p 0002d000 08:07 13642157                   /usr/lib/jvm/java-7-openjdk-amd64/jre/lib/amd64/libjava.so
7f66ad01a000-7f66ad029000 r-xp 00000000 08:07 13642171                   /usr/lib/jvm/java-7-openjdk-amd64/jre/lib/amd64/libverify.so
7f66ad029000-7f66ad228000 ---p 0000f000 08:07 13642171                   /usr/lib/jvm/java-7-openjdk-amd64/jre/lib/amd64/libverify.so
7f66ad228000-7f66ad22b000 r--p 0000e000 08:07 13642171                   /usr/lib/jvm/java-7-openjdk-amd64/jre/lib/amd64/libverify.so
7f66ad22b000-7f66ad22c000 rw-p 00011000 08:07 13642171                   /usr/lib/jvm/java-7-openjdk-amd64/jre/lib/amd64/libverify.so
7f66ad22c000-7f66ad233000 r-xp 00000000 08:07 16257005                   /lib/x86_64-linux-gnu/librt-2.21.so
7f66ad233000-7f66ad432000 ---p 00007000 08:07 16257005                   /lib/x86_64-linux-gnu/librt-2.21.so
7f66ad432000-7f66ad433000 r--p 00006000 08:07 16257005                   /lib/x86_64-linux-gnu/librt-2.21.so
7f66ad433000-7f66ad434000 rw-p 00007000 08:07 16257005                   /lib/x86_64-linux-gnu/librt-2.21.so
7f66ad434000-7f66ad44a000 r-xp 00000000 08:07 16257047                   /lib/x86_64-linux-gnu/libgcc_s.so.1
7f66ad44a000-7f66ad649000 ---p 00016000 08:07 16257047                   /lib/x86_64-linux-gnu/libgcc_s.so.1
7f66ad649000-7f66ad64a000 rw-p 00015000 08:07 16257047                   /lib/x86_64-linux-gnu/libgcc_s.so.1
7f66ad64a000-7f66ad751000 r-xp 00000000 08:07 16257003                   /lib/x86_64-linux-gnu/libm-2.21.so
7f66ad751000-7f66ad950000 ---p 00107000 08:07 16257003                   /lib/x86_64-linux-gnu/libm-2.21.so
7f66ad950000-7f66ad951000 r--p 00106000 08:07 16257003                   /lib/x86_64-linux-gnu/libm-2.21.so
7f66ad951000-7f66ad952000 rw-p 00107000 08:07 16257003                   /lib/x86_64-linux-gnu/libm-2.21.so
7f66ad952000-7f66ada42000 r-xp 00000000 08:07 13631543                   /usr/lib/x86_64-linux-gnu/libstdc++.so.6.0.20
7f66ada42000-7f66adc42000 ---p 000f0000 08:07 13631543                   /usr/lib/x86_64-linux-gnu/libstdc++.so.6.0.20
7f66adc42000-7f66adc4a000 r--p 000f0000 08:07 13631543                   /usr/lib/x86_64-linux-gnu/libstdc++.so.6.0.20
7f66adc4a000-7f66adc4c000 rw-p 000f8000 08:07 13631543                   /usr/lib/x86_64-linux-gnu/libstdc++.so.6.0.20
7f66adc4c000-7f66adc61000 rw-p 00000000 00:00 0 
7f66adc61000-7f66ae7c1000 r-xp 00000000 08:07 13642163                   /usr/lib/jvm/java-7-openjdk-amd64/jre/lib/amd64/server/libjvm.so
7f66ae7c1000-7f66ae9c1000 ---p 00b60000 08:07 13642163                   /usr/lib/jvm/java-7-openjdk-amd64/jre/lib/amd64/server/libjvm.so
7f66ae9c1000-7f66aea60000 r--p 00b60000 08:07 13642163                   /usr/lib/jvm/java-7-openjdk-amd64/jre/lib/amd64/server/libjvm.so
7f66aea60000-7f66aea83000 rw-p 00bff000 08:07 13642163                   /usr/lib/jvm/java-7-openjdk-amd64/jre/lib/amd64/server/libjvm.so
7f66aea83000-7f66aeab0000 rw-p 00000000 00:00 0 
7f66aeab0000-7f66aeac9000 r-xp 00000000 08:07 16257026                   /lib/x86_64-linux-gnu/libz.so.1.2.8
7f66aeac9000-7f66aecc9000 ---p 00019000 08:07 16257026                   /lib/x86_64-linux-gnu/libz.so.1.2.8
7f66aecc9000-7f66aecca000 r--p 00019000 08:07 16257026                   /lib/x86_64-linux-gnu/libz.so.1.2.8
7f66aecca000-7f66aeccb000 rw-p 0001a000 08:07 16257026                   /lib/x86_64-linux-gnu/libz.so.1.2.8
7f66aeccb000-7f66aece3000 r-xp 00000000 08:07 16253005                   /lib/x86_64-linux-gnu/libpthread-2.21.so
7f66aece3000-7f66aeee3000 ---p 00018000 08:07 16253005                   /lib/x86_64-linux-gnu/libpthread-2.21.so
7f66aeee3000-7f66aeee4000 r--p 00018000 08:07 16253005                   /lib/x86_64-linux-gnu/libpthread-2.21.so
7f66aeee4000-7f66aeee5000 rw-p 00019000 08:07 16253005                   /lib/x86_64-linux-gnu/libpthread-2.21.so
7f66aeee5000-7f66aeee9000 rw-p 00000000 00:00 0 
7f66aeee9000-7f66aeeec000 r-xp 00000000 08:07 16253001                   /lib/x86_64-linux-gnu/libdl-2.21.so
7f66aeeec000-7f66af0eb000 ---p 00003000 08:07 16253001                   /lib/x86_64-linux-gnu/libdl-2.21.so
7f66af0eb000-7f66af0ec000 r--p 00002000 08:07 16253001                   /lib/x86_64-linux-gnu/libdl-2.21.so
7f66af0ec000-7f66af0ed000 rw-p 00003000 08:07 16253001                   /lib/x86_64-linux-gnu/libdl-2.21.so
7f66af0ed000-7f66af2ad000 r-xp 00000000 08:07 16257010                   /lib/x86_64-linux-gnu/libc-2.21.so
7f66af2ad000-7f66af4ad000 ---p 001c0000 08:07 16257010                   /lib/x86_64-linux-gnu/libc-2.21.so
7f66af4ad000-7f66af4b1000 r--p 001c0000 08:07 16257010                   /lib/x86_64-linux-gnu/libc-2.21.so
7f66af4b1000-7f66af4b3000 rw-p 001c4000 08:07 16257010                   /lib/x86_64-linux-gnu/libc-2.21.so
7f66af4b3000-7f66af4b7000 rw-p 00000000 00:00 0 
7f66af4b7000-7f66af4c4000 r-xp 00000000 08:07 13642172                   /usr/lib/jvm/java-7-openjdk-amd64/jre/lib/amd64/jli/libjli.so
7f66af4c4000-7f66af6c3000 ---p 0000d000 08:07 13642172                   /usr/lib/jvm/java-7-openjdk-amd64/jre/lib/amd64/jli/libjli.so
7f66af6c3000-7f66af6c4000 r--p 0000c000 08:07 13642172                   /usr/lib/jvm/java-7-openjdk-amd64/jre/lib/amd64/jli/libjli.so
7f66af6c4000-7f66af6c5000 rw-p 0000d000 08:07 13642172                   /usr/lib/jvm/java-7-openjdk-amd64/jre/lib/amd64/jli/libjli.so
7f66af6c5000-7f66af6e9000 r-xp 00000000 08:07 16253004                   /lib/x86_64-linux-gnu/ld-2.21.so
7f66af6e9000-7f66af6ea000 rw-p 00000000 00:00 0 
7f66af6ea000-7f66af6eb000 r--s 00005000 08:07 7081028                    /home/hit_alan/zhoufandi/somefilebetweenlinuxandwindows/target/csvio-1.0.2.jar
7f66af6eb000-7f66af6ec000 r--s 00008000 08:07 7081026                    /home/hit_alan/zhoufandi/somefilebetweenlinuxandwindows/target/commons-cli-1.1.jar
7f66af6ec000-7f66af6ee000 r--s 0001d000 08:07 7081025                    /home/hit_alan/zhoufandi/somefilebetweenlinuxandwindows/target/xmlcli-1.2.3.jar
7f66af6ee000-7f66af6f0000 r--s 0000d000 08:07 7081029                    /home/hit_alan/zhoufandi/somefilebetweenlinuxandwindows/target/commons-logging-1.1.1.jar
7f66af6f0000-7f66af6f5000 r--s 00034000 08:07 7081024                    /home/hit_alan/zhoufandi/somefilebetweenlinuxandwindows/target/commons-beanutils-1.8.3.jar
7f66af6f5000-7f66af700000 r--s 000b4000 08:07 7081123                    /home/hit_alan/zhoufandi/somefilebetweenlinuxandwindows/target/stigmata-5.0-SNAPSHOT.jar
7f66af700000-7f66af704000 r--s 00034000 08:07 13642025                   /usr/lib/jvm/java-7-openjdk-amd64/jre/lib/ext/sunjce_provider.jar
7f66af704000-7f66af70e000 rw-p 00000000 00:00 0 
7f66af70e000-7f66af7c4000 rw-p 00000000 00:00 0 
7f66af7c4000-7f66af7c7000 ---p 00000000 00:00 0 
7f66af7c7000-7f66af8ca000 rw-p 00000000 00:00 0 
7f66af8ca000-7f66af8cc000 r--s 0000b000 08:07 7081027                    /home/hit_alan/zhoufandi/somefilebetweenlinuxandwindows/target/commons-dbutils-1.4.jar
7f66af8cc000-7f66af8cd000 r--s 00002000 08:07 13642027                   /usr/lib/jvm/java-7-openjdk-amd64/jre/lib/ext/dnsns.jar
7f66af8cd000-7f66af8cf000 r--s 00012000 08:07 13642022                   /usr/lib/jvm/java-7-openjdk-amd64/jre/lib/ext/zipfs.jar
7f66af8cf000-7f66af8d3000 r--s 0003c000 08:07 13642026                   /usr/lib/jvm/java-7-openjdk-amd64/jre/lib/ext/sunpkcs11.jar
7f66af8d3000-7f66af8d6000 r--s 0000f000 08:07 13642024                   /usr/lib/jvm/java-7-openjdk-amd64/jre/lib/ext/icedtea-sound.jar
7f66af8d6000-7f66af8da000 r--s 00085000 08:07 13642023                   /usr/lib/jvm/java-7-openjdk-amd64/jre/lib/ext/localedata.jar
7f66af8da000-7f66af8dc000 r--s 00006000 08:07 14028198                   /usr/share/java/java-atk-wrapper.jar
7f66af8dc000-7f66af8e4000 rw-s 00000000 08:07 4980957                    /tmp/hsperfdata_hit_alan/31176
7f66af8e4000-7f66af8e5000 rw-p 00000000 00:00 0 
7f66af8e5000-7f66af8e6000 ---p 00000000 00:00 0 
7f66af8e6000-7f66af8e8000 rw-p 00000000 00:00 0 
7f66af8e8000-7f66af8e9000 r--p 00023000 08:07 16253004                   /lib/x86_64-linux-gnu/ld-2.21.so
7f66af8e9000-7f66af8ea000 rw-p 00024000 08:07 16253004                   /lib/x86_64-linux-gnu/ld-2.21.so
7f66af8ea000-7f66af8eb000 rw-p 00000000 00:00 0 
7ffe9b56e000-7ffe9b590000 rw-p 00000000 00:00 0                          [stack]
7ffe9b5e4000-7ffe9b5e6000 r--p 00000000 00:00 0                          [vvar]
7ffe9b5e6000-7ffe9b5e8000 r-xp 00000000 00:00 0                          [vdso]
ffffffffff600000-ffffffffff601000 r-xp 00000000 00:00 0                  [vsyscall]

VM Arguments:
java_command: stigmata-5.0-SNAPSHOT.jar -f xml -b cvfv compare ../dex2jar-2.0/eef50103fc7f390678a8a56013a809b38979468c5c17135f5bcf5c7ab08f6d2e/channeldex2jar.jar ../dex2jar-2.0/eef50103fc7f390678a8a56013a809b38979468c5c17135f5bcf5c7ab08f6d2e/clientdex2jar.jar
Launcher Type: SUN_STANDARD

Environment Variables:
JAVA_HOME=/usr/lib/jvm/java-7-openjdk-amd64
PATH=/home/hit_alan/bin:/home/hit_alan/.gvm/vertx/current/bin:/home/hit_alan/.gvm/springboot/current/bin:/home/hit_alan/.gvm/lazybones/current/bin:/home/hit_alan/.gvm/jbake/current/bin:/home/hit_alan/.gvm/groovyserv/current/bin:/home/hit_alan/.gvm/groovy/current/bin:/home/hit_alan/.gvm/griffon/current/bin:/home/hit_alan/.gvm/grails/current/bin:/home/hit_alan/.gvm/gradle/current/bin:/home/hit_alan/.gvm/glide/current/bin:/home/hit_alan/.gvm/gaiden/current/bin:/home/hit_alan/.gvm/crash/current/bin:/home/hit_alan/.gvm/asciidoctorj/current/bin:/home/hit_alan/bin:/usr/local/sbin:/usr/local/bin:/usr/sbin:/usr/bin:/sbin:/bin:/usr/games:/usr/local/games:/usr/gradle-2.4/bin:/usr/grails-3.0.2/bin:/home/hit_alan/softwares/adt-bundle-linux-x86_64-20140624/sdk/platform-tools:/home/hit_alan/softwares/adt-bundle-linux-x86_64-20140624/sdk/tools:/usr/gradle-2.4/bin:/usr/grails-3.0.2/bin:/home/hit_alan/softwares/adt-bundle-linux-x86_64-20140624/sdk/platform-tools:/home/hit_alan/softwares/adt-bundle-linux-x86_64-20140624/sdk/tools
SHELL=/bin/bash
DISPLAY=:0

Signal Handlers:
SIGSEGV: [libjvm.so+0x992590], sa_mask[0]=0x7ffbfeff, sa_flags=0x10000004
SIGBUS: [libjvm.so+0x992590], sa_mask[0]=0x7ffbfeff, sa_flags=0x10000004
SIGFPE: [libjvm.so+0x7fec60], sa_mask[0]=0x7ffbfeff, sa_flags=0x10000004
SIGPIPE: [libjvm.so+0x7fec60], sa_mask[0]=0x7ffbfeff, sa_flags=0x10000004
SIGXFSZ: [libjvm.so+0x7fec60], sa_mask[0]=0x7ffbfeff, sa_flags=0x10000004
SIGILL: [libjvm.so+0x7fec60], sa_mask[0]=0x7ffbfeff, sa_flags=0x10000004
SIGUSR1: SIG_DFL, sa_mask[0]=0x00000000, sa_flags=0x00000000
SIGUSR2: [libjvm.so+0x7feae0], sa_mask[0]=0x00000004, sa_flags=0x10000004
SIGHUP: [libjvm.so+0x7fece0], sa_mask[0]=0x7ffbfeff, sa_flags=0x10000004
SIGINT: [libjvm.so+0x7fece0], sa_mask[0]=0x7ffbfeff, sa_flags=0x10000004
SIGTERM: [libjvm.so+0x7fece0], sa_mask[0]=0x7ffbfeff, sa_flags=0x10000004
SIGQUIT: [libjvm.so+0x7fece0], sa_mask[0]=0x7ffbfeff, sa_flags=0x10000004
SIGTRAP: SIG_DFL, sa_mask[0]=0x00000000, sa_flags=0x00000000


---------------  S Y S T E M  ---------------

OS:Ubuntu 15.04 (vivid)
uname:Linux 3.19.0-66-generic #74-Ubuntu SMP Tue Jul 19 15:07:04 UTC 2016 x86_64
libc:glibc 2.21 NPTL 2.21 
rlimit: STACK 8192k, CORE 0k, NPROC 31638, NOFILE 65536, AS infinity
load average:40.08 17.20 7.21

/proc/meminfo:
MemTotal:        8121832 kB
MemFree:          125644 kB
MemAvailable:      68652 kB
Buffers:             436 kB
Cached:           428984 kB
SwapCached:            0 kB
Active:          7328948 kB
Inactive:         422920 kB
Active(anon):    7324264 kB
Inactive(anon):   407952 kB
Active(file):       4684 kB
Inactive(file):    14968 kB
Unevictable:         336 kB
Mlocked:             336 kB
SwapTotal:             0 kB
SwapFree:              0 kB
Dirty:               120 kB
Writeback:             0 kB
AnonPages:       7322932 kB
Mapped:           417044 kB
Shmem:            409620 kB
Slab:              79372 kB
SReclaimable:      35292 kB
SUnreclaim:        44080 kB
KernelStack:       18864 kB
PageTables:        76908 kB
NFS_Unstable:          0 kB
Bounce:                0 kB
WritebackTmp:          0 kB
CommitLimit:     4060916 kB
Committed_AS:   19308624 kB
VmallocTotal:   34359738367 kB
VmallocUsed:      112368 kB
VmallocChunk:   34359516100 kB
HardwareCorrupted:     0 kB
AnonHugePages:   4216832 kB
CmaTotal:              0 kB
CmaFree:               0 kB
HugePages_Total:       0
HugePages_Free:        0
HugePages_Rsvd:        0
HugePages_Surp:        0
Hugepagesize:       2048 kB
DirectMap4k:      195860 kB
DirectMap2M:     7090176 kB
DirectMap1G:     2097152 kB


CPU:total 4 (4 cores per cpu, 1 threads per core) family 6 model 60 stepping 3, cmov, cx8, fxsr, mmx, sse, sse2, sse3, ssse3, sse4.1, sse4.2, popcnt, avx, avx2, aes, erms, tsc, tscinvbit

/proc/cpuinfo:
processor	: 0
vendor_id	: GenuineIntel
cpu family	: 6
model		: 60
model name	: Intel(R) Core(TM) i5-4590 CPU @ 3.30GHz
stepping	: 3
microcode	: 0x1d
cpu MHz		: 3598.417
cache size	: 6144 KB
physical id	: 0
siblings	: 4
core id		: 0
cpu cores	: 4
apicid		: 0
initial apicid	: 0
fpu		: yes
fpu_exception	: yes
cpuid level	: 13
wp		: yes
flags		: fpu vme de pse tsc msr pae mce cx8 apic sep mtrr pge mca cmov pat pse36 clflush dts acpi mmx fxsr sse sse2 ss ht tm pbe syscall nx pdpe1gb rdtscp lm constant_tsc arch_perfmon pebs bts rep_good nopl xtopology nonstop_tsc aperfmperf eagerfpu pni pclmulqdq dtes64 monitor ds_cpl vmx smx est tm2 ssse3 fma cx16 xtpr pdcm pcid sse4_1 sse4_2 x2apic movbe popcnt tsc_deadline_timer aes xsave avx f16c rdrand lahf_lm abm ida arat epb pln pts dtherm tpr_shadow vnmi flexpriority ept vpid fsgsbase tsc_adjust bmi1 avx2 smep bmi2 erms invpcid xsaveopt
bugs		:
bogomips	: 6584.68
clflush size	: 64
cache_alignment	: 64
address sizes	: 39 bits physical, 48 bits virtual
power management:

processor	: 1
vendor_id	: GenuineIntel
cpu family	: 6
model		: 60
model name	: Intel(R) Core(TM) i5-4590 CPU @ 3.30GHz
stepping	: 3
microcode	: 0x1d
cpu MHz		: 3564.128
cache size	: 6144 KB
physical id	: 0
siblings	: 4
core id		: 1
cpu cores	: 4
apicid		: 2
initial apicid	: 2
fpu		: yes
fpu_exception	: yes
cpuid level	: 13
wp		: yes
flags		: fpu vme de pse tsc msr pae mce cx8 apic sep mtrr pge mca cmov pat pse36 clflush dts acpi mmx fxsr sse sse2 ss ht tm pbe syscall nx pdpe1gb rdtscp lm constant_tsc arch_perfmon pebs bts rep_good nopl xtopology nonstop_tsc aperfmperf eagerfpu pni pclmulqdq dtes64 monitor ds_cpl vmx smx est tm2 ssse3 fma cx16 xtpr pdcm pcid sse4_1 sse4_2 x2apic movbe popcnt tsc_deadline_timer aes xsave avx f16c rdrand lahf_lm abm ida arat epb pln pts dtherm tpr_shadow vnmi flexpriority ept vpid fsgsbase tsc_adjust bmi1 avx2 smep bmi2 erms invpcid xsaveopt
bugs		:
bogomips	: 6584.68
clflush size	: 64
cache_alignment	: 64
address sizes	: 39 bits physical, 48 bits virtual
power management:

processor	: 2
vendor_id	: GenuineIntel
cpu family	: 6
model		: 60
model name	: Intel(R) Core(TM) i5-4590 CPU @ 3.30GHz
stepping	: 3
microcode	: 0x1d
cpu MHz		: 3595.968
cache size	: 6144 KB
physical id	: 0
siblings	: 4
core id		: 2
cpu cores	: 4
apicid		: 4
initial apicid	: 4
fpu		: yes
fpu_exception	: yes
cpuid level	: 13
wp		: yes
flags		: fpu vme de pse tsc msr pae mce cx8 apic sep mtrr pge mca cmov pat pse36 clflush dts acpi mmx fxsr sse sse2 ss ht tm pbe syscall nx pdpe1gb rdtscp lm constant_tsc arch_perfmon pebs bts rep_good nopl xtopology nonstop_tsc aperfmperf eagerfpu pni pclmulqdq dtes64 monitor ds_cpl vmx smx est tm2 ssse3 fma cx16 xtpr pdcm pcid sse4_1 sse4_2 x2apic movbe popcnt tsc_deadline_timer aes xsave avx f16c rdrand lahf_lm abm ida arat epb pln pts dtherm tpr_shadow vnmi flexpriority ept vpid fsgsbase tsc_adjust bmi1 avx2 smep bmi2 erms invpcid xsaveopt
bugs		:
bogomips	: 6584.68
clflush size	: 64
cache_alignment	: 64
address sizes	: 39 bits physical, 48 bits virtual
power management:

processor	: 3
vendor_id	: GenuineIntel
cpu family	: 6
model		: 60
model name	: Intel(R) Core(TM) i5-4590 CPU @ 3.30GHz
stepping	: 3
microcode	: 0x1d
cpu MHz		: 2344.933
cache size	: 6144 KB
physical id	: 0
siblings	: 4
core id		: 3
cpu cores	: 4
apicid		: 6
initial apicid	: 6
fpu		: yes
fpu_exception	: yes
cpuid level	: 13
wp		: yes
flags		: fpu vme de pse tsc msr pae mce cx8 apic sep mtrr pge mca cmov pat pse36 clflush dts acpi mmx fxsr sse sse2 ss ht tm pbe syscall nx pdpe1gb rdtscp lm constant_tsc arch_perfmon pebs bts rep_good nopl xtopology nonstop_tsc aperfmperf eagerfpu pni pclmulqdq dtes64 monitor ds_cpl vmx smx est tm2 ssse3 fma cx16 xtpr pdcm pcid sse4_1 sse4_2 x2apic movbe popcnt tsc_deadline_timer aes xsave avx f16c rdrand lahf_lm abm ida arat epb pln pts dtherm tpr_shadow vnmi flexpriority ept vpid fsgsbase tsc_adjust bmi1 avx2 smep bmi2 erms invpcid xsaveopt
bugs		:
bogomips	: 6584.68
clflush size	: 64
cache_alignment	: 64
address sizes	: 39 bits physical, 48 bits virtual
power management:



Memory: 4k page, physical 8121832k(125644k free), swap 0k(0k free)

vm_info: OpenJDK 64-Bit Server VM (24.95-b01) for linux-amd64 JRE (1.7.0_95-b00), built on Jan 21 2016 03:41:02 by "buildd" with gcc 4.9.2

time: Sat Oct  8 13:34:11 2016
elapsed time: 194 seconds

