#
# There is insufficient memory for the Java Runtime Environment to continue.
# Native memory allocation (malloc) failed to allocate 42467328 bytes for committing reserved memory.
# Possible reasons:
#   The system is out of physical RAM or swap space
#   In 32 bit mode, the process size limit was hit
# Possible solutions:
#   Reduce memory load on the system
#   Increase physical memory or swap space
#   Check if swap backing store is full
#   Use 64 bit Java on a 64 bit OS
#   Decrease Java heap size (-Xmx/-Xms)
#   Decrease number of Java threads
#   Decrease Java thread stack sizes (-Xss)
#   Set larger code cache with -XX:ReservedCodeCacheSize=
# This output file may be truncated or incomplete.
#
#  Out of Memory Error (os_linux.cpp:2827), pid=31489, tid=140344299235072
#
# JRE version: OpenJDK Runtime Environment (7.0_95) (build 1.7.0_95-b00)
# Java VM: OpenJDK 64-Bit Server VM (24.95-b01 mixed mode linux-amd64 compressed oops)
# Derivative: IcedTea 2.6.4
# Distribution: Ubuntu 15.04, package 7u95-2.6.4-0ubuntu0.15.04.1
# Failed to write core dump. Core dumps have been disabled. To enable core dumping, try "ulimit -c unlimited" before starting Java again
#

---------------  T H R E A D  ---------------

Current thread (0x00007fa47013d000):  VMThread [stack: 0x00007fa4740a2000,0x00007fa4741a3000] [id=31495]

Stack: [0x00007fa4740a2000,0x00007fa4741a3000],  sp=0x00007fa4741a14e0,  free space=1021k
Native frames: (J=compiled Java code, j=interpreted, Vv=VM code, C=native code)
V  [libjvm.so+0x991aa6]
V  [libjvm.so+0x4934c2]
V  [libjvm.so+0x80371b]
V  [libjvm.so+0x7fddfe]
V  [libjvm.so+0x871c0b]
V  [libjvm.so+0x872ac3]
V  [libjvm.so+0x8731db]
V  [libjvm.so+0x86eb41]
V  [libjvm.so+0x86f3b8]
V  [libjvm.so+0x826a73]
V  [libjvm.so+0x993372]
V  [libjvm.so+0x9977f7]
V  [libjvm.so+0x995f6b]
V  [libjvm.so+0x996616]
V  [libjvm.so+0x996ae1]
V  [libjvm.so+0x800642]

VM_Operation (0x00007fa4798195a0): ParallelGCFailedAllocation, mode: safepoint, requested by thread 0x00007fa47000a000


---------------  P R O C E S S  ---------------

Java Threads: ( => current thread )
  0x00007fa470176000 JavaThread "Service Thread" daemon [_thread_blocked, id=31501, stack(0x00007fa46c58d000,0x00007fa46c68e000)]
  0x00007fa470173800 JavaThread "C2 CompilerThread1" daemon [_thread_blocked, id=31500, stack(0x00007fa46c68e000,0x00007fa46c78f000)]
  0x00007fa470170800 JavaThread "C2 CompilerThread0" daemon [_thread_blocked, id=31499, stack(0x00007fa46c78f000,0x00007fa46c890000)]
  0x00007fa47016e000 JavaThread "Signal Dispatcher" daemon [_thread_blocked, id=31498, stack(0x00007fa46c890000,0x00007fa46c991000)]
  0x00007fa470143800 JavaThread "Finalizer" daemon [_thread_blocked, id=31497, stack(0x00007fa46cdfe000,0x00007fa46ceff000)]
  0x00007fa470141000 JavaThread "Reference Handler" daemon [_thread_blocked, id=31496, stack(0x00007fa46ceff000,0x00007fa46d000000)]
  0x00007fa47000a000 JavaThread "main" [_thread_blocked, id=31490, stack(0x00007fa47971a000,0x00007fa47981b000)]

Other Threads:
=>0x00007fa47013d000 VMThread [stack: 0x00007fa4740a2000,0x00007fa4741a3000] [id=31495]
  0x00007fa470188800 WatcherThread [stack: 0x00007fa46c48c000,0x00007fa46c58d000] [id=31502]

VM state:at safepoint (normal execution)

VM Mutex/Monitor currently owned by a thread:  ([mutex/lock_event])
[0x00007fa470006430] Threads_lock - owner thread: 0x00007fa47013d000
[0x00007fa470006930] Heap_lock - owner thread: 0x00007fa47000a000

Heap
 PSYoungGen      total 427520K, used 64K [0x00000007d6a80000, 0x00000007f6780000, 0x0000000800000000)
  eden space 416768K, 0% used [0x00000007d6a80000,0x00000007d6a80000,0x00000007f0180000)
  from space 10752K, 0% used [0x00000007f5d00000,0x00000007f5d10000,0x00000007f6780000)
  to   space 11776K, 0% used [0x00000007f5080000,0x00000007f5080000,0x00000007f5c00000)
 ParOldGen       total 84480K, used 37151K [0x0000000784000000, 0x0000000789280000, 0x00000007d6a80000)
  object space 84480K, 43% used [0x0000000784000000,0x0000000786447cb0,0x0000000789280000)
 PSPermGen       total 21504K, used 7658K [0x0000000779a00000, 0x000000077af00000, 0x0000000784000000)
  object space 21504K, 35% used [0x0000000779a00000,0x000000077a17a9c8,0x000000077af00000)

Card table byte_map: [0x00007fa475ec8000,0x00007fa4762fc000] byte_map_base: 0x00007fa4722fb000

Polling page: 0x00007fa47983b000

Code Cache  [0x00007fa46d000000, 0x00007fa46d270000, 0x00007fa470000000)
 total_blobs=598 nmethods=343 adapters=208 free_code_cache=47562Kb largest_free_block=48670848

Compilation events (10 events):
Event: 2.407 Thread 0x00007fa470170800  349             java.lang.ref.Reference::get (5 bytes)
Event: 2.407 Thread 0x00007fa470170800 nmethod 349 0x00007fa46d190810 code [0x00007fa46d190940, 0x00007fa46d1909b8]
Event: 2.545 Thread 0x00007fa470173800  351             com.github.stigmata.birthmarks.comparators.PlainBirthmarkComparator::compare (119 bytes)
Event: 2.552 Thread 0x00007fa470173800 nmethod 351 0x00007fa46d190d10 code [0x00007fa46d190f00, 0x00007fa46d1918d8]
Event: 3.264 Thread 0x00007fa470170800  352             java.lang.Integer::equals (29 bytes)
Event: 3.264 Thread 0x00007fa470170800 nmethod 352 0x00007fa46d190a10 code [0x00007fa46d190b60, 0x00007fa46d190c18]
Event: 6.106 Thread 0x00007fa470173800  354   !         java.lang.ref.ReferenceQueue::enqueue (104 bytes)
Event: 6.108 Thread 0x00007fa470173800 nmethod 354 0x00007fa46d192e50 code [0x00007fa46d192fc0, 0x00007fa46d193728]
Event: 121.633 Thread 0x00007fa470173800  355             java.lang.Enum::ordinal (5 bytes)
Event: 121.633 Thread 0x00007fa470173800 nmethod 355 0x00007fa46d0af850 code [0x00007fa46d0af980, 0x00007fa46d0af9d8]

GC Heap History (10 events):
Event: 147.719 GC heap after
Heap after GC invocations=23 (full 0):
 PSYoungGen      total 284160K, used 32K [0x00000007d6a80000, 0x00000007f8000000, 0x0000000800000000)
  eden space 269312K, 0% used [0x00000007d6a80000,0x00000007d6a80000,0x00000007e7180000)
  from space 14848K, 0% used [0x00000007f6300000,0x00000007f6308000,0x00000007f7180000)
  to   space 13824K, 0% used [0x00000007f7280000,0x00000007f7280000,0x00000007f8000000)
 ParOldGen       total 84480K, used 37095K [0x0000000784000000, 0x0000000789280000, 0x00000007d6a80000)
  object space 84480K, 43% used [0x0000000784000000,0x0000000786439cb0,0x0000000789280000)
 PSPermGen       total 21504K, used 7658K [0x0000000779a00000, 0x000000077af00000, 0x0000000784000000)
  object space 21504K, 35% used [0x0000000779a00000,0x000000077a17a9c8,0x000000077af00000)
}
Event: 156.336 GC heap before
{Heap before GC invocations=24 (full 0):
 PSYoungGen      total 284160K, used 269344K [0x00000007d6a80000, 0x00000007f8000000, 0x0000000800000000)
  eden space 269312K, 100% used [0x00000007d6a80000,0x00000007e7180000,0x00000007e7180000)
  from space 14848K, 0% used [0x00000007f6300000,0x00000007f6308000,0x00000007f7180000)
  to   space 13824K, 0% used [0x00000007f7280000,0x00000007f7280000,0x00000007f8000000)
 ParOldGen       total 84480K, used 37095K [0x0000000784000000, 0x0000000789280000, 0x00000007d6a80000)
  object space 84480K, 43% used [0x0000000784000000,0x0000000786439cb0,0x0000000789280000)
 PSPermGen       total 21504K, used 7658K [0x0000000779a00000, 0x000000077af00000, 0x0000000784000000)
  object space 21504K, 35% used [0x0000000779a00000,0x000000077a17a9c8,0x000000077af00000)
Event: 156.338 GC heap after
Heap after GC invocations=24 (full 0):
 PSYoungGen      total 258048K, used 32K [0x00000007d6a80000, 0x00000007f7300000, 0x0000000800000000)
  eden space 257536K, 0% used [0x00000007d6a80000,0x00000007d6a80000,0x00000007e6600000)
  from space 512K, 6% used [0x00000007f7280000,0x00000007f7288000,0x00000007f7300000)
  to   space 13312K, 0% used [0x00000007f5900000,0x00000007f5900000,0x00000007f6600000)
 ParOldGen       total 84480K, used 37103K [0x0000000784000000, 0x0000000789280000, 0x00000007d6a80000)
  object space 84480K, 43% used [0x0000000784000000,0x000000078643bcb0,0x0000000789280000)
 PSPermGen       total 21504K, used 7658K [0x0000000779a00000, 0x000000077af00000, 0x0000000784000000)
  object space 21504K, 35% used [0x0000000779a00000,0x000000077a17a9c8,0x000000077af00000)
}
Event: 167.384 GC heap before
{Heap before GC invocations=25 (full 0):
 PSYoungGen      total 258048K, used 257568K [0x00000007d6a80000, 0x00000007f7300000, 0x0000000800000000)
  eden space 257536K, 100% used [0x00000007d6a80000,0x00000007e6600000,0x00000007e6600000)
  from space 512K, 6% used [0x00000007f7280000,0x00000007f7288000,0x00000007f7300000)
  to   space 13312K, 0% used [0x00000007f5900000,0x00000007f5900000,0x00000007f6600000)
 ParOldGen       total 84480K, used 37103K [0x0000000784000000, 0x0000000789280000, 0x00000007d6a80000)
  object space 84480K, 43% used [0x0000000784000000,0x000000078643bcb0,0x0000000789280000)
 PSPermGen       total 21504K, used 7658K [0x0000000779a00000, 0x000000077af00000, 0x0000000784000000)
  object space 21504K, 35% used [0x0000000779a00000,0x000000077a17a9c8,0x000000077af00000)
Event: 167.385 GC heap after
Heap after GC invocations=25 (full 0):
 PSYoungGen      total 259584K, used 32K [0x00000007d6a80000, 0x00000007f7300000, 0x0000000800000000)
  eden space 246272K, 0% used [0x00000007d6a80000,0x00000007d6a80000,0x00000007e5b00000)
  from space 13312K, 0% used [0x00000007f5900000,0x00000007f5908000,0x00000007f6600000)
  to   space 12288K, 0% used [0x00000007f6700000,0x00000007f6700000,0x00000007f7300000)
 ParOldGen       total 84480K, used 37111K [0x0000000784000000, 0x0000000789280000, 0x00000007d6a80000)
  object space 84480K, 43% used [0x0000000784000000,0x000000078643dcb0,0x0000000789280000)
 PSPermGen       total 21504K, used 7658K [0x0000000779a00000, 0x000000077af00000, 0x0000000784000000)
  object space 21504K, 35% used [0x0000000779a00000,0x000000077a17a9c8,0x000000077af00000)
}
Event: 185.781 GC heap before
{Heap before GC invocations=26 (full 0):
 PSYoungGen      total 259584K, used 246304K [0x00000007d6a80000, 0x00000007f7300000, 0x0000000800000000)
  eden space 246272K, 100% used [0x00000007d6a80000,0x00000007e5b00000,0x00000007e5b00000)
  from space 13312K, 0% used [0x00000007f5900000,0x00000007f5908000,0x00000007f6600000)
  to   space 12288K, 0% used [0x00000007f6700000,0x00000007f6700000,0x00000007f7300000)
 ParOldGen       total 84480K, used 37111K [0x0000000784000000, 0x0000000789280000, 0x00000007d6a80000)
  object space 84480K, 43% used [0x0000000784000000,0x000000078643dcb0,0x0000000789280000)
 PSPermGen       total 21504K, used 7658K [0x0000000779a00000, 0x000000077af00000, 0x0000000784000000)
  object space 21504K, 35% used [0x0000000779a00000,0x000000077a17a9c8,0x000000077af00000)
Event: 191.178 GC heap after
Heap after GC invocations=26 (full 0):
 PSYoungGen      total 321024K, used 64K [0x00000007d6a80000, 0x00000007f6780000, 0x0000000800000000)
  eden space 320512K, 0% used [0x00000007d6a80000,0x00000007d6a80000,0x00000007ea380000)
  from space 512K, 12% used [0x00000007f6700000,0x00000007f6710000,0x00000007f6780000)
  to   space 11776K, 0% used [0x00000007f5080000,0x00000007f5080000,0x00000007f5c00000)
 ParOldGen       total 84480K, used 37119K [0x0000000784000000, 0x0000000789280000, 0x00000007d6a80000)
  object space 84480K, 43% used [0x0000000784000000,0x000000078643fcb0,0x0000000789280000)
 PSPermGen       total 21504K, used 7658K [0x0000000779a00000, 0x000000077af00000, 0x0000000784000000)
  object space 21504K, 35% used [0x0000000779a00000,0x000000077a17a9c8,0x000000077af00000)
}
Event: 232.826 GC heap before
{Heap before GC invocations=27 (full 0):
 PSYoungGen      total 321024K, used 320576K [0x00000007d6a80000, 0x00000007f6780000, 0x0000000800000000)
  eden space 320512K, 100% used [0x00000007d6a80000,0x00000007ea380000,0x00000007ea380000)
  from space 512K, 12% used [0x00000007f6700000,0x00000007f6710000,0x00000007f6780000)
  to   space 11776K, 0% used [0x00000007f5080000,0x00000007f5080000,0x00000007f5c00000)
 ParOldGen       total 84480K, used 37119K [0x0000000784000000, 0x0000000789280000, 0x00000007d6a80000)
  object space 84480K, 43% used [0x0000000784000000,0x000000078643fcb0,0x0000000789280000)
 PSPermGen       total 21504K, used 7658K [0x0000000779a00000, 0x000000077af00000, 0x0000000784000000)
  object space 21504K, 35% used [0x0000000779a00000,0x000000077a17a9c8,0x000000077af00000)
Event: 240.724 GC heap after
Heap after GC invocations=27 (full 0):
 PSYoungGen      total 428544K, used 64K [0x00000007d6a80000, 0x00000007f6780000, 0x0000000800000000)
  eden space 416768K, 0% used [0x00000007d6a80000,0x00000007d6a80000,0x00000007f0180000)
  from space 11776K, 0% used [0x00000007f5080000,0x00000007f5090000,0x00000007f5c00000)
  to   space 10752K, 0% used [0x00000007f5d00000,0x00000007f5d00000,0x00000007f6780000)
 ParOldGen       total 84480K, used 37135K [0x0000000784000000, 0x0000000789280000, 0x00000007d6a80000)
  object space 84480K, 43% used [0x0000000784000000,0x0000000786443cb0,0x0000000789280000)
 PSPermGen       total 21504K, used 7658K [0x0000000779a00000, 0x000000077af00000, 0x0000000784000000)
  object space 21504K, 35% used [0x0000000779a00000,0x000000077a17a9c8,0x000000077af00000)
}
Event: 284.840 GC heap before
{Heap before GC invocations=28 (full 0):
 PSYoungGen      total 428544K, used 416832K [0x00000007d6a80000, 0x00000007f6780000, 0x0000000800000000)
  eden space 416768K, 100% used [0x00000007d6a80000,0x00000007f0180000,0x00000007f0180000)
  from space 11776K, 0% used [0x00000007f5080000,0x00000007f5090000,0x00000007f5c00000)
  to   space 10752K, 0% used [0x00000007f5d00000,0x00000007f5d00000,0x00000007f6780000)
 ParOldGen       total 84480K, used 37135K [0x0000000784000000, 0x0000000789280000, 0x00000007d6a80000)
  object space 84480K, 43% used [0x0000000784000000,0x0000000786443cb0,0x0000000789280000)
 PSPermGen       total 21504K, used 7658K [0x0000000779a00000, 0x000000077af00000, 0x0000000784000000)
  object space 21504K, 35% used [0x0000000779a00000,0x000000077a17a9c8,0x000000077af00000)

Deoptimization events (10 events):
Event: 1.787 Thread 0x00007fa47000a000 Uncommon trap: reason=unstable_if action=reinterpret pc=0x00007fa46d075afc method=java.lang.CharacterDataLatin1.toUpperCase(I)I @ 12
Event: 1.787 Thread 0x00007fa47000a000 Uncommon trap: reason=unstable_if action=reinterpret pc=0x00007fa46d0ddf80 method=java.util.WeakHashMap.remove(Ljava/lang/Object;)Ljava/lang/Object; @ 55
Event: 1.788 Thread 0x00007fa47000a000 Uncommon trap: reason=unstable_if action=reinterpret pc=0x00007fa46d08220c method=java.util.HashMap$HashIterator.<init>(Ljava/util/HashMap;)V @ 56
Event: 1.868 Thread 0x00007fa47000a000 Uncommon trap: reason=unstable_if action=reinterpret pc=0x00007fa46d0b1118 method=java.util.HashMap.keySet()Ljava/util/Set; @ 6
Event: 1.868 Thread 0x00007fa47000a000 Uncommon trap: reason=unstable_if action=reinterpret pc=0x00007fa46d0ae4d8 method=com.github.stigmata.birthmarks.comparators.PlainBirthmarkComparator.compare(Lcom/github/stigmata/Birthmark;Lcom/github/stigmata/Birthmark;Lcom/github/stigmata/BirthmarkConte
Event: 1.923 Thread 0x00007fa47000a000 Uncommon trap: reason=unstable_if action=reinterpret pc=0x00007fa46d099a90 method=com.github.stigmata.printer.xml.ComparisonPairXmlPrinter.printComparisonPair(Ljava/io/PrintWriter;Lcom/github/stigmata/ComparisonPair;)V @ 135
Event: 2.062 Thread 0x00007fa47000a000 Uncommon trap: reason=unstable_if action=reinterpret pc=0x00007fa46d0947d4 method=com.github.stigmata.birthmarks.cvfv.TypeAndValueBirthmarkElement.equals(Ljava/lang/Object;)Z @ 30
Event: 2.062 Thread 0x00007fa47000a000 Uncommon trap: reason=unstable_if action=reinterpret pc=0x00007fa46d17dc60 method=com.github.stigmata.birthmarks.cvfv.TypeAndValueBirthmarkElement.equals(Ljava/lang/Object;)Z @ 30
Event: 2.537 Thread 0x00007fa47000a000 Uncommon trap: reason=unstable_if action=reinterpret pc=0x00007fa46d090744 method=com.github.stigmata.birthmarks.cvfv.TypeAndValueBirthmarkElement.equals(Ljava/lang/Object;)Z @ 46
Event: 2.537 Thread 0x00007fa47000a000 Uncommon trap: reason=unstable_if action=reinterpret pc=0x00007fa46d09842c method=com.github.stigmata.birthmarks.cvfv.TypeAndValueBirthmarkElement.equals(Ljava/lang/Object;)Z @ 46

Internal exceptions (10 events):
Event: 0.291 Thread 0x00007fa47000a000 Threw 0x00000007d8067bc8 at /build/openjdk-7-3x2aMC/openjdk-7-7u95-2.6.4/build/openjdk/hotspot/src/share/vm/prims/jvm.cpp:1322
Event: 0.297 Thread 0x00007fa47000a000 Threw 0x00000007d80de350 at /build/openjdk-7-3x2aMC/openjdk-7-7u95-2.6.4/build/openjdk/hotspot/src/share/vm/prims/jvm.cpp:1322
Event: 0.922 Thread 0x00007fa47000a000 Implicit null exception at 0x00007fa46d0ee1bb to 0x00007fa46d0eee51
Event: 1.183 Thread 0x00007fa47000a000 Implicit null exception at 0x00007fa46d12a498 to 0x00007fa46d12a4d6
Event: 1.787 Thread 0x00007fa47000a000 Threw 0x00000007dc275598 at /build/openjdk-7-3x2aMC/openjdk-7-7u95-2.6.4/build/openjdk/hotspot/src/share/vm/prims/jvm.cpp:1322
Event: 1.787 Thread 0x00007fa47000a000 Threw 0x00000007dc27b160 at /build/openjdk-7-3x2aMC/openjdk-7-7u95-2.6.4/build/openjdk/hotspot/src/share/vm/prims/jvm.cpp:1322
Event: 1.788 Thread 0x00007fa47000a000 Threw 0x00000007dc290480 at /build/openjdk-7-3x2aMC/openjdk-7-7u95-2.6.4/build/openjdk/hotspot/src/share/vm/prims/jvm.cpp:1322
Event: 1.788 Thread 0x00007fa47000a000 Threw 0x00000007dc294580 at /build/openjdk-7-3x2aMC/openjdk-7-7u95-2.6.4/build/openjdk/hotspot/src/share/vm/prims/jvm.cpp:1322
Event: 2.062 Thread 0x00007fa47000a000 Implicit null exception at 0x00007fa46d094222 to 0x00007fa46d0947a1
Event: 2.062 Thread 0x00007fa47000a000 Implicit null exception at 0x00007fa46d17daae to 0x00007fa46d17dc4d

Events (10 events):
Event: 147.719 Executing VM operation: ParallelGCFailedAllocation done
Event: 156.336 Executing VM operation: ParallelGCFailedAllocation
Event: 156.338 Executing VM operation: ParallelGCFailedAllocation done
Event: 167.384 Executing VM operation: ParallelGCFailedAllocation
Event: 167.385 Executing VM operation: ParallelGCFailedAllocation done
Event: 184.129 Executing VM operation: ParallelGCFailedAllocation
Event: 193.872 Executing VM operation: ParallelGCFailedAllocation done
Event: 229.306 Executing VM operation: ParallelGCFailedAllocation
Event: 244.854 Executing VM operation: ParallelGCFailedAllocation done
Event: 284.548 Executing VM operation: ParallelGCFailedAllocation


Dynamic libraries:
00400000-00401000 r-xp 00000000 08:07 13641842                           /usr/lib/jvm/java-7-openjdk-amd64/jre/bin/java
00600000-00601000 r--p 00000000 08:07 13641842                           /usr/lib/jvm/java-7-openjdk-amd64/jre/bin/java
00601000-00602000 rw-p 00001000 08:07 13641842                           /usr/lib/jvm/java-7-openjdk-amd64/jre/bin/java
0102e000-0104f000 rw-p 00000000 00:00 0                                  [heap]
779a00000-77af00000 rw-p 00000000 00:00 0 
77af00000-784000000 rw-p 00000000 00:00 0 
784000000-789280000 rw-p 00000000 00:00 0 
789280000-7d6a80000 rw-p 00000000 00:00 0 
7d6a80000-7f6780000 rw-p 00000000 00:00 0 
7f9000000-800000000 ---p 00000000 00:00 0 
7fa41c000000-7fa41fffc000 rw-p 00000000 00:00 0 
7fa41fffc000-7fa420000000 ---p 00000000 00:00 0 
7fa420000000-7fa4206ff000 rw-p 00000000 00:00 0 
7fa4206ff000-7fa424000000 ---p 00000000 00:00 0 
7fa424000000-7fa427ffc000 rw-p 00000000 00:00 0 
7fa427ffc000-7fa428000000 ---p 00000000 00:00 0 
7fa428000000-7fa42bffd000 rw-p 00000000 00:00 0 
7fa42bffd000-7fa42c000000 ---p 00000000 00:00 0 
7fa42c000000-7fa42c021000 rw-p 00000000 00:00 0 
7fa42c021000-7fa430000000 ---p 00000000 00:00 0 
7fa434000000-7fa434021000 rw-p 00000000 00:00 0 
7fa434021000-7fa438000000 ---p 00000000 00:00 0 
7fa438000000-7fa43bffc000 rw-p 00000000 00:00 0 
7fa43bffc000-7fa43c000000 ---p 00000000 00:00 0 
7fa43c000000-7fa43d70f000 rw-p 00000000 00:00 0 
7fa43d70f000-7fa440000000 ---p 00000000 00:00 0 
7fa440000000-7fa440fe0000 rw-p 00000000 00:00 0 
7fa440fe0000-7fa444000000 ---p 00000000 00:00 0 
7fa444000000-7fa444021000 rw-p 00000000 00:00 0 
7fa444021000-7fa448000000 ---p 00000000 00:00 0 
7fa448000000-7fa448021000 rw-p 00000000 00:00 0 
7fa448021000-7fa44c000000 ---p 00000000 00:00 0 
7fa44c000000-7fa44c021000 rw-p 00000000 00:00 0 
7fa44c021000-7fa450000000 ---p 00000000 00:00 0 
7fa4524f1000-7fa452593000 r--s 005b6000 08:07 5247308                    /home/hit_alan/zhoufandi/somefilebetweenlinuxandwindows/dex2jar-2.0/af0050affbccbb85c172214b76c99c76a522c7b59f4e9a281b25927883bb3d16/clientdex2jar.jar
7fa452593000-7fa452635000 r--s 005b6000 08:07 5247308                    /home/hit_alan/zhoufandi/somefilebetweenlinuxandwindows/dex2jar-2.0/af0050affbccbb85c172214b76c99c76a522c7b59f4e9a281b25927883bb3d16/clientdex2jar.jar
7fa452635000-7fa452936000 rw-p 00000000 00:00 0 
7fa452936000-7fa4529a2000 r-xp 00000000 08:07 16257056                   /lib/x86_64-linux-gnu/libpcre.so.3.13.1
7fa4529a2000-7fa452ba1000 ---p 0006c000 08:07 16257056                   /lib/x86_64-linux-gnu/libpcre.so.3.13.1
7fa452ba1000-7fa452ba2000 r--p 0006b000 08:07 16257056                   /lib/x86_64-linux-gnu/libpcre.so.3.13.1
7fa452ba2000-7fa452ba3000 rw-p 0006c000 08:07 16257056                   /lib/x86_64-linux-gnu/libpcre.so.3.13.1
7fa452ba3000-7fa452baa000 r-xp 00000000 08:07 13631618                   /usr/lib/x86_64-linux-gnu/libffi.so.6.0.4
7fa452baa000-7fa452da9000 ---p 00007000 08:07 13631618                   /usr/lib/x86_64-linux-gnu/libffi.so.6.0.4
7fa452da9000-7fa452daa000 r--p 00006000 08:07 13631618                   /usr/lib/x86_64-linux-gnu/libffi.so.6.0.4
7fa452daa000-7fa452dab000 rw-p 00007000 08:07 13631618                   /usr/lib/x86_64-linux-gnu/libffi.so.6.0.4
7fa452dab000-7fa452dc2000 r-xp 00000000 08:07 16253007                   /lib/x86_64-linux-gnu/libresolv-2.21.so
7fa452dc2000-7fa452fc2000 ---p 00017000 08:07 16253007                   /lib/x86_64-linux-gnu/libresolv-2.21.so
7fa452fc2000-7fa452fc4000 r--p 00017000 08:07 16253007                   /lib/x86_64-linux-gnu/libresolv-2.21.so
7fa452fc4000-7fa452fc5000 rw-p 00019000 08:07 16253007                   /lib/x86_64-linux-gnu/libresolv-2.21.so
7fa452fc5000-7fa452fc7000 rw-p 00000000 00:00 0 
7fa452fc7000-7fa452fe8000 r-xp 00000000 08:07 16257131                   /lib/x86_64-linux-gnu/libselinux.so.1
7fa452fe8000-7fa4531e7000 ---p 00021000 08:07 16257131                   /lib/x86_64-linux-gnu/libselinux.so.1
7fa4531e7000-7fa4531e8000 r--p 00020000 08:07 16257131                   /lib/x86_64-linux-gnu/libselinux.so.1
7fa4531e8000-7fa4531e9000 rw-p 00021000 08:07 16257131                   /lib/x86_64-linux-gnu/libselinux.so.1
7fa4531e9000-7fa4531eb000 rw-p 00000000 00:00 0 
7fa4531eb000-7fa4531ee000 r-xp 00000000 08:07 13631893                   /usr/lib/x86_64-linux-gnu/libgmodule-2.0.so.0.4400.1
7fa4531ee000-7fa4533ed000 ---p 00003000 08:07 13631893                   /usr/lib/x86_64-linux-gnu/libgmodule-2.0.so.0.4400.1
7fa4533ed000-7fa4533ee000 r--p 00002000 08:07 13631893                   /usr/lib/x86_64-linux-gnu/libgmodule-2.0.so.0.4400.1
7fa4533ee000-7fa4533ef000 rw-p 00003000 08:07 13631893                   /usr/lib/x86_64-linux-gnu/libgmodule-2.0.so.0.4400.1
7fa4533ef000-7fa4534fc000 r-xp 00000000 08:07 16257102                   /lib/x86_64-linux-gnu/libglib-2.0.so.0.4400.1
7fa4534fc000-7fa4536fb000 ---p 0010d000 08:07 16257102                   /lib/x86_64-linux-gnu/libglib-2.0.so.0.4400.1
7fa4536fb000-7fa4536fc000 r--p 0010c000 08:07 16257102                   /lib/x86_64-linux-gnu/libglib-2.0.so.0.4400.1
7fa4536fc000-7fa4536fd000 rw-p 0010d000 08:07 16257102                   /lib/x86_64-linux-gnu/libglib-2.0.so.0.4400.1
7fa4536fd000-7fa4536fe000 rw-p 00000000 00:00 0 
7fa4536fe000-7fa45374e000 r-xp 00000000 08:07 13631853                   /usr/lib/x86_64-linux-gnu/libgobject-2.0.so.0.4400.1
7fa45374e000-7fa45394e000 ---p 00050000 08:07 13631853                   /usr/lib/x86_64-linux-gnu/libgobject-2.0.so.0.4400.1
7fa45394e000-7fa45394f000 r--p 00050000 08:07 13631853                   /usr/lib/x86_64-linux-gnu/libgobject-2.0.so.0.4400.1
7fa45394f000-7fa453950000 rw-p 00051000 08:07 13631853                   /usr/lib/x86_64-linux-gnu/libgobject-2.0.so.0.4400.1
7fa453950000-7fa453ac8000 r-xp 00000000 08:07 13631875                   /usr/lib/x86_64-linux-gnu/libgio-2.0.so.0.4400.1
7fa453ac8000-7fa453cc8000 ---p 00178000 08:07 13631875                   /usr/lib/x86_64-linux-gnu/libgio-2.0.so.0.4400.1
7fa453cc8000-7fa453ccc000 r--p 00178000 08:07 13631875                   /usr/lib/x86_64-linux-gnu/libgio-2.0.so.0.4400.1
7fa453ccc000-7fa453cce000 rw-p 0017c000 08:07 13631875                   /usr/lib/x86_64-linux-gnu/libgio-2.0.so.0.4400.1
7fa453cce000-7fa458000000 rw-p 00000000 00:00 0 
7fa458000000-7fa458021000 rw-p 00000000 00:00 0 
7fa458021000-7fa45c000000 ---p 00000000 00:00 0 
7fa45c000000-7fa45c021000 rw-p 00000000 00:00 0 
7fa45c021000-7fa460000000 ---p 00000000 00:00 0 
7fa460000000-7fa460021000 rw-p 00000000 00:00 0 
7fa460021000-7fa464000000 ---p 00000000 00:00 0 
7fa464000000-7fa464021000 rw-p 00000000 00:00 0 
7fa464021000-7fa468000000 ---p 00000000 00:00 0 
7fa468000000-7fa468021000 rw-p 00000000 00:00 0 
7fa468021000-7fa46c000000 ---p 00000000 00:00 0 
7fa46c04d000-7fa46c061000 r--p 00000000 08:07 14421516                   /usr/share/locale-langpack/zh_CN/LC_MESSAGES/libc.mo
7fa46c061000-7fa46c079000 r-xp 00000000 08:07 13642175                   /usr/lib/jvm/java-7-openjdk-amd64/jre/lib/amd64/libnet.so
7fa46c079000-7fa46c278000 ---p 00018000 08:07 13642175                   /usr/lib/jvm/java-7-openjdk-amd64/jre/lib/amd64/libnet.so
7fa46c278000-7fa46c279000 r--p 00017000 08:07 13642175                   /usr/lib/jvm/java-7-openjdk-amd64/jre/lib/amd64/libnet.so
7fa46c279000-7fa46c27a000 rw-p 00018000 08:07 13642175                   /usr/lib/jvm/java-7-openjdk-amd64/jre/lib/amd64/libnet.so
7fa46c27a000-7fa46c28b000 r-xp 00000000 08:07 13642136                   /usr/lib/jvm/java-7-openjdk-amd64/jre/lib/amd64/libnio.so
7fa46c28b000-7fa46c48a000 ---p 00011000 08:07 13642136                   /usr/lib/jvm/java-7-openjdk-amd64/jre/lib/amd64/libnio.so
7fa46c48a000-7fa46c48b000 r--p 00010000 08:07 13642136                   /usr/lib/jvm/java-7-openjdk-amd64/jre/lib/amd64/libnio.so
7fa46c48b000-7fa46c48c000 rw-p 00011000 08:07 13642136                   /usr/lib/jvm/java-7-openjdk-amd64/jre/lib/amd64/libnio.so
7fa46c48c000-7fa46c48d000 ---p 00000000 00:00 0 
7fa46c48d000-7fa46c58d000 rw-p 00000000 00:00 0 
7fa46c58d000-7fa46c590000 ---p 00000000 00:00 0 
7fa46c590000-7fa46c68e000 rw-p 00000000 00:00 0 
7fa46c68e000-7fa46c691000 ---p 00000000 00:00 0 
7fa46c691000-7fa46c78f000 rw-p 00000000 00:00 0 
7fa46c78f000-7fa46c792000 ---p 00000000 00:00 0 
7fa46c792000-7fa46c890000 rw-p 00000000 00:00 0 
7fa46c890000-7fa46c893000 ---p 00000000 00:00 0 
7fa46c893000-7fa46c991000 rw-p 00000000 00:00 0 
7fa46c991000-7fa46cdfe000 r--p 00000000 08:07 13634881                   /usr/lib/locale/locale-archive
7fa46cdfe000-7fa46ce01000 ---p 00000000 00:00 0 
7fa46ce01000-7fa46ceff000 rw-p 00000000 00:00 0 
7fa46ceff000-7fa46cf02000 ---p 00000000 00:00 0 
7fa46cf02000-7fa46d000000 rw-p 00000000 00:00 0 
7fa46d000000-7fa46d270000 rwxp 00000000 00:00 0 
7fa46d270000-7fa474000000 rw-p 00000000 00:00 0 
7fa474006000-7fa47400d000 r--s 00000000 08:07 13902402                   /usr/lib/x86_64-linux-gnu/gconv/gconv-modules.cache
7fa47400d000-7fa474050000 r--s 002b8000 08:07 5247307                    /home/hit_alan/zhoufandi/somefilebetweenlinuxandwindows/dex2jar-2.0/af0050affbccbb85c172214b76c99c76a522c7b59f4e9a281b25927883bb3d16/channeldex2jar.jar
7fa474050000-7fa474093000 r--s 002b8000 08:07 5247307                    /home/hit_alan/zhoufandi/somefilebetweenlinuxandwindows/dex2jar-2.0/af0050affbccbb85c172214b76c99c76a522c7b59f4e9a281b25927883bb3d16/channeldex2jar.jar
7fa474093000-7fa47409d000 r--s 000ae000 08:07 13642193                   /usr/lib/jvm/java-7-openjdk-amd64/jre/lib/resources.jar
7fa47409d000-7fa4740a2000 r--s 00036000 08:07 7081023                    /home/hit_alan/zhoufandi/somefilebetweenlinuxandwindows/target/asm-all-5.0.3.jar
7fa4740a2000-7fa4740a3000 ---p 00000000 00:00 0 
7fa4740a3000-7fa4750fb000 rw-p 00000000 00:00 0 
7fa4750fb000-7fa4752ad000 r--s 01d2f000 08:07 13642124                   /usr/lib/jvm/java-7-openjdk-amd64/jre/lib/rt.jar
7fa4752ad000-7fa4757db000 rw-p 00000000 00:00 0 
7fa4757db000-7fa4757dc000 ---p 00000000 00:00 0 
7fa4757dc000-7fa4758dc000 rw-p 00000000 00:00 0 
7fa4758dc000-7fa4758dd000 ---p 00000000 00:00 0 
7fa4758dd000-7fa4759dd000 rw-p 00000000 00:00 0 
7fa4759dd000-7fa4759de000 ---p 00000000 00:00 0 
7fa4759de000-7fa475ade000 rw-p 00000000 00:00 0 
7fa475ade000-7fa475adf000 ---p 00000000 00:00 0 
7fa475adf000-7fa475bea000 rw-p 00000000 00:00 0 
7fa475bea000-7fa475c32000 rw-p 00000000 00:00 0 
7fa475c32000-7fa475c5c000 rw-p 00000000 00:00 0 
7fa475c5c000-7fa475ec8000 rw-p 00000000 00:00 0 
7fa475ec8000-7fa475ed3000 rw-p 00000000 00:00 0 
7fa475ed3000-7fa475f1b000 rw-p 00000000 00:00 0 
7fa475f1b000-7fa475f45000 rw-p 00000000 00:00 0 
7fa475f45000-7fa4761b0000 rw-p 00000000 00:00 0 
7fa4761b0000-7fa4762af000 rw-p 00000000 00:00 0 
7fa4762af000-7fa4762fb000 ---p 00000000 00:00 0 
7fa4762fb000-7fa4762fc000 rw-p 00000000 00:00 0 
7fa4762fc000-7fa476304000 r-xp 00000000 08:07 13642144                   /usr/lib/jvm/java-7-openjdk-amd64/jre/lib/amd64/libzip.so
7fa476304000-7fa476503000 ---p 00008000 08:07 13642144                   /usr/lib/jvm/java-7-openjdk-amd64/jre/lib/amd64/libzip.so
7fa476503000-7fa476504000 r--p 00007000 08:07 13642144                   /usr/lib/jvm/java-7-openjdk-amd64/jre/lib/amd64/libzip.so
7fa476504000-7fa476505000 rw-p 00008000 08:07 13642144                   /usr/lib/jvm/java-7-openjdk-amd64/jre/lib/amd64/libzip.so
7fa476505000-7fa476511000 r-xp 00000000 08:07 16253008                   /lib/x86_64-linux-gnu/libnss_files-2.21.so
7fa476511000-7fa476710000 ---p 0000c000 08:07 16253008                   /lib/x86_64-linux-gnu/libnss_files-2.21.so
7fa476710000-7fa476711000 r--p 0000b000 08:07 16253008                   /lib/x86_64-linux-gnu/libnss_files-2.21.so
7fa476711000-7fa476712000 rw-p 0000c000 08:07 16253008                   /lib/x86_64-linux-gnu/libnss_files-2.21.so
7fa476712000-7fa47671d000 r-xp 00000000 08:07 16252996                   /lib/x86_64-linux-gnu/libnss_nis-2.21.so
7fa47671d000-7fa47691c000 ---p 0000b000 08:07 16252996                   /lib/x86_64-linux-gnu/libnss_nis-2.21.so
7fa47691c000-7fa47691d000 r--p 0000a000 08:07 16252996                   /lib/x86_64-linux-gnu/libnss_nis-2.21.so
7fa47691d000-7fa47691e000 rw-p 0000b000 08:07 16252996                   /lib/x86_64-linux-gnu/libnss_nis-2.21.so
7fa47691e000-7fa476935000 r-xp 00000000 08:07 16257004                   /lib/x86_64-linux-gnu/libnsl-2.21.so
7fa476935000-7fa476b34000 ---p 00017000 08:07 16257004                   /lib/x86_64-linux-gnu/libnsl-2.21.so
7fa476b34000-7fa476b35000 r--p 00016000 08:07 16257004                   /lib/x86_64-linux-gnu/libnsl-2.21.so
7fa476b35000-7fa476b36000 rw-p 00017000 08:07 16257004                   /lib/x86_64-linux-gnu/libnsl-2.21.so
7fa476b36000-7fa476b38000 rw-p 00000000 00:00 0 
7fa476b38000-7fa476b40000 r-xp 00000000 08:07 16253010                   /lib/x86_64-linux-gnu/libnss_compat-2.21.so
7fa476b40000-7fa476d3f000 ---p 00008000 08:07 16253010                   /lib/x86_64-linux-gnu/libnss_compat-2.21.so
7fa476d3f000-7fa476d40000 r--p 00007000 08:07 16253010                   /lib/x86_64-linux-gnu/libnss_compat-2.21.so
7fa476d40000-7fa476d41000 rw-p 00008000 08:07 16253010                   /lib/x86_64-linux-gnu/libnss_compat-2.21.so
7fa476d41000-7fa476d6e000 r-xp 00000000 08:07 13642157                   /usr/lib/jvm/java-7-openjdk-amd64/jre/lib/amd64/libjava.so
7fa476d6e000-7fa476f6d000 ---p 0002d000 08:07 13642157                   /usr/lib/jvm/java-7-openjdk-amd64/jre/lib/amd64/libjava.so
7fa476f6d000-7fa476f6e000 r--p 0002c000 08:07 13642157                   /usr/lib/jvm/java-7-openjdk-amd64/jre/lib/amd64/libjava.so
7fa476f6e000-7fa476f70000 rw-p 0002d000 08:07 13642157                   /usr/lib/jvm/java-7-openjdk-amd64/jre/lib/amd64/libjava.so
7fa476f70000-7fa476f7f000 r-xp 00000000 08:07 13642171                   /usr/lib/jvm/java-7-openjdk-amd64/jre/lib/amd64/libverify.so
7fa476f7f000-7fa47717e000 ---p 0000f000 08:07 13642171                   /usr/lib/jvm/java-7-openjdk-amd64/jre/lib/amd64/libverify.so
7fa47717e000-7fa477181000 r--p 0000e000 08:07 13642171                   /usr/lib/jvm/java-7-openjdk-amd64/jre/lib/amd64/libverify.so
7fa477181000-7fa477182000 rw-p 00011000 08:07 13642171                   /usr/lib/jvm/java-7-openjdk-amd64/jre/lib/amd64/libverify.so
7fa477182000-7fa477189000 r-xp 00000000 08:07 16257005                   /lib/x86_64-linux-gnu/librt-2.21.so
7fa477189000-7fa477388000 ---p 00007000 08:07 16257005                   /lib/x86_64-linux-gnu/librt-2.21.so
7fa477388000-7fa477389000 r--p 00006000 08:07 16257005                   /lib/x86_64-linux-gnu/librt-2.21.so
7fa477389000-7fa47738a000 rw-p 00007000 08:07 16257005                   /lib/x86_64-linux-gnu/librt-2.21.so
7fa47738a000-7fa4773a0000 r-xp 00000000 08:07 16257047                   /lib/x86_64-linux-gnu/libgcc_s.so.1
7fa4773a0000-7fa47759f000 ---p 00016000 08:07 16257047                   /lib/x86_64-linux-gnu/libgcc_s.so.1
7fa47759f000-7fa4775a0000 rw-p 00015000 08:07 16257047                   /lib/x86_64-linux-gnu/libgcc_s.so.1
7fa4775a0000-7fa4776a7000 r-xp 00000000 08:07 16257003                   /lib/x86_64-linux-gnu/libm-2.21.so
7fa4776a7000-7fa4778a6000 ---p 00107000 08:07 16257003                   /lib/x86_64-linux-gnu/libm-2.21.so
7fa4778a6000-7fa4778a7000 r--p 00106000 08:07 16257003                   /lib/x86_64-linux-gnu/libm-2.21.so
7fa4778a7000-7fa4778a8000 rw-p 00107000 08:07 16257003                   /lib/x86_64-linux-gnu/libm-2.21.so
7fa4778a8000-7fa477998000 r-xp 00000000 08:07 13631543                   /usr/lib/x86_64-linux-gnu/libstdc++.so.6.0.20
7fa477998000-7fa477b98000 ---p 000f0000 08:07 13631543                   /usr/lib/x86_64-linux-gnu/libstdc++.so.6.0.20
7fa477b98000-7fa477ba0000 r--p 000f0000 08:07 13631543                   /usr/lib/x86_64-linux-gnu/libstdc++.so.6.0.20
7fa477ba0000-7fa477ba2000 rw-p 000f8000 08:07 13631543                   /usr/lib/x86_64-linux-gnu/libstdc++.so.6.0.20
7fa477ba2000-7fa477bb7000 rw-p 00000000 00:00 0 
7fa477bb7000-7fa478717000 r-xp 00000000 08:07 13642163                   /usr/lib/jvm/java-7-openjdk-amd64/jre/lib/amd64/server/libjvm.so
7fa478717000-7fa478917000 ---p 00b60000 08:07 13642163                   /usr/lib/jvm/java-7-openjdk-amd64/jre/lib/amd64/server/libjvm.so
7fa478917000-7fa4789b6000 r--p 00b60000 08:07 13642163                   /usr/lib/jvm/java-7-openjdk-amd64/jre/lib/amd64/server/libjvm.so
7fa4789b6000-7fa4789d9000 rw-p 00bff000 08:07 13642163                   /usr/lib/jvm/java-7-openjdk-amd64/jre/lib/amd64/server/libjvm.so
7fa4789d9000-7fa478a06000 rw-p 00000000 00:00 0 
7fa478a06000-7fa478a1f000 r-xp 00000000 08:07 16257026                   /lib/x86_64-linux-gnu/libz.so.1.2.8
7fa478a1f000-7fa478c1f000 ---p 00019000 08:07 16257026                   /lib/x86_64-linux-gnu/libz.so.1.2.8
7fa478c1f000-7fa478c20000 r--p 00019000 08:07 16257026                   /lib/x86_64-linux-gnu/libz.so.1.2.8
7fa478c20000-7fa478c21000 rw-p 0001a000 08:07 16257026                   /lib/x86_64-linux-gnu/libz.so.1.2.8
7fa478c21000-7fa478c39000 r-xp 00000000 08:07 16253005                   /lib/x86_64-linux-gnu/libpthread-2.21.so
7fa478c39000-7fa478e39000 ---p 00018000 08:07 16253005                   /lib/x86_64-linux-gnu/libpthread-2.21.so
7fa478e39000-7fa478e3a000 r--p 00018000 08:07 16253005                   /lib/x86_64-linux-gnu/libpthread-2.21.so
7fa478e3a000-7fa478e3b000 rw-p 00019000 08:07 16253005                   /lib/x86_64-linux-gnu/libpthread-2.21.so
7fa478e3b000-7fa478e3f000 rw-p 00000000 00:00 0 
7fa478e3f000-7fa478e42000 r-xp 00000000 08:07 16253001                   /lib/x86_64-linux-gnu/libdl-2.21.so
7fa478e42000-7fa479041000 ---p 00003000 08:07 16253001                   /lib/x86_64-linux-gnu/libdl-2.21.so
7fa479041000-7fa479042000 r--p 00002000 08:07 16253001                   /lib/x86_64-linux-gnu/libdl-2.21.so
7fa479042000-7fa479043000 rw-p 00003000 08:07 16253001                   /lib/x86_64-linux-gnu/libdl-2.21.so
7fa479043000-7fa479203000 r-xp 00000000 08:07 16257010                   /lib/x86_64-linux-gnu/libc-2.21.so
7fa479203000-7fa479403000 ---p 001c0000 08:07 16257010                   /lib/x86_64-linux-gnu/libc-2.21.so
7fa479403000-7fa479407000 r--p 001c0000 08:07 16257010                   /lib/x86_64-linux-gnu/libc-2.21.so
7fa479407000-7fa479409000 rw-p 001c4000 08:07 16257010                   /lib/x86_64-linux-gnu/libc-2.21.so
7fa479409000-7fa47940d000 rw-p 00000000 00:00 0 
7fa47940d000-7fa47941a000 r-xp 00000000 08:07 13642172                   /usr/lib/jvm/java-7-openjdk-amd64/jre/lib/amd64/jli/libjli.so
7fa47941a000-7fa479619000 ---p 0000d000 08:07 13642172                   /usr/lib/jvm/java-7-openjdk-amd64/jre/lib/amd64/jli/libjli.so
7fa479619000-7fa47961a000 r--p 0000c000 08:07 13642172                   /usr/lib/jvm/java-7-openjdk-amd64/jre/lib/amd64/jli/libjli.so
7fa47961a000-7fa47961b000 rw-p 0000d000 08:07 13642172                   /usr/lib/jvm/java-7-openjdk-amd64/jre/lib/amd64/jli/libjli.so
7fa47961b000-7fa47963f000 r-xp 00000000 08:07 16253004                   /lib/x86_64-linux-gnu/ld-2.21.so
7fa47963f000-7fa479640000 rw-p 00000000 00:00 0 
7fa479640000-7fa479641000 r--s 00005000 08:07 7081028                    /home/hit_alan/zhoufandi/somefilebetweenlinuxandwindows/target/csvio-1.0.2.jar
7fa479641000-7fa479642000 r--s 00008000 08:07 7081026                    /home/hit_alan/zhoufandi/somefilebetweenlinuxandwindows/target/commons-cli-1.1.jar
7fa479642000-7fa479644000 r--s 0001d000 08:07 7081025                    /home/hit_alan/zhoufandi/somefilebetweenlinuxandwindows/target/xmlcli-1.2.3.jar
7fa479644000-7fa479646000 r--s 0000d000 08:07 7081029                    /home/hit_alan/zhoufandi/somefilebetweenlinuxandwindows/target/commons-logging-1.1.1.jar
7fa479646000-7fa47964b000 r--s 00034000 08:07 7081024                    /home/hit_alan/zhoufandi/somefilebetweenlinuxandwindows/target/commons-beanutils-1.8.3.jar
7fa47964b000-7fa479656000 r--s 000b4000 08:07 7081123                    /home/hit_alan/zhoufandi/somefilebetweenlinuxandwindows/target/stigmata-5.0-SNAPSHOT.jar
7fa479656000-7fa47965a000 r--s 00034000 08:07 13642025                   /usr/lib/jvm/java-7-openjdk-amd64/jre/lib/ext/sunjce_provider.jar
7fa47965a000-7fa479664000 rw-p 00000000 00:00 0 
7fa479664000-7fa47971a000 rw-p 00000000 00:00 0 
7fa47971a000-7fa47971d000 ---p 00000000 00:00 0 
7fa47971d000-7fa479820000 rw-p 00000000 00:00 0 
7fa479820000-7fa479822000 r--s 0000b000 08:07 7081027                    /home/hit_alan/zhoufandi/somefilebetweenlinuxandwindows/target/commons-dbutils-1.4.jar
7fa479822000-7fa479823000 r--s 00002000 08:07 13642027                   /usr/lib/jvm/java-7-openjdk-amd64/jre/lib/ext/dnsns.jar
7fa479823000-7fa479825000 r--s 00012000 08:07 13642022                   /usr/lib/jvm/java-7-openjdk-amd64/jre/lib/ext/zipfs.jar
7fa479825000-7fa479829000 r--s 0003c000 08:07 13642026                   /usr/lib/jvm/java-7-openjdk-amd64/jre/lib/ext/sunpkcs11.jar
7fa479829000-7fa47982c000 r--s 0000f000 08:07 13642024                   /usr/lib/jvm/java-7-openjdk-amd64/jre/lib/ext/icedtea-sound.jar
7fa47982c000-7fa479830000 r--s 00085000 08:07 13642023                   /usr/lib/jvm/java-7-openjdk-amd64/jre/lib/ext/localedata.jar
7fa479830000-7fa479832000 r--s 00006000 08:07 14028198                   /usr/share/java/java-atk-wrapper.jar
7fa479832000-7fa47983a000 rw-s 00000000 08:07 4980849                    /tmp/hsperfdata_hit_alan/31489
7fa47983a000-7fa47983b000 rw-p 00000000 00:00 0 
7fa47983b000-7fa47983c000 ---p 00000000 00:00 0 
7fa47983c000-7fa47983e000 rw-p 00000000 00:00 0 
7fa47983e000-7fa47983f000 r--p 00023000 08:07 16253004                   /lib/x86_64-linux-gnu/ld-2.21.so
7fa47983f000-7fa479840000 rw-p 00024000 08:07 16253004                   /lib/x86_64-linux-gnu/ld-2.21.so
7fa479840000-7fa479841000 rw-p 00000000 00:00 0 
7ffd91092000-7ffd910b4000 rw-p 00000000 00:00 0                          [stack]
7ffd9116c000-7ffd9116e000 r--p 00000000 00:00 0                          [vvar]
7ffd9116e000-7ffd91170000 r-xp 00000000 00:00 0                          [vdso]
ffffffffff600000-ffffffffff601000 r-xp 00000000 00:00 0                  [vsyscall]

VM Arguments:
java_command: stigmata-5.0-SNAPSHOT.jar -f xml -b cvfv compare ../dex2jar-2.0/af0050affbccbb85c172214b76c99c76a522c7b59f4e9a281b25927883bb3d16/channeldex2jar.jar ../dex2jar-2.0/af0050affbccbb85c172214b76c99c76a522c7b59f4e9a281b25927883bb3d16/clientdex2jar.jar
Launcher Type: SUN_STANDARD

Environment Variables:
JAVA_HOME=/usr/lib/jvm/java-7-openjdk-amd64
PATH=/home/hit_alan/bin:/home/hit_alan/.gvm/vertx/current/bin:/home/hit_alan/.gvm/springboot/current/bin:/home/hit_alan/.gvm/lazybones/current/bin:/home/hit_alan/.gvm/jbake/current/bin:/home/hit_alan/.gvm/groovyserv/current/bin:/home/hit_alan/.gvm/groovy/current/bin:/home/hit_alan/.gvm/griffon/current/bin:/home/hit_alan/.gvm/grails/current/bin:/home/hit_alan/.gvm/gradle/current/bin:/home/hit_alan/.gvm/glide/current/bin:/home/hit_alan/.gvm/gaiden/current/bin:/home/hit_alan/.gvm/crash/current/bin:/home/hit_alan/.gvm/asciidoctorj/current/bin:/home/hit_alan/bin:/usr/local/sbin:/usr/local/bin:/usr/sbin:/usr/bin:/sbin:/bin:/usr/games:/usr/local/games:/usr/gradle-2.4/bin:/usr/grails-3.0.2/bin:/home/hit_alan/softwares/adt-bundle-linux-x86_64-20140624/sdk/platform-tools:/home/hit_alan/softwares/adt-bundle-linux-x86_64-20140624/sdk/tools:/usr/gradle-2.4/bin:/usr/grails-3.0.2/bin:/home/hit_alan/softwares/adt-bundle-linux-x86_64-20140624/sdk/platform-tools:/home/hit_alan/softwares/adt-bundle-linux-x86_64-20140624/sdk/tools
SHELL=/bin/bash
DISPLAY=:0

Signal Handlers:
SIGSEGV: [libjvm.so+0x992590], sa_mask[0]=0x7ffbfeff, sa_flags=0x10000004
SIGBUS: [libjvm.so+0x992590], sa_mask[0]=0x7ffbfeff, sa_flags=0x10000004
SIGFPE: [libjvm.so+0x7fec60], sa_mask[0]=0x7ffbfeff, sa_flags=0x10000004
SIGPIPE: [libjvm.so+0x7fec60], sa_mask[0]=0x7ffbfeff, sa_flags=0x10000004
SIGXFSZ: [libjvm.so+0x7fec60], sa_mask[0]=0x7ffbfeff, sa_flags=0x10000004
SIGILL: [libjvm.so+0x7fec60], sa_mask[0]=0x7ffbfeff, sa_flags=0x10000004
SIGUSR1: SIG_DFL, sa_mask[0]=0x00000000, sa_flags=0x00000000
SIGUSR2: [libjvm.so+0x7feae0], sa_mask[0]=0x00000004, sa_flags=0x10000004
SIGHUP: [libjvm.so+0x7fece0], sa_mask[0]=0x7ffbfeff, sa_flags=0x10000004
SIGINT: [libjvm.so+0x7fece0], sa_mask[0]=0x7ffbfeff, sa_flags=0x10000004
SIGTERM: [libjvm.so+0x7fece0], sa_mask[0]=0x7ffbfeff, sa_flags=0x10000004
SIGQUIT: [libjvm.so+0x7fece0], sa_mask[0]=0x7ffbfeff, sa_flags=0x10000004
SIGTRAP: SIG_DFL, sa_mask[0]=0x00000000, sa_flags=0x00000000


---------------  S Y S T E M  ---------------

OS:Ubuntu 15.04 (vivid)
uname:Linux 3.19.0-66-generic #74-Ubuntu SMP Tue Jul 19 15:07:04 UTC 2016 x86_64
libc:glibc 2.21 NPTL 2.21 
rlimit: STACK 8192k, CORE 0k, NPROC 31638, NOFILE 65536, AS infinity
load average:49.32 23.34 11.22

/proc/meminfo:
MemTotal:        8121832 kB
MemFree:          893284 kB
MemAvailable:     840440 kB
Buffers:            1000 kB
Cached:            73512 kB
SwapCached:            0 kB
Active:          6963264 kB
Inactive:          65656 kB
Active(anon):    6958960 kB
Inactive(anon):    44420 kB
Active(file):       4304 kB
Inactive(file):    21236 kB
Unevictable:         192 kB
Mlocked:             192 kB
SwapTotal:             0 kB
SwapFree:              0 kB
Dirty:               128 kB
Writeback:             0 kB
AnonPages:       6954720 kB
Mapped:            48240 kB
Shmem:             48852 kB
Slab:              80012 kB
SReclaimable:      37704 kB
SUnreclaim:        42308 kB
KernelStack:       11584 kB
PageTables:        52012 kB
NFS_Unstable:          0 kB
Bounce:                0 kB
WritebackTmp:          0 kB
CommitLimit:     4060916 kB
Committed_AS:   10284924 kB
VmallocTotal:   34359738367 kB
VmallocUsed:      110616 kB
VmallocChunk:   34359583736 kB
HardwareCorrupted:     0 kB
AnonHugePages:   4929536 kB
CmaTotal:              0 kB
CmaFree:               0 kB
HugePages_Total:       0
HugePages_Free:        0
HugePages_Rsvd:        0
HugePages_Surp:        0
Hugepagesize:       2048 kB
DirectMap4k:      294164 kB
DirectMap2M:     6991872 kB
DirectMap1G:     2097152 kB


CPU:total 4 (4 cores per cpu, 1 threads per core) family 6 model 60 stepping 3, cmov, cx8, fxsr, mmx, sse, sse2, sse3, ssse3, sse4.1, sse4.2, popcnt, avx, avx2, aes, erms, tsc, tscinvbit

/proc/cpuinfo:
processor	: 0
vendor_id	: GenuineIntel
cpu family	: 6
model		: 60
model name	: Intel(R) Core(TM) i5-4590 CPU @ 3.30GHz
stepping	: 3
microcode	: 0x1d
cpu MHz		: 3524.039
cache size	: 6144 KB
physical id	: 0
siblings	: 4
core id		: 0
cpu cores	: 4
apicid		: 0
initial apicid	: 0
fpu		: yes
fpu_exception	: yes
cpuid level	: 13
wp		: yes
flags		: fpu vme de pse tsc msr pae mce cx8 apic sep mtrr pge mca cmov pat pse36 clflush dts acpi mmx fxsr sse sse2 ss ht tm pbe syscall nx pdpe1gb rdtscp lm constant_tsc arch_perfmon pebs bts rep_good nopl xtopology nonstop_tsc aperfmperf eagerfpu pni pclmulqdq dtes64 monitor ds_cpl vmx smx est tm2 ssse3 fma cx16 xtpr pdcm pcid sse4_1 sse4_2 x2apic movbe popcnt tsc_deadline_timer aes xsave avx f16c rdrand lahf_lm abm ida arat epb pln pts dtherm tpr_shadow vnmi flexpriority ept vpid fsgsbase tsc_adjust bmi1 avx2 smep bmi2 erms invpcid xsaveopt
bugs		:
bogomips	: 6585.01
clflush size	: 64
cache_alignment	: 64
address sizes	: 39 bits physical, 48 bits virtual
power management:

processor	: 1
vendor_id	: GenuineIntel
cpu family	: 6
model		: 60
model name	: Intel(R) Core(TM) i5-4590 CPU @ 3.30GHz
stepping	: 3
microcode	: 0x1d
cpu MHz		: 3502.898
cache size	: 6144 KB
physical id	: 0
siblings	: 4
core id		: 1
cpu cores	: 4
apicid		: 2
initial apicid	: 2
fpu		: yes
fpu_exception	: yes
cpuid level	: 13
wp		: yes
flags		: fpu vme de pse tsc msr pae mce cx8 apic sep mtrr pge mca cmov pat pse36 clflush dts acpi mmx fxsr sse sse2 ss ht tm pbe syscall nx pdpe1gb rdtscp lm constant_tsc arch_perfmon pebs bts rep_good nopl xtopology nonstop_tsc aperfmperf eagerfpu pni pclmulqdq dtes64 monitor ds_cpl vmx smx est tm2 ssse3 fma cx16 xtpr pdcm pcid sse4_1 sse4_2 x2apic movbe popcnt tsc_deadline_timer aes xsave avx f16c rdrand lahf_lm abm ida arat epb pln pts dtherm tpr_shadow vnmi flexpriority ept vpid fsgsbase tsc_adjust bmi1 avx2 smep bmi2 erms invpcid xsaveopt
bugs		:
bogomips	: 6585.01
clflush size	: 64
cache_alignment	: 64
address sizes	: 39 bits physical, 48 bits virtual
power management:

processor	: 2
vendor_id	: GenuineIntel
cpu family	: 6
model		: 60
model name	: Intel(R) Core(TM) i5-4590 CPU @ 3.30GHz
stepping	: 3
microcode	: 0x1d
cpu MHz		: 3682.851
cache size	: 6144 KB
physical id	: 0
siblings	: 4
core id		: 2
cpu cores	: 4
apicid		: 4
initial apicid	: 4
fpu		: yes
fpu_exception	: yes
cpuid level	: 13
wp		: yes
flags		: fpu vme de pse tsc msr pae mce cx8 apic sep mtrr pge mca cmov pat pse36 clflush dts acpi mmx fxsr sse sse2 ss ht tm pbe syscall nx pdpe1gb rdtscp lm constant_tsc arch_perfmon pebs bts rep_good nopl xtopology nonstop_tsc aperfmperf eagerfpu pni pclmulqdq dtes64 monitor ds_cpl vmx smx est tm2 ssse3 fma cx16 xtpr pdcm pcid sse4_1 sse4_2 x2apic movbe popcnt tsc_deadline_timer aes xsave avx f16c rdrand lahf_lm abm ida arat epb pln pts dtherm tpr_shadow vnmi flexpriority ept vpid fsgsbase tsc_adjust bmi1 avx2 smep bmi2 erms invpcid xsaveopt
bugs		:
bogomips	: 6585.01
clflush size	: 64
cache_alignment	: 64
address sizes	: 39 bits physical, 48 bits virtual
power management:

processor	: 3
vendor_id	: GenuineIntel
cpu family	: 6
model		: 60
model name	: Intel(R) Core(TM) i5-4590 CPU @ 3.30GHz
stepping	: 3
microcode	: 0x1d
cpu MHz		: 3690.199
cache size	: 6144 KB
physical id	: 0
siblings	: 4
core id		: 3
cpu cores	: 4
apicid		: 6
initial apicid	: 6
fpu		: yes
fpu_exception	: yes
cpuid level	: 13
wp		: yes
flags		: fpu vme de pse tsc msr pae mce cx8 apic sep mtrr pge mca cmov pat pse36 clflush dts acpi mmx fxsr sse sse2 ss ht tm pbe syscall nx pdpe1gb rdtscp lm constant_tsc arch_perfmon pebs bts rep_good nopl xtopology nonstop_tsc aperfmperf eagerfpu pni pclmulqdq dtes64 monitor ds_cpl vmx smx est tm2 ssse3 fma cx16 xtpr pdcm pcid sse4_1 sse4_2 x2apic movbe popcnt tsc_deadline_timer aes xsave avx f16c rdrand lahf_lm abm ida arat epb pln pts dtherm tpr_shadow vnmi flexpriority ept vpid fsgsbase tsc_adjust bmi1 avx2 smep bmi2 erms invpcid xsaveopt
bugs		:
bogomips	: 6585.01
clflush size	: 64
cache_alignment	: 64
address sizes	: 39 bits physical, 48 bits virtual
power management:



Memory: 4k page, physical 8121832k(893284k free), swap 0k(0k free)

vm_info: OpenJDK 64-Bit Server VM (24.95-b01) for linux-amd64 JRE (1.7.0_95-b00), built on Jan 21 2016 03:41:02 by "buildd" with gcc 4.9.2

time: Fri Oct 14 03:18:51 2016
elapsed time: 304 seconds

