#
# There is insufficient memory for the Java Runtime Environment to continue.
# Native memory allocation (malloc) failed to allocate 126353408 bytes for committing reserved memory.
# Possible reasons:
#   The system is out of physical RAM or swap space
#   In 32 bit mode, the process size limit was hit
# Possible solutions:
#   Reduce memory load on the system
#   Increase physical memory or swap space
#   Check if swap backing store is full
#   Use 64 bit Java on a 64 bit OS
#   Decrease Java heap size (-Xmx/-Xms)
#   Decrease number of Java threads
#   Decrease Java thread stack sizes (-Xss)
#   Set larger code cache with -XX:ReservedCodeCacheSize=
# This output file may be truncated or incomplete.
#
#  Out of Memory Error (os_linux.cpp:2827), pid=18886, tid=140607178663680
#
# JRE version: OpenJDK Runtime Environment (7.0_95) (build 1.7.0_95-b00)
# Java VM: OpenJDK 64-Bit Server VM (24.95-b01 mixed mode linux-amd64 compressed oops)
# Derivative: IcedTea 2.6.4
# Distribution: Ubuntu 15.04, package 7u95-2.6.4-0ubuntu0.15.04.1
# Failed to write core dump. Core dumps have been disabled. To enable core dumping, try "ulimit -c unlimited" before starting Java again
#

---------------  T H R E A D  ---------------

Current thread (0x00007fe1ac13d000):  VMThread [stack: 0x00007fe1a8dfe000,0x00007fe1a8eff000] [id=18894]

Stack: [0x00007fe1a8dfe000,0x00007fe1a8eff000],  sp=0x00007fe1a8efd4e0,  free space=1021k
Native frames: (J=compiled Java code, j=interpreted, Vv=VM code, C=native code)
V  [libjvm.so+0x991aa6]
V  [libjvm.so+0x4934c2]
V  [libjvm.so+0x80371b]
V  [libjvm.so+0x7fddfe]
V  [libjvm.so+0x871c0b]
V  [libjvm.so+0x872ac3]
V  [libjvm.so+0x8731db]
V  [libjvm.so+0x86eb41]
V  [libjvm.so+0x86f3b8]
V  [libjvm.so+0x826a73]
V  [libjvm.so+0x993372]
V  [libjvm.so+0x9977f7]
V  [libjvm.so+0x995f6b]
V  [libjvm.so+0x996616]
V  [libjvm.so+0x996ae1]
V  [libjvm.so+0x800642]

VM_Operation (0x00007fe1b55da5a0): ParallelGCFailedAllocation, mode: safepoint, requested by thread 0x00007fe1ac00a000


---------------  P R O C E S S  ---------------

Java Threads: ( => current thread )
  0x00007fe1ac178000 JavaThread "Service Thread" daemon [_thread_blocked, id=18913, stack(0x00007fe1a838b000,0x00007fe1a848c000)]
  0x00007fe1ac175800 JavaThread "C2 CompilerThread1" daemon [_thread_blocked, id=18912, stack(0x00007fe1a848c000,0x00007fe1a858d000)]
  0x00007fe1ac172800 JavaThread "C2 CompilerThread0" daemon [_thread_blocked, id=18910, stack(0x00007fe1a858d000,0x00007fe1a868e000)]
  0x00007fe1ac170000 JavaThread "Signal Dispatcher" daemon [_thread_blocked, id=18909, stack(0x00007fe1a868e000,0x00007fe1a878f000)]
  0x00007fe1ac143800 JavaThread "Finalizer" daemon [_thread_blocked, id=18896, stack(0x00007fe1a8bfc000,0x00007fe1a8cfd000)]
  0x00007fe1ac141000 JavaThread "Reference Handler" daemon [_thread_blocked, id=18895, stack(0x00007fe1a8cfd000,0x00007fe1a8dfe000)]
  0x00007fe1ac00a000 JavaThread "main" [_thread_blocked, id=18887, stack(0x00007fe1b54db000,0x00007fe1b55dc000)]

Other Threads:
=>0x00007fe1ac13d000 VMThread [stack: 0x00007fe1a8dfe000,0x00007fe1a8eff000] [id=18894]
  0x00007fe1ac17a800 WatcherThread [stack: 0x00007fe1a828a000,0x00007fe1a838b000] [id=18914]

VM state:at safepoint (normal execution)

VM Mutex/Monitor currently owned by a thread:  ([mutex/lock_event])
[0x00007fe1ac006430] Threads_lock - owner thread: 0x00007fe1ac13d000
[0x00007fe1ac006930] Heap_lock - owner thread: 0x00007fe1ac00a000

Heap
 PSYoungGen      total 535040K, used 128K [0x00000007d6a80000, 0x00000007f8780000, 0x0000000800000000)
  eden space 516096K, 0% used [0x00000007d6a80000,0x00000007d6a80000,0x00000007f6280000)
  from space 18944K, 0% used [0x00000007f6280000,0x00000007f62a0000,0x00000007f7500000)
  to   space 18944K, 0% used [0x00000007f7500000,0x00000007f7500000,0x00000007f8780000)
 ParOldGen       total 84480K, used 34417K [0x0000000784000000, 0x0000000789280000, 0x00000007d6a80000)
  object space 84480K, 40% used [0x0000000784000000,0x000000078619c478,0x0000000789280000)
 PSPermGen       total 21504K, used 7634K [0x0000000779a00000, 0x000000077af00000, 0x0000000784000000)
  object space 21504K, 35% used [0x0000000779a00000,0x000000077a174a98,0x000000077af00000)

Card table byte_map: [0x00007fe1b1c89000,0x00007fe1b20bd000] byte_map_base: 0x00007fe1ae0bc000

Polling page: 0x00007fe1b55fc000

Code Cache  [0x00007fe1a9000000, 0x00007fe1a9270000, 0x00007fe1ac000000)
 total_blobs=586 nmethods=331 adapters=208 free_code_cache=47622Kb largest_free_block=48684160

Compilation events (10 events):
Event: 11.004 Thread 0x00007fe1ac172800  340   !         java.lang.ref.ReferenceQueue::enqueue (104 bytes)
Event: 11.007 Thread 0x00007fe1ac172800 nmethod 340 0x00007fe1a9181d50 code [0x00007fe1a9181ec0, 0x00007fe1a9182628]
Event: 13.636 Thread 0x00007fe1ac175800  341 %           com.github.stigmata.birthmarks.comparators.PlainBirthmarkComparator::compare @ 53 (119 bytes)
Event: 13.638 Thread 0x00007fe1ac175800 nmethod 341% 0x00007fe1a90754d0 code [0x00007fe1a9075680, 0x00007fe1a9075b18]
Event: 13.643 Thread 0x00007fe1ac172800  342             com.github.stigmata.birthmarks.comparators.PlainBirthmarkComparator::compare (119 bytes)
Event: 13.650 Thread 0x00007fe1ac172800 nmethod 342 0x00007fe1a9187090 code [0x00007fe1a9187280, 0x00007fe1a9187c58]
Event: 13.772 Thread 0x00007fe1ac175800  343             java.lang.Integer::intValue (5 bytes)
Event: 13.772 Thread 0x00007fe1ac175800 nmethod 343 0x00007fe1a915bd10 code [0x00007fe1a915be40, 0x00007fe1a915be98]
Event: 23.458 Thread 0x00007fe1ac175800  344             java.lang.Integer::equals (29 bytes)
Event: 23.458 Thread 0x00007fe1ac175800 nmethod 344 0x00007fe1a9181a50 code [0x00007fe1a9181ba0, 0x00007fe1a9181c58]

GC Heap History (10 events):
Event: 3.611 GC heap after
Heap after GC invocations=4 (full 0):
 PSYoungGen      total 134144K, used 5093K [0x00000007d6a80000, 0x00000007df280000, 0x0000000800000000)
  eden space 129024K, 0% used [0x00000007d6a80000,0x00000007d6a80000,0x00000007de880000)
  from space 5120K, 99% used [0x00000007ded80000,0x00000007df279568,0x00000007df280000)
  to   space 5120K, 0% used [0x00000007de880000,0x00000007de880000,0x00000007ded80000)
 ParOldGen       total 84480K, used 15247K [0x0000000784000000, 0x0000000789280000, 0x00000007d6a80000)
  object space 84480K, 18% used [0x0000000784000000,0x0000000784ee3ff8,0x0000000789280000)
 PSPermGen       total 21504K, used 7585K [0x0000000779a00000, 0x000000077af00000, 0x0000000784000000)
  object space 21504K, 35% used [0x0000000779a00000,0x000000077a168440,0x000000077af00000)
}
Event: 4.231 GC heap before
{Heap before GC invocations=5 (full 0):
 PSYoungGen      total 134144K, used 134117K [0x00000007d6a80000, 0x00000007df280000, 0x0000000800000000)
  eden space 129024K, 100% used [0x00000007d6a80000,0x00000007de880000,0x00000007de880000)
  from space 5120K, 99% used [0x00000007ded80000,0x00000007df279568,0x00000007df280000)
  to   space 5120K, 0% used [0x00000007de880000,0x00000007de880000,0x00000007ded80000)
 ParOldGen       total 84480K, used 15247K [0x0000000784000000, 0x0000000789280000, 0x00000007d6a80000)
  object space 84480K, 18% used [0x0000000784000000,0x0000000784ee3ff8,0x0000000789280000)
 PSPermGen       total 21504K, used 7600K [0x0000000779a00000, 0x000000077af00000, 0x0000000784000000)
  object space 21504K, 35% used [0x0000000779a00000,0x000000077a16c188,0x000000077af00000)
Event: 4.257 GC heap after
Heap after GC invocations=5 (full 0):
 PSYoungGen      total 134144K, used 5109K [0x00000007d6a80000, 0x00000007e8e80000, 0x0000000800000000)
  eden space 129024K, 0% used [0x00000007d6a80000,0x00000007d6a80000,0x00000007de880000)
  from space 5120K, 99% used [0x00000007de880000,0x00000007ded7d730,0x00000007ded80000)
  to   space 20480K, 0% used [0x00000007e7a80000,0x00000007e7a80000,0x00000007e8e80000)
 ParOldGen       total 84480K, used 28295K [0x0000000784000000, 0x0000000789280000, 0x00000007d6a80000)
  object space 84480K, 33% used [0x0000000784000000,0x0000000785ba1cb0,0x0000000789280000)
 PSPermGen       total 21504K, used 7600K [0x0000000779a00000, 0x000000077af00000, 0x0000000784000000)
  object space 21504K, 35% used [0x0000000779a00000,0x000000077a16c188,0x000000077af00000)
}
Event: 6.166 GC heap before
{Heap before GC invocations=6 (full 0):
 PSYoungGen      total 134144K, used 134133K [0x00000007d6a80000, 0x00000007e8e80000, 0x0000000800000000)
  eden space 129024K, 100% used [0x00000007d6a80000,0x00000007de880000,0x00000007de880000)
  from space 5120K, 99% used [0x00000007de880000,0x00000007ded7d730,0x00000007ded80000)
  to   space 20480K, 0% used [0x00000007e7a80000,0x00000007e7a80000,0x00000007e8e80000)
 ParOldGen       total 84480K, used 28295K [0x0000000784000000, 0x0000000789280000, 0x00000007d6a80000)
  object space 84480K, 33% used [0x0000000784000000,0x0000000785ba1cb0,0x0000000789280000)
 PSPermGen       total 21504K, used 7633K [0x0000000779a00000, 0x000000077af00000, 0x0000000784000000)
  object space 21504K, 35% used [0x0000000779a00000,0x000000077a174720,0x000000077af00000)
Event: 6.191 GC heap after
Heap after GC invocations=6 (full 0):
 PSYoungGen      total 276480K, used 8483K [0x00000007d6a80000, 0x00000007e8c80000, 0x0000000800000000)
  eden space 258048K, 0% used [0x00000007d6a80000,0x00000007d6a80000,0x00000007e6680000)
  from space 18432K, 46% used [0x00000007e7a80000,0x00000007e82c8df0,0x00000007e8c80000)
  to   space 19456K, 0% used [0x00000007e6680000,0x00000007e6680000,0x00000007e7980000)
 ParOldGen       total 84480K, used 28295K [0x0000000784000000, 0x0000000789280000, 0x00000007d6a80000)
  object space 84480K, 33% used [0x0000000784000000,0x0000000785ba1cb0,0x0000000789280000)
 PSPermGen       total 21504K, used 7633K [0x0000000779a00000, 0x000000077af00000, 0x0000000784000000)
  object space 21504K, 35% used [0x0000000779a00000,0x000000077a174720,0x000000077af00000)
}
Event: 10.988 GC heap before
{Heap before GC invocations=7 (full 0):
 PSYoungGen      total 276480K, used 266531K [0x00000007d6a80000, 0x00000007e8c80000, 0x0000000800000000)
  eden space 258048K, 100% used [0x00000007d6a80000,0x00000007e6680000,0x00000007e6680000)
  from space 18432K, 46% used [0x00000007e7a80000,0x00000007e82c8df0,0x00000007e8c80000)
  to   space 19456K, 0% used [0x00000007e6680000,0x00000007e6680000,0x00000007e7980000)
 ParOldGen       total 84480K, used 28295K [0x0000000784000000, 0x0000000789280000, 0x00000007d6a80000)
  object space 84480K, 33% used [0x0000000784000000,0x0000000785ba1cb0,0x0000000789280000)
 PSPermGen       total 21504K, used 7634K [0x0000000779a00000, 0x000000077af00000, 0x0000000784000000)
  object space 21504K, 35% used [0x0000000779a00000,0x000000077a1748c0,0x000000077af00000)
Event: 11.004 GC heap after
Heap after GC invocations=7 (full 0):
 PSYoungGen      total 277504K, used 6538K [0x00000007d6a80000, 0x00000007f8780000, 0x0000000800000000)
  eden space 258048K, 0% used [0x00000007d6a80000,0x00000007d6a80000,0x00000007e6680000)
  from space 19456K, 33% used [0x00000007e6680000,0x00000007e6ce29f0,0x00000007e7980000)
  to   space 18944K, 0% used [0x00000007f7500000,0x00000007f7500000,0x00000007f8780000)
 ParOldGen       total 84480K, used 29691K [0x0000000784000000, 0x0000000789280000, 0x00000007d6a80000)
  object space 84480K, 35% used [0x0000000784000000,0x0000000785cfecc8,0x0000000789280000)
 PSPermGen       total 21504K, used 7634K [0x0000000779a00000, 0x000000077af00000, 0x0000000784000000)
  object space 21504K, 35% used [0x0000000779a00000,0x000000077a1748c0,0x000000077af00000)
}
Event: 15.815 GC heap before
{Heap before GC invocations=8 (full 0):
 PSYoungGen      total 277504K, used 264586K [0x00000007d6a80000, 0x00000007f8780000, 0x0000000800000000)
  eden space 258048K, 100% used [0x00000007d6a80000,0x00000007e6680000,0x00000007e6680000)
  from space 19456K, 33% used [0x00000007e6680000,0x00000007e6ce29f0,0x00000007e7980000)
  to   space 18944K, 0% used [0x00000007f7500000,0x00000007f7500000,0x00000007f8780000)
 ParOldGen       total 84480K, used 29691K [0x0000000784000000, 0x0000000789280000, 0x00000007d6a80000)
  object space 84480K, 35% used [0x0000000784000000,0x0000000785cfecc8,0x0000000789280000)
 PSPermGen       total 21504K, used 7634K [0x0000000779a00000, 0x000000077af00000, 0x0000000784000000)
  object space 21504K, 35% used [0x0000000779a00000,0x000000077a174a98,0x000000077af00000)
Event: 15.829 GC heap after
Heap after GC invocations=8 (full 0):
 PSYoungGen      total 535040K, used 3081K [0x00000007d6a80000, 0x00000007f8780000, 0x0000000800000000)
  eden space 516096K, 0% used [0x00000007d6a80000,0x00000007d6a80000,0x00000007f6280000)
  from space 18944K, 16% used [0x00000007f7500000,0x00000007f7802500,0x00000007f8780000)
  to   space 18944K, 0% used [0x00000007f6280000,0x00000007f6280000,0x00000007f7500000)
 ParOldGen       total 84480K, used 31361K [0x0000000784000000, 0x0000000789280000, 0x00000007d6a80000)
  object space 84480K, 37% used [0x0000000784000000,0x0000000785ea0550,0x0000000789280000)
 PSPermGen       total 21504K, used 7634K [0x0000000779a00000, 0x000000077af00000, 0x0000000784000000)
  object space 21504K, 35% used [0x0000000779a00000,0x000000077a174a98,0x000000077af00000)
}
Event: 32.023 GC heap before
{Heap before GC invocations=9 (full 0):
 PSYoungGen      total 535040K, used 519177K [0x00000007d6a80000, 0x00000007f8780000, 0x0000000800000000)
  eden space 516096K, 100% used [0x00000007d6a80000,0x00000007f6280000,0x00000007f6280000)
  from space 18944K, 16% used [0x00000007f7500000,0x00000007f7802500,0x00000007f8780000)
  to   space 18944K, 0% used [0x00000007f6280000,0x00000007f6280000,0x00000007f7500000)
 ParOldGen       total 84480K, used 31361K [0x0000000784000000, 0x0000000789280000, 0x00000007d6a80000)
  object space 84480K, 37% used [0x0000000784000000,0x0000000785ea0550,0x0000000789280000)
 PSPermGen       total 21504K, used 7634K [0x0000000779a00000, 0x000000077af00000, 0x0000000784000000)
  object space 21504K, 35% used [0x0000000779a00000,0x000000077a174a98,0x000000077af00000)

Deoptimization events (10 events):
Event: 5.086 Thread 0x00007fe1ac00a000 Uncommon trap: reason=unstable_if action=reinterpret pc=0x00007fe1a91832cc method=com.github.stigmata.birthmarks.cvfv.TypeAndValueBirthmarkElement.equals(Ljava/lang/Object;)Z @ 46
Event: 5.408 Thread 0x00007fe1ac00a000 Uncommon trap: reason=class_check action=maybe_recompile pc=0x00007fe1a918ac58 method=com.github.stigmata.birthmarks.cvfv.TypeAndValueBirthmarkElement.equals(Ljava/lang/Object;)Z @ 64
Event: 5.408 Thread 0x00007fe1ac00a000 Uncommon trap: reason=class_check action=maybe_recompile pc=0x00007fe1a918ac58 method=com.github.stigmata.birthmarks.cvfv.TypeAndValueBirthmarkElement.equals(Ljava/lang/Object;)Z @ 64
Event: 5.408 Thread 0x00007fe1ac00a000 Uncommon trap: reason=class_check action=maybe_recompile pc=0x00007fe1a918ac58 method=com.github.stigmata.birthmarks.cvfv.TypeAndValueBirthmarkElement.equals(Ljava/lang/Object;)Z @ 64
Event: 5.408 Thread 0x00007fe1ac00a000 Uncommon trap: reason=class_check action=maybe_recompile pc=0x00007fe1a918ac58 method=com.github.stigmata.birthmarks.cvfv.TypeAndValueBirthmarkElement.equals(Ljava/lang/Object;)Z @ 64
Event: 13.632 Thread 0x00007fe1ac00a000 Uncommon trap: reason=bimorphic action=maybe_recompile pc=0x00007fe1a918e0d4 method=com.github.stigmata.birthmarks.cvfv.TypeAndValueBirthmarkElement.equals(Ljava/lang/Object;)Z @ 64
Event: 13.632 Thread 0x00007fe1ac00a000 Uncommon trap: reason=bimorphic action=maybe_recompile pc=0x00007fe1a918e0d4 method=com.github.stigmata.birthmarks.cvfv.TypeAndValueBirthmarkElement.equals(Ljava/lang/Object;)Z @ 64
Event: 13.633 Thread 0x00007fe1ac00a000 Uncommon trap: reason=bimorphic action=maybe_recompile pc=0x00007fe1a918e0d4 method=com.github.stigmata.birthmarks.cvfv.TypeAndValueBirthmarkElement.equals(Ljava/lang/Object;)Z @ 64
Event: 13.633 Thread 0x00007fe1ac00a000 Uncommon trap: reason=bimorphic action=maybe_recompile pc=0x00007fe1a918e0d4 method=com.github.stigmata.birthmarks.cvfv.TypeAndValueBirthmarkElement.equals(Ljava/lang/Object;)Z @ 64
Event: 13.633 Thread 0x00007fe1ac00a000 Uncommon trap: reason=bimorphic action=maybe_recompile pc=0x00007fe1a915c390 method=com.github.stigmata.birthmarks.cvfv.TypeAndValueBirthmarkElement.equals(Ljava/lang/Object;)Z @ 64

Internal exceptions (10 events):
Event: 1.460 Thread 0x00007fe1ac00a000 Threw 0x00000007d783c4b8 at /build/openjdk-7-3x2aMC/openjdk-7-7u95-2.6.4/build/openjdk/hotspot/src/share/vm/prims/jvm.cpp:1322
Event: 2.650 Thread 0x00007fe1ac00a000 Implicit null exception at 0x00007fe1a90de713 to 0x00007fe1a90df58d
Event: 4.346 Thread 0x00007fe1ac00a000 Threw 0x00000007d8ace440 at /build/openjdk-7-3x2aMC/openjdk-7-7u95-2.6.4/build/openjdk/hotspot/src/share/vm/prims/jvm.cpp:1322
Event: 4.346 Thread 0x00007fe1ac00a000 Threw 0x00000007d8ad42b0 at /build/openjdk-7-3x2aMC/openjdk-7-7u95-2.6.4/build/openjdk/hotspot/src/share/vm/prims/jvm.cpp:1322
Event: 4.359 Thread 0x00007fe1ac00a000 Threw 0x00000007d8ae9b20 at /build/openjdk-7-3x2aMC/openjdk-7-7u95-2.6.4/build/openjdk/hotspot/src/share/vm/prims/jvm.cpp:1322
Event: 4.359 Thread 0x00007fe1ac00a000 Threw 0x00000007d8aedec8 at /build/openjdk-7-3x2aMC/openjdk-7-7u95-2.6.4/build/openjdk/hotspot/src/share/vm/prims/jvm.cpp:1322
Event: 4.795 Thread 0x00007fe1ac00a000 Implicit null exception at 0x00007fe1a91841da to 0x00007fe1a91846a9
Event: 4.795 Thread 0x00007fe1ac00a000 Implicit null exception at 0x00007fe1a915f81a to 0x00007fe1a915f8cd
Event: 5.084 Thread 0x00007fe1ac00a000 Implicit null exception at 0x00007fe1a9188f90 to 0x00007fe1a91894ad
Event: 5.086 Thread 0x00007fe1ac00a000 Implicit null exception at 0x00007fe1a9182f20 to 0x00007fe1a91832a9

Events (10 events):
Event: 13.633 Thread 0x00007fe1ac00a000 Uncommon trap: trap_request=0xffffffc6 fr.pc=0x00007fe1a915c390
Event: 13.633 Thread 0x00007fe1ac00a000 DEOPT PACKING pc=0x00007fe1a915c390 sp=0x00007fe1b55da690
Event: 13.633 Thread 0x00007fe1ac00a000 DEOPT UNPACKING pc=0x00007fe1a9039445 sp=0x00007fe1b55da648 mode 2
Event: 13.638 Thread 0x00007fe1ac175800 flushing nmethod 0x00007fe1a908bd10
Event: 13.772 Thread 0x00007fe1ac175800 flushing nmethod 0x00007fe1a909d450
Event: 13.772 Thread 0x00007fe1ac175800 flushing nmethod 0x00007fe1a90a4810
Event: 13.772 Thread 0x00007fe1ac175800 flushing nmethod 0x00007fe1a90af150
Event: 15.815 Executing VM operation: ParallelGCFailedAllocation
Event: 15.829 Executing VM operation: ParallelGCFailedAllocation done
Event: 31.638 Executing VM operation: ParallelGCFailedAllocation


Dynamic libraries:
00400000-00401000 r-xp 00000000 08:07 13641842                           /usr/lib/jvm/java-7-openjdk-amd64/jre/bin/java
00600000-00601000 r--p 00000000 08:07 13641842                           /usr/lib/jvm/java-7-openjdk-amd64/jre/bin/java
00601000-00602000 rw-p 00001000 08:07 13641842                           /usr/lib/jvm/java-7-openjdk-amd64/jre/bin/java
01974000-01995000 rw-p 00000000 00:00 0                                  [heap]
779a00000-77af00000 rw-p 00000000 00:00 0 
77af00000-784000000 rw-p 00000000 00:00 0 
784000000-789280000 rw-p 00000000 00:00 0 
789280000-7d6a80000 rw-p 00000000 00:00 0 
7d6a80000-7f8780000 rw-p 00000000 00:00 0 
7fe158000000-7fe15bffd000 rw-p 00000000 00:00 0 
7fe15bffd000-7fe15c000000 ---p 00000000 00:00 0 
7fe15c000000-7fe15d05c000 rw-p 00000000 00:00 0 
7fe15d05c000-7fe160000000 ---p 00000000 00:00 0 
7fe160000000-7fe163ffc000 rw-p 00000000 00:00 0 
7fe163ffc000-7fe164000000 ---p 00000000 00:00 0 
7fe164000000-7fe167ffc000 rw-p 00000000 00:00 0 
7fe167ffc000-7fe168000000 ---p 00000000 00:00 0 
7fe168000000-7fe168021000 rw-p 00000000 00:00 0 
7fe168021000-7fe16c000000 ---p 00000000 00:00 0 
7fe16c000000-7fe16c021000 rw-p 00000000 00:00 0 
7fe16c021000-7fe170000000 ---p 00000000 00:00 0 
7fe170000000-7fe170f99000 rw-p 00000000 00:00 0 
7fe170f99000-7fe174000000 ---p 00000000 00:00 0 
7fe174000000-7fe175458000 rw-p 00000000 00:00 0 
7fe175458000-7fe178000000 ---p 00000000 00:00 0 
7fe178000000-7fe178021000 rw-p 00000000 00:00 0 
7fe178021000-7fe17c000000 ---p 00000000 00:00 0 
7fe17c000000-7fe17c021000 rw-p 00000000 00:00 0 
7fe17c021000-7fe180000000 ---p 00000000 00:00 0 
7fe180000000-7fe180021000 rw-p 00000000 00:00 0 
7fe180021000-7fe184000000 ---p 00000000 00:00 0 
7fe187cd0000-7fe18c000000 rw-p 00000000 00:00 0 
7fe18c000000-7fe18c021000 rw-p 00000000 00:00 0 
7fe18c021000-7fe190000000 ---p 00000000 00:00 0 
7fe190000000-7fe190021000 rw-p 00000000 00:00 0 
7fe190021000-7fe194000000 ---p 00000000 00:00 0 
7fe194000000-7fe194021000 rw-p 00000000 00:00 0 
7fe194021000-7fe198000000 ---p 00000000 00:00 0 
7fe19c000000-7fe19c021000 rw-p 00000000 00:00 0 
7fe19c021000-7fe1a0000000 ---p 00000000 00:00 0 
7fe1a261e000-7fe1a26b5000 r--s 00608000 08:07 5247347                    /home/hit_alan/zhoufandi/somefilebetweenlinuxandwindows/dex2jar-2.0/8f25ce83c62014ba38d3e69bc4410925030174d546e6de2b64bcb3cbb1ec5b5a/clientdex2jar.jar
7fe1a26b5000-7fe1a274c000 r--s 00608000 08:07 5247347                    /home/hit_alan/zhoufandi/somefilebetweenlinuxandwindows/dex2jar-2.0/8f25ce83c62014ba38d3e69bc4410925030174d546e6de2b64bcb3cbb1ec5b5a/clientdex2jar.jar
7fe1a274c000-7fe1a2a4d000 rw-p 00000000 00:00 0 
7fe1a2a4d000-7fe1a2ab9000 r-xp 00000000 08:07 16257056                   /lib/x86_64-linux-gnu/libpcre.so.3.13.1
7fe1a2ab9000-7fe1a2cb8000 ---p 0006c000 08:07 16257056                   /lib/x86_64-linux-gnu/libpcre.so.3.13.1
7fe1a2cb8000-7fe1a2cb9000 r--p 0006b000 08:07 16257056                   /lib/x86_64-linux-gnu/libpcre.so.3.13.1
7fe1a2cb9000-7fe1a2cba000 rw-p 0006c000 08:07 16257056                   /lib/x86_64-linux-gnu/libpcre.so.3.13.1
7fe1a2cba000-7fe1a2cc1000 r-xp 00000000 08:07 13631618                   /usr/lib/x86_64-linux-gnu/libffi.so.6.0.4
7fe1a2cc1000-7fe1a2ec0000 ---p 00007000 08:07 13631618                   /usr/lib/x86_64-linux-gnu/libffi.so.6.0.4
7fe1a2ec0000-7fe1a2ec1000 r--p 00006000 08:07 13631618                   /usr/lib/x86_64-linux-gnu/libffi.so.6.0.4
7fe1a2ec1000-7fe1a2ec2000 rw-p 00007000 08:07 13631618                   /usr/lib/x86_64-linux-gnu/libffi.so.6.0.4
7fe1a2ec2000-7fe1a2ed9000 r-xp 00000000 08:07 16253007                   /lib/x86_64-linux-gnu/libresolv-2.21.so
7fe1a2ed9000-7fe1a30d9000 ---p 00017000 08:07 16253007                   /lib/x86_64-linux-gnu/libresolv-2.21.so
7fe1a30d9000-7fe1a30db000 r--p 00017000 08:07 16253007                   /lib/x86_64-linux-gnu/libresolv-2.21.so
7fe1a30db000-7fe1a30dc000 rw-p 00019000 08:07 16253007                   /lib/x86_64-linux-gnu/libresolv-2.21.so
7fe1a30dc000-7fe1a30de000 rw-p 00000000 00:00 0 
7fe1a30de000-7fe1a30ff000 r-xp 00000000 08:07 16257131                   /lib/x86_64-linux-gnu/libselinux.so.1
7fe1a30ff000-7fe1a32fe000 ---p 00021000 08:07 16257131                   /lib/x86_64-linux-gnu/libselinux.so.1
7fe1a32fe000-7fe1a32ff000 r--p 00020000 08:07 16257131                   /lib/x86_64-linux-gnu/libselinux.so.1
7fe1a32ff000-7fe1a3300000 rw-p 00021000 08:07 16257131                   /lib/x86_64-linux-gnu/libselinux.so.1
7fe1a3300000-7fe1a3302000 rw-p 00000000 00:00 0 
7fe1a3302000-7fe1a3305000 r-xp 00000000 08:07 13631893                   /usr/lib/x86_64-linux-gnu/libgmodule-2.0.so.0.4400.1
7fe1a3305000-7fe1a3504000 ---p 00003000 08:07 13631893                   /usr/lib/x86_64-linux-gnu/libgmodule-2.0.so.0.4400.1
7fe1a3504000-7fe1a3505000 r--p 00002000 08:07 13631893                   /usr/lib/x86_64-linux-gnu/libgmodule-2.0.so.0.4400.1
7fe1a3505000-7fe1a3506000 rw-p 00003000 08:07 13631893                   /usr/lib/x86_64-linux-gnu/libgmodule-2.0.so.0.4400.1
7fe1a3506000-7fe1a3613000 r-xp 00000000 08:07 16257102                   /lib/x86_64-linux-gnu/libglib-2.0.so.0.4400.1
7fe1a3613000-7fe1a3812000 ---p 0010d000 08:07 16257102                   /lib/x86_64-linux-gnu/libglib-2.0.so.0.4400.1
7fe1a3812000-7fe1a3813000 r--p 0010c000 08:07 16257102                   /lib/x86_64-linux-gnu/libglib-2.0.so.0.4400.1
7fe1a3813000-7fe1a3814000 rw-p 0010d000 08:07 16257102                   /lib/x86_64-linux-gnu/libglib-2.0.so.0.4400.1
7fe1a3814000-7fe1a3815000 rw-p 00000000 00:00 0 
7fe1a3815000-7fe1a3865000 r-xp 00000000 08:07 13631853                   /usr/lib/x86_64-linux-gnu/libgobject-2.0.so.0.4400.1
7fe1a3865000-7fe1a3a65000 ---p 00050000 08:07 13631853                   /usr/lib/x86_64-linux-gnu/libgobject-2.0.so.0.4400.1
7fe1a3a65000-7fe1a3a66000 r--p 00050000 08:07 13631853                   /usr/lib/x86_64-linux-gnu/libgobject-2.0.so.0.4400.1
7fe1a3a66000-7fe1a3a67000 rw-p 00051000 08:07 13631853                   /usr/lib/x86_64-linux-gnu/libgobject-2.0.so.0.4400.1
7fe1a3a67000-7fe1a3bdf000 r-xp 00000000 08:07 13631875                   /usr/lib/x86_64-linux-gnu/libgio-2.0.so.0.4400.1
7fe1a3bdf000-7fe1a3ddf000 ---p 00178000 08:07 13631875                   /usr/lib/x86_64-linux-gnu/libgio-2.0.so.0.4400.1
7fe1a3ddf000-7fe1a3de3000 r--p 00178000 08:07 13631875                   /usr/lib/x86_64-linux-gnu/libgio-2.0.so.0.4400.1
7fe1a3de3000-7fe1a3de5000 rw-p 0017c000 08:07 13631875                   /usr/lib/x86_64-linux-gnu/libgio-2.0.so.0.4400.1
7fe1a3de5000-7fe1a3de7000 rw-p 00000000 00:00 0 
7fe1a3de7000-7fe1a3dff000 r-xp 00000000 08:07 13642175                   /usr/lib/jvm/java-7-openjdk-amd64/jre/lib/amd64/libnet.so
7fe1a3dff000-7fe1a3ffe000 ---p 00018000 08:07 13642175                   /usr/lib/jvm/java-7-openjdk-amd64/jre/lib/amd64/libnet.so
7fe1a3ffe000-7fe1a3fff000 r--p 00017000 08:07 13642175                   /usr/lib/jvm/java-7-openjdk-amd64/jre/lib/amd64/libnet.so
7fe1a3fff000-7fe1a4000000 rw-p 00018000 08:07 13642175                   /usr/lib/jvm/java-7-openjdk-amd64/jre/lib/amd64/libnet.so
7fe1a4000000-7fe1a4021000 rw-p 00000000 00:00 0 
7fe1a4021000-7fe1a8000000 ---p 00000000 00:00 0 
7fe1a8078000-7fe1a8089000 r-xp 00000000 08:07 13642136                   /usr/lib/jvm/java-7-openjdk-amd64/jre/lib/amd64/libnio.so
7fe1a8089000-7fe1a8288000 ---p 00011000 08:07 13642136                   /usr/lib/jvm/java-7-openjdk-amd64/jre/lib/amd64/libnio.so
7fe1a8288000-7fe1a8289000 r--p 00010000 08:07 13642136                   /usr/lib/jvm/java-7-openjdk-amd64/jre/lib/amd64/libnio.so
7fe1a8289000-7fe1a828a000 rw-p 00011000 08:07 13642136                   /usr/lib/jvm/java-7-openjdk-amd64/jre/lib/amd64/libnio.so
7fe1a828a000-7fe1a828b000 ---p 00000000 00:00 0 
7fe1a828b000-7fe1a838b000 rw-p 00000000 00:00 0 
7fe1a838b000-7fe1a838e000 ---p 00000000 00:00 0 
7fe1a838e000-7fe1a848c000 rw-p 00000000 00:00 0 
7fe1a848c000-7fe1a848f000 ---p 00000000 00:00 0 
7fe1a848f000-7fe1a858d000 rw-p 00000000 00:00 0 
7fe1a858d000-7fe1a8590000 ---p 00000000 00:00 0 
7fe1a8590000-7fe1a868e000 rw-p 00000000 00:00 0 
7fe1a868e000-7fe1a8691000 ---p 00000000 00:00 0 
7fe1a8691000-7fe1a878f000 rw-p 00000000 00:00 0 
7fe1a878f000-7fe1a8bfc000 r--p 00000000 08:07 13634881                   /usr/lib/locale/locale-archive
7fe1a8bfc000-7fe1a8bff000 ---p 00000000 00:00 0 
7fe1a8bff000-7fe1a8cfd000 rw-p 00000000 00:00 0 
7fe1a8cfd000-7fe1a8d00000 ---p 00000000 00:00 0 
7fe1a8d00000-7fe1a8dfe000 rw-p 00000000 00:00 0 
7fe1a8dfe000-7fe1a8dff000 ---p 00000000 00:00 0 
7fe1a8dff000-7fe1a9000000 rw-p 00000000 00:00 0 
7fe1a9000000-7fe1a9270000 rwxp 00000000 00:00 0 
7fe1a9270000-7fe1afffd000 rw-p 00000000 00:00 0 
7fe1afffd000-7fe1b0000000 ---p 00000000 00:00 0 
7fe1b001a000-7fe1b0038000 r--s 00134000 08:07 5251612                    /home/hit_alan/zhoufandi/somefilebetweenlinuxandwindows/dex2jar-2.0/8f25ce83c62014ba38d3e69bc4410925030174d546e6de2b64bcb3cbb1ec5b5a/channeldex2jar.jar
7fe1b003b000-7fe1b0042000 r--s 00000000 08:07 13902402                   /usr/lib/x86_64-linux-gnu/gconv/gconv-modules.cache
7fe1b0042000-7fe1b0056000 r--p 00000000 08:07 14421516                   /usr/share/locale-langpack/zh_CN/LC_MESSAGES/libc.mo
7fe1b0056000-7fe1b0060000 r--s 000ae000 08:07 13642193                   /usr/lib/jvm/java-7-openjdk-amd64/jre/lib/resources.jar
7fe1b0060000-7fe1b0065000 r--s 00036000 08:07 7081023                    /home/hit_alan/zhoufandi/somefilebetweenlinuxandwindows/target/asm-all-5.0.3.jar
7fe1b0065000-7fe1b0ebc000 rw-p 00000000 00:00 0 
7fe1b0ebc000-7fe1b106e000 r--s 01d2f000 08:07 13642124                   /usr/lib/jvm/java-7-openjdk-amd64/jre/lib/rt.jar
7fe1b106e000-7fe1b159c000 rw-p 00000000 00:00 0 
7fe1b159c000-7fe1b159d000 ---p 00000000 00:00 0 
7fe1b159d000-7fe1b169d000 rw-p 00000000 00:00 0 
7fe1b169d000-7fe1b169e000 ---p 00000000 00:00 0 
7fe1b169e000-7fe1b179e000 rw-p 00000000 00:00 0 
7fe1b179e000-7fe1b179f000 ---p 00000000 00:00 0 
7fe1b179f000-7fe1b189f000 rw-p 00000000 00:00 0 
7fe1b189f000-7fe1b18a0000 ---p 00000000 00:00 0 
7fe1b18a0000-7fe1b19ab000 rw-p 00000000 00:00 0 
7fe1b19ab000-7fe1b19f3000 rw-p 00000000 00:00 0 
7fe1b19f3000-7fe1b1a1d000 rw-p 00000000 00:00 0 
7fe1b1a1d000-7fe1b1c89000 rw-p 00000000 00:00 0 
7fe1b1c89000-7fe1b1c94000 rw-p 00000000 00:00 0 
7fe1b1c94000-7fe1b1cdc000 rw-p 00000000 00:00 0 
7fe1b1cdc000-7fe1b1d06000 rw-p 00000000 00:00 0 
7fe1b1d06000-7fe1b1f71000 rw-p 00000000 00:00 0 
7fe1b1f71000-7fe1b2080000 rw-p 00000000 00:00 0 
7fe1b2080000-7fe1b20bc000 rw-p 00000000 00:00 0 
7fe1b20bc000-7fe1b20bd000 rw-p 00000000 00:00 0 
7fe1b20bd000-7fe1b20c5000 r-xp 00000000 08:07 13642144                   /usr/lib/jvm/java-7-openjdk-amd64/jre/lib/amd64/libzip.so
7fe1b20c5000-7fe1b22c4000 ---p 00008000 08:07 13642144                   /usr/lib/jvm/java-7-openjdk-amd64/jre/lib/amd64/libzip.so
7fe1b22c4000-7fe1b22c5000 r--p 00007000 08:07 13642144                   /usr/lib/jvm/java-7-openjdk-amd64/jre/lib/amd64/libzip.so
7fe1b22c5000-7fe1b22c6000 rw-p 00008000 08:07 13642144                   /usr/lib/jvm/java-7-openjdk-amd64/jre/lib/amd64/libzip.so
7fe1b22c6000-7fe1b22d2000 r-xp 00000000 08:07 16253008                   /lib/x86_64-linux-gnu/libnss_files-2.21.so
7fe1b22d2000-7fe1b24d1000 ---p 0000c000 08:07 16253008                   /lib/x86_64-linux-gnu/libnss_files-2.21.so
7fe1b24d1000-7fe1b24d2000 r--p 0000b000 08:07 16253008                   /lib/x86_64-linux-gnu/libnss_files-2.21.so
7fe1b24d2000-7fe1b24d3000 rw-p 0000c000 08:07 16253008                   /lib/x86_64-linux-gnu/libnss_files-2.21.so
7fe1b24d3000-7fe1b24de000 r-xp 00000000 08:07 16252996                   /lib/x86_64-linux-gnu/libnss_nis-2.21.so
7fe1b24de000-7fe1b26dd000 ---p 0000b000 08:07 16252996                   /lib/x86_64-linux-gnu/libnss_nis-2.21.so
7fe1b26dd000-7fe1b26de000 r--p 0000a000 08:07 16252996                   /lib/x86_64-linux-gnu/libnss_nis-2.21.so
7fe1b26de000-7fe1b26df000 rw-p 0000b000 08:07 16252996                   /lib/x86_64-linux-gnu/libnss_nis-2.21.so
7fe1b26df000-7fe1b26f6000 r-xp 00000000 08:07 16257004                   /lib/x86_64-linux-gnu/libnsl-2.21.so
7fe1b26f6000-7fe1b28f5000 ---p 00017000 08:07 16257004                   /lib/x86_64-linux-gnu/libnsl-2.21.so
7fe1b28f5000-7fe1b28f6000 r--p 00016000 08:07 16257004                   /lib/x86_64-linux-gnu/libnsl-2.21.so
7fe1b28f6000-7fe1b28f7000 rw-p 00017000 08:07 16257004                   /lib/x86_64-linux-gnu/libnsl-2.21.so
7fe1b28f7000-7fe1b28f9000 rw-p 00000000 00:00 0 
7fe1b28f9000-7fe1b2901000 r-xp 00000000 08:07 16253010                   /lib/x86_64-linux-gnu/libnss_compat-2.21.so
7fe1b2901000-7fe1b2b00000 ---p 00008000 08:07 16253010                   /lib/x86_64-linux-gnu/libnss_compat-2.21.so
7fe1b2b00000-7fe1b2b01000 r--p 00007000 08:07 16253010                   /lib/x86_64-linux-gnu/libnss_compat-2.21.so
7fe1b2b01000-7fe1b2b02000 rw-p 00008000 08:07 16253010                   /lib/x86_64-linux-gnu/libnss_compat-2.21.so
7fe1b2b02000-7fe1b2b2f000 r-xp 00000000 08:07 13642157                   /usr/lib/jvm/java-7-openjdk-amd64/jre/lib/amd64/libjava.so
7fe1b2b2f000-7fe1b2d2e000 ---p 0002d000 08:07 13642157                   /usr/lib/jvm/java-7-openjdk-amd64/jre/lib/amd64/libjava.so
7fe1b2d2e000-7fe1b2d2f000 r--p 0002c000 08:07 13642157                   /usr/lib/jvm/java-7-openjdk-amd64/jre/lib/amd64/libjava.so
7fe1b2d2f000-7fe1b2d31000 rw-p 0002d000 08:07 13642157                   /usr/lib/jvm/java-7-openjdk-amd64/jre/lib/amd64/libjava.so
7fe1b2d31000-7fe1b2d40000 r-xp 00000000 08:07 13642171                   /usr/lib/jvm/java-7-openjdk-amd64/jre/lib/amd64/libverify.so
7fe1b2d40000-7fe1b2f3f000 ---p 0000f000 08:07 13642171                   /usr/lib/jvm/java-7-openjdk-amd64/jre/lib/amd64/libverify.so
7fe1b2f3f000-7fe1b2f42000 r--p 0000e000 08:07 13642171                   /usr/lib/jvm/java-7-openjdk-amd64/jre/lib/amd64/libverify.so
7fe1b2f42000-7fe1b2f43000 rw-p 00011000 08:07 13642171                   /usr/lib/jvm/java-7-openjdk-amd64/jre/lib/amd64/libverify.so
7fe1b2f43000-7fe1b2f4a000 r-xp 00000000 08:07 16257005                   /lib/x86_64-linux-gnu/librt-2.21.so
7fe1b2f4a000-7fe1b3149000 ---p 00007000 08:07 16257005                   /lib/x86_64-linux-gnu/librt-2.21.so
7fe1b3149000-7fe1b314a000 r--p 00006000 08:07 16257005                   /lib/x86_64-linux-gnu/librt-2.21.so
7fe1b314a000-7fe1b314b000 rw-p 00007000 08:07 16257005                   /lib/x86_64-linux-gnu/librt-2.21.so
7fe1b314b000-7fe1b3161000 r-xp 00000000 08:07 16257047                   /lib/x86_64-linux-gnu/libgcc_s.so.1
7fe1b3161000-7fe1b3360000 ---p 00016000 08:07 16257047                   /lib/x86_64-linux-gnu/libgcc_s.so.1
7fe1b3360000-7fe1b3361000 rw-p 00015000 08:07 16257047                   /lib/x86_64-linux-gnu/libgcc_s.so.1
7fe1b3361000-7fe1b3468000 r-xp 00000000 08:07 16257003                   /lib/x86_64-linux-gnu/libm-2.21.so
7fe1b3468000-7fe1b3667000 ---p 00107000 08:07 16257003                   /lib/x86_64-linux-gnu/libm-2.21.so
7fe1b3667000-7fe1b3668000 r--p 00106000 08:07 16257003                   /lib/x86_64-linux-gnu/libm-2.21.so
7fe1b3668000-7fe1b3669000 rw-p 00107000 08:07 16257003                   /lib/x86_64-linux-gnu/libm-2.21.so
7fe1b3669000-7fe1b3759000 r-xp 00000000 08:07 13631543                   /usr/lib/x86_64-linux-gnu/libstdc++.so.6.0.20
7fe1b3759000-7fe1b3959000 ---p 000f0000 08:07 13631543                   /usr/lib/x86_64-linux-gnu/libstdc++.so.6.0.20
7fe1b3959000-7fe1b3961000 r--p 000f0000 08:07 13631543                   /usr/lib/x86_64-linux-gnu/libstdc++.so.6.0.20
7fe1b3961000-7fe1b3963000 rw-p 000f8000 08:07 13631543                   /usr/lib/x86_64-linux-gnu/libstdc++.so.6.0.20
7fe1b3963000-7fe1b3978000 rw-p 00000000 00:00 0 
7fe1b3978000-7fe1b44d8000 r-xp 00000000 08:07 13642163                   /usr/lib/jvm/java-7-openjdk-amd64/jre/lib/amd64/server/libjvm.so
7fe1b44d8000-7fe1b46d8000 ---p 00b60000 08:07 13642163                   /usr/lib/jvm/java-7-openjdk-amd64/jre/lib/amd64/server/libjvm.so
7fe1b46d8000-7fe1b4777000 r--p 00b60000 08:07 13642163                   /usr/lib/jvm/java-7-openjdk-amd64/jre/lib/amd64/server/libjvm.so
7fe1b4777000-7fe1b479a000 rw-p 00bff000 08:07 13642163                   /usr/lib/jvm/java-7-openjdk-amd64/jre/lib/amd64/server/libjvm.so
7fe1b479a000-7fe1b47c7000 rw-p 00000000 00:00 0 
7fe1b47c7000-7fe1b47e0000 r-xp 00000000 08:07 16257026                   /lib/x86_64-linux-gnu/libz.so.1.2.8
7fe1b47e0000-7fe1b49e0000 ---p 00019000 08:07 16257026                   /lib/x86_64-linux-gnu/libz.so.1.2.8
7fe1b49e0000-7fe1b49e1000 r--p 00019000 08:07 16257026                   /lib/x86_64-linux-gnu/libz.so.1.2.8
7fe1b49e1000-7fe1b49e2000 rw-p 0001a000 08:07 16257026                   /lib/x86_64-linux-gnu/libz.so.1.2.8
7fe1b49e2000-7fe1b49fa000 r-xp 00000000 08:07 16253005                   /lib/x86_64-linux-gnu/libpthread-2.21.so
7fe1b49fa000-7fe1b4bfa000 ---p 00018000 08:07 16253005                   /lib/x86_64-linux-gnu/libpthread-2.21.so
7fe1b4bfa000-7fe1b4bfb000 r--p 00018000 08:07 16253005                   /lib/x86_64-linux-gnu/libpthread-2.21.so
7fe1b4bfb000-7fe1b4bfc000 rw-p 00019000 08:07 16253005                   /lib/x86_64-linux-gnu/libpthread-2.21.so
7fe1b4bfc000-7fe1b4c00000 rw-p 00000000 00:00 0 
7fe1b4c00000-7fe1b4c03000 r-xp 00000000 08:07 16253001                   /lib/x86_64-linux-gnu/libdl-2.21.so
7fe1b4c03000-7fe1b4e02000 ---p 00003000 08:07 16253001                   /lib/x86_64-linux-gnu/libdl-2.21.so
7fe1b4e02000-7fe1b4e03000 r--p 00002000 08:07 16253001                   /lib/x86_64-linux-gnu/libdl-2.21.so
7fe1b4e03000-7fe1b4e04000 rw-p 00003000 08:07 16253001                   /lib/x86_64-linux-gnu/libdl-2.21.so
7fe1b4e04000-7fe1b4fc4000 r-xp 00000000 08:07 16257010                   /lib/x86_64-linux-gnu/libc-2.21.so
7fe1b4fc4000-7fe1b51c4000 ---p 001c0000 08:07 16257010                   /lib/x86_64-linux-gnu/libc-2.21.so
7fe1b51c4000-7fe1b51c8000 r--p 001c0000 08:07 16257010                   /lib/x86_64-linux-gnu/libc-2.21.so
7fe1b51c8000-7fe1b51ca000 rw-p 001c4000 08:07 16257010                   /lib/x86_64-linux-gnu/libc-2.21.so
7fe1b51ca000-7fe1b51ce000 rw-p 00000000 00:00 0 
7fe1b51ce000-7fe1b51db000 r-xp 00000000 08:07 13642172                   /usr/lib/jvm/java-7-openjdk-amd64/jre/lib/amd64/jli/libjli.so
7fe1b51db000-7fe1b53da000 ---p 0000d000 08:07 13642172                   /usr/lib/jvm/java-7-openjdk-amd64/jre/lib/amd64/jli/libjli.so
7fe1b53da000-7fe1b53db000 r--p 0000c000 08:07 13642172                   /usr/lib/jvm/java-7-openjdk-amd64/jre/lib/amd64/jli/libjli.so
7fe1b53db000-7fe1b53dc000 rw-p 0000d000 08:07 13642172                   /usr/lib/jvm/java-7-openjdk-amd64/jre/lib/amd64/jli/libjli.so
7fe1b53dc000-7fe1b5400000 r-xp 00000000 08:07 16253004                   /lib/x86_64-linux-gnu/ld-2.21.so
7fe1b5400000-7fe1b5401000 rw-p 00000000 00:00 0 
7fe1b5401000-7fe1b5402000 r--s 00005000 08:07 7081028                    /home/hit_alan/zhoufandi/somefilebetweenlinuxandwindows/target/csvio-1.0.2.jar
7fe1b5402000-7fe1b5403000 r--s 00008000 08:07 7081026                    /home/hit_alan/zhoufandi/somefilebetweenlinuxandwindows/target/commons-cli-1.1.jar
7fe1b5403000-7fe1b5405000 r--s 0001d000 08:07 7081025                    /home/hit_alan/zhoufandi/somefilebetweenlinuxandwindows/target/xmlcli-1.2.3.jar
7fe1b5405000-7fe1b5407000 r--s 0000d000 08:07 7081029                    /home/hit_alan/zhoufandi/somefilebetweenlinuxandwindows/target/commons-logging-1.1.1.jar
7fe1b5407000-7fe1b540c000 r--s 00034000 08:07 7081024                    /home/hit_alan/zhoufandi/somefilebetweenlinuxandwindows/target/commons-beanutils-1.8.3.jar
7fe1b540c000-7fe1b5417000 r--s 000b4000 08:07 7081123                    /home/hit_alan/zhoufandi/somefilebetweenlinuxandwindows/target/stigmata-5.0-SNAPSHOT.jar
7fe1b5417000-7fe1b541b000 r--s 00034000 08:07 13642025                   /usr/lib/jvm/java-7-openjdk-amd64/jre/lib/ext/sunjce_provider.jar
7fe1b541b000-7fe1b5425000 rw-p 00000000 00:00 0 
7fe1b5425000-7fe1b54db000 rw-p 00000000 00:00 0 
7fe1b54db000-7fe1b54de000 ---p 00000000 00:00 0 
7fe1b54de000-7fe1b55e1000 rw-p 00000000 00:00 0 
7fe1b55e1000-7fe1b55e3000 r--s 0000b000 08:07 7081027                    /home/hit_alan/zhoufandi/somefilebetweenlinuxandwindows/target/commons-dbutils-1.4.jar
7fe1b55e3000-7fe1b55e4000 r--s 00002000 08:07 13642027                   /usr/lib/jvm/java-7-openjdk-amd64/jre/lib/ext/dnsns.jar
7fe1b55e4000-7fe1b55e6000 r--s 00012000 08:07 13642022                   /usr/lib/jvm/java-7-openjdk-amd64/jre/lib/ext/zipfs.jar
7fe1b55e6000-7fe1b55ea000 r--s 0003c000 08:07 13642026                   /usr/lib/jvm/java-7-openjdk-amd64/jre/lib/ext/sunpkcs11.jar
7fe1b55ea000-7fe1b55ed000 r--s 0000f000 08:07 13642024                   /usr/lib/jvm/java-7-openjdk-amd64/jre/lib/ext/icedtea-sound.jar
7fe1b55ed000-7fe1b55f1000 r--s 00085000 08:07 13642023                   /usr/lib/jvm/java-7-openjdk-amd64/jre/lib/ext/localedata.jar
7fe1b55f1000-7fe1b55f3000 r--s 00006000 08:07 14028198                   /usr/share/java/java-atk-wrapper.jar
7fe1b55f3000-7fe1b55fb000 rw-s 00000000 08:07 5247318                    /tmp/hsperfdata_hit_alan/18886
7fe1b55fb000-7fe1b55fc000 rw-p 00000000 00:00 0 
7fe1b55fc000-7fe1b55fd000 ---p 00000000 00:00 0 
7fe1b55fd000-7fe1b55ff000 rw-p 00000000 00:00 0 
7fe1b55ff000-7fe1b5600000 r--p 00023000 08:07 16253004                   /lib/x86_64-linux-gnu/ld-2.21.so
7fe1b5600000-7fe1b5601000 rw-p 00024000 08:07 16253004                   /lib/x86_64-linux-gnu/ld-2.21.so
7fe1b5601000-7fe1b5602000 rw-p 00000000 00:00 0 
7ffdf4c14000-7ffdf4c36000 rw-p 00000000 00:00 0                          [stack]
7ffdf4dbb000-7ffdf4dbd000 r--p 00000000 00:00 0                          [vvar]
7ffdf4dbd000-7ffdf4dbf000 r-xp 00000000 00:00 0                          [vdso]
ffffffffff600000-ffffffffff601000 r-xp 00000000 00:00 0                  [vsyscall]

VM Arguments:
java_command: stigmata-5.0-SNAPSHOT.jar -f xml -b cvfv compare ../dex2jar-2.0/8f25ce83c62014ba38d3e69bc4410925030174d546e6de2b64bcb3cbb1ec5b5a/channeldex2jar.jar ../dex2jar-2.0/8f25ce83c62014ba38d3e69bc4410925030174d546e6de2b64bcb3cbb1ec5b5a/clientdex2jar.jar
Launcher Type: SUN_STANDARD

Environment Variables:
JAVA_HOME=/usr/lib/jvm/java-7-openjdk-amd64
PATH=/home/hit_alan/bin:/home/hit_alan/.gvm/vertx/current/bin:/home/hit_alan/.gvm/springboot/current/bin:/home/hit_alan/.gvm/lazybones/current/bin:/home/hit_alan/.gvm/jbake/current/bin:/home/hit_alan/.gvm/groovyserv/current/bin:/home/hit_alan/.gvm/groovy/current/bin:/home/hit_alan/.gvm/griffon/current/bin:/home/hit_alan/.gvm/grails/current/bin:/home/hit_alan/.gvm/gradle/current/bin:/home/hit_alan/.gvm/glide/current/bin:/home/hit_alan/.gvm/gaiden/current/bin:/home/hit_alan/.gvm/crash/current/bin:/home/hit_alan/.gvm/asciidoctorj/current/bin:/home/hit_alan/bin:/usr/local/sbin:/usr/local/bin:/usr/sbin:/usr/bin:/sbin:/bin:/usr/games:/usr/local/games:/usr/gradle-2.4/bin:/usr/grails-3.0.2/bin:/home/hit_alan/softwares/adt-bundle-linux-x86_64-20140624/sdk/platform-tools:/home/hit_alan/softwares/adt-bundle-linux-x86_64-20140624/sdk/tools:/usr/gradle-2.4/bin:/usr/grails-3.0.2/bin:/home/hit_alan/softwares/adt-bundle-linux-x86_64-20140624/sdk/platform-tools:/home/hit_alan/softwares/adt-bundle-linux-x86_64-20140624/sdk/tools
SHELL=/bin/bash
DISPLAY=:0

Signal Handlers:
SIGSEGV: [libjvm.so+0x992590], sa_mask[0]=0x7ffbfeff, sa_flags=0x10000004
SIGBUS: [libjvm.so+0x992590], sa_mask[0]=0x7ffbfeff, sa_flags=0x10000004
SIGFPE: [libjvm.so+0x7fec60], sa_mask[0]=0x7ffbfeff, sa_flags=0x10000004
SIGPIPE: [libjvm.so+0x7fec60], sa_mask[0]=0x7ffbfeff, sa_flags=0x10000004
SIGXFSZ: [libjvm.so+0x7fec60], sa_mask[0]=0x7ffbfeff, sa_flags=0x10000004
SIGILL: [libjvm.so+0x7fec60], sa_mask[0]=0x7ffbfeff, sa_flags=0x10000004
SIGUSR1: SIG_DFL, sa_mask[0]=0x00000000, sa_flags=0x00000000
SIGUSR2: [libjvm.so+0x7feae0], sa_mask[0]=0x00000004, sa_flags=0x10000004
SIGHUP: [libjvm.so+0x7fece0], sa_mask[0]=0x7ffbfeff, sa_flags=0x10000004
SIGINT: [libjvm.so+0x7fece0], sa_mask[0]=0x7ffbfeff, sa_flags=0x10000004
SIGTERM: [libjvm.so+0x7fece0], sa_mask[0]=0x7ffbfeff, sa_flags=0x10000004
SIGQUIT: [libjvm.so+0x7fece0], sa_mask[0]=0x7ffbfeff, sa_flags=0x10000004
SIGTRAP: SIG_DFL, sa_mask[0]=0x00000000, sa_flags=0x00000000


---------------  S Y S T E M  ---------------

OS:Ubuntu 15.04 (vivid)
uname:Linux 3.19.0-66-generic #74-Ubuntu SMP Tue Jul 19 15:07:04 UTC 2016 x86_64
libc:glibc 2.21 NPTL 2.21 
rlimit: STACK 8192k, CORE 0k, NPROC 31638, NOFILE 65536, AS infinity
load average:7.51 5.59 4.56

/proc/meminfo:
MemTotal:        8121832 kB
MemFree:          118044 kB
MemAvailable:      98060 kB
Buffers:             492 kB
Cached:            79056 kB
SwapCached:            0 kB
Active:          7653524 kB
Inactive:          65932 kB
Active(anon):    7644380 kB
Inactive(anon):    56264 kB
Active(file):       9144 kB
Inactive(file):     9668 kB
Unevictable:         192 kB
Mlocked:             192 kB
SwapTotal:             0 kB
SwapFree:              0 kB
Dirty:              6708 kB
Writeback:          1280 kB
AnonPages:       7640600 kB
Mapped:            49176 kB
Shmem:             60236 kB
Slab:             151228 kB
SReclaimable:     110152 kB
SUnreclaim:        41076 kB
KernelStack:       11472 kB
PageTables:        53700 kB
NFS_Unstable:          0 kB
Bounce:                0 kB
WritebackTmp:          0 kB
CommitLimit:     4060916 kB
Committed_AS:   11849252 kB
VmallocTotal:   34359738367 kB
VmallocUsed:      111988 kB
VmallocChunk:   34359605972 kB
HardwareCorrupted:     0 kB
AnonHugePages:   2988032 kB
CmaTotal:              0 kB
CmaFree:               0 kB
HugePages_Total:       0
HugePages_Free:        0
HugePages_Rsvd:        0
HugePages_Surp:        0
Hugepagesize:       2048 kB
DirectMap4k:      384276 kB
DirectMap2M:     7950336 kB
DirectMap1G:     1048576 kB


CPU:total 4 (4 cores per cpu, 1 threads per core) family 6 model 60 stepping 3, cmov, cx8, fxsr, mmx, sse, sse2, sse3, ssse3, sse4.1, sse4.2, popcnt, avx, avx2, aes, erms, tsc, tscinvbit

/proc/cpuinfo:
processor	: 0
vendor_id	: GenuineIntel
cpu family	: 6
model		: 60
model name	: Intel(R) Core(TM) i5-4590 CPU @ 3.30GHz
stepping	: 3
microcode	: 0x1d
cpu MHz		: 3499.933
cache size	: 6144 KB
physical id	: 0
siblings	: 4
core id		: 0
cpu cores	: 4
apicid		: 0
initial apicid	: 0
fpu		: yes
fpu_exception	: yes
cpuid level	: 13
wp		: yes
flags		: fpu vme de pse tsc msr pae mce cx8 apic sep mtrr pge mca cmov pat pse36 clflush dts acpi mmx fxsr sse sse2 ss ht tm pbe syscall nx pdpe1gb rdtscp lm constant_tsc arch_perfmon pebs bts rep_good nopl xtopology nonstop_tsc aperfmperf eagerfpu pni pclmulqdq dtes64 monitor ds_cpl vmx smx est tm2 ssse3 fma cx16 xtpr pdcm pcid sse4_1 sse4_2 x2apic movbe popcnt tsc_deadline_timer aes xsave avx f16c rdrand lahf_lm abm ida arat epb pln pts dtherm tpr_shadow vnmi flexpriority ept vpid fsgsbase tsc_adjust bmi1 avx2 smep bmi2 erms invpcid xsaveopt
bugs		:
bogomips	: 6584.26
clflush size	: 64
cache_alignment	: 64
address sizes	: 39 bits physical, 48 bits virtual
power management:

processor	: 1
vendor_id	: GenuineIntel
cpu family	: 6
model		: 60
model name	: Intel(R) Core(TM) i5-4590 CPU @ 3.30GHz
stepping	: 3
microcode	: 0x1d
cpu MHz		: 3499.933
cache size	: 6144 KB
physical id	: 0
siblings	: 4
core id		: 1
cpu cores	: 4
apicid		: 2
initial apicid	: 2
fpu		: yes
fpu_exception	: yes
cpuid level	: 13
wp		: yes
flags		: fpu vme de pse tsc msr pae mce cx8 apic sep mtrr pge mca cmov pat pse36 clflush dts acpi mmx fxsr sse sse2 ss ht tm pbe syscall nx pdpe1gb rdtscp lm constant_tsc arch_perfmon pebs bts rep_good nopl xtopology nonstop_tsc aperfmperf eagerfpu pni pclmulqdq dtes64 monitor ds_cpl vmx smx est tm2 ssse3 fma cx16 xtpr pdcm pcid sse4_1 sse4_2 x2apic movbe popcnt tsc_deadline_timer aes xsave avx f16c rdrand lahf_lm abm ida arat epb pln pts dtherm tpr_shadow vnmi flexpriority ept vpid fsgsbase tsc_adjust bmi1 avx2 smep bmi2 erms invpcid xsaveopt
bugs		:
bogomips	: 6584.26
clflush size	: 64
cache_alignment	: 64
address sizes	: 39 bits physical, 48 bits virtual
power management:

processor	: 2
vendor_id	: GenuineIntel
cpu family	: 6
model		: 60
model name	: Intel(R) Core(TM) i5-4590 CPU @ 3.30GHz
stepping	: 3
microcode	: 0x1d
cpu MHz		: 3499.933
cache size	: 6144 KB
physical id	: 0
siblings	: 4
core id		: 2
cpu cores	: 4
apicid		: 4
initial apicid	: 4
fpu		: yes
fpu_exception	: yes
cpuid level	: 13
wp		: yes
flags		: fpu vme de pse tsc msr pae mce cx8 apic sep mtrr pge mca cmov pat pse36 clflush dts acpi mmx fxsr sse sse2 ss ht tm pbe syscall nx pdpe1gb rdtscp lm constant_tsc arch_perfmon pebs bts rep_good nopl xtopology nonstop_tsc aperfmperf eagerfpu pni pclmulqdq dtes64 monitor ds_cpl vmx smx est tm2 ssse3 fma cx16 xtpr pdcm pcid sse4_1 sse4_2 x2apic movbe popcnt tsc_deadline_timer aes xsave avx f16c rdrand lahf_lm abm ida arat epb pln pts dtherm tpr_shadow vnmi flexpriority ept vpid fsgsbase tsc_adjust bmi1 avx2 smep bmi2 erms invpcid xsaveopt
bugs		:
bogomips	: 6584.26
clflush size	: 64
cache_alignment	: 64
address sizes	: 39 bits physical, 48 bits virtual
power management:

processor	: 3
vendor_id	: GenuineIntel
cpu family	: 6
model		: 60
model name	: Intel(R) Core(TM) i5-4590 CPU @ 3.30GHz
stepping	: 3
microcode	: 0x1d
cpu MHz		: 3499.933
cache size	: 6144 KB
physical id	: 0
siblings	: 4
core id		: 3
cpu cores	: 4
apicid		: 6
initial apicid	: 6
fpu		: yes
fpu_exception	: yes
cpuid level	: 13
wp		: yes
flags		: fpu vme de pse tsc msr pae mce cx8 apic sep mtrr pge mca cmov pat pse36 clflush dts acpi mmx fxsr sse sse2 ss ht tm pbe syscall nx pdpe1gb rdtscp lm constant_tsc arch_perfmon pebs bts rep_good nopl xtopology nonstop_tsc aperfmperf eagerfpu pni pclmulqdq dtes64 monitor ds_cpl vmx smx est tm2 ssse3 fma cx16 xtpr pdcm pcid sse4_1 sse4_2 x2apic movbe popcnt tsc_deadline_timer aes xsave avx f16c rdrand lahf_lm abm ida arat epb pln pts dtherm tpr_shadow vnmi flexpriority ept vpid fsgsbase tsc_adjust bmi1 avx2 smep bmi2 erms invpcid xsaveopt
bugs		:
bogomips	: 6584.26
clflush size	: 64
cache_alignment	: 64
address sizes	: 39 bits physical, 48 bits virtual
power management:



Memory: 4k page, physical 8121832k(117796k free), swap 0k(0k free)

vm_info: OpenJDK 64-Bit Server VM (24.95-b01) for linux-amd64 JRE (1.7.0_95-b00), built on Jan 21 2016 03:41:02 by "buildd" with gcc 4.9.2

time: Tue Sep 27 22:39:41 2016
elapsed time: 37 seconds

