#
# There is insufficient memory for the Java Runtime Environment to continue.
# Native memory allocation (malloc) failed to allocate 84410368 bytes for committing reserved memory.
# Possible reasons:
#   The system is out of physical RAM or swap space
#   In 32 bit mode, the process size limit was hit
# Possible solutions:
#   Reduce memory load on the system
#   Increase physical memory or swap space
#   Check if swap backing store is full
#   Use 64 bit Java on a 64 bit OS
#   Decrease Java heap size (-Xmx/-Xms)
#   Decrease number of Java threads
#   Decrease Java thread stack sizes (-Xss)
#   Set larger code cache with -XX:ReservedCodeCacheSize=
# This output file may be truncated or incomplete.
#
#  Out of Memory Error (os_linux.cpp:2827), pid=21810, tid=140599427852032
#
# JRE version: OpenJDK Runtime Environment (7.0_95) (build 1.7.0_95-b00)
# Java VM: OpenJDK 64-Bit Server VM (24.95-b01 mixed mode linux-amd64 compressed oops)
# Derivative: IcedTea 2.6.4
# Distribution: Ubuntu 15.04, package 7u95-2.6.4-0ubuntu0.15.04.1
# Failed to write core dump. Core dumps have been disabled. To enable core dumping, try "ulimit -c unlimited" before starting Java again
#

---------------  T H R E A D  ---------------

Current thread (0x00007fdfec13d000):  VMThread [stack: 0x00007fdfdae3e000,0x00007fdfdaf3f000] [id=21816]

Stack: [0x00007fdfdae3e000,0x00007fdfdaf3f000],  sp=0x00007fdfdaf3d4e0,  free space=1021k
Native frames: (J=compiled Java code, j=interpreted, Vv=VM code, C=native code)
V  [libjvm.so+0x991aa6]
V  [libjvm.so+0x4934c2]
V  [libjvm.so+0x80371b]
V  [libjvm.so+0x7fddfe]
V  [libjvm.so+0x871c0b]
V  [libjvm.so+0x872ac3]
V  [libjvm.so+0x8731db]
V  [libjvm.so+0x86eb41]
V  [libjvm.so+0x86f3b8]
V  [libjvm.so+0x826a73]
V  [libjvm.so+0x993372]
V  [libjvm.so+0x9977f7]
V  [libjvm.so+0x995f6b]
V  [libjvm.so+0x996616]
V  [libjvm.so+0x996ae1]
V  [libjvm.so+0x800642]

VM_Operation (0x00007fdff3686630): ParallelGCFailedAllocation, mode: safepoint, requested by thread 0x00007fdfec00a000


---------------  P R O C E S S  ---------------

Java Threads: ( => current thread )
  0x00007fdfec176000 JavaThread "Service Thread" daemon [_thread_blocked, id=21822, stack(0x00007fdfda3cb000,0x00007fdfda4cc000)]
  0x00007fdfec173800 JavaThread "C2 CompilerThread1" daemon [_thread_blocked, id=21821, stack(0x00007fdfda4cc000,0x00007fdfda5cd000)]
  0x00007fdfec170800 JavaThread "C2 CompilerThread0" daemon [_thread_blocked, id=21820, stack(0x00007fdfda5cd000,0x00007fdfda6ce000)]
  0x00007fdfec16e000 JavaThread "Signal Dispatcher" daemon [_thread_blocked, id=21819, stack(0x00007fdfda6ce000,0x00007fdfda7cf000)]
  0x00007fdfec143800 JavaThread "Finalizer" daemon [_thread_blocked, id=21818, stack(0x00007fdfdac3c000,0x00007fdfdad3d000)]
  0x00007fdfec141000 JavaThread "Reference Handler" daemon [_thread_blocked, id=21817, stack(0x00007fdfdad3d000,0x00007fdfdae3e000)]
  0x00007fdfec00a000 JavaThread "main" [_thread_blocked, id=21811, stack(0x00007fdff3587000,0x00007fdff3688000)]

Other Threads:
=>0x00007fdfec13d000 VMThread [stack: 0x00007fdfdae3e000,0x00007fdfdaf3f000] [id=21816]
  0x00007fdfec188800 WatcherThread [stack: 0x00007fdfda2ca000,0x00007fdfda3cb000] [id=21823]

VM state:at safepoint (normal execution)

VM Mutex/Monitor currently owned by a thread:  ([mutex/lock_event])
[0x00007fdfec006430] Threads_lock - owner thread: 0x00007fdfec13d000
[0x00007fdfec006930] Heap_lock - owner thread: 0x00007fdfec00a000

Heap
 PSYoungGen      total 449536K, used 32K [0x00000007d6a80000, 0x00000007f8b80000, 0x0000000800000000)
  eden space 428032K, 0% used [0x00000007d6a80000,0x00000007d6a80000,0x00000007f0c80000)
  from space 21504K, 0% used [0x00000007f6180000,0x00000007f6188000,0x00000007f7680000)
  to   space 512K, 0% used [0x00000007f8b00000,0x00000007f8b00000,0x00000007f8b80000)
 ParOldGen       total 84480K, used 40587K [0x0000000784000000, 0x0000000789280000, 0x00000007d6a80000)
  object space 84480K, 48% used [0x0000000784000000,0x00000007867a2cd0,0x0000000789280000)
 PSPermGen       total 21504K, used 7656K [0x0000000779a00000, 0x000000077af00000, 0x0000000784000000)
  object space 21504K, 35% used [0x0000000779a00000,0x000000077a17a1c8,0x000000077af00000)

Card table byte_map: [0x00007fdfe8bcc000,0x00007fdfe9000000] byte_map_base: 0x00007fdfe4fff000

Polling page: 0x00007fdff36a8000

Code Cache  [0x00007fdfe9000000, 0x00007fdfe9270000, 0x00007fdfec000000)
 total_blobs=659 nmethods=404 adapters=208 free_code_cache=47433Kb largest_free_block=48532416

Compilation events (10 events):
Event: 4.928 Thread 0x00007fdfec170800  419             com.github.stigmata.birthmarks.comparators.PlainBirthmarkComparator::compare (119 bytes)
Event: 4.934 Thread 0x00007fdfec173800  420             com.github.stigmata.birthmarks.cvfv.TypeAndValueBirthmarkElement::equals (70 bytes)
Event: 4.935 Thread 0x00007fdfec173800 nmethod 420 0x00007fdfe90cb890 code [0x00007fdfe90cb9e0, 0x00007fdfe90cbc18]
Event: 4.936 Thread 0x00007fdfec170800 nmethod 419 0x00007fdfe91b4110 code [0x00007fdfe91b4320, 0x00007fdfe91b4d78]
Event: 5.944 Thread 0x00007fdfec173800  421             java.lang.ref.Reference::clear (6 bytes)
Event: 5.944 Thread 0x00007fdfec173800 nmethod 421 0x00007fdfe90b2e50 code [0x00007fdfe90b2f80, 0x00007fdfe90b2fd8]
Event: 5.946 Thread 0x00007fdfec170800  422 % !         java.lang.ref.Finalizer$FinalizerThread::run @ 33 (55 bytes)
Event: 5.950 Thread 0x00007fdfec170800 nmethod 422% 0x00007fdfe91b16d0 code [0x00007fdfe91b1880, 0x00007fdfe91b1fe8]
Event: 36.742 Thread 0x00007fdfec173800  423             java.lang.Enum::ordinal (5 bytes)
Event: 36.742 Thread 0x00007fdfec173800 nmethod 423 0x00007fdfe91ab350 code [0x00007fdfe91ab480, 0x00007fdfe91ab4d8]

GC Heap History (10 events):
Event: 82.110 GC heap after
Heap after GC invocations=14 (full 0):
 PSYoungGen      total 517632K, used 96K [0x00000007d6a80000, 0x00000007fb800000, 0x0000000800000000)
  eden space 517120K, 0% used [0x00000007d6a80000,0x00000007d6a80000,0x00000007f6380000)
  from space 512K, 18% used [0x00000007fb780000,0x00000007fb798000,0x00000007fb800000)
  to   space 24576K, 0% used [0x00000007f8800000,0x00000007f8800000,0x00000007fa000000)
 ParOldGen       total 84480K, used 40481K [0x0000000784000000, 0x0000000789280000, 0x00000007d6a80000)
  object space 84480K, 47% used [0x0000000784000000,0x0000000786788460,0x0000000789280000)
 PSPermGen       total 21504K, used 7656K [0x0000000779a00000, 0x000000077af00000, 0x0000000784000000)
  object space 21504K, 35% used [0x0000000779a00000,0x000000077a17a1c8,0x000000077af00000)
}
Event: 94.178 GC heap before
{Heap before GC invocations=15 (full 0):
 PSYoungGen      total 517632K, used 517216K [0x00000007d6a80000, 0x00000007fb800000, 0x0000000800000000)
  eden space 517120K, 100% used [0x00000007d6a80000,0x00000007f6380000,0x00000007f6380000)
  from space 512K, 18% used [0x00000007fb780000,0x00000007fb798000,0x00000007fb800000)
  to   space 24576K, 0% used [0x00000007f8800000,0x00000007f8800000,0x00000007fa000000)
 ParOldGen       total 84480K, used 40481K [0x0000000784000000, 0x0000000789280000, 0x00000007d6a80000)
  object space 84480K, 47% used [0x0000000784000000,0x0000000786788460,0x0000000789280000)
 PSPermGen       total 21504K, used 7656K [0x0000000779a00000, 0x000000077af00000, 0x0000000784000000)
  object space 21504K, 35% used [0x0000000779a00000,0x000000077a17a1c8,0x000000077af00000)
Event: 94.178 GC heap after
Heap after GC invocations=15 (full 0):
 PSYoungGen      total 517632K, used 128K [0x00000007d6a80000, 0x00000007fb800000, 0x0000000800000000)
  eden space 493056K, 0% used [0x00000007d6a80000,0x00000007d6a80000,0x00000007f4c00000)
  from space 24576K, 0% used [0x00000007f8800000,0x00000007f8820000,0x00000007fa000000)
  to   space 24064K, 0% used [0x00000007fa080000,0x00000007fa080000,0x00000007fb800000)
 ParOldGen       total 84480K, used 40505K [0x0000000784000000, 0x0000000789280000, 0x00000007d6a80000)
  object space 84480K, 47% used [0x0000000784000000,0x000000078678e460,0x0000000789280000)
 PSPermGen       total 21504K, used 7656K [0x0000000779a00000, 0x000000077af00000, 0x0000000784000000)
  object space 21504K, 35% used [0x0000000779a00000,0x000000077a17a1c8,0x000000077af00000)
}
Event: 103.881 GC heap before
{Heap before GC invocations=16 (full 0):
 PSYoungGen      total 517632K, used 493184K [0x00000007d6a80000, 0x00000007fb800000, 0x0000000800000000)
  eden space 493056K, 100% used [0x00000007d6a80000,0x00000007f4c00000,0x00000007f4c00000)
  from space 24576K, 0% used [0x00000007f8800000,0x00000007f8820000,0x00000007fa000000)
  to   space 24064K, 0% used [0x00000007fa080000,0x00000007fa080000,0x00000007fb800000)
 ParOldGen       total 84480K, used 40505K [0x0000000784000000, 0x0000000789280000, 0x00000007d6a80000)
  object space 84480K, 47% used [0x0000000784000000,0x000000078678e460,0x0000000789280000)
 PSPermGen       total 21504K, used 7656K [0x0000000779a00000, 0x000000077af00000, 0x0000000784000000)
  object space 21504K, 35% used [0x0000000779a00000,0x000000077a17a1c8,0x000000077af00000)
Event: 103.883 GC heap after
Heap after GC invocations=16 (full 0):
 PSYoungGen      total 470528K, used 96K [0x00000007d6a80000, 0x00000007fa100000, 0x0000000800000000)
  eden space 470016K, 0% used [0x00000007d6a80000,0x00000007d6a80000,0x00000007f3580000)
  from space 512K, 18% used [0x00000007fa080000,0x00000007fa098000,0x00000007fa100000)
  to   space 23040K, 0% used [0x00000007f7400000,0x00000007f7400000,0x00000007f8a80000)
 ParOldGen       total 84480K, used 40529K [0x0000000784000000, 0x0000000789280000, 0x00000007d6a80000)
  object space 84480K, 47% used [0x0000000784000000,0x0000000786794460,0x0000000789280000)
 PSPermGen       total 21504K, used 7656K [0x0000000779a00000, 0x000000077af00000, 0x0000000784000000)
  object space 21504K, 35% used [0x0000000779a00000,0x000000077a17a1c8,0x000000077af00000)
}
Event: 116.219 GC heap before
{Heap before GC invocations=17 (full 0):
 PSYoungGen      total 470528K, used 470112K [0x00000007d6a80000, 0x00000007fa100000, 0x0000000800000000)
  eden space 470016K, 100% used [0x00000007d6a80000,0x00000007f3580000,0x00000007f3580000)
  from space 512K, 18% used [0x00000007fa080000,0x00000007fa098000,0x00000007fa100000)
  to   space 23040K, 0% used [0x00000007f7400000,0x00000007f7400000,0x00000007f8a80000)
 ParOldGen       total 84480K, used 40529K [0x0000000784000000, 0x0000000789280000, 0x00000007d6a80000)
  object space 84480K, 47% used [0x0000000784000000,0x0000000786794460,0x0000000789280000)
 PSPermGen       total 21504K, used 7656K [0x0000000779a00000, 0x000000077af00000, 0x0000000784000000)
  object space 21504K, 35% used [0x0000000779a00000,0x000000077a17a1c8,0x000000077af00000)
Event: 116.220 GC heap after
Heap after GC invocations=17 (full 0):
 PSYoungGen      total 471552K, used 64K [0x00000007d6a80000, 0x00000007fa100000, 0x0000000800000000)
  eden space 448512K, 0% used [0x00000007d6a80000,0x00000007d6a80000,0x00000007f2080000)
  from space 23040K, 0% used [0x00000007f7400000,0x00000007f7410000,0x00000007f8a80000)
  to   space 22528K, 0% used [0x00000007f8b00000,0x00000007f8b00000,0x00000007fa100000)
 ParOldGen       total 84480K, used 40563K [0x0000000784000000, 0x0000000789280000, 0x00000007d6a80000)
  object space 84480K, 48% used [0x0000000784000000,0x000000078679ccd0,0x0000000789280000)
 PSPermGen       total 21504K, used 7656K [0x0000000779a00000, 0x000000077af00000, 0x0000000784000000)
  object space 21504K, 35% used [0x0000000779a00000,0x000000077a17a1c8,0x000000077af00000)
}
Event: 128.280 GC heap before
{Heap before GC invocations=18 (full 0):
 PSYoungGen      total 471552K, used 448576K [0x00000007d6a80000, 0x00000007fa100000, 0x0000000800000000)
  eden space 448512K, 100% used [0x00000007d6a80000,0x00000007f2080000,0x00000007f2080000)
  from space 23040K, 0% used [0x00000007f7400000,0x00000007f7410000,0x00000007f8a80000)
  to   space 22528K, 0% used [0x00000007f8b00000,0x00000007f8b00000,0x00000007fa100000)
 ParOldGen       total 84480K, used 40563K [0x0000000784000000, 0x0000000789280000, 0x00000007d6a80000)
  object space 84480K, 48% used [0x0000000784000000,0x000000078679ccd0,0x0000000789280000)
 PSPermGen       total 21504K, used 7656K [0x0000000779a00000, 0x000000077af00000, 0x0000000784000000)
  object space 21504K, 35% used [0x0000000779a00000,0x000000077a17a1c8,0x000000077af00000)
Event: 128.281 GC heap after
Heap after GC invocations=18 (full 0):
 PSYoungGen      total 428544K, used 64K [0x00000007d6a80000, 0x00000007f8b80000, 0x0000000800000000)
  eden space 428032K, 0% used [0x00000007d6a80000,0x00000007d6a80000,0x00000007f0c80000)
  from space 512K, 12% used [0x00000007f8b00000,0x00000007f8b10000,0x00000007f8b80000)
  to   space 21504K, 0% used [0x00000007f6180000,0x00000007f6180000,0x00000007f7680000)
 ParOldGen       total 84480K, used 40579K [0x0000000784000000, 0x0000000789280000, 0x00000007d6a80000)
  object space 84480K, 48% used [0x0000000784000000,0x00000007867a0cd0,0x0000000789280000)
 PSPermGen       total 21504K, used 7656K [0x0000000779a00000, 0x000000077af00000, 0x0000000784000000)
  object space 21504K, 35% used [0x0000000779a00000,0x000000077a17a1c8,0x000000077af00000)
}
Event: 144.266 GC heap before
{Heap before GC invocations=19 (full 0):
 PSYoungGen      total 428544K, used 428096K [0x00000007d6a80000, 0x00000007f8b80000, 0x0000000800000000)
  eden space 428032K, 100% used [0x00000007d6a80000,0x00000007f0c80000,0x00000007f0c80000)
  from space 512K, 12% used [0x00000007f8b00000,0x00000007f8b10000,0x00000007f8b80000)
  to   space 21504K, 0% used [0x00000007f6180000,0x00000007f6180000,0x00000007f7680000)
 ParOldGen       total 84480K, used 40579K [0x0000000784000000, 0x0000000789280000, 0x00000007d6a80000)
  object space 84480K, 48% used [0x0000000784000000,0x00000007867a0cd0,0x0000000789280000)
 PSPermGen       total 21504K, used 7656K [0x0000000779a00000, 0x000000077af00000, 0x0000000784000000)
  object space 21504K, 35% used [0x0000000779a00000,0x000000077a17a1c8,0x000000077af00000)

Deoptimization events (10 events):
Event: 4.928 Thread 0x00007fdfec00a000 Uncommon trap: reason=class_check action=maybe_recompile pc=0x00007fdfe91b3270 method=com.github.stigmata.birthmarks.cvfv.TypeAndValueBirthmarkElement.equals(Ljava/lang/Object;)Z @ 64
Event: 4.928 Thread 0x00007fdfec00a000 Uncommon trap: reason=class_check action=maybe_recompile pc=0x00007fdfe91b3270 method=com.github.stigmata.birthmarks.cvfv.TypeAndValueBirthmarkElement.equals(Ljava/lang/Object;)Z @ 64
Event: 4.928 Thread 0x00007fdfec00a000 Uncommon trap: reason=class_check action=maybe_recompile pc=0x00007fdfe91a22c8 method=com.github.stigmata.birthmarks.cvfv.TypeAndValueBirthmarkElement.equals(Ljava/lang/Object;)Z @ 64
Event: 5.943 Thread 0x00007fdfec143800 Uncommon trap: reason=bimorphic action=maybe_recompile pc=0x00007fdfe91714c0 method=java.lang.System$2.invokeFinalize(Ljava/lang/Object;)V @ 1
Event: 5.943 Thread 0x00007fdfec143800 Uncommon trap: reason=bimorphic action=maybe_recompile pc=0x00007fdfe91714c0 method=java.lang.System$2.invokeFinalize(Ljava/lang/Object;)V @ 1
Event: 5.943 Thread 0x00007fdfec143800 Uncommon trap: reason=bimorphic action=maybe_recompile pc=0x00007fdfe91714c0 method=java.lang.System$2.invokeFinalize(Ljava/lang/Object;)V @ 1
Event: 5.943 Thread 0x00007fdfec143800 Uncommon trap: reason=bimorphic action=maybe_recompile pc=0x00007fdfe91714c0 method=java.lang.System$2.invokeFinalize(Ljava/lang/Object;)V @ 1
Event: 5.943 Thread 0x00007fdfec143800 Uncommon trap: reason=bimorphic action=maybe_recompile pc=0x00007fdfe90e82c0 method=java.lang.System$2.invokeFinalize(Ljava/lang/Object;)V @ 1
Event: 5.943 Thread 0x00007fdfec143800 Uncommon trap: reason=bimorphic action=maybe_recompile pc=0x00007fdfe90e74b4 method=java.lang.System$2.invokeFinalize(Ljava/lang/Object;)V @ 1
Event: 5.945 Thread 0x00007fdfec143800 Uncommon trap: reason=unstable_if action=reinterpret pc=0x00007fdfe90e7a5c method=java.lang.ref.Finalizer.remove()V @ 10

Internal exceptions (10 events):
Event: 0.396 Thread 0x00007fdfec00a000 Threw 0x00000007d84691a0 at /build/openjdk-7-3x2aMC/openjdk-7-7u95-2.6.4/build/openjdk/hotspot/src/share/vm/prims/jvm.cpp:1322
Event: 0.399 Thread 0x00007fdfec00a000 Threw 0x00000007d846c7a8 at /build/openjdk-7-3x2aMC/openjdk-7-7u95-2.6.4/build/openjdk/hotspot/src/share/vm/prims/jvm.cpp:1322
Event: 0.400 Thread 0x00007fdfec00a000 Threw 0x00000007d8472080 at /build/openjdk-7-3x2aMC/openjdk-7-7u95-2.6.4/build/openjdk/hotspot/src/share/vm/prims/jvm.cpp:1322
Event: 0.405 Thread 0x00007fdfec00a000 Threw 0x00000007d84cfcc8 at /build/openjdk-7-3x2aMC/openjdk-7-7u95-2.6.4/build/openjdk/hotspot/src/share/vm/prims/jvm.cpp:1322
Event: 0.411 Thread 0x00007fdfec00a000 Threw 0x00000007d853e108 at /build/openjdk-7-3x2aMC/openjdk-7-7u95-2.6.4/build/openjdk/hotspot/src/share/vm/prims/jvm.cpp:1322
Event: 1.286 Thread 0x00007fdfec00a000 Implicit null exception at 0x00007fdfe90fc698 to 0x00007fdfe90fc6d6
Event: 2.128 Thread 0x00007fdfec00a000 Threw 0x00000007d9d76e00 at /build/openjdk-7-3x2aMC/openjdk-7-7u95-2.6.4/build/openjdk/hotspot/src/share/vm/prims/jvm.cpp:1322
Event: 2.129 Thread 0x00007fdfec00a000 Threw 0x00000007d9d7c9c8 at /build/openjdk-7-3x2aMC/openjdk-7-7u95-2.6.4/build/openjdk/hotspot/src/share/vm/prims/jvm.cpp:1322
Event: 2.129 Thread 0x00007fdfec00a000 Threw 0x00000007d9d91ce8 at /build/openjdk-7-3x2aMC/openjdk-7-7u95-2.6.4/build/openjdk/hotspot/src/share/vm/prims/jvm.cpp:1322
Event: 2.130 Thread 0x00007fdfec00a000 Threw 0x00000007d9d95de8 at /build/openjdk-7-3x2aMC/openjdk-7-7u95-2.6.4/build/openjdk/hotspot/src/share/vm/prims/jvm.cpp:1322

Events (10 events):
Event: 82.110 Executing VM operation: ParallelGCFailedAllocation done
Event: 94.178 Executing VM operation: ParallelGCFailedAllocation
Event: 94.178 Executing VM operation: ParallelGCFailedAllocation done
Event: 103.881 Executing VM operation: ParallelGCFailedAllocation
Event: 103.883 Executing VM operation: ParallelGCFailedAllocation done
Event: 116.219 Executing VM operation: ParallelGCFailedAllocation
Event: 116.220 Executing VM operation: ParallelGCFailedAllocation done
Event: 128.280 Executing VM operation: ParallelGCFailedAllocation
Event: 128.281 Executing VM operation: ParallelGCFailedAllocation done
Event: 144.245 Executing VM operation: ParallelGCFailedAllocation


Dynamic libraries:
00400000-00401000 r-xp 00000000 08:07 13641842                           /usr/lib/jvm/java-7-openjdk-amd64/jre/bin/java
00600000-00601000 r--p 00000000 08:07 13641842                           /usr/lib/jvm/java-7-openjdk-amd64/jre/bin/java
00601000-00602000 rw-p 00001000 08:07 13641842                           /usr/lib/jvm/java-7-openjdk-amd64/jre/bin/java
00883000-008a4000 rw-p 00000000 00:00 0                                  [heap]
779a00000-77af00000 rw-p 00000000 00:00 0 
77af00000-784000000 rw-p 00000000 00:00 0 
784000000-789280000 rw-p 00000000 00:00 0 
789280000-7d6a80000 rw-p 00000000 00:00 0 
7d6a80000-7f8b80000 rw-p 00000000 00:00 0 
7fdc00000-800000000 ---p 00000000 00:00 0 
7fdf98000000-7fdf9bffd000 rw-p 00000000 00:00 0 
7fdf9bffd000-7fdf9c000000 ---p 00000000 00:00 0 
7fdf9c000000-7fdf9fbdc000 rw-p 00000000 00:00 0 
7fdf9fbdc000-7fdfa0000000 ---p 00000000 00:00 0 
7fdfa0000000-7fdfa3ffb000 rw-p 00000000 00:00 0 
7fdfa3ffb000-7fdfa4000000 ---p 00000000 00:00 0 
7fdfa4000000-7fdfa7ffc000 rw-p 00000000 00:00 0 
7fdfa7ffc000-7fdfa8000000 ---p 00000000 00:00 0 
7fdfa8000000-7fdfa8021000 rw-p 00000000 00:00 0 
7fdfa8021000-7fdfac000000 ---p 00000000 00:00 0 
7fdfac000000-7fdfafffd000 rw-p 00000000 00:00 0 
7fdfafffd000-7fdfb0000000 ---p 00000000 00:00 0 
7fdfb0000000-7fdfb1065000 rw-p 00000000 00:00 0 
7fdfb1065000-7fdfb4000000 ---p 00000000 00:00 0 
7fdfb4000000-7fdfb4021000 rw-p 00000000 00:00 0 
7fdfb4021000-7fdfb8000000 ---p 00000000 00:00 0 
7fdfb8000000-7fdfb8021000 rw-p 00000000 00:00 0 
7fdfb8021000-7fdfbc000000 ---p 00000000 00:00 0 
7fdfbc000000-7fdfbd4d4000 rw-p 00000000 00:00 0 
7fdfbd4d4000-7fdfc0000000 ---p 00000000 00:00 0 
7fdfc0000000-7fdfc0021000 rw-p 00000000 00:00 0 
7fdfc0021000-7fdfc4000000 ---p 00000000 00:00 0 
7fdfc4000000-7fdfc4021000 rw-p 00000000 00:00 0 
7fdfc4021000-7fdfc8000000 ---p 00000000 00:00 0 
7fdfc8000000-7fdfc8021000 rw-p 00000000 00:00 0 
7fdfc8021000-7fdfcc000000 ---p 00000000 00:00 0 
7fdfcfcd0000-7fdfd4000000 rw-p 00000000 00:00 0 
7fdfd4000000-7fdfd4021000 rw-p 00000000 00:00 0 
7fdfd4021000-7fdfd8000000 ---p 00000000 00:00 0 
7fdfd86b4000-7fdfd8746000 r--s 0069f000 08:07 5246078                    /home/hit_alan/zhoufandi/somefilebetweenlinuxandwindows/dex2jar-2.0/31aa6260ce3ad5750d30d90052c5c7e61bf7ad04a545459be7a9fe885b001433/clientdex2jar.jar
7fdfd8746000-7fdfd87a5000 r--s 00380000 08:07 5246079                    /home/hit_alan/zhoufandi/somefilebetweenlinuxandwindows/dex2jar-2.0/31aa6260ce3ad5750d30d90052c5c7e61bf7ad04a545459be7a9fe885b001433/channeldex2jar.jar
7fdfd87a5000-7fdfd8804000 r--s 00380000 08:07 5246079                    /home/hit_alan/zhoufandi/somefilebetweenlinuxandwindows/dex2jar-2.0/31aa6260ce3ad5750d30d90052c5c7e61bf7ad04a545459be7a9fe885b001433/channeldex2jar.jar
7fdfd8804000-7fdfd8b05000 rw-p 00000000 00:00 0 
7fdfd8b05000-7fdfd8b71000 r-xp 00000000 08:07 16257056                   /lib/x86_64-linux-gnu/libpcre.so.3.13.1
7fdfd8b71000-7fdfd8d70000 ---p 0006c000 08:07 16257056                   /lib/x86_64-linux-gnu/libpcre.so.3.13.1
7fdfd8d70000-7fdfd8d71000 r--p 0006b000 08:07 16257056                   /lib/x86_64-linux-gnu/libpcre.so.3.13.1
7fdfd8d71000-7fdfd8d72000 rw-p 0006c000 08:07 16257056                   /lib/x86_64-linux-gnu/libpcre.so.3.13.1
7fdfd8d72000-7fdfd8d79000 r-xp 00000000 08:07 13631618                   /usr/lib/x86_64-linux-gnu/libffi.so.6.0.4
7fdfd8d79000-7fdfd8f78000 ---p 00007000 08:07 13631618                   /usr/lib/x86_64-linux-gnu/libffi.so.6.0.4
7fdfd8f78000-7fdfd8f79000 r--p 00006000 08:07 13631618                   /usr/lib/x86_64-linux-gnu/libffi.so.6.0.4
7fdfd8f79000-7fdfd8f7a000 rw-p 00007000 08:07 13631618                   /usr/lib/x86_64-linux-gnu/libffi.so.6.0.4
7fdfd8f7a000-7fdfd8f91000 r-xp 00000000 08:07 16253007                   /lib/x86_64-linux-gnu/libresolv-2.21.so
7fdfd8f91000-7fdfd9191000 ---p 00017000 08:07 16253007                   /lib/x86_64-linux-gnu/libresolv-2.21.so
7fdfd9191000-7fdfd9193000 r--p 00017000 08:07 16253007                   /lib/x86_64-linux-gnu/libresolv-2.21.so
7fdfd9193000-7fdfd9194000 rw-p 00019000 08:07 16253007                   /lib/x86_64-linux-gnu/libresolv-2.21.so
7fdfd9194000-7fdfd9196000 rw-p 00000000 00:00 0 
7fdfd9196000-7fdfd91b7000 r-xp 00000000 08:07 16257131                   /lib/x86_64-linux-gnu/libselinux.so.1
7fdfd91b7000-7fdfd93b6000 ---p 00021000 08:07 16257131                   /lib/x86_64-linux-gnu/libselinux.so.1
7fdfd93b6000-7fdfd93b7000 r--p 00020000 08:07 16257131                   /lib/x86_64-linux-gnu/libselinux.so.1
7fdfd93b7000-7fdfd93b8000 rw-p 00021000 08:07 16257131                   /lib/x86_64-linux-gnu/libselinux.so.1
7fdfd93b8000-7fdfd93ba000 rw-p 00000000 00:00 0 
7fdfd93ba000-7fdfd93bd000 r-xp 00000000 08:07 13631893                   /usr/lib/x86_64-linux-gnu/libgmodule-2.0.so.0.4400.1
7fdfd93bd000-7fdfd95bc000 ---p 00003000 08:07 13631893                   /usr/lib/x86_64-linux-gnu/libgmodule-2.0.so.0.4400.1
7fdfd95bc000-7fdfd95bd000 r--p 00002000 08:07 13631893                   /usr/lib/x86_64-linux-gnu/libgmodule-2.0.so.0.4400.1
7fdfd95bd000-7fdfd95be000 rw-p 00003000 08:07 13631893                   /usr/lib/x86_64-linux-gnu/libgmodule-2.0.so.0.4400.1
7fdfd95be000-7fdfd96cb000 r-xp 00000000 08:07 16257102                   /lib/x86_64-linux-gnu/libglib-2.0.so.0.4400.1
7fdfd96cb000-7fdfd98ca000 ---p 0010d000 08:07 16257102                   /lib/x86_64-linux-gnu/libglib-2.0.so.0.4400.1
7fdfd98ca000-7fdfd98cb000 r--p 0010c000 08:07 16257102                   /lib/x86_64-linux-gnu/libglib-2.0.so.0.4400.1
7fdfd98cb000-7fdfd98cc000 rw-p 0010d000 08:07 16257102                   /lib/x86_64-linux-gnu/libglib-2.0.so.0.4400.1
7fdfd98cc000-7fdfd98cd000 rw-p 00000000 00:00 0 
7fdfd98cd000-7fdfd991d000 r-xp 00000000 08:07 13631853                   /usr/lib/x86_64-linux-gnu/libgobject-2.0.so.0.4400.1
7fdfd991d000-7fdfd9b1d000 ---p 00050000 08:07 13631853                   /usr/lib/x86_64-linux-gnu/libgobject-2.0.so.0.4400.1
7fdfd9b1d000-7fdfd9b1e000 r--p 00050000 08:07 13631853                   /usr/lib/x86_64-linux-gnu/libgobject-2.0.so.0.4400.1
7fdfd9b1e000-7fdfd9b1f000 rw-p 00051000 08:07 13631853                   /usr/lib/x86_64-linux-gnu/libgobject-2.0.so.0.4400.1
7fdfd9b1f000-7fdfd9c97000 r-xp 00000000 08:07 13631875                   /usr/lib/x86_64-linux-gnu/libgio-2.0.so.0.4400.1
7fdfd9c97000-7fdfd9e97000 ---p 00178000 08:07 13631875                   /usr/lib/x86_64-linux-gnu/libgio-2.0.so.0.4400.1
7fdfd9e97000-7fdfd9e9b000 r--p 00178000 08:07 13631875                   /usr/lib/x86_64-linux-gnu/libgio-2.0.so.0.4400.1
7fdfd9e9b000-7fdfd9e9d000 rw-p 0017c000 08:07 13631875                   /usr/lib/x86_64-linux-gnu/libgio-2.0.so.0.4400.1
7fdfd9e9d000-7fdfd9e9f000 rw-p 00000000 00:00 0 
7fdfd9e9f000-7fdfd9eb7000 r-xp 00000000 08:07 13642175                   /usr/lib/jvm/java-7-openjdk-amd64/jre/lib/amd64/libnet.so
7fdfd9eb7000-7fdfda0b6000 ---p 00018000 08:07 13642175                   /usr/lib/jvm/java-7-openjdk-amd64/jre/lib/amd64/libnet.so
7fdfda0b6000-7fdfda0b7000 r--p 00017000 08:07 13642175                   /usr/lib/jvm/java-7-openjdk-amd64/jre/lib/amd64/libnet.so
7fdfda0b7000-7fdfda0b8000 rw-p 00018000 08:07 13642175                   /usr/lib/jvm/java-7-openjdk-amd64/jre/lib/amd64/libnet.so
7fdfda0b8000-7fdfda0c9000 r-xp 00000000 08:07 13642136                   /usr/lib/jvm/java-7-openjdk-amd64/jre/lib/amd64/libnio.so
7fdfda0c9000-7fdfda2c8000 ---p 00011000 08:07 13642136                   /usr/lib/jvm/java-7-openjdk-amd64/jre/lib/amd64/libnio.so
7fdfda2c8000-7fdfda2c9000 r--p 00010000 08:07 13642136                   /usr/lib/jvm/java-7-openjdk-amd64/jre/lib/amd64/libnio.so
7fdfda2c9000-7fdfda2ca000 rw-p 00011000 08:07 13642136                   /usr/lib/jvm/java-7-openjdk-amd64/jre/lib/amd64/libnio.so
7fdfda2ca000-7fdfda2cb000 ---p 00000000 00:00 0 
7fdfda2cb000-7fdfda3cb000 rw-p 00000000 00:00 0 
7fdfda3cb000-7fdfda3ce000 ---p 00000000 00:00 0 
7fdfda3ce000-7fdfda4cc000 rw-p 00000000 00:00 0 
7fdfda4cc000-7fdfda4cf000 ---p 00000000 00:00 0 
7fdfda4cf000-7fdfda5cd000 rw-p 00000000 00:00 0 
7fdfda5cd000-7fdfda5d0000 ---p 00000000 00:00 0 
7fdfda5d0000-7fdfda6ce000 rw-p 00000000 00:00 0 
7fdfda6ce000-7fdfda6d1000 ---p 00000000 00:00 0 
7fdfda6d1000-7fdfda7cf000 rw-p 00000000 00:00 0 
7fdfda7cf000-7fdfdac3c000 r--p 00000000 08:07 13634881                   /usr/lib/locale/locale-archive
7fdfdac3c000-7fdfdac3f000 ---p 00000000 00:00 0 
7fdfdac3f000-7fdfdad3d000 rw-p 00000000 00:00 0 
7fdfdad3d000-7fdfdad40000 ---p 00000000 00:00 0 
7fdfdad40000-7fdfdae3e000 rw-p 00000000 00:00 0 
7fdfdae3e000-7fdfdae3f000 ---p 00000000 00:00 0 
7fdfdae3f000-7fdfdbe4e000 rw-p 00000000 00:00 0 
7fdfdbe4e000-7fdfdc000000 r--s 01d2f000 08:07 13642124                   /usr/lib/jvm/java-7-openjdk-amd64/jre/lib/rt.jar
7fdfdc000000-7fdfdc021000 rw-p 00000000 00:00 0 
7fdfdc021000-7fdfe0000000 ---p 00000000 00:00 0 
7fdfe0000000-7fdfe0021000 rw-p 00000000 00:00 0 
7fdfe0021000-7fdfe4000000 ---p 00000000 00:00 0 
7fdfe4000000-7fdfe4021000 rw-p 00000000 00:00 0 
7fdfe4021000-7fdfe8000000 ---p 00000000 00:00 0 
7fdfe800f000-7fdfe8016000 r--s 00000000 08:07 13902402                   /usr/lib/x86_64-linux-gnu/gconv/gconv-modules.cache
7fdfe8016000-7fdfe802a000 r--p 00000000 08:07 14421516                   /usr/share/locale-langpack/zh_CN/LC_MESSAGES/libc.mo
7fdfe802a000-7fdfe80bc000 r--s 0069f000 08:07 5246078                    /home/hit_alan/zhoufandi/somefilebetweenlinuxandwindows/dex2jar-2.0/31aa6260ce3ad5750d30d90052c5c7e61bf7ad04a545459be7a9fe885b001433/clientdex2jar.jar
7fdfe80bc000-7fdfe8633000 rw-p 00000000 00:00 0 
7fdfe8633000-7fdfe8634000 ---p 00000000 00:00 0 
7fdfe8634000-7fdfe8734000 rw-p 00000000 00:00 0 
7fdfe8734000-7fdfe8735000 ---p 00000000 00:00 0 
7fdfe8735000-7fdfe8835000 rw-p 00000000 00:00 0 
7fdfe8835000-7fdfe8836000 ---p 00000000 00:00 0 
7fdfe8836000-7fdfe8960000 rw-p 00000000 00:00 0 
7fdfe8960000-7fdfe8bcc000 rw-p 00000000 00:00 0 
7fdfe8bcc000-7fdfe8bd7000 rw-p 00000000 00:00 0 
7fdfe8bd7000-7fdfe8c1f000 rw-p 00000000 00:00 0 
7fdfe8c1f000-7fdfe8c49000 rw-p 00000000 00:00 0 
7fdfe8c49000-7fdfe8eb4000 rw-p 00000000 00:00 0 
7fdfe8eb4000-7fdfe8fc5000 rw-p 00000000 00:00 0 
7fdfe8fc5000-7fdfe8fff000 ---p 00000000 00:00 0 
7fdfe8fff000-7fdfe9000000 rw-p 00000000 00:00 0 
7fdfe9000000-7fdfe9270000 rwxp 00000000 00:00 0 
7fdfe9270000-7fdfefffd000 rw-p 00000000 00:00 0 
7fdfefffd000-7fdff0000000 ---p 00000000 00:00 0 
7fdff0006000-7fdff0010000 r--s 000ae000 08:07 13642193                   /usr/lib/jvm/java-7-openjdk-amd64/jre/lib/resources.jar
7fdff0010000-7fdff0015000 r--s 00036000 08:07 7081023                    /home/hit_alan/zhoufandi/somefilebetweenlinuxandwindows/target/asm-all-5.0.3.jar
7fdff0015000-7fdff0016000 ---p 00000000 00:00 0 
7fdff0016000-7fdff0121000 rw-p 00000000 00:00 0 
7fdff0121000-7fdff0169000 rw-p 00000000 00:00 0 
7fdff0169000-7fdff0171000 r-xp 00000000 08:07 13642144                   /usr/lib/jvm/java-7-openjdk-amd64/jre/lib/amd64/libzip.so
7fdff0171000-7fdff0370000 ---p 00008000 08:07 13642144                   /usr/lib/jvm/java-7-openjdk-amd64/jre/lib/amd64/libzip.so
7fdff0370000-7fdff0371000 r--p 00007000 08:07 13642144                   /usr/lib/jvm/java-7-openjdk-amd64/jre/lib/amd64/libzip.so
7fdff0371000-7fdff0372000 rw-p 00008000 08:07 13642144                   /usr/lib/jvm/java-7-openjdk-amd64/jre/lib/amd64/libzip.so
7fdff0372000-7fdff037e000 r-xp 00000000 08:07 16253008                   /lib/x86_64-linux-gnu/libnss_files-2.21.so
7fdff037e000-7fdff057d000 ---p 0000c000 08:07 16253008                   /lib/x86_64-linux-gnu/libnss_files-2.21.so
7fdff057d000-7fdff057e000 r--p 0000b000 08:07 16253008                   /lib/x86_64-linux-gnu/libnss_files-2.21.so
7fdff057e000-7fdff057f000 rw-p 0000c000 08:07 16253008                   /lib/x86_64-linux-gnu/libnss_files-2.21.so
7fdff057f000-7fdff058a000 r-xp 00000000 08:07 16252996                   /lib/x86_64-linux-gnu/libnss_nis-2.21.so
7fdff058a000-7fdff0789000 ---p 0000b000 08:07 16252996                   /lib/x86_64-linux-gnu/libnss_nis-2.21.so
7fdff0789000-7fdff078a000 r--p 0000a000 08:07 16252996                   /lib/x86_64-linux-gnu/libnss_nis-2.21.so
7fdff078a000-7fdff078b000 rw-p 0000b000 08:07 16252996                   /lib/x86_64-linux-gnu/libnss_nis-2.21.so
7fdff078b000-7fdff07a2000 r-xp 00000000 08:07 16257004                   /lib/x86_64-linux-gnu/libnsl-2.21.so
7fdff07a2000-7fdff09a1000 ---p 00017000 08:07 16257004                   /lib/x86_64-linux-gnu/libnsl-2.21.so
7fdff09a1000-7fdff09a2000 r--p 00016000 08:07 16257004                   /lib/x86_64-linux-gnu/libnsl-2.21.so
7fdff09a2000-7fdff09a3000 rw-p 00017000 08:07 16257004                   /lib/x86_64-linux-gnu/libnsl-2.21.so
7fdff09a3000-7fdff09a5000 rw-p 00000000 00:00 0 
7fdff09a5000-7fdff09ad000 r-xp 00000000 08:07 16253010                   /lib/x86_64-linux-gnu/libnss_compat-2.21.so
7fdff09ad000-7fdff0bac000 ---p 00008000 08:07 16253010                   /lib/x86_64-linux-gnu/libnss_compat-2.21.so
7fdff0bac000-7fdff0bad000 r--p 00007000 08:07 16253010                   /lib/x86_64-linux-gnu/libnss_compat-2.21.so
7fdff0bad000-7fdff0bae000 rw-p 00008000 08:07 16253010                   /lib/x86_64-linux-gnu/libnss_compat-2.21.so
7fdff0bae000-7fdff0bdb000 r-xp 00000000 08:07 13642157                   /usr/lib/jvm/java-7-openjdk-amd64/jre/lib/amd64/libjava.so
7fdff0bdb000-7fdff0dda000 ---p 0002d000 08:07 13642157                   /usr/lib/jvm/java-7-openjdk-amd64/jre/lib/amd64/libjava.so
7fdff0dda000-7fdff0ddb000 r--p 0002c000 08:07 13642157                   /usr/lib/jvm/java-7-openjdk-amd64/jre/lib/amd64/libjava.so
7fdff0ddb000-7fdff0ddd000 rw-p 0002d000 08:07 13642157                   /usr/lib/jvm/java-7-openjdk-amd64/jre/lib/amd64/libjava.so
7fdff0ddd000-7fdff0dec000 r-xp 00000000 08:07 13642171                   /usr/lib/jvm/java-7-openjdk-amd64/jre/lib/amd64/libverify.so
7fdff0dec000-7fdff0feb000 ---p 0000f000 08:07 13642171                   /usr/lib/jvm/java-7-openjdk-amd64/jre/lib/amd64/libverify.so
7fdff0feb000-7fdff0fee000 r--p 0000e000 08:07 13642171                   /usr/lib/jvm/java-7-openjdk-amd64/jre/lib/amd64/libverify.so
7fdff0fee000-7fdff0fef000 rw-p 00011000 08:07 13642171                   /usr/lib/jvm/java-7-openjdk-amd64/jre/lib/amd64/libverify.so
7fdff0fef000-7fdff0ff6000 r-xp 00000000 08:07 16257005                   /lib/x86_64-linux-gnu/librt-2.21.so
7fdff0ff6000-7fdff11f5000 ---p 00007000 08:07 16257005                   /lib/x86_64-linux-gnu/librt-2.21.so
7fdff11f5000-7fdff11f6000 r--p 00006000 08:07 16257005                   /lib/x86_64-linux-gnu/librt-2.21.so
7fdff11f6000-7fdff11f7000 rw-p 00007000 08:07 16257005                   /lib/x86_64-linux-gnu/librt-2.21.so
7fdff11f7000-7fdff120d000 r-xp 00000000 08:07 16257047                   /lib/x86_64-linux-gnu/libgcc_s.so.1
7fdff120d000-7fdff140c000 ---p 00016000 08:07 16257047                   /lib/x86_64-linux-gnu/libgcc_s.so.1
7fdff140c000-7fdff140d000 rw-p 00015000 08:07 16257047                   /lib/x86_64-linux-gnu/libgcc_s.so.1
7fdff140d000-7fdff1514000 r-xp 00000000 08:07 16257003                   /lib/x86_64-linux-gnu/libm-2.21.so
7fdff1514000-7fdff1713000 ---p 00107000 08:07 16257003                   /lib/x86_64-linux-gnu/libm-2.21.so
7fdff1713000-7fdff1714000 r--p 00106000 08:07 16257003                   /lib/x86_64-linux-gnu/libm-2.21.so
7fdff1714000-7fdff1715000 rw-p 00107000 08:07 16257003                   /lib/x86_64-linux-gnu/libm-2.21.so
7fdff1715000-7fdff1805000 r-xp 00000000 08:07 13631543                   /usr/lib/x86_64-linux-gnu/libstdc++.so.6.0.20
7fdff1805000-7fdff1a05000 ---p 000f0000 08:07 13631543                   /usr/lib/x86_64-linux-gnu/libstdc++.so.6.0.20
7fdff1a05000-7fdff1a0d000 r--p 000f0000 08:07 13631543                   /usr/lib/x86_64-linux-gnu/libstdc++.so.6.0.20
7fdff1a0d000-7fdff1a0f000 rw-p 000f8000 08:07 13631543                   /usr/lib/x86_64-linux-gnu/libstdc++.so.6.0.20
7fdff1a0f000-7fdff1a24000 rw-p 00000000 00:00 0 
7fdff1a24000-7fdff2584000 r-xp 00000000 08:07 13642163                   /usr/lib/jvm/java-7-openjdk-amd64/jre/lib/amd64/server/libjvm.so
7fdff2584000-7fdff2784000 ---p 00b60000 08:07 13642163                   /usr/lib/jvm/java-7-openjdk-amd64/jre/lib/amd64/server/libjvm.so
7fdff2784000-7fdff2823000 r--p 00b60000 08:07 13642163                   /usr/lib/jvm/java-7-openjdk-amd64/jre/lib/amd64/server/libjvm.so
7fdff2823000-7fdff2846000 rw-p 00bff000 08:07 13642163                   /usr/lib/jvm/java-7-openjdk-amd64/jre/lib/amd64/server/libjvm.so
7fdff2846000-7fdff2873000 rw-p 00000000 00:00 0 
7fdff2873000-7fdff288c000 r-xp 00000000 08:07 16257026                   /lib/x86_64-linux-gnu/libz.so.1.2.8
7fdff288c000-7fdff2a8c000 ---p 00019000 08:07 16257026                   /lib/x86_64-linux-gnu/libz.so.1.2.8
7fdff2a8c000-7fdff2a8d000 r--p 00019000 08:07 16257026                   /lib/x86_64-linux-gnu/libz.so.1.2.8
7fdff2a8d000-7fdff2a8e000 rw-p 0001a000 08:07 16257026                   /lib/x86_64-linux-gnu/libz.so.1.2.8
7fdff2a8e000-7fdff2aa6000 r-xp 00000000 08:07 16253005                   /lib/x86_64-linux-gnu/libpthread-2.21.so
7fdff2aa6000-7fdff2ca6000 ---p 00018000 08:07 16253005                   /lib/x86_64-linux-gnu/libpthread-2.21.so
7fdff2ca6000-7fdff2ca7000 r--p 00018000 08:07 16253005                   /lib/x86_64-linux-gnu/libpthread-2.21.so
7fdff2ca7000-7fdff2ca8000 rw-p 00019000 08:07 16253005                   /lib/x86_64-linux-gnu/libpthread-2.21.so
7fdff2ca8000-7fdff2cac000 rw-p 00000000 00:00 0 
7fdff2cac000-7fdff2caf000 r-xp 00000000 08:07 16253001                   /lib/x86_64-linux-gnu/libdl-2.21.so
7fdff2caf000-7fdff2eae000 ---p 00003000 08:07 16253001                   /lib/x86_64-linux-gnu/libdl-2.21.so
7fdff2eae000-7fdff2eaf000 r--p 00002000 08:07 16253001                   /lib/x86_64-linux-gnu/libdl-2.21.so
7fdff2eaf000-7fdff2eb0000 rw-p 00003000 08:07 16253001                   /lib/x86_64-linux-gnu/libdl-2.21.so
7fdff2eb0000-7fdff3070000 r-xp 00000000 08:07 16257010                   /lib/x86_64-linux-gnu/libc-2.21.so
7fdff3070000-7fdff3270000 ---p 001c0000 08:07 16257010                   /lib/x86_64-linux-gnu/libc-2.21.so
7fdff3270000-7fdff3274000 r--p 001c0000 08:07 16257010                   /lib/x86_64-linux-gnu/libc-2.21.so
7fdff3274000-7fdff3276000 rw-p 001c4000 08:07 16257010                   /lib/x86_64-linux-gnu/libc-2.21.so
7fdff3276000-7fdff327a000 rw-p 00000000 00:00 0 
7fdff327a000-7fdff3287000 r-xp 00000000 08:07 13642172                   /usr/lib/jvm/java-7-openjdk-amd64/jre/lib/amd64/jli/libjli.so
7fdff3287000-7fdff3486000 ---p 0000d000 08:07 13642172                   /usr/lib/jvm/java-7-openjdk-amd64/jre/lib/amd64/jli/libjli.so
7fdff3486000-7fdff3487000 r--p 0000c000 08:07 13642172                   /usr/lib/jvm/java-7-openjdk-amd64/jre/lib/amd64/jli/libjli.so
7fdff3487000-7fdff3488000 rw-p 0000d000 08:07 13642172                   /usr/lib/jvm/java-7-openjdk-amd64/jre/lib/amd64/jli/libjli.so
7fdff3488000-7fdff34ac000 r-xp 00000000 08:07 16253004                   /lib/x86_64-linux-gnu/ld-2.21.so
7fdff34ac000-7fdff34ad000 rw-p 00000000 00:00 0 
7fdff34ad000-7fdff34ae000 r--s 00005000 08:07 7081028                    /home/hit_alan/zhoufandi/somefilebetweenlinuxandwindows/target/csvio-1.0.2.jar
7fdff34ae000-7fdff34af000 r--s 00008000 08:07 7081026                    /home/hit_alan/zhoufandi/somefilebetweenlinuxandwindows/target/commons-cli-1.1.jar
7fdff34af000-7fdff34b1000 r--s 0001d000 08:07 7081025                    /home/hit_alan/zhoufandi/somefilebetweenlinuxandwindows/target/xmlcli-1.2.3.jar
7fdff34b1000-7fdff34b3000 r--s 0000d000 08:07 7081029                    /home/hit_alan/zhoufandi/somefilebetweenlinuxandwindows/target/commons-logging-1.1.1.jar
7fdff34b3000-7fdff34b8000 r--s 00034000 08:07 7081024                    /home/hit_alan/zhoufandi/somefilebetweenlinuxandwindows/target/commons-beanutils-1.8.3.jar
7fdff34b8000-7fdff34c3000 r--s 000b4000 08:07 7081123                    /home/hit_alan/zhoufandi/somefilebetweenlinuxandwindows/target/stigmata-5.0-SNAPSHOT.jar
7fdff34c3000-7fdff34c7000 r--s 00034000 08:07 13642025                   /usr/lib/jvm/java-7-openjdk-amd64/jre/lib/ext/sunjce_provider.jar
7fdff34c7000-7fdff34d1000 rw-p 00000000 00:00 0 
7fdff34d1000-7fdff3587000 rw-p 00000000 00:00 0 
7fdff3587000-7fdff358a000 ---p 00000000 00:00 0 
7fdff358a000-7fdff368d000 rw-p 00000000 00:00 0 
7fdff368d000-7fdff368f000 r--s 0000b000 08:07 7081027                    /home/hit_alan/zhoufandi/somefilebetweenlinuxandwindows/target/commons-dbutils-1.4.jar
7fdff368f000-7fdff3690000 r--s 00002000 08:07 13642027                   /usr/lib/jvm/java-7-openjdk-amd64/jre/lib/ext/dnsns.jar
7fdff3690000-7fdff3692000 r--s 00012000 08:07 13642022                   /usr/lib/jvm/java-7-openjdk-amd64/jre/lib/ext/zipfs.jar
7fdff3692000-7fdff3696000 r--s 0003c000 08:07 13642026                   /usr/lib/jvm/java-7-openjdk-amd64/jre/lib/ext/sunpkcs11.jar
7fdff3696000-7fdff3699000 r--s 0000f000 08:07 13642024                   /usr/lib/jvm/java-7-openjdk-amd64/jre/lib/ext/icedtea-sound.jar
7fdff3699000-7fdff369d000 r--s 00085000 08:07 13642023                   /usr/lib/jvm/java-7-openjdk-amd64/jre/lib/ext/localedata.jar
7fdff369d000-7fdff369f000 r--s 00006000 08:07 14028198                   /usr/share/java/java-atk-wrapper.jar
7fdff369f000-7fdff36a7000 rw-s 00000000 08:07 4995669                    /tmp/hsperfdata_hit_alan/21810
7fdff36a7000-7fdff36a8000 rw-p 00000000 00:00 0 
7fdff36a8000-7fdff36a9000 ---p 00000000 00:00 0 
7fdff36a9000-7fdff36ab000 rw-p 00000000 00:00 0 
7fdff36ab000-7fdff36ac000 r--p 00023000 08:07 16253004                   /lib/x86_64-linux-gnu/ld-2.21.so
7fdff36ac000-7fdff36ad000 rw-p 00024000 08:07 16253004                   /lib/x86_64-linux-gnu/ld-2.21.so
7fdff36ad000-7fdff36ae000 rw-p 00000000 00:00 0 
7ffdf5a04000-7ffdf5a26000 rw-p 00000000 00:00 0                          [stack]
7ffdf5bc7000-7ffdf5bc9000 r--p 00000000 00:00 0                          [vvar]
7ffdf5bc9000-7ffdf5bcb000 r-xp 00000000 00:00 0                          [vdso]
ffffffffff600000-ffffffffff601000 r-xp 00000000 00:00 0                  [vsyscall]

VM Arguments:
java_command: stigmata-5.0-SNAPSHOT.jar -f xml -b cvfv compare ../dex2jar-2.0/31aa6260ce3ad5750d30d90052c5c7e61bf7ad04a545459be7a9fe885b001433/channeldex2jar.jar ../dex2jar-2.0/31aa6260ce3ad5750d30d90052c5c7e61bf7ad04a545459be7a9fe885b001433/clientdex2jar.jar
Launcher Type: SUN_STANDARD

Environment Variables:
JAVA_HOME=/usr/lib/jvm/java-7-openjdk-amd64
PATH=/home/hit_alan/bin:/home/hit_alan/.gvm/vertx/current/bin:/home/hit_alan/.gvm/springboot/current/bin:/home/hit_alan/.gvm/lazybones/current/bin:/home/hit_alan/.gvm/jbake/current/bin:/home/hit_alan/.gvm/groovyserv/current/bin:/home/hit_alan/.gvm/groovy/current/bin:/home/hit_alan/.gvm/griffon/current/bin:/home/hit_alan/.gvm/grails/current/bin:/home/hit_alan/.gvm/gradle/current/bin:/home/hit_alan/.gvm/glide/current/bin:/home/hit_alan/.gvm/gaiden/current/bin:/home/hit_alan/.gvm/crash/current/bin:/home/hit_alan/.gvm/asciidoctorj/current/bin:/home/hit_alan/bin:/usr/local/sbin:/usr/local/bin:/usr/sbin:/usr/bin:/sbin:/bin:/usr/games:/usr/local/games:/usr/gradle-2.4/bin:/usr/grails-3.0.2/bin:/home/hit_alan/softwares/adt-bundle-linux-x86_64-20140624/sdk/platform-tools:/home/hit_alan/softwares/adt-bundle-linux-x86_64-20140624/sdk/tools:/usr/gradle-2.4/bin:/usr/grails-3.0.2/bin:/home/hit_alan/softwares/adt-bundle-linux-x86_64-20140624/sdk/platform-tools:/home/hit_alan/softwares/adt-bundle-linux-x86_64-20140624/sdk/tools
SHELL=/bin/bash
DISPLAY=:0

Signal Handlers:
SIGSEGV: [libjvm.so+0x992590], sa_mask[0]=0x7ffbfeff, sa_flags=0x10000004
SIGBUS: [libjvm.so+0x992590], sa_mask[0]=0x7ffbfeff, sa_flags=0x10000004
SIGFPE: [libjvm.so+0x7fec60], sa_mask[0]=0x7ffbfeff, sa_flags=0x10000004
SIGPIPE: [libjvm.so+0x7fec60], sa_mask[0]=0x7ffbfeff, sa_flags=0x10000004
SIGXFSZ: [libjvm.so+0x7fec60], sa_mask[0]=0x7ffbfeff, sa_flags=0x10000004
SIGILL: [libjvm.so+0x7fec60], sa_mask[0]=0x7ffbfeff, sa_flags=0x10000004
SIGUSR1: SIG_DFL, sa_mask[0]=0x00000000, sa_flags=0x00000000
SIGUSR2: [libjvm.so+0x7feae0], sa_mask[0]=0x00000004, sa_flags=0x10000004
SIGHUP: [libjvm.so+0x7fece0], sa_mask[0]=0x7ffbfeff, sa_flags=0x10000004
SIGINT: [libjvm.so+0x7fece0], sa_mask[0]=0x7ffbfeff, sa_flags=0x10000004
SIGTERM: [libjvm.so+0x7fece0], sa_mask[0]=0x7ffbfeff, sa_flags=0x10000004
SIGQUIT: [libjvm.so+0x7fece0], sa_mask[0]=0x7ffbfeff, sa_flags=0x10000004
SIGTRAP: SIG_DFL, sa_mask[0]=0x00000000, sa_flags=0x00000000


---------------  S Y S T E M  ---------------

OS:Ubuntu 15.04 (vivid)
uname:Linux 3.19.0-66-generic #74-Ubuntu SMP Tue Jul 19 15:07:04 UTC 2016 x86_64
libc:glibc 2.21 NPTL 2.21 
rlimit: STACK 8192k, CORE 0k, NPROC 31638, NOFILE 65536, AS infinity
load average:18.49 5.35 2.51

/proc/meminfo:
MemTotal:        8121832 kB
MemFree:          152108 kB
MemAvailable:     143484 kB
Buffers:            6076 kB
Cached:           230356 kB
SwapCached:            0 kB
Active:          7486536 kB
Inactive:         217936 kB
Active(anon):    7474316 kB
Inactive(anon):   137908 kB
Active(file):      12220 kB
Inactive(file):    80028 kB
Unevictable:         632 kB
Mlocked:             632 kB
SwapTotal:             0 kB
SwapFree:              0 kB
Dirty:               336 kB
Writeback:             0 kB
AnonPages:       7469424 kB
Mapped:           122840 kB
Shmem:            143604 kB
Slab:             108752 kB
SReclaimable:      59440 kB
SUnreclaim:        49312 kB
KernelStack:       13280 kB
PageTables:        64140 kB
NFS_Unstable:          0 kB
Bounce:                0 kB
WritebackTmp:          0 kB
CommitLimit:     4060916 kB
Committed_AS:   13187064 kB
VmallocTotal:   34359738367 kB
VmallocUsed:      114220 kB
VmallocChunk:   34359541516 kB
HardwareCorrupted:     0 kB
AnonHugePages:   3340288 kB
CmaTotal:              0 kB
CmaFree:               0 kB
HugePages_Total:       0
HugePages_Free:        0
HugePages_Rsvd:        0
HugePages_Surp:        0
Hugepagesize:       2048 kB
DirectMap4k:      267540 kB
DirectMap2M:     8067072 kB
DirectMap1G:     1048576 kB


CPU:total 4 (4 cores per cpu, 1 threads per core) family 6 model 60 stepping 3, cmov, cx8, fxsr, mmx, sse, sse2, sse3, ssse3, sse4.1, sse4.2, popcnt, avx, avx2, aes, erms, tsc, tscinvbit

/proc/cpuinfo:
processor	: 0
vendor_id	: GenuineIntel
cpu family	: 6
model		: 60
model name	: Intel(R) Core(TM) i5-4590 CPU @ 3.30GHz
stepping	: 3
microcode	: 0x1d
cpu MHz		: 3549.175
cache size	: 6144 KB
physical id	: 0
siblings	: 4
core id		: 0
cpu cores	: 4
apicid		: 0
initial apicid	: 0
fpu		: yes
fpu_exception	: yes
cpuid level	: 13
wp		: yes
flags		: fpu vme de pse tsc msr pae mce cx8 apic sep mtrr pge mca cmov pat pse36 clflush dts acpi mmx fxsr sse sse2 ss ht tm pbe syscall nx pdpe1gb rdtscp lm constant_tsc arch_perfmon pebs bts rep_good nopl xtopology nonstop_tsc aperfmperf eagerfpu pni pclmulqdq dtes64 monitor ds_cpl vmx smx est tm2 ssse3 fma cx16 xtpr pdcm pcid sse4_1 sse4_2 x2apic movbe popcnt tsc_deadline_timer aes xsave avx f16c rdrand lahf_lm abm ida arat epb pln pts dtherm tpr_shadow vnmi flexpriority ept vpid fsgsbase tsc_adjust bmi1 avx2 smep bmi2 erms invpcid xsaveopt
bugs		:
bogomips	: 6584.68
clflush size	: 64
cache_alignment	: 64
address sizes	: 39 bits physical, 48 bits virtual
power management:

processor	: 1
vendor_id	: GenuineIntel
cpu family	: 6
model		: 60
model name	: Intel(R) Core(TM) i5-4590 CPU @ 3.30GHz
stepping	: 3
microcode	: 0x1d
cpu MHz		: 3499.933
cache size	: 6144 KB
physical id	: 0
siblings	: 4
core id		: 1
cpu cores	: 4
apicid		: 2
initial apicid	: 2
fpu		: yes
fpu_exception	: yes
cpuid level	: 13
wp		: yes
flags		: fpu vme de pse tsc msr pae mce cx8 apic sep mtrr pge mca cmov pat pse36 clflush dts acpi mmx fxsr sse sse2 ss ht tm pbe syscall nx pdpe1gb rdtscp lm constant_tsc arch_perfmon pebs bts rep_good nopl xtopology nonstop_tsc aperfmperf eagerfpu pni pclmulqdq dtes64 monitor ds_cpl vmx smx est tm2 ssse3 fma cx16 xtpr pdcm pcid sse4_1 sse4_2 x2apic movbe popcnt tsc_deadline_timer aes xsave avx f16c rdrand lahf_lm abm ida arat epb pln pts dtherm tpr_shadow vnmi flexpriority ept vpid fsgsbase tsc_adjust bmi1 avx2 smep bmi2 erms invpcid xsaveopt
bugs		:
bogomips	: 6584.68
clflush size	: 64
cache_alignment	: 64
address sizes	: 39 bits physical, 48 bits virtual
power management:

processor	: 2
vendor_id	: GenuineIntel
cpu family	: 6
model		: 60
model name	: Intel(R) Core(TM) i5-4590 CPU @ 3.30GHz
stepping	: 3
microcode	: 0x1d
cpu MHz		: 3548.015
cache size	: 6144 KB
physical id	: 0
siblings	: 4
core id		: 2
cpu cores	: 4
apicid		: 4
initial apicid	: 4
fpu		: yes
fpu_exception	: yes
cpuid level	: 13
wp		: yes
flags		: fpu vme de pse tsc msr pae mce cx8 apic sep mtrr pge mca cmov pat pse36 clflush dts acpi mmx fxsr sse sse2 ss ht tm pbe syscall nx pdpe1gb rdtscp lm constant_tsc arch_perfmon pebs bts rep_good nopl xtopology nonstop_tsc aperfmperf eagerfpu pni pclmulqdq dtes64 monitor ds_cpl vmx smx est tm2 ssse3 fma cx16 xtpr pdcm pcid sse4_1 sse4_2 x2apic movbe popcnt tsc_deadline_timer aes xsave avx f16c rdrand lahf_lm abm ida arat epb pln pts dtherm tpr_shadow vnmi flexpriority ept vpid fsgsbase tsc_adjust bmi1 avx2 smep bmi2 erms invpcid xsaveopt
bugs		:
bogomips	: 6584.68
clflush size	: 64
cache_alignment	: 64
address sizes	: 39 bits physical, 48 bits virtual
power management:

processor	: 3
vendor_id	: GenuineIntel
cpu family	: 6
model		: 60
model name	: Intel(R) Core(TM) i5-4590 CPU @ 3.30GHz
stepping	: 3
microcode	: 0x1d
cpu MHz		: 3558.843
cache size	: 6144 KB
physical id	: 0
siblings	: 4
core id		: 3
cpu cores	: 4
apicid		: 6
initial apicid	: 6
fpu		: yes
fpu_exception	: yes
cpuid level	: 13
wp		: yes
flags		: fpu vme de pse tsc msr pae mce cx8 apic sep mtrr pge mca cmov pat pse36 clflush dts acpi mmx fxsr sse sse2 ss ht tm pbe syscall nx pdpe1gb rdtscp lm constant_tsc arch_perfmon pebs bts rep_good nopl xtopology nonstop_tsc aperfmperf eagerfpu pni pclmulqdq dtes64 monitor ds_cpl vmx smx est tm2 ssse3 fma cx16 xtpr pdcm pcid sse4_1 sse4_2 x2apic movbe popcnt tsc_deadline_timer aes xsave avx f16c rdrand lahf_lm abm ida arat epb pln pts dtherm tpr_shadow vnmi flexpriority ept vpid fsgsbase tsc_adjust bmi1 avx2 smep bmi2 erms invpcid xsaveopt
bugs		:
bogomips	: 6584.68
clflush size	: 64
cache_alignment	: 64
address sizes	: 39 bits physical, 48 bits virtual
power management:



Memory: 4k page, physical 8121832k(152108k free), swap 0k(0k free)

vm_info: OpenJDK 64-Bit Server VM (24.95-b01) for linux-amd64 JRE (1.7.0_95-b00), built on Jan 21 2016 03:41:02 by "buildd" with gcc 4.9.2

time: Sat Oct  8 23:00:06 2016
elapsed time: 155 seconds

