#
# There is insufficient memory for the Java Runtime Environment to continue.
# Native memory allocation (malloc) failed to allocate 144703488 bytes for committing reserved memory.
# Possible reasons:
#   The system is out of physical RAM or swap space
#   In 32 bit mode, the process size limit was hit
# Possible solutions:
#   Reduce memory load on the system
#   Increase physical memory or swap space
#   Check if swap backing store is full
#   Use 64 bit Java on a 64 bit OS
#   Decrease Java heap size (-Xmx/-Xms)
#   Decrease number of Java threads
#   Decrease Java thread stack sizes (-Xss)
#   Set larger code cache with -XX:ReservedCodeCacheSize=
# This output file may be truncated or incomplete.
#
#  Out of Memory Error (os_linux.cpp:2827), pid=3905, tid=140128914810624
#
# JRE version: OpenJDK Runtime Environment (7.0_95) (build 1.7.0_95-b00)
# Java VM: OpenJDK 64-Bit Server VM (24.95-b01 mixed mode linux-amd64 compressed oops)
# Derivative: IcedTea 2.6.4
# Distribution: Ubuntu 15.04, package 7u95-2.6.4-0ubuntu0.15.04.1
# Failed to write core dump. Core dumps have been disabled. To enable core dumping, try "ulimit -c unlimited" before starting Java again
#

---------------  T H R E A D  ---------------

Current thread (0x00007f725813d000):  VMThread [stack: 0x00007f724e20a000,0x00007f724e30b000] [id=3911]

Stack: [0x00007f724e20a000,0x00007f724e30b000],  sp=0x00007f724e3094e0,  free space=1021k
Native frames: (J=compiled Java code, j=interpreted, Vv=VM code, C=native code)
V  [libjvm.so+0x991aa6]
V  [libjvm.so+0x4934c2]
V  [libjvm.so+0x80371b]
V  [libjvm.so+0x7fddfe]
V  [libjvm.so+0x871c0b]
V  [libjvm.so+0x872ac3]
V  [libjvm.so+0x8731db]
V  [libjvm.so+0x86eb41]
V  [libjvm.so+0x86f3b8]
V  [libjvm.so+0x826a73]
V  [libjvm.so+0x993372]
V  [libjvm.so+0x9977f7]
V  [libjvm.so+0x995f6b]
V  [libjvm.so+0x996616]
V  [libjvm.so+0x996ae1]
V  [libjvm.so+0x800642]

VM_Operation (0x00007f725ecc3600): ParallelGCFailedAllocation, mode: safepoint, requested by thread 0x00007f725800a000


---------------  P R O C E S S  ---------------

Java Threads: ( => current thread )
  0x00007f7258176000 JavaThread "Service Thread" daemon [_thread_blocked, id=3917, stack(0x00007f724d797000,0x00007f724d898000)]
  0x00007f7258173800 JavaThread "C2 CompilerThread1" daemon [_thread_blocked, id=3916, stack(0x00007f724d898000,0x00007f724d999000)]
  0x00007f7258170800 JavaThread "C2 CompilerThread0" daemon [_thread_blocked, id=3915, stack(0x00007f724d999000,0x00007f724da9a000)]
  0x00007f725816e000 JavaThread "Signal Dispatcher" daemon [_thread_blocked, id=3914, stack(0x00007f724da9a000,0x00007f724db9b000)]
  0x00007f7258143800 JavaThread "Finalizer" daemon [_thread_blocked, id=3913, stack(0x00007f724e008000,0x00007f724e109000)]
  0x00007f7258141000 JavaThread "Reference Handler" daemon [_thread_blocked, id=3912, stack(0x00007f724e109000,0x00007f724e20a000)]
  0x00007f725800a000 JavaThread "main" [_thread_blocked, id=3906, stack(0x00007f725ebc4000,0x00007f725ecc5000)]

Other Threads:
=>0x00007f725813d000 VMThread [stack: 0x00007f724e20a000,0x00007f724e30b000] [id=3911]
  0x00007f7258180800 WatcherThread [stack: 0x00007f724d696000,0x00007f724d797000] [id=3918]

VM state:at safepoint (normal execution)

VM Mutex/Monitor currently owned by a thread:  ([mutex/lock_event])
