#
# There is insufficient memory for the Java Runtime Environment to continue.
# Native memory allocation (malloc) failed to allocate 154664960 bytes for committing reserved memory.
# Possible reasons:
#   The system is out of physical RAM or swap space
#   In 32 bit mode, the process size limit was hit
# Possible solutions:
#   Reduce memory load on the system
#   Increase physical memory or swap space
#   Check if swap backing store is full
#   Use 64 bit Java on a 64 bit OS
#   Decrease Java heap size (-Xmx/-Xms)
#   Decrease number of Java threads
#   Decrease Java thread stack sizes (-Xss)
#   Set larger code cache with -XX:ReservedCodeCacheSize=
# This output file may be truncated or incomplete.
#
#  Out of Memory Error (os_linux.cpp:2827), pid=20740, tid=140082888001280
#
# JRE version: OpenJDK Runtime Environment (7.0_95) (build 1.7.0_95-b00)
# Java VM: OpenJDK 64-Bit Server VM (24.95-b01 mixed mode linux-amd64 compressed oops)
# Derivative: IcedTea 2.6.4
# Distribution: Ubuntu 15.04, package 7u95-2.6.4-0ubuntu0.15.04.1
# Failed to write core dump. Core dumps have been disabled. To enable core dumping, try "ulimit -c unlimited" before starting Java again
#

---------------  T H R E A D  ---------------

Current thread (0x00007f67a013d000):  VMThread [stack: 0x00007f6796b74000,0x00007f6796c75000] [id=20746]

Stack: [0x00007f6796b74000,0x00007f6796c75000],  sp=0x00007f6796c734e0,  free space=1021k
Native frames: (J=compiled Java code, j=interpreted, Vv=VM code, C=native code)
V  [libjvm.so+0x991aa6]
V  [libjvm.so+0x4934c2]
V  [libjvm.so+0x80371b]
V  [libjvm.so+0x7fddfe]
V  [libjvm.so+0x871c0b]
V  [libjvm.so+0x872ac3]
V  [libjvm.so+0x8731db]
V  [libjvm.so+0x86eb41]
V  [libjvm.so+0x86f3b8]
V  [libjvm.so+0x826a73]
V  [libjvm.so+0x993372]
V  [libjvm.so+0x9977f7]
V  [libjvm.so+0x995f6b]
V  [libjvm.so+0x996616]
V  [libjvm.so+0x996ae1]
V  [libjvm.so+0x800642]

VM_Operation (0x00007f67a7333610): ParallelGCFailedAllocation, mode: safepoint, requested by thread 0x00007f67a000a000


---------------  P R O C E S S  ---------------

Java Threads: ( => current thread )
  0x00007f67a0178000 JavaThread "Service Thread" daemon [_thread_blocked, id=20752, stack(0x00007f6796101000,0x00007f6796202000)]
  0x00007f67a0175800 JavaThread "C2 CompilerThread1" daemon [_thread_blocked, id=20751, stack(0x00007f6796202000,0x00007f6796303000)]
  0x00007f67a0172800 JavaThread "C2 CompilerThread0" daemon [_thread_blocked, id=20750, stack(0x00007f6796303000,0x00007f6796404000)]
  0x00007f67a0170000 JavaThread "Signal Dispatcher" daemon [_thread_blocked, id=20749, stack(0x00007f6796404000,0x00007f6796505000)]
  0x00007f67a0143800 JavaThread "Finalizer" daemon [_thread_blocked, id=20748, stack(0x00007f6796972000,0x00007f6796a73000)]
  0x00007f67a0141000 JavaThread "Reference Handler" daemon [_thread_blocked, id=20747, stack(0x00007f6796a73000,0x00007f6796b74000)]
  0x00007f67a000a000 JavaThread "main" [_thread_blocked, id=20741, stack(0x00007f67a7234000,0x00007f67a7335000)]

Other Threads:
=>0x00007f67a013d000 VMThread [stack: 0x00007f6796b74000,0x00007f6796c75000] [id=20746]
  0x00007f67a0182800 WatcherThread [stack: 0x00007f6796000000,0x00007f6796101000] [id=20753]

VM state:at safepoint (normal execution)

VM Mutex/Monitor currently owned by a thread:  ([mutex/lock_event])
[0x00007f67a0006430] Threads_lock - owner thread: 0x00007f67a013d000
[0x00007f67a0006930] Heap_lock - owner thread: 0x00007f67a000a000

Heap
 PSYoungGen      total 275968K, used 9749K [0x00000007d6a80000, 0x00000007e8c80000, 0x0000000800000000)
  eden space 254976K, 0% used [0x00000007d6a80000,0x00000007d6a80000,0x00000007e6380000)
  from space 20992K, 46% used [0x00000007e6380000,0x00000007e6d054e8,0x00000007e7800000)
  to   space 20992K, 0% used [0x00000007e7800000,0x00000007e7800000,0x00000007e8c80000)
 ParOldGen       total 84480K, used 29440K [0x0000000784000000, 0x0000000789280000, 0x00000007d6a80000)
  object space 84480K, 34% used [0x0000000784000000,0x0000000785cc0230,0x0000000789280000)
 PSPermGen       total 21504K, used 7655K [0x0000000779a00000, 0x000000077af00000, 0x0000000784000000)
  object space 21504K, 35% used [0x0000000779a00000,0x000000077a179cc0,0x000000077af00000)

Card table byte_map: [0x00007f679c9c3000,0x00007f679cdf7000] byte_map_base: 0x00007f6798df6000

Polling page: 0x00007f67a7355000

Code Cache  [0x00007f679cdf7000, 0x00007f679d067000, 0x00007f679fdf7000)
 total_blobs=602 nmethods=347 adapters=208 free_code_cache=47610Kb largest_free_block=48711616

Compilation events (10 events):
Event: 4.611 Thread 0x00007f67a0172800  358 %           com.github.stigmata.birthmarks.comparators.PlainBirthmarkComparator::compare @ 53 (119 bytes)
Event: 4.620 Thread 0x00007f67a0172800 nmethod 358% 0x00007f679ce74950 code [0x00007f679ce74b20, 0x00007f679ce75418]
Event: 4.628 Thread 0x00007f67a0175800  359             com.github.stigmata.birthmarks.comparators.PlainBirthmarkComparator::compare (119 bytes)
Event: 4.640 Thread 0x00007f67a0172800  360             com.github.stigmata.birthmarks.cvfv.TypeAndValueBirthmarkElement::equals (70 bytes)
Event: 4.641 Thread 0x00007f67a0172800 nmethod 360 0x00007f679ce71090 code [0x00007f679ce711e0, 0x00007f679ce71418]
Event: 4.641 Thread 0x00007f67a0175800 nmethod 359 0x00007f679ce8c290 code [0x00007f679ce8c4a0, 0x00007f679ce8d238]
Event: 5.885 Thread 0x00007f67a0172800  361             com.github.stigmata.birthmarks.comparators.PlainBirthmarkComparator::compare (119 bytes)
Event: 5.899 Thread 0x00007f67a0175800  362             com.github.stigmata.birthmarks.cvfv.TypeAndValueBirthmarkElement::equals (70 bytes)
Event: 5.900 Thread 0x00007f67a0175800 nmethod 362 0x00007f679cec7c10 code [0x00007f679cec7d80, 0x00007f679cec80b8]
Event: 5.906 Thread 0x00007f67a0172800 nmethod 361 0x00007f679ce88d90 code [0x00007f679ce88fc0, 0x00007f679ce8a138]

GC Heap History (10 events):
Event: 2.211 GC heap after
Heap after GC invocations=4 (full 0):
 PSYoungGen      total 69632K, used 5089K [0x00000007d6a80000, 0x00000007db380000, 0x0000000800000000)
  eden space 64512K, 0% used [0x00000007d6a80000,0x00000007d6a80000,0x00000007da980000)
  from space 5120K, 99% used [0x00000007dae80000,0x00000007db378418,0x00000007db380000)
  to   space 5120K, 0% used [0x00000007da980000,0x00000007da980000,0x00000007dae80000)
 ParOldGen       total 84480K, used 9020K [0x0000000784000000, 0x0000000789280000, 0x00000007d6a80000)
  object space 84480K, 10% used [0x0000000784000000,0x00000007848cf3a0,0x0000000789280000)
 PSPermGen       total 21504K, used 7537K [0x0000000779a00000, 0x000000077af00000, 0x0000000784000000)
  object space 21504K, 35% used [0x0000000779a00000,0x000000077a15c690,0x000000077af00000)
}
Event: 2.647 GC heap before
{Heap before GC invocations=5 (full 0):
 PSYoungGen      total 69632K, used 69601K [0x00000007d6a80000, 0x00000007db380000, 0x0000000800000000)
  eden space 64512K, 100% used [0x00000007d6a80000,0x00000007da980000,0x00000007da980000)
  from space 5120K, 99% used [0x00000007dae80000,0x00000007db378418,0x00000007db380000)
  to   space 5120K, 0% used [0x00000007da980000,0x00000007da980000,0x00000007dae80000)
 ParOldGen       total 84480K, used 9020K [0x0000000784000000, 0x0000000789280000, 0x00000007d6a80000)
  object space 84480K, 10% used [0x0000000784000000,0x00000007848cf3a0,0x0000000789280000)
 PSPermGen       total 21504K, used 7596K [0x0000000779a00000, 0x000000077af00000, 0x0000000784000000)
  object space 21504K, 35% used [0x0000000779a00000,0x000000077a16b2f8,0x000000077af00000)
Event: 2.692 GC heap after
Heap after GC invocations=5 (full 0):
 PSYoungGen      total 69632K, used 5112K [0x00000007d6a80000, 0x00000007e0280000, 0x0000000800000000)
  eden space 64512K, 0% used [0x00000007d6a80000,0x00000007d6a80000,0x00000007da980000)
  from space 5120K, 99% used [0x00000007da980000,0x00000007dae7e1d0,0x00000007dae80000)
  to   space 13312K, 0% used [0x00000007df580000,0x00000007df580000,0x00000007e0280000)
 ParOldGen       total 84480K, used 16203K [0x0000000784000000, 0x0000000789280000, 0x00000007d6a80000)
  object space 84480K, 19% used [0x0000000784000000,0x0000000784fd2f88,0x0000000789280000)
 PSPermGen       total 21504K, used 7596K [0x0000000779a00000, 0x000000077af00000, 0x0000000784000000)
  object space 21504K, 35% used [0x0000000779a00000,0x000000077a16b2f8,0x000000077af00000)
}
Event: 2.905 GC heap before
{Heap before GC invocations=6 (full 0):
 PSYoungGen      total 69632K, used 69624K [0x00000007d6a80000, 0x00000007e0280000, 0x0000000800000000)
  eden space 64512K, 100% used [0x00000007d6a80000,0x00000007da980000,0x00000007da980000)
  from space 5120K, 99% used [0x00000007da980000,0x00000007dae7e1d0,0x00000007dae80000)
  to   space 13312K, 0% used [0x00000007df580000,0x00000007df580000,0x00000007e0280000)
 ParOldGen       total 84480K, used 16203K [0x0000000784000000, 0x0000000789280000, 0x00000007d6a80000)
  object space 84480K, 19% used [0x0000000784000000,0x0000000784fd2f88,0x0000000789280000)
 PSPermGen       total 21504K, used 7598K [0x0000000779a00000, 0x000000077af00000, 0x0000000784000000)
  object space 21504K, 35% used [0x0000000779a00000,0x000000077a16bb08,0x000000077af00000)
Event: 2.945 GC heap after
Heap after GC invocations=6 (full 0):
 PSYoungGen      total 140800K, used 12039K [0x00000007d6a80000, 0x00000007e0580000, 0x0000000800000000)
  eden space 127488K, 0% used [0x00000007d6a80000,0x00000007d6a80000,0x00000007de700000)
  from space 13312K, 90% used [0x00000007df580000,0x00000007e0141ca0,0x00000007e0280000)
  to   space 14848K, 0% used [0x00000007de700000,0x00000007de700000,0x00000007df580000)
 ParOldGen       total 84480K, used 16203K [0x0000000784000000, 0x0000000789280000, 0x00000007d6a80000)
  object space 84480K, 19% used [0x0000000784000000,0x0000000784fd2f88,0x0000000789280000)
 PSPermGen       total 21504K, used 7598K [0x0000000779a00000, 0x000000077af00000, 0x0000000784000000)
  object space 21504K, 35% used [0x0000000779a00000,0x000000077a16bb08,0x000000077af00000)
}
Event: 3.740 GC heap before
{Heap before GC invocations=7 (full 0):
 PSYoungGen      total 140800K, used 139527K [0x00000007d6a80000, 0x00000007e0580000, 0x0000000800000000)
  eden space 127488K, 100% used [0x00000007d6a80000,0x00000007de700000,0x00000007de700000)
  from space 13312K, 90% used [0x00000007df580000,0x00000007e0141ca0,0x00000007e0280000)
  to   space 14848K, 0% used [0x00000007de700000,0x00000007de700000,0x00000007df580000)
 ParOldGen       total 84480K, used 16203K [0x0000000784000000, 0x0000000789280000, 0x00000007d6a80000)
  object space 84480K, 19% used [0x0000000784000000,0x0000000784fd2f88,0x0000000789280000)
 PSPermGen       total 21504K, used 7643K [0x0000000779a00000, 0x000000077af00000, 0x0000000784000000)
  object space 21504K, 35% used [0x0000000779a00000,0x000000077a176cc0,0x000000077af00000)
Event: 3.777 GC heap after
Heap after GC invocations=7 (full 0):
 PSYoungGen      total 142336K, used 14829K [0x00000007d6a80000, 0x00000007e8c80000, 0x0000000800000000)
  eden space 127488K, 0% used [0x00000007d6a80000,0x00000007d6a80000,0x00000007de700000)
  from space 14848K, 99% used [0x00000007de700000,0x00000007df57b7d8,0x00000007df580000)
  to   space 20992K, 0% used [0x00000007e7800000,0x00000007e7800000,0x00000007e8c80000)
 ParOldGen       total 84480K, used 24633K [0x0000000784000000, 0x0000000789280000, 0x00000007d6a80000)
  object space 84480K, 29% used [0x0000000784000000,0x000000078580e6a8,0x0000000789280000)
 PSPermGen       total 21504K, used 7643K [0x0000000779a00000, 0x000000077af00000, 0x0000000784000000)
  object space 21504K, 35% used [0x0000000779a00000,0x000000077a176cc0,0x000000077af00000)
}
Event: 7.758 GC heap before
{Heap before GC invocations=8 (full 0):
 PSYoungGen      total 142336K, used 142317K [0x00000007d6a80000, 0x00000007e8c80000, 0x0000000800000000)
  eden space 127488K, 100% used [0x00000007d6a80000,0x00000007de700000,0x00000007de700000)
  from space 14848K, 99% used [0x00000007de700000,0x00000007df57b7d8,0x00000007df580000)
  to   space 20992K, 0% used [0x00000007e7800000,0x00000007e7800000,0x00000007e8c80000)
 ParOldGen       total 84480K, used 24633K [0x0000000784000000, 0x0000000789280000, 0x00000007d6a80000)
  object space 84480K, 29% used [0x0000000784000000,0x000000078580e6a8,0x0000000789280000)
 PSPermGen       total 21504K, used 7655K [0x0000000779a00000, 0x000000077af00000, 0x0000000784000000)
  object space 21504K, 35% used [0x0000000779a00000,0x000000077a179cc0,0x000000077af00000)
Event: 7.780 GC heap after
Heap after GC invocations=8 (full 0):
 PSYoungGen      total 275968K, used 12853K [0x00000007d6a80000, 0x00000007e8c80000, 0x0000000800000000)
  eden space 254976K, 0% used [0x00000007d6a80000,0x00000007d6a80000,0x00000007e6380000)
  from space 20992K, 61% used [0x00000007e7800000,0x00000007e848d4e8,0x00000007e8c80000)
  to   space 20992K, 0% used [0x00000007e6380000,0x00000007e6380000,0x00000007e7800000)
 ParOldGen       total 84480K, used 26281K [0x0000000784000000, 0x0000000789280000, 0x00000007d6a80000)
  object space 84480K, 31% used [0x0000000784000000,0x00000007859aa530,0x0000000789280000)
 PSPermGen       total 21504K, used 7655K [0x0000000779a00000, 0x000000077af00000, 0x0000000784000000)
  object space 21504K, 35% used [0x0000000779a00000,0x000000077a179cc0,0x000000077af00000)
}
Event: 17.254 GC heap before
{Heap before GC invocations=9 (full 0):
 PSYoungGen      total 275968K, used 267829K [0x00000007d6a80000, 0x00000007e8c80000, 0x0000000800000000)
  eden space 254976K, 100% used [0x00000007d6a80000,0x00000007e6380000,0x00000007e6380000)
  from space 20992K, 61% used [0x00000007e7800000,0x00000007e848d4e8,0x00000007e8c80000)
  to   space 20992K, 0% used [0x00000007e6380000,0x00000007e6380000,0x00000007e7800000)
 ParOldGen       total 84480K, used 26281K [0x0000000784000000, 0x0000000789280000, 0x00000007d6a80000)
  object space 84480K, 31% used [0x0000000784000000,0x00000007859aa530,0x0000000789280000)
 PSPermGen       total 21504K, used 7655K [0x0000000779a00000, 0x000000077af00000, 0x0000000784000000)
  object space 21504K, 35% used [0x0000000779a00000,0x000000077a179cc0,0x000000077af00000)

Deoptimization events (10 events):
Event: 3.732 Thread 0x00007f67a000a000 Uncommon trap: reason=unstable_if action=reinterpret pc=0x00007f679cf3c7c4 method=java.util.WeakHashMap.remove(Ljava/lang/Object;)Ljava/lang/Object; @ 67
Event: 3.733 Thread 0x00007f67a000a000 Uncommon trap: reason=unstable_if action=reinterpret pc=0x00007f679cf38f0c method=java.util.HashMap$HashIterator.<init>(Ljava/util/HashMap;)V @ 56
Event: 3.978 Thread 0x00007f67a000a000 Uncommon trap: reason=unstable_if action=reinterpret pc=0x00007f679cec6218 method=java.util.HashMap.keySet()Ljava/util/Set; @ 6
Event: 4.240 Thread 0x00007f67a000a000 Uncommon trap: reason=unstable_if action=reinterpret pc=0x00007f679cec8d48 method=com.github.stigmata.birthmarks.comparators.PlainBirthmarkComparator.compare(Lcom/github/stigmata/Birthmark;Lcom/github/stigmata/Birthmark;Lcom/github/stigmata/BirthmarkConte
Event: 4.598 Thread 0x00007f67a000a000 Uncommon trap: reason=unstable_if action=reinterpret pc=0x00007f679ce8eaa4 method=com.github.stigmata.birthmarks.cvfv.TypeAndValueBirthmarkElement.equals(Ljava/lang/Object;)Z @ 30
Event: 5.881 Thread 0x00007f67a000a000 Uncommon trap: reason=class_check action=maybe_recompile pc=0x00007f679ce8d0d4 method=com.github.stigmata.birthmarks.cvfv.TypeAndValueBirthmarkElement.equals(Ljava/lang/Object;)Z @ 64
Event: 5.881 Thread 0x00007f67a000a000 Uncommon trap: reason=class_check action=maybe_recompile pc=0x00007f679ce8d0d4 method=com.github.stigmata.birthmarks.cvfv.TypeAndValueBirthmarkElement.equals(Ljava/lang/Object;)Z @ 64
Event: 5.881 Thread 0x00007f67a000a000 Uncommon trap: reason=class_check action=maybe_recompile pc=0x00007f679ce8d0d4 method=com.github.stigmata.birthmarks.cvfv.TypeAndValueBirthmarkElement.equals(Ljava/lang/Object;)Z @ 64
Event: 5.881 Thread 0x00007f67a000a000 Uncommon trap: reason=class_check action=maybe_recompile pc=0x00007f679ce71384 method=com.github.stigmata.birthmarks.cvfv.TypeAndValueBirthmarkElement.equals(Ljava/lang/Object;)Z @ 64
Event: 5.881 Thread 0x00007f67a000a000 Uncommon trap: reason=class_check action=maybe_recompile pc=0x00007f679ce8d0d4 method=com.github.stigmata.birthmarks.cvfv.TypeAndValueBirthmarkElement.equals(Ljava/lang/Object;)Z @ 64

Internal exceptions (10 events):
Event: 0.749 Thread 0x00007f67a000a000 Threw 0x00000007d7ca67d8 at /build/openjdk-7-3x2aMC/openjdk-7-7u95-2.6.4/build/openjdk/hotspot/src/share/vm/prims/jvm.cpp:1322
Event: 0.751 Thread 0x00007f67a000a000 Threw 0x00000007d7caabd8 at /build/openjdk-7-3x2aMC/openjdk-7-7u95-2.6.4/build/openjdk/hotspot/src/share/vm/prims/jvm.cpp:1322
Event: 0.753 Thread 0x00007f67a000a000 Threw 0x00000007d7cbd380 at /build/openjdk-7-3x2aMC/openjdk-7-7u95-2.6.4/build/openjdk/hotspot/src/share/vm/prims/jvm.cpp:1322
Event: 0.753 Thread 0x00007f67a000a000 Threw 0x00000007d7cc1778 at /build/openjdk-7-3x2aMC/openjdk-7-7u95-2.6.4/build/openjdk/hotspot/src/share/vm/prims/jvm.cpp:1322
Event: 0.762 Thread 0x00007f67a000a000 Threw 0x00000007d7d1e378 at /build/openjdk-7-3x2aMC/openjdk-7-7u95-2.6.4/build/openjdk/hotspot/src/share/vm/prims/jvm.cpp:1322
Event: 3.732 Thread 0x00007f67a000a000 Threw 0x00000007de6aca70 at /build/openjdk-7-3x2aMC/openjdk-7-7u95-2.6.4/build/openjdk/hotspot/src/share/vm/prims/jvm.cpp:1322
Event: 3.732 Thread 0x00007f67a000a000 Threw 0x00000007de6b2638 at /build/openjdk-7-3x2aMC/openjdk-7-7u95-2.6.4/build/openjdk/hotspot/src/share/vm/prims/jvm.cpp:1322
Event: 3.733 Thread 0x00007f67a000a000 Threw 0x00000007de6c7958 at /build/openjdk-7-3x2aMC/openjdk-7-7u95-2.6.4/build/openjdk/hotspot/src/share/vm/prims/jvm.cpp:1322
Event: 3.733 Thread 0x00007f67a000a000 Threw 0x00000007de6cba58 at /build/openjdk-7-3x2aMC/openjdk-7-7u95-2.6.4/build/openjdk/hotspot/src/share/vm/prims/jvm.cpp:1322
Event: 4.598 Thread 0x00007f67a000a000 Implicit null exception at 0x00007f679ce8e548 to 0x00007f679ce8ea69

Events (10 events):
Event: 5.881 Thread 0x00007f67a000a000 DEOPT UNPACKING pc=0x00007f679ce30445 sp=0x00007f67a7333638 mode 2
Event: 5.881 Thread 0x00007f67a000a000 Uncommon trap: trap_request=0xffffffde fr.pc=0x00007f679ce71384
Event: 5.881 Thread 0x00007f67a000a000 DEOPT PACKING pc=0x00007f679ce71384 sp=0x00007f67a7333670
Event: 5.881 Thread 0x00007f67a000a000 DEOPT UNPACKING pc=0x00007f679ce30445 sp=0x00007f67a7333628 mode 2
Event: 5.881 Thread 0x00007f67a000a000 Uncommon trap: trap_request=0xffffffde fr.pc=0x00007f679ce8d0d4
Event: 5.881 Thread 0x00007f67a000a000 DEOPT PACKING pc=0x00007f679ce8d0d4 sp=0x00007f67a7333710
Event: 5.881 Thread 0x00007f67a000a000 DEOPT UNPACKING pc=0x00007f679ce30445 sp=0x00007f67a7333638 mode 2
Event: 7.758 Executing VM operation: ParallelGCFailedAllocation
Event: 7.780 Executing VM operation: ParallelGCFailedAllocation done
Event: 17.254 Executing VM operation: ParallelGCFailedAllocation


Dynamic libraries:
00400000-00401000 r-xp 00000000 08:07 13641842                           /usr/lib/jvm/java-7-openjdk-amd64/jre/bin/java
00600000-00601000 r--p 00000000 08:07 13641842                           /usr/lib/jvm/java-7-openjdk-amd64/jre/bin/java
00601000-00602000 rw-p 00001000 08:07 13641842                           /usr/lib/jvm/java-7-openjdk-amd64/jre/bin/java
0257f000-025a0000 rw-p 00000000 00:00 0                                  [heap]
779a00000-77af00000 rw-p 00000000 00:00 0 
77af00000-784000000 rw-p 00000000 00:00 0 
784000000-789280000 rw-p 00000000 00:00 0 
789280000-7d6a80000 rw-p 00000000 00:00 0 
7d6a80000-7e8c80000 rw-p 00000000 00:00 0 
7f2000000-800000000 rw-p 00000000 00:00 0 
7f6744000000-7f6747b7a000 rw-p 00000000 00:00 0 
7f6747b7a000-7f6748000000 ---p 00000000 00:00 0 
7f674c000000-7f674fffd000 rw-p 00000000 00:00 0 
7f674fffd000-7f6750000000 ---p 00000000 00:00 0 
7f6750000000-7f6753ffc000 rw-p 00000000 00:00 0 
7f6753ffc000-7f6754000000 ---p 00000000 00:00 0 
7f6754000000-7f6754021000 rw-p 00000000 00:00 0 
7f6754021000-7f6758000000 ---p 00000000 00:00 0 
7f6758000000-7f675bffd000 rw-p 00000000 00:00 0 
7f675bffd000-7f675c000000 ---p 00000000 00:00 0 
7f675c000000-7f675d4af000 rw-p 00000000 00:00 0 
7f675d4af000-7f6760000000 ---p 00000000 00:00 0 
7f6760000000-7f6760021000 rw-p 00000000 00:00 0 
7f6760021000-7f6764000000 ---p 00000000 00:00 0 
7f6764000000-7f6765297000 rw-p 00000000 00:00 0 
7f6765297000-7f6768000000 ---p 00000000 00:00 0 
7f6768000000-7f6768021000 rw-p 00000000 00:00 0 
7f6768021000-7f676c000000 ---p 00000000 00:00 0 
7f676c000000-7f676c021000 rw-p 00000000 00:00 0 
7f676c021000-7f6770000000 ---p 00000000 00:00 0 
7f6770000000-7f6770021000 rw-p 00000000 00:00 0 
7f6770021000-7f6774000000 ---p 00000000 00:00 0 
7f6774000000-7f6774021000 rw-p 00000000 00:00 0 
7f6774021000-7f6778000000 ---p 00000000 00:00 0 
7f677bcd0000-7f6780000000 rw-p 00000000 00:00 0 
7f6780000000-7f6780021000 rw-p 00000000 00:00 0 
7f6780021000-7f6784000000 ---p 00000000 00:00 0 
7f6788000000-7f6788021000 rw-p 00000000 00:00 0 
7f6788021000-7f678c000000 ---p 00000000 00:00 0 
7f6790000000-7f6790021000 rw-p 00000000 00:00 0 
7f6790021000-7f6794000000 ---p 00000000 00:00 0 
7f6794394000-7f6794430000 r--s 005b7000 08:07 5251610                    /home/hit_alan/zhoufandi/somefilebetweenlinuxandwindows/dex2jar-2.0/4c09768969cd733e330888d241526a32eae57a92f3f08daaa784cd8a7fb40675/clientdex2jar.jar
7f6794430000-7f6794467000 r--s 0022e000 08:07 5247345                    /home/hit_alan/zhoufandi/somefilebetweenlinuxandwindows/dex2jar-2.0/4c09768969cd733e330888d241526a32eae57a92f3f08daaa784cd8a7fb40675/channeldex2jar.jar
7f6794467000-7f679449e000 r--s 0022e000 08:07 5247345                    /home/hit_alan/zhoufandi/somefilebetweenlinuxandwindows/dex2jar-2.0/4c09768969cd733e330888d241526a32eae57a92f3f08daaa784cd8a7fb40675/channeldex2jar.jar
7f679449e000-7f679453a000 r--s 005b7000 08:07 5251610                    /home/hit_alan/zhoufandi/somefilebetweenlinuxandwindows/dex2jar-2.0/4c09768969cd733e330888d241526a32eae57a92f3f08daaa784cd8a7fb40675/clientdex2jar.jar
7f679453a000-7f679483b000 rw-p 00000000 00:00 0 
7f679483b000-7f67948a7000 r-xp 00000000 08:07 16257056                   /lib/x86_64-linux-gnu/libpcre.so.3.13.1
7f67948a7000-7f6794aa6000 ---p 0006c000 08:07 16257056                   /lib/x86_64-linux-gnu/libpcre.so.3.13.1
7f6794aa6000-7f6794aa7000 r--p 0006b000 08:07 16257056                   /lib/x86_64-linux-gnu/libpcre.so.3.13.1
7f6794aa7000-7f6794aa8000 rw-p 0006c000 08:07 16257056                   /lib/x86_64-linux-gnu/libpcre.so.3.13.1
7f6794aa8000-7f6794aaf000 r-xp 00000000 08:07 13631618                   /usr/lib/x86_64-linux-gnu/libffi.so.6.0.4
7f6794aaf000-7f6794cae000 ---p 00007000 08:07 13631618                   /usr/lib/x86_64-linux-gnu/libffi.so.6.0.4
7f6794cae000-7f6794caf000 r--p 00006000 08:07 13631618                   /usr/lib/x86_64-linux-gnu/libffi.so.6.0.4
7f6794caf000-7f6794cb0000 rw-p 00007000 08:07 13631618                   /usr/lib/x86_64-linux-gnu/libffi.so.6.0.4
7f6794cb0000-7f6794cc7000 r-xp 00000000 08:07 16253007                   /lib/x86_64-linux-gnu/libresolv-2.21.so
7f6794cc7000-7f6794ec7000 ---p 00017000 08:07 16253007                   /lib/x86_64-linux-gnu/libresolv-2.21.so
7f6794ec7000-7f6794ec9000 r--p 00017000 08:07 16253007                   /lib/x86_64-linux-gnu/libresolv-2.21.so
7f6794ec9000-7f6794eca000 rw-p 00019000 08:07 16253007                   /lib/x86_64-linux-gnu/libresolv-2.21.so
7f6794eca000-7f6794ecc000 rw-p 00000000 00:00 0 
7f6794ecc000-7f6794eed000 r-xp 00000000 08:07 16257131                   /lib/x86_64-linux-gnu/libselinux.so.1
7f6794eed000-7f67950ec000 ---p 00021000 08:07 16257131                   /lib/x86_64-linux-gnu/libselinux.so.1
7f67950ec000-7f67950ed000 r--p 00020000 08:07 16257131                   /lib/x86_64-linux-gnu/libselinux.so.1
7f67950ed000-7f67950ee000 rw-p 00021000 08:07 16257131                   /lib/x86_64-linux-gnu/libselinux.so.1
7f67950ee000-7f67950f0000 rw-p 00000000 00:00 0 
7f67950f0000-7f67950f3000 r-xp 00000000 08:07 13631893                   /usr/lib/x86_64-linux-gnu/libgmodule-2.0.so.0.4400.1
7f67950f3000-7f67952f2000 ---p 00003000 08:07 13631893                   /usr/lib/x86_64-linux-gnu/libgmodule-2.0.so.0.4400.1
7f67952f2000-7f67952f3000 r--p 00002000 08:07 13631893                   /usr/lib/x86_64-linux-gnu/libgmodule-2.0.so.0.4400.1
7f67952f3000-7f67952f4000 rw-p 00003000 08:07 13631893                   /usr/lib/x86_64-linux-gnu/libgmodule-2.0.so.0.4400.1
7f67952f4000-7f6795401000 r-xp 00000000 08:07 16257102                   /lib/x86_64-linux-gnu/libglib-2.0.so.0.4400.1
7f6795401000-7f6795600000 ---p 0010d000 08:07 16257102                   /lib/x86_64-linux-gnu/libglib-2.0.so.0.4400.1
7f6795600000-7f6795601000 r--p 0010c000 08:07 16257102                   /lib/x86_64-linux-gnu/libglib-2.0.so.0.4400.1
7f6795601000-7f6795602000 rw-p 0010d000 08:07 16257102                   /lib/x86_64-linux-gnu/libglib-2.0.so.0.4400.1
7f6795602000-7f6795603000 rw-p 00000000 00:00 0 
7f6795603000-7f6795653000 r-xp 00000000 08:07 13631853                   /usr/lib/x86_64-linux-gnu/libgobject-2.0.so.0.4400.1
7f6795653000-7f6795853000 ---p 00050000 08:07 13631853                   /usr/lib/x86_64-linux-gnu/libgobject-2.0.so.0.4400.1
7f6795853000-7f6795854000 r--p 00050000 08:07 13631853                   /usr/lib/x86_64-linux-gnu/libgobject-2.0.so.0.4400.1
7f6795854000-7f6795855000 rw-p 00051000 08:07 13631853                   /usr/lib/x86_64-linux-gnu/libgobject-2.0.so.0.4400.1
7f6795855000-7f67959cd000 r-xp 00000000 08:07 13631875                   /usr/lib/x86_64-linux-gnu/libgio-2.0.so.0.4400.1
7f67959cd000-7f6795bcd000 ---p 00178000 08:07 13631875                   /usr/lib/x86_64-linux-gnu/libgio-2.0.so.0.4400.1
7f6795bcd000-7f6795bd1000 r--p 00178000 08:07 13631875                   /usr/lib/x86_64-linux-gnu/libgio-2.0.so.0.4400.1
7f6795bd1000-7f6795bd3000 rw-p 0017c000 08:07 13631875                   /usr/lib/x86_64-linux-gnu/libgio-2.0.so.0.4400.1
7f6795bd3000-7f6795bd5000 rw-p 00000000 00:00 0 
7f6795bd5000-7f6795bed000 r-xp 00000000 08:07 13642175                   /usr/lib/jvm/java-7-openjdk-amd64/jre/lib/amd64/libnet.so
7f6795bed000-7f6795dec000 ---p 00018000 08:07 13642175                   /usr/lib/jvm/java-7-openjdk-amd64/jre/lib/amd64/libnet.so
7f6795dec000-7f6795ded000 r--p 00017000 08:07 13642175                   /usr/lib/jvm/java-7-openjdk-amd64/jre/lib/amd64/libnet.so
7f6795ded000-7f6795dee000 rw-p 00018000 08:07 13642175                   /usr/lib/jvm/java-7-openjdk-amd64/jre/lib/amd64/libnet.so
7f6795dee000-7f6795dff000 r-xp 00000000 08:07 13642136                   /usr/lib/jvm/java-7-openjdk-amd64/jre/lib/amd64/libnio.so
7f6795dff000-7f6795ffe000 ---p 00011000 08:07 13642136                   /usr/lib/jvm/java-7-openjdk-amd64/jre/lib/amd64/libnio.so
7f6795ffe000-7f6795fff000 r--p 00010000 08:07 13642136                   /usr/lib/jvm/java-7-openjdk-amd64/jre/lib/amd64/libnio.so
7f6795fff000-7f6796000000 rw-p 00011000 08:07 13642136                   /usr/lib/jvm/java-7-openjdk-amd64/jre/lib/amd64/libnio.so
7f6796000000-7f6796001000 ---p 00000000 00:00 0 
7f6796001000-7f6796101000 rw-p 00000000 00:00 0 
7f6796101000-7f6796104000 ---p 00000000 00:00 0 
7f6796104000-7f6796202000 rw-p 00000000 00:00 0 
7f6796202000-7f6796205000 ---p 00000000 00:00 0 
7f6796205000-7f6796303000 rw-p 00000000 00:00 0 
7f6796303000-7f6796306000 ---p 00000000 00:00 0 
7f6796306000-7f6796404000 rw-p 00000000 00:00 0 
7f6796404000-7f6796407000 ---p 00000000 00:00 0 
7f6796407000-7f6796505000 rw-p 00000000 00:00 0 
7f6796505000-7f6796972000 r--p 00000000 08:07 13634881                   /usr/lib/locale/locale-archive
7f6796972000-7f6796975000 ---p 00000000 00:00 0 
7f6796975000-7f6796a73000 rw-p 00000000 00:00 0 
7f6796a73000-7f6796a76000 ---p 00000000 00:00 0 
7f6796a76000-7f6796b74000 rw-p 00000000 00:00 0 
7f6796b74000-7f6796b75000 ---p 00000000 00:00 0 
7f6796b75000-7f6798000000 rw-p 00000000 00:00 0 
7f6798000000-7f6798021000 rw-p 00000000 00:00 0 
7f6798021000-7f679c000000 ---p 00000000 00:00 0 
7f679c015000-7f679c029000 r--p 00000000 08:07 14421516                   /usr/share/locale-langpack/zh_CN/LC_MESSAGES/libc.mo
7f679c029000-7f679c1db000 r--s 01d2f000 08:07 13642124                   /usr/lib/jvm/java-7-openjdk-amd64/jre/lib/rt.jar
7f679c1db000-7f679c2d6000 rw-p 00000000 00:00 0 
7f679c2d6000-7f679c2d7000 ---p 00000000 00:00 0 
7f679c2d7000-7f679c3d7000 rw-p 00000000 00:00 0 
7f679c3d7000-7f679c3d8000 ---p 00000000 00:00 0 
7f679c3d8000-7f679c4d8000 rw-p 00000000 00:00 0 
7f679c4d8000-7f679c4d9000 ---p 00000000 00:00 0 
7f679c4d9000-7f679c5d9000 rw-p 00000000 00:00 0 
7f679c5d9000-7f679c5da000 ---p 00000000 00:00 0 
7f679c5da000-7f679c6e5000 rw-p 00000000 00:00 0 
7f679c6e5000-7f679c72d000 rw-p 00000000 00:00 0 
7f679c72d000-7f679c757000 rw-p 00000000 00:00 0 
7f679c757000-7f679c9c3000 rw-p 00000000 00:00 0 
7f679c9c3000-7f679c9ce000 rw-p 00000000 00:00 0 
7f679c9ce000-7f679ca16000 rw-p 00000000 00:00 0 
7f679ca16000-7f679ca40000 rw-p 00000000 00:00 0 
7f679ca40000-7f679ccab000 rw-p 00000000 00:00 0 
7f679ccab000-7f679cd3d000 rw-p 00000000 00:00 0 
7f679cd3d000-7f679cdf6000 rw-p 00000000 00:00 0 
7f679cdf6000-7f679cdf7000 rw-p 00000000 00:00 0 
7f679cdf7000-7f679d067000 rwxp 00000000 00:00 0 
7f679d067000-7f679fdf7000 rw-p 00000000 00:00 0 
7f679fdf7000-7f679fdff000 r-xp 00000000 08:07 13642144                   /usr/lib/jvm/java-7-openjdk-amd64/jre/lib/amd64/libzip.so
7f679fdff000-7f679fffe000 ---p 00008000 08:07 13642144                   /usr/lib/jvm/java-7-openjdk-amd64/jre/lib/amd64/libzip.so
7f679fffe000-7f679ffff000 r--p 00007000 08:07 13642144                   /usr/lib/jvm/java-7-openjdk-amd64/jre/lib/amd64/libzip.so
7f679ffff000-7f67a0000000 rw-p 00008000 08:07 13642144                   /usr/lib/jvm/java-7-openjdk-amd64/jre/lib/amd64/libzip.so
7f67a0000000-7f67a3ffd000 rw-p 00000000 00:00 0 
7f67a3ffd000-7f67a4000000 ---p 00000000 00:00 0 
7f67a4009000-7f67a4010000 r--s 00000000 08:07 13902402                   /usr/lib/x86_64-linux-gnu/gconv/gconv-modules.cache
7f67a4010000-7f67a401a000 r--s 000ae000 08:07 13642193                   /usr/lib/jvm/java-7-openjdk-amd64/jre/lib/resources.jar
7f67a401a000-7f67a401f000 r--s 00036000 08:07 7081023                    /home/hit_alan/zhoufandi/somefilebetweenlinuxandwindows/target/asm-all-5.0.3.jar
7f67a401f000-7f67a402b000 r-xp 00000000 08:07 16253008                   /lib/x86_64-linux-gnu/libnss_files-2.21.so
7f67a402b000-7f67a422a000 ---p 0000c000 08:07 16253008                   /lib/x86_64-linux-gnu/libnss_files-2.21.so
7f67a422a000-7f67a422b000 r--p 0000b000 08:07 16253008                   /lib/x86_64-linux-gnu/libnss_files-2.21.so
7f67a422b000-7f67a422c000 rw-p 0000c000 08:07 16253008                   /lib/x86_64-linux-gnu/libnss_files-2.21.so
7f67a422c000-7f67a4237000 r-xp 00000000 08:07 16252996                   /lib/x86_64-linux-gnu/libnss_nis-2.21.so
7f67a4237000-7f67a4436000 ---p 0000b000 08:07 16252996                   /lib/x86_64-linux-gnu/libnss_nis-2.21.so
7f67a4436000-7f67a4437000 r--p 0000a000 08:07 16252996                   /lib/x86_64-linux-gnu/libnss_nis-2.21.so
7f67a4437000-7f67a4438000 rw-p 0000b000 08:07 16252996                   /lib/x86_64-linux-gnu/libnss_nis-2.21.so
7f67a4438000-7f67a444f000 r-xp 00000000 08:07 16257004                   /lib/x86_64-linux-gnu/libnsl-2.21.so
7f67a444f000-7f67a464e000 ---p 00017000 08:07 16257004                   /lib/x86_64-linux-gnu/libnsl-2.21.so
7f67a464e000-7f67a464f000 r--p 00016000 08:07 16257004                   /lib/x86_64-linux-gnu/libnsl-2.21.so
7f67a464f000-7f67a4650000 rw-p 00017000 08:07 16257004                   /lib/x86_64-linux-gnu/libnsl-2.21.so
7f67a4650000-7f67a4652000 rw-p 00000000 00:00 0 
7f67a4652000-7f67a465a000 r-xp 00000000 08:07 16253010                   /lib/x86_64-linux-gnu/libnss_compat-2.21.so
7f67a465a000-7f67a4859000 ---p 00008000 08:07 16253010                   /lib/x86_64-linux-gnu/libnss_compat-2.21.so
7f67a4859000-7f67a485a000 r--p 00007000 08:07 16253010                   /lib/x86_64-linux-gnu/libnss_compat-2.21.so
7f67a485a000-7f67a485b000 rw-p 00008000 08:07 16253010                   /lib/x86_64-linux-gnu/libnss_compat-2.21.so
7f67a485b000-7f67a4888000 r-xp 00000000 08:07 13642157                   /usr/lib/jvm/java-7-openjdk-amd64/jre/lib/amd64/libjava.so
7f67a4888000-7f67a4a87000 ---p 0002d000 08:07 13642157                   /usr/lib/jvm/java-7-openjdk-amd64/jre/lib/amd64/libjava.so
7f67a4a87000-7f67a4a88000 r--p 0002c000 08:07 13642157                   /usr/lib/jvm/java-7-openjdk-amd64/jre/lib/amd64/libjava.so
7f67a4a88000-7f67a4a8a000 rw-p 0002d000 08:07 13642157                   /usr/lib/jvm/java-7-openjdk-amd64/jre/lib/amd64/libjava.so
7f67a4a8a000-7f67a4a99000 r-xp 00000000 08:07 13642171                   /usr/lib/jvm/java-7-openjdk-amd64/jre/lib/amd64/libverify.so
7f67a4a99000-7f67a4c98000 ---p 0000f000 08:07 13642171                   /usr/lib/jvm/java-7-openjdk-amd64/jre/lib/amd64/libverify.so
7f67a4c98000-7f67a4c9b000 r--p 0000e000 08:07 13642171                   /usr/lib/jvm/java-7-openjdk-amd64/jre/lib/amd64/libverify.so
7f67a4c9b000-7f67a4c9c000 rw-p 00011000 08:07 13642171                   /usr/lib/jvm/java-7-openjdk-amd64/jre/lib/amd64/libverify.so
7f67a4c9c000-7f67a4ca3000 r-xp 00000000 08:07 16257005                   /lib/x86_64-linux-gnu/librt-2.21.so
7f67a4ca3000-7f67a4ea2000 ---p 00007000 08:07 16257005                   /lib/x86_64-linux-gnu/librt-2.21.so
7f67a4ea2000-7f67a4ea3000 r--p 00006000 08:07 16257005                   /lib/x86_64-linux-gnu/librt-2.21.so
7f67a4ea3000-7f67a4ea4000 rw-p 00007000 08:07 16257005                   /lib/x86_64-linux-gnu/librt-2.21.so
7f67a4ea4000-7f67a4eba000 r-xp 00000000 08:07 16257047                   /lib/x86_64-linux-gnu/libgcc_s.so.1
7f67a4eba000-7f67a50b9000 ---p 00016000 08:07 16257047                   /lib/x86_64-linux-gnu/libgcc_s.so.1
7f67a50b9000-7f67a50ba000 rw-p 00015000 08:07 16257047                   /lib/x86_64-linux-gnu/libgcc_s.so.1
7f67a50ba000-7f67a51c1000 r-xp 00000000 08:07 16257003                   /lib/x86_64-linux-gnu/libm-2.21.so
7f67a51c1000-7f67a53c0000 ---p 00107000 08:07 16257003                   /lib/x86_64-linux-gnu/libm-2.21.so
7f67a53c0000-7f67a53c1000 r--p 00106000 08:07 16257003                   /lib/x86_64-linux-gnu/libm-2.21.so
7f67a53c1000-7f67a53c2000 rw-p 00107000 08:07 16257003                   /lib/x86_64-linux-gnu/libm-2.21.so
7f67a53c2000-7f67a54b2000 r-xp 00000000 08:07 13631543                   /usr/lib/x86_64-linux-gnu/libstdc++.so.6.0.20
7f67a54b2000-7f67a56b2000 ---p 000f0000 08:07 13631543                   /usr/lib/x86_64-linux-gnu/libstdc++.so.6.0.20
7f67a56b2000-7f67a56ba000 r--p 000f0000 08:07 13631543                   /usr/lib/x86_64-linux-gnu/libstdc++.so.6.0.20
7f67a56ba000-7f67a56bc000 rw-p 000f8000 08:07 13631543                   /usr/lib/x86_64-linux-gnu/libstdc++.so.6.0.20
7f67a56bc000-7f67a56d1000 rw-p 00000000 00:00 0 
7f67a56d1000-7f67a6231000 r-xp 00000000 08:07 13642163                   /usr/lib/jvm/java-7-openjdk-amd64/jre/lib/amd64/server/libjvm.so
7f67a6231000-7f67a6431000 ---p 00b60000 08:07 13642163                   /usr/lib/jvm/java-7-openjdk-amd64/jre/lib/amd64/server/libjvm.so
7f67a6431000-7f67a64d0000 r--p 00b60000 08:07 13642163                   /usr/lib/jvm/java-7-openjdk-amd64/jre/lib/amd64/server/libjvm.so
7f67a64d0000-7f67a64f3000 rw-p 00bff000 08:07 13642163                   /usr/lib/jvm/java-7-openjdk-amd64/jre/lib/amd64/server/libjvm.so
7f67a64f3000-7f67a6520000 rw-p 00000000 00:00 0 
7f67a6520000-7f67a6539000 r-xp 00000000 08:07 16257026                   /lib/x86_64-linux-gnu/libz.so.1.2.8
7f67a6539000-7f67a6739000 ---p 00019000 08:07 16257026                   /lib/x86_64-linux-gnu/libz.so.1.2.8
7f67a6739000-7f67a673a000 r--p 00019000 08:07 16257026                   /lib/x86_64-linux-gnu/libz.so.1.2.8
7f67a673a000-7f67a673b000 rw-p 0001a000 08:07 16257026                   /lib/x86_64-linux-gnu/libz.so.1.2.8
7f67a673b000-7f67a6753000 r-xp 00000000 08:07 16253005                   /lib/x86_64-linux-gnu/libpthread-2.21.so
7f67a6753000-7f67a6953000 ---p 00018000 08:07 16253005                   /lib/x86_64-linux-gnu/libpthread-2.21.so
7f67a6953000-7f67a6954000 r--p 00018000 08:07 16253005                   /lib/x86_64-linux-gnu/libpthread-2.21.so
7f67a6954000-7f67a6955000 rw-p 00019000 08:07 16253005                   /lib/x86_64-linux-gnu/libpthread-2.21.so
7f67a6955000-7f67a6959000 rw-p 00000000 00:00 0 
7f67a6959000-7f67a695c000 r-xp 00000000 08:07 16253001                   /lib/x86_64-linux-gnu/libdl-2.21.so
7f67a695c000-7f67a6b5b000 ---p 00003000 08:07 16253001                   /lib/x86_64-linux-gnu/libdl-2.21.so
7f67a6b5b000-7f67a6b5c000 r--p 00002000 08:07 16253001                   /lib/x86_64-linux-gnu/libdl-2.21.so
7f67a6b5c000-7f67a6b5d000 rw-p 00003000 08:07 16253001                   /lib/x86_64-linux-gnu/libdl-2.21.so
7f67a6b5d000-7f67a6d1d000 r-xp 00000000 08:07 16257010                   /lib/x86_64-linux-gnu/libc-2.21.so
7f67a6d1d000-7f67a6f1d000 ---p 001c0000 08:07 16257010                   /lib/x86_64-linux-gnu/libc-2.21.so
7f67a6f1d000-7f67a6f21000 r--p 001c0000 08:07 16257010                   /lib/x86_64-linux-gnu/libc-2.21.so
7f67a6f21000-7f67a6f23000 rw-p 001c4000 08:07 16257010                   /lib/x86_64-linux-gnu/libc-2.21.so
7f67a6f23000-7f67a6f27000 rw-p 00000000 00:00 0 
7f67a6f27000-7f67a6f34000 r-xp 00000000 08:07 13642172                   /usr/lib/jvm/java-7-openjdk-amd64/jre/lib/amd64/jli/libjli.so
7f67a6f34000-7f67a7133000 ---p 0000d000 08:07 13642172                   /usr/lib/jvm/java-7-openjdk-amd64/jre/lib/amd64/jli/libjli.so
7f67a7133000-7f67a7134000 r--p 0000c000 08:07 13642172                   /usr/lib/jvm/java-7-openjdk-amd64/jre/lib/amd64/jli/libjli.so
7f67a7134000-7f67a7135000 rw-p 0000d000 08:07 13642172                   /usr/lib/jvm/java-7-openjdk-amd64/jre/lib/amd64/jli/libjli.so
7f67a7135000-7f67a7159000 r-xp 00000000 08:07 16253004                   /lib/x86_64-linux-gnu/ld-2.21.so
7f67a7159000-7f67a715a000 rw-p 00000000 00:00 0 
7f67a715a000-7f67a715b000 r--s 00005000 08:07 7081028                    /home/hit_alan/zhoufandi/somefilebetweenlinuxandwindows/target/csvio-1.0.2.jar
7f67a715b000-7f67a715c000 r--s 00008000 08:07 7081026                    /home/hit_alan/zhoufandi/somefilebetweenlinuxandwindows/target/commons-cli-1.1.jar
7f67a715c000-7f67a715e000 r--s 0001d000 08:07 7081025                    /home/hit_alan/zhoufandi/somefilebetweenlinuxandwindows/target/xmlcli-1.2.3.jar
7f67a715e000-7f67a7160000 r--s 0000d000 08:07 7081029                    /home/hit_alan/zhoufandi/somefilebetweenlinuxandwindows/target/commons-logging-1.1.1.jar
7f67a7160000-7f67a7165000 r--s 00034000 08:07 7081024                    /home/hit_alan/zhoufandi/somefilebetweenlinuxandwindows/target/commons-beanutils-1.8.3.jar
7f67a7165000-7f67a7170000 r--s 000b4000 08:07 7081123                    /home/hit_alan/zhoufandi/somefilebetweenlinuxandwindows/target/stigmata-5.0-SNAPSHOT.jar
7f67a7170000-7f67a7174000 r--s 00034000 08:07 13642025                   /usr/lib/jvm/java-7-openjdk-amd64/jre/lib/ext/sunjce_provider.jar
7f67a7174000-7f67a717e000 rw-p 00000000 00:00 0 
7f67a717e000-7f67a7234000 rw-p 00000000 00:00 0 
7f67a7234000-7f67a7237000 ---p 00000000 00:00 0 
7f67a7237000-7f67a733a000 rw-p 00000000 00:00 0 
7f67a733a000-7f67a733c000 r--s 0000b000 08:07 7081027                    /home/hit_alan/zhoufandi/somefilebetweenlinuxandwindows/target/commons-dbutils-1.4.jar
7f67a733c000-7f67a733d000 r--s 00002000 08:07 13642027                   /usr/lib/jvm/java-7-openjdk-amd64/jre/lib/ext/dnsns.jar
7f67a733d000-7f67a733f000 r--s 00012000 08:07 13642022                   /usr/lib/jvm/java-7-openjdk-amd64/jre/lib/ext/zipfs.jar
7f67a733f000-7f67a7343000 r--s 0003c000 08:07 13642026                   /usr/lib/jvm/java-7-openjdk-amd64/jre/lib/ext/sunpkcs11.jar
7f67a7343000-7f67a7346000 r--s 0000f000 08:07 13642024                   /usr/lib/jvm/java-7-openjdk-amd64/jre/lib/ext/icedtea-sound.jar
7f67a7346000-7f67a734a000 r--s 00085000 08:07 13642023                   /usr/lib/jvm/java-7-openjdk-amd64/jre/lib/ext/localedata.jar
7f67a734a000-7f67a734c000 r--s 00006000 08:07 14028198                   /usr/share/java/java-atk-wrapper.jar
7f67a734c000-7f67a7354000 rw-s 00000000 08:07 5247303                    /tmp/hsperfdata_hit_alan/20740
7f67a7354000-7f67a7355000 rw-p 00000000 00:00 0 
7f67a7355000-7f67a7356000 ---p 00000000 00:00 0 
7f67a7356000-7f67a7358000 rw-p 00000000 00:00 0 
7f67a7358000-7f67a7359000 r--p 00023000 08:07 16253004                   /lib/x86_64-linux-gnu/ld-2.21.so
7f67a7359000-7f67a735a000 rw-p 00024000 08:07 16253004                   /lib/x86_64-linux-gnu/ld-2.21.so
7f67a735a000-7f67a735b000 rw-p 00000000 00:00 0 
7ffde5918000-7ffde593a000 rw-p 00000000 00:00 0                          [stack]
7ffde59c7000-7ffde59c9000 r--p 00000000 00:00 0                          [vvar]
7ffde59c9000-7ffde59cb000 r-xp 00000000 00:00 0                          [vdso]
ffffffffff600000-ffffffffff601000 r-xp 00000000 00:00 0                  [vsyscall]

VM Arguments:
java_command: stigmata-5.0-SNAPSHOT.jar -f xml -b cvfv compare ../dex2jar-2.0/4c09768969cd733e330888d241526a32eae57a92f3f08daaa784cd8a7fb40675/channeldex2jar.jar ../dex2jar-2.0/4c09768969cd733e330888d241526a32eae57a92f3f08daaa784cd8a7fb40675/clientdex2jar.jar
Launcher Type: SUN_STANDARD

Environment Variables:
JAVA_HOME=/usr/lib/jvm/java-7-openjdk-amd64
PATH=/home/hit_alan/bin:/home/hit_alan/.gvm/vertx/current/bin:/home/hit_alan/.gvm/springboot/current/bin:/home/hit_alan/.gvm/lazybones/current/bin:/home/hit_alan/.gvm/jbake/current/bin:/home/hit_alan/.gvm/groovyserv/current/bin:/home/hit_alan/.gvm/groovy/current/bin:/home/hit_alan/.gvm/griffon/current/bin:/home/hit_alan/.gvm/grails/current/bin:/home/hit_alan/.gvm/gradle/current/bin:/home/hit_alan/.gvm/glide/current/bin:/home/hit_alan/.gvm/gaiden/current/bin:/home/hit_alan/.gvm/crash/current/bin:/home/hit_alan/.gvm/asciidoctorj/current/bin:/home/hit_alan/bin:/usr/local/sbin:/usr/local/bin:/usr/sbin:/usr/bin:/sbin:/bin:/usr/games:/usr/local/games:/usr/gradle-2.4/bin:/usr/grails-3.0.2/bin:/home/hit_alan/softwares/adt-bundle-linux-x86_64-20140624/sdk/platform-tools:/home/hit_alan/softwares/adt-bundle-linux-x86_64-20140624/sdk/tools:/usr/gradle-2.4/bin:/usr/grails-3.0.2/bin:/home/hit_alan/softwares/adt-bundle-linux-x86_64-20140624/sdk/platform-tools:/home/hit_alan/softwares/adt-bundle-linux-x86_64-20140624/sdk/tools
SHELL=/bin/bash
DISPLAY=:0

Signal Handlers:
SIGSEGV: [libjvm.so+0x992590], sa_mask[0]=0x7ffbfeff, sa_flags=0x10000004
SIGBUS: [libjvm.so+0x992590], sa_mask[0]=0x7ffbfeff, sa_flags=0x10000004
SIGFPE: [libjvm.so+0x7fec60], sa_mask[0]=0x7ffbfeff, sa_flags=0x10000004
SIGPIPE: [libjvm.so+0x7fec60], sa_mask[0]=0x7ffbfeff, sa_flags=0x10000004
SIGXFSZ: [libjvm.so+0x7fec60], sa_mask[0]=0x7ffbfeff, sa_flags=0x10000004
SIGILL: [libjvm.so+0x7fec60], sa_mask[0]=0x7ffbfeff, sa_flags=0x10000004
SIGUSR1: SIG_DFL, sa_mask[0]=0x00000000, sa_flags=0x00000000
SIGUSR2: [libjvm.so+0x7feae0], sa_mask[0]=0x00000004, sa_flags=0x10000004
SIGHUP: [libjvm.so+0x7fece0], sa_mask[0]=0x7ffbfeff, sa_flags=0x10000004
SIGINT: [libjvm.so+0x7fece0], sa_mask[0]=0x7ffbfeff, sa_flags=0x10000004
SIGTERM: [libjvm.so+0x7fece0], sa_mask[0]=0x7ffbfeff, sa_flags=0x10000004
SIGQUIT: [libjvm.so+0x7fece0], sa_mask[0]=0x7ffbfeff, sa_flags=0x10000004
SIGTRAP: SIG_DFL, sa_mask[0]=0x00000000, sa_flags=0x00000000


---------------  S Y S T E M  ---------------

OS:Ubuntu 15.04 (vivid)
uname:Linux 3.19.0-66-generic #74-Ubuntu SMP Tue Jul 19 15:07:04 UTC 2016 x86_64
libc:glibc 2.21 NPTL 2.21 
rlimit: STACK 8192k, CORE 0k, NPROC 31638, NOFILE 65536, AS infinity
load average:7.04 4.67 3.88

/proc/meminfo:
MemTotal:        8121832 kB
MemFree:          132544 kB
MemAvailable:     112228 kB
Buffers:            2180 kB
Cached:           294048 kB
SwapCached:            0 kB
Active:          7493212 kB
Inactive:         257184 kB
Active(anon):    7463004 kB
Inactive(anon):   220892 kB
Active(file):      30208 kB
Inactive(file):    36292 kB
Unevictable:         192 kB
Mlocked:             192 kB
SwapTotal:             0 kB
SwapFree:              0 kB
Dirty:              2132 kB
Writeback:            36 kB
AnonPages:       7454524 kB
Mapped:           236848 kB
Shmem:            229592 kB
Slab:             104544 kB
SReclaimable:      61796 kB
SUnreclaim:        42748 kB
KernelStack:       13088 kB
PageTables:        62280 kB
NFS_Unstable:          0 kB
Bounce:                0 kB
WritebackTmp:          0 kB
CommitLimit:     4060916 kB
Committed_AS:   12636252 kB
VmallocTotal:   34359738367 kB
VmallocUsed:      111436 kB
VmallocChunk:   34359600652 kB
HardwareCorrupted:     0 kB
AnonHugePages:   3512320 kB
CmaTotal:              0 kB
CmaFree:               0 kB
HugePages_Total:       0
HugePages_Free:        0
HugePages_Rsvd:        0
HugePages_Surp:        0
Hugepagesize:       2048 kB
DirectMap4k:      437524 kB
DirectMap2M:     7897088 kB
DirectMap1G:     1048576 kB


CPU:total 4 (4 cores per cpu, 1 threads per core) family 6 model 60 stepping 3, cmov, cx8, fxsr, mmx, sse, sse2, sse3, ssse3, sse4.1, sse4.2, popcnt, avx, avx2, aes, erms, tsc, tscinvbit

/proc/cpuinfo:
processor	: 0
vendor_id	: GenuineIntel
cpu family	: 6
model		: 60
model name	: Intel(R) Core(TM) i5-4590 CPU @ 3.30GHz
stepping	: 3
microcode	: 0x1d
cpu MHz		: 3499.933
cache size	: 6144 KB
physical id	: 0
siblings	: 4
core id		: 0
cpu cores	: 4
apicid		: 0
initial apicid	: 0
fpu		: yes
fpu_exception	: yes
cpuid level	: 13
wp		: yes
flags		: fpu vme de pse tsc msr pae mce cx8 apic sep mtrr pge mca cmov pat pse36 clflush dts acpi mmx fxsr sse sse2 ss ht tm pbe syscall nx pdpe1gb rdtscp lm constant_tsc arch_perfmon pebs bts rep_good nopl xtopology nonstop_tsc aperfmperf eagerfpu pni pclmulqdq dtes64 monitor ds_cpl vmx smx est tm2 ssse3 fma cx16 xtpr pdcm pcid sse4_1 sse4_2 x2apic movbe popcnt tsc_deadline_timer aes xsave avx f16c rdrand lahf_lm abm ida arat epb pln pts dtherm tpr_shadow vnmi flexpriority ept vpid fsgsbase tsc_adjust bmi1 avx2 smep bmi2 erms invpcid xsaveopt
bugs		:
bogomips	: 6584.26
clflush size	: 64
cache_alignment	: 64
address sizes	: 39 bits physical, 48 bits virtual
power management:

processor	: 1
vendor_id	: GenuineIntel
cpu family	: 6
model		: 60
model name	: Intel(R) Core(TM) i5-4590 CPU @ 3.30GHz
stepping	: 3
microcode	: 0x1d
cpu MHz		: 3499.933
cache size	: 6144 KB
physical id	: 0
siblings	: 4
core id		: 1
cpu cores	: 4
apicid		: 2
initial apicid	: 2
fpu		: yes
fpu_exception	: yes
cpuid level	: 13
wp		: yes
flags		: fpu vme de pse tsc msr pae mce cx8 apic sep mtrr pge mca cmov pat pse36 clflush dts acpi mmx fxsr sse sse2 ss ht tm pbe syscall nx pdpe1gb rdtscp lm constant_tsc arch_perfmon pebs bts rep_good nopl xtopology nonstop_tsc aperfmperf eagerfpu pni pclmulqdq dtes64 monitor ds_cpl vmx smx est tm2 ssse3 fma cx16 xtpr pdcm pcid sse4_1 sse4_2 x2apic movbe popcnt tsc_deadline_timer aes xsave avx f16c rdrand lahf_lm abm ida arat epb pln pts dtherm tpr_shadow vnmi flexpriority ept vpid fsgsbase tsc_adjust bmi1 avx2 smep bmi2 erms invpcid xsaveopt
bugs		:
bogomips	: 6584.26
clflush size	: 64
cache_alignment	: 64
address sizes	: 39 bits physical, 48 bits virtual
power management:

processor	: 2
vendor_id	: GenuineIntel
cpu family	: 6
model		: 60
model name	: Intel(R) Core(TM) i5-4590 CPU @ 3.30GHz
stepping	: 3
microcode	: 0x1d
cpu MHz		: 3499.933
cache size	: 6144 KB
physical id	: 0
siblings	: 4
core id		: 2
cpu cores	: 4
apicid		: 4
initial apicid	: 4
fpu		: yes
fpu_exception	: yes
cpuid level	: 13
wp		: yes
flags		: fpu vme de pse tsc msr pae mce cx8 apic sep mtrr pge mca cmov pat pse36 clflush dts acpi mmx fxsr sse sse2 ss ht tm pbe syscall nx pdpe1gb rdtscp lm constant_tsc arch_perfmon pebs bts rep_good nopl xtopology nonstop_tsc aperfmperf eagerfpu pni pclmulqdq dtes64 monitor ds_cpl vmx smx est tm2 ssse3 fma cx16 xtpr pdcm pcid sse4_1 sse4_2 x2apic movbe popcnt tsc_deadline_timer aes xsave avx f16c rdrand lahf_lm abm ida arat epb pln pts dtherm tpr_shadow vnmi flexpriority ept vpid fsgsbase tsc_adjust bmi1 avx2 smep bmi2 erms invpcid xsaveopt
bugs		:
bogomips	: 6584.26
clflush size	: 64
cache_alignment	: 64
address sizes	: 39 bits physical, 48 bits virtual
power management:

processor	: 3
vendor_id	: GenuineIntel
cpu family	: 6
model		: 60
model name	: Intel(R) Core(TM) i5-4590 CPU @ 3.30GHz
stepping	: 3
microcode	: 0x1d
cpu MHz		: 3499.933
cache size	: 6144 KB
physical id	: 0
siblings	: 4
core id		: 3
cpu cores	: 4
apicid		: 6
initial apicid	: 6
fpu		: yes
fpu_exception	: yes
cpuid level	: 13
wp		: yes
flags		: fpu vme de pse tsc msr pae mce cx8 apic sep mtrr pge mca cmov pat pse36 clflush dts acpi mmx fxsr sse sse2 ss ht tm pbe syscall nx pdpe1gb rdtscp lm constant_tsc arch_perfmon pebs bts rep_good nopl xtopology nonstop_tsc aperfmperf eagerfpu pni pclmulqdq dtes64 monitor ds_cpl vmx smx est tm2 ssse3 fma cx16 xtpr pdcm pcid sse4_1 sse4_2 x2apic movbe popcnt tsc_deadline_timer aes xsave avx f16c rdrand lahf_lm abm ida arat epb pln pts dtherm tpr_shadow vnmi flexpriority ept vpid fsgsbase tsc_adjust bmi1 avx2 smep bmi2 erms invpcid xsaveopt
bugs		:
bogomips	: 6584.26
clflush size	: 64
cache_alignment	: 64
address sizes	: 39 bits physical, 48 bits virtual
power management:



Memory: 4k page, physical 8121832k(132544k free), swap 0k(0k free)

vm_info: OpenJDK 64-Bit Server VM (24.95-b01) for linux-amd64 JRE (1.7.0_95-b00), built on Jan 21 2016 03:41:02 by "buildd" with gcc 4.9.2

time: Wed Sep 28 13:50:03 2016
elapsed time: 17 seconds

