#
# There is insufficient memory for the Java Runtime Environment to continue.
# Native memory allocation (malloc) failed to allocate 245891072 bytes for committing reserved memory.
# Possible reasons:
#   The system is out of physical RAM or swap space
#   In 32 bit mode, the process size limit was hit
# Possible solutions:
#   Reduce memory load on the system
#   Increase physical memory or swap space
#   Check if swap backing store is full
#   Use 64 bit Java on a 64 bit OS
#   Decrease Java heap size (-Xmx/-Xms)
#   Decrease number of Java threads
#   Decrease Java thread stack sizes (-Xss)
#   Set larger code cache with -XX:ReservedCodeCacheSize=
# This output file may be truncated or incomplete.
#
#  Out of Memory Error (os_linux.cpp:2827), pid=21978, tid=140267194447616
#
# JRE version: OpenJDK Runtime Environment (7.0_95) (build 1.7.0_95-b00)
# Java VM: OpenJDK 64-Bit Server VM (24.95-b01 mixed mode linux-amd64 compressed oops)
# Derivative: IcedTea 2.6.4
# Distribution: Ubuntu 15.04, package 7u95-2.6.4-0ubuntu0.15.04.1
# Failed to write core dump. Core dumps have been disabled. To enable core dumping, try "ulimit -c unlimited" before starting Java again
#

---------------  T H R E A D  ---------------

Current thread (0x00007f928813d000):  VMThread [stack: 0x00007f92803c7000,0x00007f92804c8000] [id=21984]

Stack: [0x00007f92803c7000,0x00007f92804c8000],  sp=0x00007f92804c64e0,  free space=1021k
Native frames: (J=compiled Java code, j=interpreted, Vv=VM code, C=native code)
V  [libjvm.so+0x991aa6]
V  [libjvm.so+0x4934c2]
V  [libjvm.so+0x80371b]
V  [libjvm.so+0x7fddfe]
V  [libjvm.so+0x871c0b]
V  [libjvm.so+0x872ac3]
V  [libjvm.so+0x8731db]
V  [libjvm.so+0x86eb41]
V  [libjvm.so+0x86f3b8]
V  [libjvm.so+0x826a73]
V  [libjvm.so+0x993372]
V  [libjvm.so+0x9977f7]
V  [libjvm.so+0x995f6b]
V  [libjvm.so+0x996616]
V  [libjvm.so+0x996ae1]
V  [libjvm.so+0x800642]

VM_Operation (0x00007f9290e7f650): ParallelGCFailedAllocation, mode: safepoint, requested by thread 0x00007f928800a000


---------------  P R O C E S S  ---------------

Java Threads: ( => current thread )
  0x00007f9288178000 JavaThread "Service Thread" daemon [_thread_blocked, id=21990, stack(0x00007f927b890000,0x00007f927b991000)]
  0x00007f9288175800 JavaThread "C2 CompilerThread1" daemon [_thread_blocked, id=21989, stack(0x00007f927b991000,0x00007f927ba92000)]
  0x00007f9288172800 JavaThread "C2 CompilerThread0" daemon [_thread_blocked, id=21988, stack(0x00007f927ba92000,0x00007f927bb93000)]
  0x00007f9288170000 JavaThread "Signal Dispatcher" daemon [_thread_blocked, id=21987, stack(0x00007f92800c4000,0x00007f92801c5000)]
  0x00007f9288143800 JavaThread "Finalizer" daemon [_thread_blocked, id=21986, stack(0x00007f92801c5000,0x00007f92802c6000)]
  0x00007f9288141000 JavaThread "Reference Handler" daemon [_thread_blocked, id=21985, stack(0x00007f92802c6000,0x00007f92803c7000)]
  0x00007f928800a000 JavaThread "main" [_thread_blocked, id=21979, stack(0x00007f9290d80000,0x00007f9290e81000)]

Other Threads:
=>0x00007f928813d000 VMThread [stack: 0x00007f92803c7000,0x00007f92804c8000] [id=21984]
  0x00007f9288182800 WatcherThread [stack: 0x00007f927b78f000,0x00007f927b890000] [id=21991]

VM state:at safepoint (normal execution)

VM Mutex/Monitor currently owned by a thread:  ([mutex/lock_event])
[0x00007f9288006430] Threads_lock - owner thread: 0x00007f928813d000
[0x00007f9288006930] Heap_lock - owner thread: 0x00007f928800a000

Heap
 PSYoungGen      total 421888K, used 128K [0x00000007d6a80000, 0x00000007f1580000, 0x0000000800000000)
  eden space 407040K, 0% used [0x00000007d6a80000,0x00000007d6a80000,0x00000007ef800000)
  from space 14848K, 0% used [0x00000007ef800000,0x00000007ef820000,0x00000007f0680000)
  to   space 14336K, 0% used [0x00000007f0680000,0x00000007f0680000,0x00000007f1480000)
 ParOldGen       total 84480K, used 21959K [0x0000000784000000, 0x0000000789280000, 0x00000007d6a80000)
  object space 84480K, 25% used [0x0000000784000000,0x0000000785571d80,0x0000000789280000)
 PSPermGen       total 21504K, used 7624K [0x0000000779a00000, 0x000000077af00000, 0x0000000784000000)
  object space 21504K, 35% used [0x0000000779a00000,0x000000077a172370,0x000000077af00000)

Card table byte_map: [0x00007f928d52e000,0x00007f928d962000] byte_map_base: 0x00007f9289961000

Polling page: 0x00007f9290ea1000

Code Cache  [0x00007f9285000000, 0x00007f9285270000, 0x00007f9288000000)
 total_blobs=565 nmethods=310 adapters=208 free_code_cache=47597Kb largest_free_block=48687680

Compilation events (10 events):
Event: 4.864 Thread 0x00007f9288172800  322             java.lang.ref.ReferenceQueue::reallyPoll (69 bytes)
Event: 4.865 Thread 0x00007f9288172800 nmethod 322 0x00007f928509f490 code [0x00007f928509f5e0, 0x00007f928509f718]
Event: 4.914 Thread 0x00007f9288172800  323             com.github.stigmata.birthmarks.comparators.PlainBirthmarkComparator::compare (119 bytes)
Event: 4.918 Thread 0x00007f9288175800  324             com.github.stigmata.birthmarks.cvfv.TypeAndValueBirthmarkElement::equals (70 bytes)
Event: 4.919 Thread 0x00007f9288175800 nmethod 324 0x00007f9285089090 code [0x00007f92850891e0, 0x00007f92850893d8]
Event: 4.921 Thread 0x00007f9288172800 nmethod 323 0x00007f928509bed0 code [0x00007f928509c0c0, 0x00007f928509cad8]
Event: 5.048 Thread 0x00007f9288175800  325             java.lang.Integer::intValue (5 bytes)
Event: 5.048 Thread 0x00007f9288175800 nmethod 325 0x00007f92850c38d0 code [0x00007f92850c3a00, 0x00007f92850c3a58]
Event: 6.450 Thread 0x00007f9288175800  326             java.lang.Integer::equals (29 bytes)
Event: 6.450 Thread 0x00007f9288175800 nmethod 326 0x00007f92850c3610 code [0x00007f92850c3760, 0x00007f92850c3818]

GC Heap History (10 events):
Event: 3.475 GC heap after
Heap after GC invocations=6 (full 0):
 PSYoungGen      total 139776K, used 11396K [0x00000007d6a80000, 0x00000007e0380000, 0x0000000800000000)
  eden space 127488K, 0% used [0x00000007d6a80000,0x00000007d6a80000,0x00000007de700000)
  from space 12288K, 92% used [0x00000007df480000,0x00000007dffa10a8,0x00000007e0080000)
  to   space 13824K, 0% used [0x00000007de700000,0x00000007de700000,0x00000007df480000)
 ParOldGen       total 84480K, used 14347K [0x0000000784000000, 0x0000000789280000, 0x00000007d6a80000)
  object space 84480K, 16% used [0x0000000784000000,0x0000000784e02e80,0x0000000789280000)
 PSPermGen       total 21504K, used 7611K [0x0000000779a00000, 0x000000077af00000, 0x0000000784000000)
  object space 21504K, 35% used [0x0000000779a00000,0x000000077a16ef90,0x000000077af00000)
}
Event: 4.842 GC heap before
{Heap before GC invocations=7 (full 0):
 PSYoungGen      total 139776K, used 138884K [0x00000007d6a80000, 0x00000007e0380000, 0x0000000800000000)
  eden space 127488K, 100% used [0x00000007d6a80000,0x00000007de700000,0x00000007de700000)
  from space 12288K, 92% used [0x00000007df480000,0x00000007dffa10a8,0x00000007e0080000)
  to   space 13824K, 0% used [0x00000007de700000,0x00000007de700000,0x00000007df480000)
 ParOldGen       total 84480K, used 14347K [0x0000000784000000, 0x0000000789280000, 0x00000007d6a80000)
  object space 84480K, 16% used [0x0000000784000000,0x0000000784e02e80,0x0000000789280000)
 PSPermGen       total 21504K, used 7624K [0x0000000779a00000, 0x000000077af00000, 0x0000000784000000)
  object space 21504K, 35% used [0x0000000779a00000,0x000000077a1721b8,0x000000077af00000)
Event: 4.858 GC heap after
Heap after GC invocations=7 (full 0):
 PSYoungGen      total 141312K, used 8877K [0x00000007d6a80000, 0x00000007e7d80000, 0x0000000800000000)
  eden space 127488K, 0% used [0x00000007d6a80000,0x00000007d6a80000,0x00000007de700000)
  from space 13824K, 64% used [0x00000007de700000,0x00000007defab730,0x00000007df480000)
  to   space 13312K, 0% used [0x00000007e7080000,0x00000007e7080000,0x00000007e7d80000)
 ParOldGen       total 84480K, used 15818K [0x0000000784000000, 0x0000000789280000, 0x00000007d6a80000)
  object space 84480K, 18% used [0x0000000784000000,0x0000000784f72bc0,0x0000000789280000)
 PSPermGen       total 21504K, used 7624K [0x0000000779a00000, 0x000000077af00000, 0x0000000784000000)
  object space 21504K, 35% used [0x0000000779a00000,0x000000077a1721b8,0x000000077af00000)
}
Event: 6.142 GC heap before
{Heap before GC invocations=8 (full 0):
 PSYoungGen      total 141312K, used 136365K [0x00000007d6a80000, 0x00000007e7d80000, 0x0000000800000000)
  eden space 127488K, 100% used [0x00000007d6a80000,0x00000007de700000,0x00000007de700000)
  from space 13824K, 64% used [0x00000007de700000,0x00000007defab730,0x00000007df480000)
  to   space 13312K, 0% used [0x00000007e7080000,0x00000007e7080000,0x00000007e7d80000)
 ParOldGen       total 84480K, used 15818K [0x0000000784000000, 0x0000000789280000, 0x00000007d6a80000)
  object space 84480K, 18% used [0x0000000784000000,0x0000000784f72bc0,0x0000000789280000)
 PSPermGen       total 21504K, used 7624K [0x0000000779a00000, 0x000000077af00000, 0x0000000784000000)
  object space 21504K, 35% used [0x0000000779a00000,0x000000077a172370,0x000000077af00000)
Event: 6.156 GC heap after
Heap after GC invocations=8 (full 0):
 PSYoungGen      total 267776K, used 3788K [0x00000007d6a80000, 0x00000007e7e80000, 0x0000000800000000)
  eden space 254464K, 0% used [0x00000007d6a80000,0x00000007d6a80000,0x00000007e6300000)
  from space 13312K, 28% used [0x00000007e7080000,0x00000007e74332b0,0x00000007e7d80000)
  to   space 13824K, 0% used [0x00000007e6300000,0x00000007e6300000,0x00000007e7080000)
 ParOldGen       total 84480K, used 18189K [0x0000000784000000, 0x0000000789280000, 0x00000007d6a80000)
  object space 84480K, 21% used [0x0000000784000000,0x00000007851c3708,0x0000000789280000)
 PSPermGen       total 21504K, used 7624K [0x0000000779a00000, 0x000000077af00000, 0x0000000784000000)
  object space 21504K, 35% used [0x0000000779a00000,0x000000077a172370,0x000000077af00000)
}
Event: 9.571 GC heap before
{Heap before GC invocations=9 (full 0):
 PSYoungGen      total 267776K, used 258252K [0x00000007d6a80000, 0x00000007e7e80000, 0x0000000800000000)
  eden space 254464K, 100% used [0x00000007d6a80000,0x00000007e6300000,0x00000007e6300000)
  from space 13312K, 28% used [0x00000007e7080000,0x00000007e74332b0,0x00000007e7d80000)
  to   space 13824K, 0% used [0x00000007e6300000,0x00000007e6300000,0x00000007e7080000)
 ParOldGen       total 84480K, used 18189K [0x0000000784000000, 0x0000000789280000, 0x00000007d6a80000)
  object space 84480K, 21% used [0x0000000784000000,0x00000007851c3708,0x0000000789280000)
 PSPermGen       total 21504K, used 7624K [0x0000000779a00000, 0x000000077af00000, 0x0000000784000000)
  object space 21504K, 35% used [0x0000000779a00000,0x000000077a172370,0x000000077af00000)
Event: 9.578 GC heap after
Heap after GC invocations=9 (full 0):
 PSYoungGen      total 268288K, used 64K [0x00000007d6a80000, 0x00000007f1480000, 0x0000000800000000)
  eden space 254464K, 0% used [0x00000007d6a80000,0x00000007d6a80000,0x00000007e6300000)
  from space 13824K, 0% used [0x00000007e6300000,0x00000007e6310000,0x00000007e7080000)
  to   space 14336K, 0% used [0x00000007f0680000,0x00000007f0680000,0x00000007f1480000)
 ParOldGen       total 84480K, used 21900K [0x0000000784000000, 0x0000000789280000, 0x00000007d6a80000)
  object space 84480K, 25% used [0x0000000784000000,0x0000000785563210,0x0000000789280000)
 PSPermGen       total 21504K, used 7624K [0x0000000779a00000, 0x000000077af00000, 0x0000000784000000)
  object space 21504K, 35% used [0x0000000779a00000,0x000000077a172370,0x000000077af00000)
}
Event: 14.218 GC heap before
{Heap before GC invocations=10 (full 0):
 PSYoungGen      total 268288K, used 254528K [0x00000007d6a80000, 0x00000007f1480000, 0x0000000800000000)
  eden space 254464K, 100% used [0x00000007d6a80000,0x00000007e6300000,0x00000007e6300000)
  from space 13824K, 0% used [0x00000007e6300000,0x00000007e6310000,0x00000007e7080000)
  to   space 14336K, 0% used [0x00000007f0680000,0x00000007f0680000,0x00000007f1480000)
 ParOldGen       total 84480K, used 21900K [0x0000000784000000, 0x0000000789280000, 0x00000007d6a80000)
  object space 84480K, 25% used [0x0000000784000000,0x0000000785563210,0x0000000789280000)
 PSPermGen       total 21504K, used 7624K [0x0000000779a00000, 0x000000077af00000, 0x0000000784000000)
  object space 21504K, 35% used [0x0000000779a00000,0x000000077a172370,0x000000077af00000)
Event: 14.433 GC heap after
Heap after GC invocations=10 (full 0):
 PSYoungGen      total 421376K, used 128K [0x00000007d6a80000, 0x00000007f1580000, 0x0000000800000000)
  eden space 407040K, 0% used [0x00000007d6a80000,0x00000007d6a80000,0x00000007ef800000)
  from space 14336K, 0% used [0x00000007f0680000,0x00000007f06a0000,0x00000007f1480000)
  to   space 14848K, 0% used [0x00000007ef800000,0x00000007ef800000,0x00000007f0680000)
 ParOldGen       total 84480K, used 21935K [0x0000000784000000, 0x0000000789280000, 0x00000007d6a80000)
  object space 84480K, 25% used [0x0000000784000000,0x000000078556bd80,0x0000000789280000)
 PSPermGen       total 21504K, used 7624K [0x0000000779a00000, 0x000000077af00000, 0x0000000784000000)
  object space 21504K, 35% used [0x0000000779a00000,0x000000077a172370,0x000000077af00000)
}
Event: 20.759 GC heap before
{Heap before GC invocations=11 (full 0):
 PSYoungGen      total 421376K, used 407168K [0x00000007d6a80000, 0x00000007f1580000, 0x0000000800000000)
  eden space 407040K, 100% used [0x00000007d6a80000,0x00000007ef800000,0x00000007ef800000)
  from space 14336K, 0% used [0x00000007f0680000,0x00000007f06a0000,0x00000007f1480000)
  to   space 14848K, 0% used [0x00000007ef800000,0x00000007ef800000,0x00000007f0680000)
 ParOldGen       total 84480K, used 21935K [0x0000000784000000, 0x0000000789280000, 0x00000007d6a80000)
  object space 84480K, 25% used [0x0000000784000000,0x000000078556bd80,0x0000000789280000)
 PSPermGen       total 21504K, used 7624K [0x0000000779a00000, 0x000000077af00000, 0x0000000784000000)
  object space 21504K, 35% used [0x0000000779a00000,0x000000077a172370,0x000000077af00000)

Deoptimization events (10 events):
Event: 3.791 Thread 0x00007f928800a000 Uncommon trap: reason=class_check action=maybe_recompile pc=0x00007f92850a12fc method=com.github.stigmata.birthmarks.cvfv.TypeAndValueBirthmarkElement.equals(Ljava/lang/Object;)Z @ 64
Event: 3.791 Thread 0x00007f928800a000 Uncommon trap: reason=class_check action=maybe_recompile pc=0x00007f92850a12fc method=com.github.stigmata.birthmarks.cvfv.TypeAndValueBirthmarkElement.equals(Ljava/lang/Object;)Z @ 64
Event: 3.791 Thread 0x00007f928800a000 Uncommon trap: reason=class_check action=maybe_recompile pc=0x00007f92850a12fc method=com.github.stigmata.birthmarks.cvfv.TypeAndValueBirthmarkElement.equals(Ljava/lang/Object;)Z @ 64
Event: 3.805 Thread 0x00007f928800a000 Uncommon trap: reason=class_check action=maybe_recompile pc=0x00007f928508a060 method=com.github.stigmata.birthmarks.cvfv.TypeAndValueBirthmarkElement.equals(Ljava/lang/Object;)Z @ 64
Event: 4.530 Thread 0x00007f928800a000 Uncommon trap: reason=unstable_if action=reinterpret pc=0x00007f92850bfac8 method=com.github.stigmata.printer.xml.ComparisonPairXmlPrinter.printComparisonPair(Ljava/io/PrintWriter;Lcom/github/stigmata/ComparisonPair;)V @ 135
Event: 4.913 Thread 0x00007f928800a000 Uncommon trap: reason=bimorphic action=maybe_recompile pc=0x00007f928509e578 method=com.github.stigmata.birthmarks.cvfv.TypeAndValueBirthmarkElement.equals(Ljava/lang/Object;)Z @ 64
Event: 4.914 Thread 0x00007f928800a000 Uncommon trap: reason=bimorphic action=maybe_recompile pc=0x00007f928509e578 method=com.github.stigmata.birthmarks.cvfv.TypeAndValueBirthmarkElement.equals(Ljava/lang/Object;)Z @ 64
Event: 4.914 Thread 0x00007f928800a000 Uncommon trap: reason=bimorphic action=maybe_recompile pc=0x00007f928509e578 method=com.github.stigmata.birthmarks.cvfv.TypeAndValueBirthmarkElement.equals(Ljava/lang/Object;)Z @ 64
Event: 4.914 Thread 0x00007f928800a000 Uncommon trap: reason=bimorphic action=maybe_recompile pc=0x00007f928509e578 method=com.github.stigmata.birthmarks.cvfv.TypeAndValueBirthmarkElement.equals(Ljava/lang/Object;)Z @ 64
Event: 4.914 Thread 0x00007f928800a000 Uncommon trap: reason=bimorphic action=maybe_recompile pc=0x00007f9285089938 method=com.github.stigmata.birthmarks.cvfv.TypeAndValueBirthmarkElement.equals(Ljava/lang/Object;)Z @ 64

Internal exceptions (10 events):
Event: 0.837 Thread 0x00007f928800a000 Threw 0x00000007d7d22740 at /build/openjdk-7-3x2aMC/openjdk-7-7u95-2.6.4/build/openjdk/hotspot/src/share/vm/prims/jvm.cpp:1322
Event: 0.838 Thread 0x00007f928800a000 Threw 0x00000007d7d29980 at /build/openjdk-7-3x2aMC/openjdk-7-7u95-2.6.4/build/openjdk/hotspot/src/share/vm/prims/jvm.cpp:1322
Event: 0.838 Thread 0x00007f928800a000 Threw 0x00000007d7d2dac0 at /build/openjdk-7-3x2aMC/openjdk-7-7u95-2.6.4/build/openjdk/hotspot/src/share/vm/prims/jvm.cpp:1322
Event: 0.866 Thread 0x00007f928800a000 Threw 0x00000007d7dcf020 at /build/openjdk-7-3x2aMC/openjdk-7-7u95-2.6.4/build/openjdk/hotspot/src/share/vm/prims/jvm.cpp:1322
Event: 2.562 Thread 0x00007f928800a000 Implicit null exception at 0x00007f928512184f to 0x00007f9285126a4d
Event: 3.419 Thread 0x00007f928800a000 Threw 0x00000007da8dd778 at /build/openjdk-7-3x2aMC/openjdk-7-7u95-2.6.4/build/openjdk/hotspot/src/share/vm/prims/jvm.cpp:1322
Event: 3.420 Thread 0x00007f928800a000 Threw 0x00000007da8e3340 at /build/openjdk-7-3x2aMC/openjdk-7-7u95-2.6.4/build/openjdk/hotspot/src/share/vm/prims/jvm.cpp:1322
Event: 3.420 Thread 0x00007f928800a000 Threw 0x00000007da8f8660 at /build/openjdk-7-3x2aMC/openjdk-7-7u95-2.6.4/build/openjdk/hotspot/src/share/vm/prims/jvm.cpp:1322
Event: 3.430 Thread 0x00007f928800a000 Threw 0x00000007da8fc760 at /build/openjdk-7-3x2aMC/openjdk-7-7u95-2.6.4/build/openjdk/hotspot/src/share/vm/prims/jvm.cpp:1322
Event: 3.713 Thread 0x00007f928800a000 Implicit null exception at 0x00007f92850c0d9c to 0x00007f92850c11e5

Events (10 events):
Event: 4.914 Thread 0x00007f928800a000 Uncommon trap: trap_request=0xffffffc6 fr.pc=0x00007f9285089938
Event: 4.914 Thread 0x00007f928800a000 DEOPT PACKING pc=0x00007f9285089938 sp=0x00007f9290e7f6b0
Event: 4.914 Thread 0x00007f928800a000 DEOPT UNPACKING pc=0x00007f9285039445 sp=0x00007f9290e7f668 mode 2
Event: 6.142 Executing VM operation: ParallelGCFailedAllocation
Event: 6.156 Executing VM operation: ParallelGCFailedAllocation done
Event: 9.571 Executing VM operation: ParallelGCFailedAllocation
Event: 9.578 Executing VM operation: ParallelGCFailedAllocation done
Event: 14.129 Executing VM operation: ParallelGCFailedAllocation
Event: 14.433 Executing VM operation: ParallelGCFailedAllocation done
Event: 20.759 Executing VM operation: ParallelGCFailedAllocation


Dynamic libraries:
00400000-00401000 r-xp 00000000 08:07 13641842                           /usr/lib/jvm/java-7-openjdk-amd64/jre/bin/java
00600000-00601000 r--p 00000000 08:07 13641842                           /usr/lib/jvm/java-7-openjdk-amd64/jre/bin/java
00601000-00602000 rw-p 00001000 08:07 13641842                           /usr/lib/jvm/java-7-openjdk-amd64/jre/bin/java
00b7f000-00ba0000 rw-p 00000000 00:00 0                                  [heap]
779a00000-77af00000 rw-p 00000000 00:00 0 
77af00000-784000000 rw-p 00000000 00:00 0 
784000000-789280000 rw-p 00000000 00:00 0 
789280000-7d6a80000 rw-p 00000000 00:00 0 
7d6a80000-7f1580000 rw-p 00000000 00:00 0 
7f9244000000-7f924b3fe000 rw-p 00000000 00:00 0 
7f924b3fe000-7f924c000000 ---p 00000000 00:00 0 
7f924c000000-7f924c021000 rw-p 00000000 00:00 0 
7f924c021000-7f9250000000 ---p 00000000 00:00 0 
7f9250000000-7f9250021000 rw-p 00000000 00:00 0 
7f9250021000-7f9254000000 ---p 00000000 00:00 0 
7f9254000000-7f92551e1000 rw-p 00000000 00:00 0 
7f92551e1000-7f9258000000 ---p 00000000 00:00 0 
7f9258000000-7f9259577000 rw-p 00000000 00:00 0 
7f9259577000-7f925c000000 ---p 00000000 00:00 0 
7f925c000000-7f925c021000 rw-p 00000000 00:00 0 
7f925c021000-7f9260000000 ---p 00000000 00:00 0 
7f9260000000-7f9260021000 rw-p 00000000 00:00 0 
7f9260021000-7f9264000000 ---p 00000000 00:00 0 
7f9264000000-7f9264021000 rw-p 00000000 00:00 0 
7f9264021000-7f9268000000 ---p 00000000 00:00 0 
7f9268000000-7f9268021000 rw-p 00000000 00:00 0 
7f9268021000-7f926c000000 ---p 00000000 00:00 0 
7f926c000000-7f926c021000 rw-p 00000000 00:00 0 
7f926c021000-7f9270000000 ---p 00000000 00:00 0 
7f9270000000-7f9270021000 rw-p 00000000 00:00 0 
7f9270021000-7f9274000000 ---p 00000000 00:00 0 
7f9274000000-7f9274021000 rw-p 00000000 00:00 0 
7f9274021000-7f9278000000 ---p 00000000 00:00 0 
7f9279c78000-7f9279c8c000 r--p 00000000 08:07 14421516                   /usr/share/locale-langpack/zh_CN/LC_MESSAGES/libc.mo
7f9279c8c000-7f9279cc9000 r--s 002b9000 08:07 5246091                    /home/hit_alan/zhoufandi/somefilebetweenlinuxandwindows/dex2jar-2.0/913dd9e0ffdad6be684fa647e741b02df5c6a202caa95883fa41dc680131a443/clientdex2jar.jar
7f9279cc9000-7f9279fca000 rw-p 00000000 00:00 0 
7f9279fca000-7f927a036000 r-xp 00000000 08:07 16257056                   /lib/x86_64-linux-gnu/libpcre.so.3.13.1
7f927a036000-7f927a235000 ---p 0006c000 08:07 16257056                   /lib/x86_64-linux-gnu/libpcre.so.3.13.1
7f927a235000-7f927a236000 r--p 0006b000 08:07 16257056                   /lib/x86_64-linux-gnu/libpcre.so.3.13.1
7f927a236000-7f927a237000 rw-p 0006c000 08:07 16257056                   /lib/x86_64-linux-gnu/libpcre.so.3.13.1
7f927a237000-7f927a23e000 r-xp 00000000 08:07 13631618                   /usr/lib/x86_64-linux-gnu/libffi.so.6.0.4
7f927a23e000-7f927a43d000 ---p 00007000 08:07 13631618                   /usr/lib/x86_64-linux-gnu/libffi.so.6.0.4
7f927a43d000-7f927a43e000 r--p 00006000 08:07 13631618                   /usr/lib/x86_64-linux-gnu/libffi.so.6.0.4
7f927a43e000-7f927a43f000 rw-p 00007000 08:07 13631618                   /usr/lib/x86_64-linux-gnu/libffi.so.6.0.4
7f927a43f000-7f927a456000 r-xp 00000000 08:07 16253007                   /lib/x86_64-linux-gnu/libresolv-2.21.so
7f927a456000-7f927a656000 ---p 00017000 08:07 16253007                   /lib/x86_64-linux-gnu/libresolv-2.21.so
7f927a656000-7f927a658000 r--p 00017000 08:07 16253007                   /lib/x86_64-linux-gnu/libresolv-2.21.so
7f927a658000-7f927a659000 rw-p 00019000 08:07 16253007                   /lib/x86_64-linux-gnu/libresolv-2.21.so
7f927a659000-7f927a65b000 rw-p 00000000 00:00 0 
7f927a65b000-7f927a67c000 r-xp 00000000 08:07 16257131                   /lib/x86_64-linux-gnu/libselinux.so.1
7f927a67c000-7f927a87b000 ---p 00021000 08:07 16257131                   /lib/x86_64-linux-gnu/libselinux.so.1
7f927a87b000-7f927a87c000 r--p 00020000 08:07 16257131                   /lib/x86_64-linux-gnu/libselinux.so.1
7f927a87c000-7f927a87d000 rw-p 00021000 08:07 16257131                   /lib/x86_64-linux-gnu/libselinux.so.1
7f927a87d000-7f927a87f000 rw-p 00000000 00:00 0 
7f927a87f000-7f927a882000 r-xp 00000000 08:07 13631893                   /usr/lib/x86_64-linux-gnu/libgmodule-2.0.so.0.4400.1
7f927a882000-7f927aa81000 ---p 00003000 08:07 13631893                   /usr/lib/x86_64-linux-gnu/libgmodule-2.0.so.0.4400.1
7f927aa81000-7f927aa82000 r--p 00002000 08:07 13631893                   /usr/lib/x86_64-linux-gnu/libgmodule-2.0.so.0.4400.1
7f927aa82000-7f927aa83000 rw-p 00003000 08:07 13631893                   /usr/lib/x86_64-linux-gnu/libgmodule-2.0.so.0.4400.1
7f927aa83000-7f927ab90000 r-xp 00000000 08:07 16257102                   /lib/x86_64-linux-gnu/libglib-2.0.so.0.4400.1
7f927ab90000-7f927ad8f000 ---p 0010d000 08:07 16257102                   /lib/x86_64-linux-gnu/libglib-2.0.so.0.4400.1
7f927ad8f000-7f927ad90000 r--p 0010c000 08:07 16257102                   /lib/x86_64-linux-gnu/libglib-2.0.so.0.4400.1
7f927ad90000-7f927ad91000 rw-p 0010d000 08:07 16257102                   /lib/x86_64-linux-gnu/libglib-2.0.so.0.4400.1
7f927ad91000-7f927ad92000 rw-p 00000000 00:00 0 
7f927ad92000-7f927ade2000 r-xp 00000000 08:07 13631853                   /usr/lib/x86_64-linux-gnu/libgobject-2.0.so.0.4400.1
7f927ade2000-7f927afe2000 ---p 00050000 08:07 13631853                   /usr/lib/x86_64-linux-gnu/libgobject-2.0.so.0.4400.1
7f927afe2000-7f927afe3000 r--p 00050000 08:07 13631853                   /usr/lib/x86_64-linux-gnu/libgobject-2.0.so.0.4400.1
7f927afe3000-7f927afe4000 rw-p 00051000 08:07 13631853                   /usr/lib/x86_64-linux-gnu/libgobject-2.0.so.0.4400.1
7f927afe4000-7f927b15c000 r-xp 00000000 08:07 13631875                   /usr/lib/x86_64-linux-gnu/libgio-2.0.so.0.4400.1
7f927b15c000-7f927b35c000 ---p 00178000 08:07 13631875                   /usr/lib/x86_64-linux-gnu/libgio-2.0.so.0.4400.1
7f927b35c000-7f927b360000 r--p 00178000 08:07 13631875                   /usr/lib/x86_64-linux-gnu/libgio-2.0.so.0.4400.1
7f927b360000-7f927b362000 rw-p 0017c000 08:07 13631875                   /usr/lib/x86_64-linux-gnu/libgio-2.0.so.0.4400.1
7f927b362000-7f927b364000 rw-p 00000000 00:00 0 
7f927b364000-7f927b37c000 r-xp 00000000 08:07 13642175                   /usr/lib/jvm/java-7-openjdk-amd64/jre/lib/amd64/libnet.so
7f927b37c000-7f927b57b000 ---p 00018000 08:07 13642175                   /usr/lib/jvm/java-7-openjdk-amd64/jre/lib/amd64/libnet.so
7f927b57b000-7f927b57c000 r--p 00017000 08:07 13642175                   /usr/lib/jvm/java-7-openjdk-amd64/jre/lib/amd64/libnet.so
7f927b57c000-7f927b57d000 rw-p 00018000 08:07 13642175                   /usr/lib/jvm/java-7-openjdk-amd64/jre/lib/amd64/libnet.so
7f927b57d000-7f927b58e000 r-xp 00000000 08:07 13642136                   /usr/lib/jvm/java-7-openjdk-amd64/jre/lib/amd64/libnio.so
7f927b58e000-7f927b78d000 ---p 00011000 08:07 13642136                   /usr/lib/jvm/java-7-openjdk-amd64/jre/lib/amd64/libnio.so
7f927b78d000-7f927b78e000 r--p 00010000 08:07 13642136                   /usr/lib/jvm/java-7-openjdk-amd64/jre/lib/amd64/libnio.so
7f927b78e000-7f927b78f000 rw-p 00011000 08:07 13642136                   /usr/lib/jvm/java-7-openjdk-amd64/jre/lib/amd64/libnio.so
7f927b78f000-7f927b790000 ---p 00000000 00:00 0 
7f927b790000-7f927b890000 rw-p 00000000 00:00 0 
7f927b890000-7f927b893000 ---p 00000000 00:00 0 
7f927b893000-7f927b991000 rw-p 00000000 00:00 0 
7f927b991000-7f927b994000 ---p 00000000 00:00 0 
7f927b994000-7f927ba92000 rw-p 00000000 00:00 0 
7f927ba92000-7f927ba95000 ---p 00000000 00:00 0 
7f927ba95000-7f927bb93000 rw-p 00000000 00:00 0 
7f927bb93000-7f927c000000 r--p 00000000 08:07 13634881                   /usr/lib/locale/locale-archive
7f927c000000-7f927c021000 rw-p 00000000 00:00 0 
7f927c021000-7f9280000000 ---p 00000000 00:00 0 
7f9280006000-7f928000d000 r--s 00000000 08:07 13902402                   /usr/lib/x86_64-linux-gnu/gconv/gconv-modules.cache
7f928000d000-7f928004a000 r--s 002ae000 08:07 5246090                    /home/hit_alan/zhoufandi/somefilebetweenlinuxandwindows/dex2jar-2.0/913dd9e0ffdad6be684fa647e741b02df5c6a202caa95883fa41dc680131a443/channeldex2jar.jar
7f928004a000-7f9280087000 r--s 002ae000 08:07 5246090                    /home/hit_alan/zhoufandi/somefilebetweenlinuxandwindows/dex2jar-2.0/913dd9e0ffdad6be684fa647e741b02df5c6a202caa95883fa41dc680131a443/channeldex2jar.jar
7f9280087000-7f92800c4000 r--s 002b9000 08:07 5246091                    /home/hit_alan/zhoufandi/somefilebetweenlinuxandwindows/dex2jar-2.0/913dd9e0ffdad6be684fa647e741b02df5c6a202caa95883fa41dc680131a443/clientdex2jar.jar
7f92800c4000-7f92800c7000 ---p 00000000 00:00 0 
7f92800c7000-7f92801c5000 rw-p 00000000 00:00 0 
7f92801c5000-7f92801c8000 ---p 00000000 00:00 0 
7f92801c8000-7f92802c6000 rw-p 00000000 00:00 0 
7f92802c6000-7f92802c9000 ---p 00000000 00:00 0 
7f92802c9000-7f92803c7000 rw-p 00000000 00:00 0 
7f92803c7000-7f92803c8000 ---p 00000000 00:00 0 
7f92803c8000-7f9285000000 rw-p 00000000 00:00 0 
7f9285000000-7f9285270000 rwxp 00000000 00:00 0 
7f9285270000-7f928bffb000 rw-p 00000000 00:00 0 
7f928bffb000-7f928c000000 ---p 00000000 00:00 0 
7f928c002000-7f928c00c000 r--s 000ae000 08:07 13642193                   /usr/lib/jvm/java-7-openjdk-amd64/jre/lib/resources.jar
7f928c00c000-7f928c011000 r--s 00036000 08:07 7081023                    /home/hit_alan/zhoufandi/somefilebetweenlinuxandwindows/target/asm-all-5.0.3.jar
7f928c011000-7f928c761000 rw-p 00000000 00:00 0 
7f928c761000-7f928c913000 r--s 01d2f000 08:07 13642124                   /usr/lib/jvm/java-7-openjdk-amd64/jre/lib/rt.jar
7f928c913000-7f928ce41000 rw-p 00000000 00:00 0 
7f928ce41000-7f928ce42000 ---p 00000000 00:00 0 
7f928ce42000-7f928cf42000 rw-p 00000000 00:00 0 
7f928cf42000-7f928cf43000 ---p 00000000 00:00 0 
7f928cf43000-7f928d043000 rw-p 00000000 00:00 0 
7f928d043000-7f928d044000 ---p 00000000 00:00 0 
7f928d044000-7f928d144000 rw-p 00000000 00:00 0 
7f928d144000-7f928d145000 ---p 00000000 00:00 0 
7f928d145000-7f928d250000 rw-p 00000000 00:00 0 
7f928d250000-7f928d298000 rw-p 00000000 00:00 0 
7f928d298000-7f928d2c2000 rw-p 00000000 00:00 0 
7f928d2c2000-7f928d52e000 rw-p 00000000 00:00 0 
7f928d52e000-7f928d539000 rw-p 00000000 00:00 0 
7f928d539000-7f928d581000 rw-p 00000000 00:00 0 
7f928d581000-7f928d5ab000 rw-p 00000000 00:00 0 
7f928d5ab000-7f928d816000 rw-p 00000000 00:00 0 
7f928d816000-7f928d8ec000 rw-p 00000000 00:00 0 
7f928d8ec000-7f928d961000 rw-p 00000000 00:00 0 
7f928d961000-7f928d962000 rw-p 00000000 00:00 0 
7f928d962000-7f928d96a000 r-xp 00000000 08:07 13642144                   /usr/lib/jvm/java-7-openjdk-amd64/jre/lib/amd64/libzip.so
7f928d96a000-7f928db69000 ---p 00008000 08:07 13642144                   /usr/lib/jvm/java-7-openjdk-amd64/jre/lib/amd64/libzip.so
7f928db69000-7f928db6a000 r--p 00007000 08:07 13642144                   /usr/lib/jvm/java-7-openjdk-amd64/jre/lib/amd64/libzip.so
7f928db6a000-7f928db6b000 rw-p 00008000 08:07 13642144                   /usr/lib/jvm/java-7-openjdk-amd64/jre/lib/amd64/libzip.so
7f928db6b000-7f928db77000 r-xp 00000000 08:07 16253008                   /lib/x86_64-linux-gnu/libnss_files-2.21.so
7f928db77000-7f928dd76000 ---p 0000c000 08:07 16253008                   /lib/x86_64-linux-gnu/libnss_files-2.21.so
7f928dd76000-7f928dd77000 r--p 0000b000 08:07 16253008                   /lib/x86_64-linux-gnu/libnss_files-2.21.so
7f928dd77000-7f928dd78000 rw-p 0000c000 08:07 16253008                   /lib/x86_64-linux-gnu/libnss_files-2.21.so
7f928dd78000-7f928dd83000 r-xp 00000000 08:07 16252996                   /lib/x86_64-linux-gnu/libnss_nis-2.21.so
7f928dd83000-7f928df82000 ---p 0000b000 08:07 16252996                   /lib/x86_64-linux-gnu/libnss_nis-2.21.so
7f928df82000-7f928df83000 r--p 0000a000 08:07 16252996                   /lib/x86_64-linux-gnu/libnss_nis-2.21.so
7f928df83000-7f928df84000 rw-p 0000b000 08:07 16252996                   /lib/x86_64-linux-gnu/libnss_nis-2.21.so
7f928df84000-7f928df9b000 r-xp 00000000 08:07 16257004                   /lib/x86_64-linux-gnu/libnsl-2.21.so
7f928df9b000-7f928e19a000 ---p 00017000 08:07 16257004                   /lib/x86_64-linux-gnu/libnsl-2.21.so
7f928e19a000-7f928e19b000 r--p 00016000 08:07 16257004                   /lib/x86_64-linux-gnu/libnsl-2.21.so
7f928e19b000-7f928e19c000 rw-p 00017000 08:07 16257004                   /lib/x86_64-linux-gnu/libnsl-2.21.so
7f928e19c000-7f928e19e000 rw-p 00000000 00:00 0 
7f928e19e000-7f928e1a6000 r-xp 00000000 08:07 16253010                   /lib/x86_64-linux-gnu/libnss_compat-2.21.so
7f928e1a6000-7f928e3a5000 ---p 00008000 08:07 16253010                   /lib/x86_64-linux-gnu/libnss_compat-2.21.so
7f928e3a5000-7f928e3a6000 r--p 00007000 08:07 16253010                   /lib/x86_64-linux-gnu/libnss_compat-2.21.so
7f928e3a6000-7f928e3a7000 rw-p 00008000 08:07 16253010                   /lib/x86_64-linux-gnu/libnss_compat-2.21.so
7f928e3a7000-7f928e3d4000 r-xp 00000000 08:07 13642157                   /usr/lib/jvm/java-7-openjdk-amd64/jre/lib/amd64/libjava.so
7f928e3d4000-7f928e5d3000 ---p 0002d000 08:07 13642157                   /usr/lib/jvm/java-7-openjdk-amd64/jre/lib/amd64/libjava.so
7f928e5d3000-7f928e5d4000 r--p 0002c000 08:07 13642157                   /usr/lib/jvm/java-7-openjdk-amd64/jre/lib/amd64/libjava.so
7f928e5d4000-7f928e5d6000 rw-p 0002d000 08:07 13642157                   /usr/lib/jvm/java-7-openjdk-amd64/jre/lib/amd64/libjava.so
7f928e5d6000-7f928e5e5000 r-xp 00000000 08:07 13642171                   /usr/lib/jvm/java-7-openjdk-amd64/jre/lib/amd64/libverify.so
7f928e5e5000-7f928e7e4000 ---p 0000f000 08:07 13642171                   /usr/lib/jvm/java-7-openjdk-amd64/jre/lib/amd64/libverify.so
7f928e7e4000-7f928e7e7000 r--p 0000e000 08:07 13642171                   /usr/lib/jvm/java-7-openjdk-amd64/jre/lib/amd64/libverify.so
7f928e7e7000-7f928e7e8000 rw-p 00011000 08:07 13642171                   /usr/lib/jvm/java-7-openjdk-amd64/jre/lib/amd64/libverify.so
7f928e7e8000-7f928e7ef000 r-xp 00000000 08:07 16257005                   /lib/x86_64-linux-gnu/librt-2.21.so
7f928e7ef000-7f928e9ee000 ---p 00007000 08:07 16257005                   /lib/x86_64-linux-gnu/librt-2.21.so
7f928e9ee000-7f928e9ef000 r--p 00006000 08:07 16257005                   /lib/x86_64-linux-gnu/librt-2.21.so
7f928e9ef000-7f928e9f0000 rw-p 00007000 08:07 16257005                   /lib/x86_64-linux-gnu/librt-2.21.so
7f928e9f0000-7f928ea06000 r-xp 00000000 08:07 16257047                   /lib/x86_64-linux-gnu/libgcc_s.so.1
7f928ea06000-7f928ec05000 ---p 00016000 08:07 16257047                   /lib/x86_64-linux-gnu/libgcc_s.so.1
7f928ec05000-7f928ec06000 rw-p 00015000 08:07 16257047                   /lib/x86_64-linux-gnu/libgcc_s.so.1
7f928ec06000-7f928ed0d000 r-xp 00000000 08:07 16257003                   /lib/x86_64-linux-gnu/libm-2.21.so
7f928ed0d000-7f928ef0c000 ---p 00107000 08:07 16257003                   /lib/x86_64-linux-gnu/libm-2.21.so
7f928ef0c000-7f928ef0d000 r--p 00106000 08:07 16257003                   /lib/x86_64-linux-gnu/libm-2.21.so
7f928ef0d000-7f928ef0e000 rw-p 00107000 08:07 16257003                   /lib/x86_64-linux-gnu/libm-2.21.so
7f928ef0e000-7f928effe000 r-xp 00000000 08:07 13631543                   /usr/lib/x86_64-linux-gnu/libstdc++.so.6.0.20
7f928effe000-7f928f1fe000 ---p 000f0000 08:07 13631543                   /usr/lib/x86_64-linux-gnu/libstdc++.so.6.0.20
7f928f1fe000-7f928f206000 r--p 000f0000 08:07 13631543                   /usr/lib/x86_64-linux-gnu/libstdc++.so.6.0.20
7f928f206000-7f928f208000 rw-p 000f8000 08:07 13631543                   /usr/lib/x86_64-linux-gnu/libstdc++.so.6.0.20
7f928f208000-7f928f21d000 rw-p 00000000 00:00 0 
7f928f21d000-7f928fd7d000 r-xp 00000000 08:07 13642163                   /usr/lib/jvm/java-7-openjdk-amd64/jre/lib/amd64/server/libjvm.so
7f928fd7d000-7f928ff7d000 ---p 00b60000 08:07 13642163                   /usr/lib/jvm/java-7-openjdk-amd64/jre/lib/amd64/server/libjvm.so
7f928ff7d000-7f929001c000 r--p 00b60000 08:07 13642163                   /usr/lib/jvm/java-7-openjdk-amd64/jre/lib/amd64/server/libjvm.so
7f929001c000-7f929003f000 rw-p 00bff000 08:07 13642163                   /usr/lib/jvm/java-7-openjdk-amd64/jre/lib/amd64/server/libjvm.so
7f929003f000-7f929006c000 rw-p 00000000 00:00 0 
7f929006c000-7f9290085000 r-xp 00000000 08:07 16257026                   /lib/x86_64-linux-gnu/libz.so.1.2.8
7f9290085000-7f9290285000 ---p 00019000 08:07 16257026                   /lib/x86_64-linux-gnu/libz.so.1.2.8
7f9290285000-7f9290286000 r--p 00019000 08:07 16257026                   /lib/x86_64-linux-gnu/libz.so.1.2.8
7f9290286000-7f9290287000 rw-p 0001a000 08:07 16257026                   /lib/x86_64-linux-gnu/libz.so.1.2.8
7f9290287000-7f929029f000 r-xp 00000000 08:07 16253005                   /lib/x86_64-linux-gnu/libpthread-2.21.so
7f929029f000-7f929049f000 ---p 00018000 08:07 16253005                   /lib/x86_64-linux-gnu/libpthread-2.21.so
7f929049f000-7f92904a0000 r--p 00018000 08:07 16253005                   /lib/x86_64-linux-gnu/libpthread-2.21.so
7f92904a0000-7f92904a1000 rw-p 00019000 08:07 16253005                   /lib/x86_64-linux-gnu/libpthread-2.21.so
7f92904a1000-7f92904a5000 rw-p 00000000 00:00 0 
7f92904a5000-7f92904a8000 r-xp 00000000 08:07 16253001                   /lib/x86_64-linux-gnu/libdl-2.21.so
7f92904a8000-7f92906a7000 ---p 00003000 08:07 16253001                   /lib/x86_64-linux-gnu/libdl-2.21.so
7f92906a7000-7f92906a8000 r--p 00002000 08:07 16253001                   /lib/x86_64-linux-gnu/libdl-2.21.so
7f92906a8000-7f92906a9000 rw-p 00003000 08:07 16253001                   /lib/x86_64-linux-gnu/libdl-2.21.so
7f92906a9000-7f9290869000 r-xp 00000000 08:07 16257010                   /lib/x86_64-linux-gnu/libc-2.21.so
7f9290869000-7f9290a69000 ---p 001c0000 08:07 16257010                   /lib/x86_64-linux-gnu/libc-2.21.so
7f9290a69000-7f9290a6d000 r--p 001c0000 08:07 16257010                   /lib/x86_64-linux-gnu/libc-2.21.so
7f9290a6d000-7f9290a6f000 rw-p 001c4000 08:07 16257010                   /lib/x86_64-linux-gnu/libc-2.21.so
7f9290a6f000-7f9290a73000 rw-p 00000000 00:00 0 
7f9290a73000-7f9290a80000 r-xp 00000000 08:07 13642172                   /usr/lib/jvm/java-7-openjdk-amd64/jre/lib/amd64/jli/libjli.so
7f9290a80000-7f9290c7f000 ---p 0000d000 08:07 13642172                   /usr/lib/jvm/java-7-openjdk-amd64/jre/lib/amd64/jli/libjli.so
7f9290c7f000-7f9290c80000 r--p 0000c000 08:07 13642172                   /usr/lib/jvm/java-7-openjdk-amd64/jre/lib/amd64/jli/libjli.so
7f9290c80000-7f9290c81000 rw-p 0000d000 08:07 13642172                   /usr/lib/jvm/java-7-openjdk-amd64/jre/lib/amd64/jli/libjli.so
7f9290c81000-7f9290ca5000 r-xp 00000000 08:07 16253004                   /lib/x86_64-linux-gnu/ld-2.21.so
7f9290ca5000-7f9290ca6000 rw-p 00000000 00:00 0 
7f9290ca6000-7f9290ca7000 r--s 00005000 08:07 7081028                    /home/hit_alan/zhoufandi/somefilebetweenlinuxandwindows/target/csvio-1.0.2.jar
7f9290ca7000-7f9290ca8000 r--s 00008000 08:07 7081026                    /home/hit_alan/zhoufandi/somefilebetweenlinuxandwindows/target/commons-cli-1.1.jar
7f9290ca8000-7f9290caa000 r--s 0001d000 08:07 7081025                    /home/hit_alan/zhoufandi/somefilebetweenlinuxandwindows/target/xmlcli-1.2.3.jar
7f9290caa000-7f9290cac000 r--s 0000d000 08:07 7081029                    /home/hit_alan/zhoufandi/somefilebetweenlinuxandwindows/target/commons-logging-1.1.1.jar
7f9290cac000-7f9290cb1000 r--s 00034000 08:07 7081024                    /home/hit_alan/zhoufandi/somefilebetweenlinuxandwindows/target/commons-beanutils-1.8.3.jar
7f9290cb1000-7f9290cbc000 r--s 000b4000 08:07 7081123                    /home/hit_alan/zhoufandi/somefilebetweenlinuxandwindows/target/stigmata-5.0-SNAPSHOT.jar
7f9290cbc000-7f9290cc0000 r--s 00034000 08:07 13642025                   /usr/lib/jvm/java-7-openjdk-amd64/jre/lib/ext/sunjce_provider.jar
7f9290cc0000-7f9290cca000 rw-p 00000000 00:00 0 
7f9290cca000-7f9290d80000 rw-p 00000000 00:00 0 
7f9290d80000-7f9290d83000 ---p 00000000 00:00 0 
7f9290d83000-7f9290e86000 rw-p 00000000 00:00 0 
7f9290e86000-7f9290e88000 r--s 0000b000 08:07 7081027                    /home/hit_alan/zhoufandi/somefilebetweenlinuxandwindows/target/commons-dbutils-1.4.jar
7f9290e88000-7f9290e89000 r--s 00002000 08:07 13642027                   /usr/lib/jvm/java-7-openjdk-amd64/jre/lib/ext/dnsns.jar
7f9290e89000-7f9290e8b000 r--s 00012000 08:07 13642022                   /usr/lib/jvm/java-7-openjdk-amd64/jre/lib/ext/zipfs.jar
7f9290e8b000-7f9290e8f000 r--s 0003c000 08:07 13642026                   /usr/lib/jvm/java-7-openjdk-amd64/jre/lib/ext/sunpkcs11.jar
7f9290e8f000-7f9290e92000 r--s 0000f000 08:07 13642024                   /usr/lib/jvm/java-7-openjdk-amd64/jre/lib/ext/icedtea-sound.jar
7f9290e92000-7f9290e96000 r--s 00085000 08:07 13642023                   /usr/lib/jvm/java-7-openjdk-amd64/jre/lib/ext/localedata.jar
7f9290e96000-7f9290e98000 r--s 00006000 08:07 14028198                   /usr/share/java/java-atk-wrapper.jar
7f9290e98000-7f9290ea0000 rw-s 00000000 08:07 4985686                    /tmp/hsperfdata_hit_alan/21978
7f9290ea0000-7f9290ea1000 rw-p 00000000 00:00 0 
7f9290ea1000-7f9290ea2000 ---p 00000000 00:00 0 
7f9290ea2000-7f9290ea4000 rw-p 00000000 00:00 0 
7f9290ea4000-7f9290ea5000 r--p 00023000 08:07 16253004                   /lib/x86_64-linux-gnu/ld-2.21.so
7f9290ea5000-7f9290ea6000 rw-p 00024000 08:07 16253004                   /lib/x86_64-linux-gnu/ld-2.21.so
7f9290ea6000-7f9290ea7000 rw-p 00000000 00:00 0 
7ffc74bd8000-7ffc74bfa000 rw-p 00000000 00:00 0                          [stack]
7ffc74bfc000-7ffc74bfe000 r--p 00000000 00:00 0                          [vvar]
7ffc74bfe000-7ffc74c00000 r-xp 00000000 00:00 0                          [vdso]
ffffffffff600000-ffffffffff601000 r-xp 00000000 00:00 0                  [vsyscall]

VM Arguments:
java_command: stigmata-5.0-SNAPSHOT.jar -f xml -b cvfv compare ../dex2jar-2.0/913dd9e0ffdad6be684fa647e741b02df5c6a202caa95883fa41dc680131a443/channeldex2jar.jar ../dex2jar-2.0/913dd9e0ffdad6be684fa647e741b02df5c6a202caa95883fa41dc680131a443/clientdex2jar.jar
Launcher Type: SUN_STANDARD

Environment Variables:
JAVA_HOME=/usr/lib/jvm/java-7-openjdk-amd64
PATH=/home/hit_alan/bin:/home/hit_alan/.gvm/vertx/current/bin:/home/hit_alan/.gvm/springboot/current/bin:/home/hit_alan/.gvm/lazybones/current/bin:/home/hit_alan/.gvm/jbake/current/bin:/home/hit_alan/.gvm/groovyserv/current/bin:/home/hit_alan/.gvm/groovy/current/bin:/home/hit_alan/.gvm/griffon/current/bin:/home/hit_alan/.gvm/grails/current/bin:/home/hit_alan/.gvm/gradle/current/bin:/home/hit_alan/.gvm/glide/current/bin:/home/hit_alan/.gvm/gaiden/current/bin:/home/hit_alan/.gvm/crash/current/bin:/home/hit_alan/.gvm/asciidoctorj/current/bin:/home/hit_alan/bin:/usr/local/sbin:/usr/local/bin:/usr/sbin:/usr/bin:/sbin:/bin:/usr/games:/usr/local/games:/usr/gradle-2.4/bin:/usr/grails-3.0.2/bin:/home/hit_alan/softwares/adt-bundle-linux-x86_64-20140624/sdk/platform-tools:/home/hit_alan/softwares/adt-bundle-linux-x86_64-20140624/sdk/tools:/usr/gradle-2.4/bin:/usr/grails-3.0.2/bin:/home/hit_alan/softwares/adt-bundle-linux-x86_64-20140624/sdk/platform-tools:/home/hit_alan/softwares/adt-bundle-linux-x86_64-20140624/sdk/tools
SHELL=/bin/bash
DISPLAY=:0

Signal Handlers:
SIGSEGV: [libjvm.so+0x992590], sa_mask[0]=0x7ffbfeff, sa_flags=0x10000004
SIGBUS: [libjvm.so+0x992590], sa_mask[0]=0x7ffbfeff, sa_flags=0x10000004
SIGFPE: [libjvm.so+0x7fec60], sa_mask[0]=0x7ffbfeff, sa_flags=0x10000004
SIGPIPE: [libjvm.so+0x7fec60], sa_mask[0]=0x7ffbfeff, sa_flags=0x10000004
SIGXFSZ: [libjvm.so+0x7fec60], sa_mask[0]=0x7ffbfeff, sa_flags=0x10000004
SIGILL: [libjvm.so+0x7fec60], sa_mask[0]=0x7ffbfeff, sa_flags=0x10000004
SIGUSR1: SIG_DFL, sa_mask[0]=0x00000000, sa_flags=0x00000000
SIGUSR2: [libjvm.so+0x7feae0], sa_mask[0]=0x00000004, sa_flags=0x10000004
SIGHUP: [libjvm.so+0x7fece0], sa_mask[0]=0x7ffbfeff, sa_flags=0x10000004
SIGINT: [libjvm.so+0x7fece0], sa_mask[0]=0x7ffbfeff, sa_flags=0x10000004
SIGTERM: [libjvm.so+0x7fece0], sa_mask[0]=0x7ffbfeff, sa_flags=0x10000004
SIGQUIT: [libjvm.so+0x7fece0], sa_mask[0]=0x7ffbfeff, sa_flags=0x10000004
SIGTRAP: SIG_DFL, sa_mask[0]=0x00000000, sa_flags=0x00000000


---------------  S Y S T E M  ---------------

OS:Ubuntu 15.04 (vivid)
uname:Linux 3.19.0-66-generic #74-Ubuntu SMP Tue Jul 19 15:07:04 UTC 2016 x86_64
libc:glibc 2.21 NPTL 2.21 
rlimit: STACK 8192k, CORE 0k, NPROC 31638, NOFILE 65536, AS infinity
load average:12.57 6.28 4.34

/proc/meminfo:
MemTotal:        8121832 kB
MemFree:          178032 kB
MemAvailable:     158544 kB
Buffers:            3844 kB
Cached:           182524 kB
SwapCached:            0 kB
Active:          7541992 kB
Inactive:         179388 kB
Active(anon):    7536912 kB
Inactive(anon):    99000 kB
Active(file):       5080 kB
Inactive(file):    80388 kB
Unevictable:         320 kB
Mlocked:             320 kB
SwapTotal:             0 kB
SwapFree:              0 kB
Dirty:               192 kB
Writeback:             0 kB
AnonPages:       7535620 kB
Mapped:           110564 kB
Shmem:            100624 kB
Slab:              86304 kB
SReclaimable:      44488 kB
SUnreclaim:        41816 kB
KernelStack:       13744 kB
PageTables:        62904 kB
NFS_Unstable:          0 kB
Bounce:                0 kB
WritebackTmp:          0 kB
CommitLimit:     4060916 kB
Committed_AS:   12685060 kB
VmallocTotal:   34359738367 kB
VmallocUsed:      111360 kB
VmallocChunk:   34359614888 kB
HardwareCorrupted:     0 kB
AnonHugePages:   2961408 kB
CmaTotal:              0 kB
CmaFree:               0 kB
HugePages_Total:       0
HugePages_Free:        0
HugePages_Rsvd:        0
HugePages_Surp:        0
Hugepagesize:       2048 kB
DirectMap4k:      234772 kB
DirectMap2M:     8099840 kB
DirectMap1G:     1048576 kB


CPU:total 4 (4 cores per cpu, 1 threads per core) family 6 model 60 stepping 3, cmov, cx8, fxsr, mmx, sse, sse2, sse3, ssse3, sse4.1, sse4.2, popcnt, avx, avx2, aes, erms, tsc, tscinvbit

/proc/cpuinfo:
processor	: 0
vendor_id	: GenuineIntel
cpu family	: 6
model		: 60
model name	: Intel(R) Core(TM) i5-4590 CPU @ 3.30GHz
stepping	: 3
microcode	: 0x1d
cpu MHz		: 3499.933
cache size	: 6144 KB
physical id	: 0
siblings	: 4
core id		: 0
cpu cores	: 4
apicid		: 0
initial apicid	: 0
fpu		: yes
fpu_exception	: yes
cpuid level	: 13
wp		: yes
flags		: fpu vme de pse tsc msr pae mce cx8 apic sep mtrr pge mca cmov pat pse36 clflush dts acpi mmx fxsr sse sse2 ss ht tm pbe syscall nx pdpe1gb rdtscp lm constant_tsc arch_perfmon pebs bts rep_good nopl xtopology nonstop_tsc aperfmperf eagerfpu pni pclmulqdq dtes64 monitor ds_cpl vmx smx est tm2 ssse3 fma cx16 xtpr pdcm pcid sse4_1 sse4_2 x2apic movbe popcnt tsc_deadline_timer aes xsave avx f16c rdrand lahf_lm abm ida arat epb pln pts dtherm tpr_shadow vnmi flexpriority ept vpid fsgsbase tsc_adjust bmi1 avx2 smep bmi2 erms invpcid xsaveopt
bugs		:
bogomips	: 6585.04
clflush size	: 64
cache_alignment	: 64
address sizes	: 39 bits physical, 48 bits virtual
power management:

processor	: 1
vendor_id	: GenuineIntel
cpu family	: 6
model		: 60
model name	: Intel(R) Core(TM) i5-4590 CPU @ 3.30GHz
stepping	: 3
microcode	: 0x1d
cpu MHz		: 3499.933
cache size	: 6144 KB
physical id	: 0
siblings	: 4
core id		: 1
cpu cores	: 4
apicid		: 2
initial apicid	: 2
fpu		: yes
fpu_exception	: yes
cpuid level	: 13
wp		: yes
flags		: fpu vme de pse tsc msr pae mce cx8 apic sep mtrr pge mca cmov pat pse36 clflush dts acpi mmx fxsr sse sse2 ss ht tm pbe syscall nx pdpe1gb rdtscp lm constant_tsc arch_perfmon pebs bts rep_good nopl xtopology nonstop_tsc aperfmperf eagerfpu pni pclmulqdq dtes64 monitor ds_cpl vmx smx est tm2 ssse3 fma cx16 xtpr pdcm pcid sse4_1 sse4_2 x2apic movbe popcnt tsc_deadline_timer aes xsave avx f16c rdrand lahf_lm abm ida arat epb pln pts dtherm tpr_shadow vnmi flexpriority ept vpid fsgsbase tsc_adjust bmi1 avx2 smep bmi2 erms invpcid xsaveopt
bugs		:
bogomips	: 6585.04
clflush size	: 64
cache_alignment	: 64
address sizes	: 39 bits physical, 48 bits virtual
power management:

processor	: 2
vendor_id	: GenuineIntel
cpu family	: 6
model		: 60
model name	: Intel(R) Core(TM) i5-4590 CPU @ 3.30GHz
stepping	: 3
microcode	: 0x1d
cpu MHz		: 3499.933
cache size	: 6144 KB
physical id	: 0
siblings	: 4
core id		: 2
cpu cores	: 4
apicid		: 4
initial apicid	: 4
fpu		: yes
fpu_exception	: yes
cpuid level	: 13
wp		: yes
flags		: fpu vme de pse tsc msr pae mce cx8 apic sep mtrr pge mca cmov pat pse36 clflush dts acpi mmx fxsr sse sse2 ss ht tm pbe syscall nx pdpe1gb rdtscp lm constant_tsc arch_perfmon pebs bts rep_good nopl xtopology nonstop_tsc aperfmperf eagerfpu pni pclmulqdq dtes64 monitor ds_cpl vmx smx est tm2 ssse3 fma cx16 xtpr pdcm pcid sse4_1 sse4_2 x2apic movbe popcnt tsc_deadline_timer aes xsave avx f16c rdrand lahf_lm abm ida arat epb pln pts dtherm tpr_shadow vnmi flexpriority ept vpid fsgsbase tsc_adjust bmi1 avx2 smep bmi2 erms invpcid xsaveopt
bugs		:
bogomips	: 6585.04
clflush size	: 64
cache_alignment	: 64
address sizes	: 39 bits physical, 48 bits virtual
power management:

processor	: 3
vendor_id	: GenuineIntel
cpu family	: 6
model		: 60
model name	: Intel(R) Core(TM) i5-4590 CPU @ 3.30GHz
stepping	: 3
microcode	: 0x1d
cpu MHz		: 3499.933
cache size	: 6144 KB
physical id	: 0
siblings	: 4
core id		: 3
cpu cores	: 4
apicid		: 6
initial apicid	: 6
fpu		: yes
fpu_exception	: yes
cpuid level	: 13
wp		: yes
flags		: fpu vme de pse tsc msr pae mce cx8 apic sep mtrr pge mca cmov pat pse36 clflush dts acpi mmx fxsr sse sse2 ss ht tm pbe syscall nx pdpe1gb rdtscp lm constant_tsc arch_perfmon pebs bts rep_good nopl xtopology nonstop_tsc aperfmperf eagerfpu pni pclmulqdq dtes64 monitor ds_cpl vmx smx est tm2 ssse3 fma cx16 xtpr pdcm pcid sse4_1 sse4_2 x2apic movbe popcnt tsc_deadline_timer aes xsave avx f16c rdrand lahf_lm abm ida arat epb pln pts dtherm tpr_shadow vnmi flexpriority ept vpid fsgsbase tsc_adjust bmi1 avx2 smep bmi2 erms invpcid xsaveopt
bugs		:
bogomips	: 6585.04
clflush size	: 64
cache_alignment	: 64
address sizes	: 39 bits physical, 48 bits virtual
power management:



Memory: 4k page, physical 8121832k(178032k free), swap 0k(0k free)

vm_info: OpenJDK 64-Bit Server VM (24.95-b01) for linux-amd64 JRE (1.7.0_95-b00), built on Jan 21 2016 03:41:02 by "buildd" with gcc 4.9.2

time: Wed Sep 28 22:58:06 2016
elapsed time: 26 seconds

