#
# There is insufficient memory for the Java Runtime Environment to continue.
# Native memory allocation (malloc) failed to allocate 92274688 bytes for committing reserved memory.
# Possible reasons:
#   The system is out of physical RAM or swap space
#   In 32 bit mode, the process size limit was hit
# Possible solutions:
#   Reduce memory load on the system
#   Increase physical memory or swap space
#   Check if swap backing store is full
#   Use 64 bit Java on a 64 bit OS
#   Decrease Java heap size (-Xmx/-Xms)
#   Decrease number of Java threads
#   Decrease Java thread stack sizes (-Xss)
#   Set larger code cache with -XX:ReservedCodeCacheSize=
# This output file may be truncated or incomplete.
#
#  Out of Memory Error (os_linux.cpp:2827), pid=28056, tid=140417071744768
#
# JRE version: OpenJDK Runtime Environment (7.0_95) (build 1.7.0_95-b00)
# Java VM: OpenJDK 64-Bit Server VM (24.95-b01 mixed mode linux-amd64 compressed oops)
# Derivative: IcedTea 2.6.4
# Distribution: Ubuntu 15.04, package 7u95-2.6.4-0ubuntu0.15.04.1
# Failed to write core dump. Core dumps have been disabled. To enable core dumping, try "ulimit -c unlimited" before starting Java again
#

---------------  T H R E A D  ---------------

Current thread (0x00007fb57013d000):  VMThread [stack: 0x00007fb5659e8000,0x00007fb565ae9000] [id=28076]

Stack: [0x00007fb5659e8000,0x00007fb565ae9000],  sp=0x00007fb565ae74e0,  free space=1021k
Native frames: (J=compiled Java code, j=interpreted, Vv=VM code, C=native code)
V  [libjvm.so+0x991aa6]
V  [libjvm.so+0x4934c2]
V  [libjvm.so+0x80371b]
V  [libjvm.so+0x7fddfe]
V  [libjvm.so+0x871c0b]
V  [libjvm.so+0x872ac3]
V  [libjvm.so+0x8731db]
V  [libjvm.so+0x86eb41]
V  [libjvm.so+0x86f3b8]
V  [libjvm.so+0x826a73]
V  [libjvm.so+0x993372]
V  [libjvm.so+0x9977f7]
V  [libjvm.so+0x995f6b]
V  [libjvm.so+0x996616]
V  [libjvm.so+0x996ae1]
V  [libjvm.so+0x800642]

VM_Operation (0x00007fb5764a0580): ParallelGCFailedAllocation, mode: safepoint, requested by thread 0x00007fb57000a000


---------------  P R O C E S S  ---------------

Java Threads: ( => current thread )
  0x00007fb570178000 JavaThread "Service Thread" daemon [_thread_blocked, id=28087, stack(0x00007fb564f75000,0x00007fb565076000)]
  0x00007fb570175800 JavaThread "C2 CompilerThread1" daemon [_thread_blocked, id=28086, stack(0x00007fb565076000,0x00007fb565177000)]
  0x00007fb570172800 JavaThread "C2 CompilerThread0" daemon [_thread_blocked, id=28084, stack(0x00007fb565177000,0x00007fb565278000)]
  0x00007fb570170000 JavaThread "Signal Dispatcher" daemon [_thread_blocked, id=28080, stack(0x00007fb565278000,0x00007fb565379000)]
  0x00007fb570143800 JavaThread "Finalizer" daemon [_thread_blocked, id=28078, stack(0x00007fb5657e6000,0x00007fb5658e7000)]
  0x00007fb570141000 JavaThread "Reference Handler" daemon [_thread_blocked, id=28077, stack(0x00007fb5658e7000,0x00007fb5659e8000)]
  0x00007fb57000a000 JavaThread "main" [_thread_blocked, id=28064, stack(0x00007fb5763a1000,0x00007fb5764a2000)]

Other Threads:
=>0x00007fb57013d000 VMThread [stack: 0x00007fb5659e8000,0x00007fb565ae9000] [id=28076]
  0x00007fb570182800 WatcherThread [stack: 0x00007fb564e74000,0x00007fb564f75000] [id=28088]

VM state:at safepoint (normal execution)

VM Mutex/Monitor currently owned by a thread:  ([mutex/lock_event])
[0x00007fb570006430] Threads_lock - owner thread: 0x00007fb57013d000
[0x00007fb570006930] Heap_lock - owner thread: 0x00007fb57000a000

Heap
 PSYoungGen      total 486912K, used 96K [0x00000007d6a80000, 0x00000007fa500000, 0x0000000800000000)
  eden space 459264K, 0% used [0x00000007d6a80000,0x00000007d6a80000,0x00000007f2b00000)
  from space 27648K, 0% used [0x00000007f8a00000,0x00000007f8a18000,0x00000007fa500000)
  to   space 28672K, 0% used [0x00000007f6d00000,0x00000007f6d00000,0x00000007f8900000)
 ParOldGen       total 84480K, used 67832K [0x0000000784000000, 0x0000000789280000, 0x00000007d6a80000)
  object space 84480K, 80% used [0x0000000784000000,0x000000078823e180,0x0000000789280000)
 PSPermGen       total 21504K, used 7648K [0x0000000779a00000, 0x000000077af00000, 0x0000000784000000)
  object space 21504K, 35% used [0x0000000779a00000,0x000000077a178378,0x000000077af00000)

Card table byte_map: [0x00007fb56bb3e000,0x00007fb56bf72000] byte_map_base: 0x00007fb567f71000

Polling page: 0x00007fb5764c2000

Code Cache  [0x00007fb56bf72000, 0x00007fb56c1e2000, 0x00007fb56ef72000)
 total_blobs=741 nmethods=486 adapters=208 free_code_cache=47155Kb largest_free_block=48251072

Compilation events (10 events):
Event: 9.121 Thread 0x00007fb570172800 nmethod 501 0x00007fb56c15ee50 code [0x00007fb56c15efa0, 0x00007fb56c15f0a8]
Event: 9.121 Thread 0x00007fb570172800  502             java.util.zip.ZipFile$ZipFileInflaterInputStream::finalize (5 bytes)
Event: 9.127 Thread 0x00007fb570175800 nmethod 500 0x00007fb56c166ad0 code [0x00007fb56c166c80, 0x00007fb56c167370]
Event: 9.127 Thread 0x00007fb570175800  503             java.util.zip.ZipFile$ZipFileInputStream::finalize (5 bytes)
Event: 9.127 Thread 0x00007fb570175800 nmethod 503 0x00007fb56c15f1d0 code [0x00007fb56c15f320, 0x00007fb56c15f3a8]
Event: 9.127 Thread 0x00007fb570172800 nmethod 502 0x00007fb56c15fa90 code [0x00007fb56c15fc40, 0x00007fb56c160330]
Event: 17.272 Thread 0x00007fb570175800  504             com.github.stigmata.birthmarks.comparators.PlainBirthmarkComparator::compare (119 bytes)
Event: 17.278 Thread 0x00007fb570172800  505             com.github.stigmata.birthmarks.cvfv.TypeAndValueBirthmarkElement::equals (70 bytes)
Event: 17.279 Thread 0x00007fb570172800 nmethod 505 0x00007fb56c15d250 code [0x00007fb56c15d3a0, 0x00007fb56c15d5d8]
Event: 17.281 Thread 0x00007fb570175800 nmethod 504 0x00007fb56c16ca90 code [0x00007fb56c16cca0, 0x00007fb56c16d6b8]

GC Heap History (10 events):
Event: 84.082 GC heap after
Heap after GC invocations=15 (full 0):
 PSYoungGen      total 556544K, used 32K [0x00000007d6a80000, 0x00000007fe080000, 0x0000000800000000)
  eden space 556032K, 0% used [0x00000007d6a80000,0x00000007d6a80000,0x00000007f8980000)
  from space 512K, 6% used [0x00000007fa400000,0x00000007fa408000,0x00000007fa480000)
  to   space 31744K, 0% used [0x00000007fc180000,0x00000007fc180000,0x00000007fe080000)
 ParOldGen       total 84480K, used 67760K [0x0000000784000000, 0x0000000789280000, 0x00000007d6a80000)
  object space 84480K, 80% used [0x0000000784000000,0x000000078822c180,0x0000000789280000)
 PSPermGen       total 21504K, used 7648K [0x0000000779a00000, 0x000000077af00000, 0x0000000784000000)
  object space 21504K, 35% used [0x0000000779a00000,0x000000077a178138,0x000000077af00000)
}
Event: 99.863 GC heap before
{Heap before GC invocations=16 (full 0):
 PSYoungGen      total 556544K, used 556064K [0x00000007d6a80000, 0x00000007fe080000, 0x0000000800000000)
  eden space 556032K, 100% used [0x00000007d6a80000,0x00000007f8980000,0x00000007f8980000)
  from space 512K, 6% used [0x00000007fa400000,0x00000007fa408000,0x00000007fa480000)
  to   space 31744K, 0% used [0x00000007fc180000,0x00000007fc180000,0x00000007fe080000)
 ParOldGen       total 84480K, used 67760K [0x0000000784000000, 0x0000000789280000, 0x00000007d6a80000)
  object space 84480K, 80% used [0x0000000784000000,0x000000078822c180,0x0000000789280000)
 PSPermGen       total 21504K, used 7648K [0x0000000779a00000, 0x000000077af00000, 0x0000000784000000)
  object space 21504K, 35% used [0x0000000779a00000,0x000000077a178138,0x000000077af00000)
Event: 99.864 GC heap after
Heap after GC invocations=16 (full 0):
 PSYoungGen      total 530432K, used 64K [0x00000007d6a80000, 0x00000007fc200000, 0x0000000800000000)
  eden space 529920K, 0% used [0x00000007d6a80000,0x00000007d6a80000,0x00000007f7000000)
  from space 512K, 12% used [0x00000007fc180000,0x00000007fc190000,0x00000007fc200000)
  to   space 30720K, 0% used [0x00000007f8600000,0x00000007f8600000,0x00000007fa400000)
 ParOldGen       total 84480K, used 67776K [0x0000000784000000, 0x0000000789280000, 0x00000007d6a80000)
  object space 84480K, 80% used [0x0000000784000000,0x0000000788230180,0x0000000789280000)
 PSPermGen       total 21504K, used 7648K [0x0000000779a00000, 0x000000077af00000, 0x0000000784000000)
  object space 21504K, 35% used [0x0000000779a00000,0x000000077a178138,0x000000077af00000)
}
Event: 114.371 GC heap before
{Heap before GC invocations=17 (full 0):
 PSYoungGen      total 530432K, used 529984K [0x00000007d6a80000, 0x00000007fc200000, 0x0000000800000000)
  eden space 529920K, 100% used [0x00000007d6a80000,0x00000007f7000000,0x00000007f7000000)
  from space 512K, 12% used [0x00000007fc180000,0x00000007fc190000,0x00000007fc200000)
  to   space 30720K, 0% used [0x00000007f8600000,0x00000007f8600000,0x00000007fa400000)
 ParOldGen       total 84480K, used 67776K [0x0000000784000000, 0x0000000789280000, 0x00000007d6a80000)
  object space 84480K, 80% used [0x0000000784000000,0x0000000788230180,0x0000000789280000)
 PSPermGen       total 21504K, used 7648K [0x0000000779a00000, 0x000000077af00000, 0x0000000784000000)
  object space 21504K, 35% used [0x0000000779a00000,0x000000077a178138,0x000000077af00000)
Event: 114.372 GC heap after
Heap after GC invocations=17 (full 0):
 PSYoungGen      total 536064K, used 32K [0x00000007d6a80000, 0x00000007fc200000, 0x0000000800000000)
  eden space 505344K, 0% used [0x00000007d6a80000,0x00000007d6a80000,0x00000007f5800000)
  from space 30720K, 0% used [0x00000007f8600000,0x00000007f8608000,0x00000007fa400000)
  to   space 30208K, 0% used [0x00000007fa480000,0x00000007fa480000,0x00000007fc200000)
 ParOldGen       total 84480K, used 67784K [0x0000000784000000, 0x0000000789280000, 0x00000007d6a80000)
  object space 84480K, 80% used [0x0000000784000000,0x0000000788232180,0x0000000789280000)
 PSPermGen       total 21504K, used 7648K [0x0000000779a00000, 0x000000077af00000, 0x0000000784000000)
  object space 21504K, 35% used [0x0000000779a00000,0x000000077a178138,0x000000077af00000)
}
Event: 130.016 GC heap before
{Heap before GC invocations=18 (full 0):
 PSYoungGen      total 536064K, used 505376K [0x00000007d6a80000, 0x00000007fc200000, 0x0000000800000000)
  eden space 505344K, 100% used [0x00000007d6a80000,0x00000007f5800000,0x00000007f5800000)
  from space 30720K, 0% used [0x00000007f8600000,0x00000007f8608000,0x00000007fa400000)
  to   space 30208K, 0% used [0x00000007fa480000,0x00000007fa480000,0x00000007fc200000)
 ParOldGen       total 84480K, used 67784K [0x0000000784000000, 0x0000000789280000, 0x00000007d6a80000)
  object space 84480K, 80% used [0x0000000784000000,0x0000000788232180,0x0000000789280000)
 PSPermGen       total 21504K, used 7648K [0x0000000779a00000, 0x000000077af00000, 0x0000000784000000)
  object space 21504K, 35% used [0x0000000779a00000,0x000000077a178138,0x000000077af00000)
Event: 130.018 GC heap after
Heap after GC invocations=18 (full 0):
 PSYoungGen      total 482304K, used 64K [0x00000007d6a80000, 0x00000007fa500000, 0x0000000800000000)
  eden space 481792K, 0% used [0x00000007d6a80000,0x00000007d6a80000,0x00000007f4100000)
  from space 512K, 12% used [0x00000007fa480000,0x00000007fa490000,0x00000007fa500000)
  to   space 28672K, 0% used [0x00000007f6d00000,0x00000007f6d00000,0x00000007f8900000)
 ParOldGen       total 84480K, used 67800K [0x0000000784000000, 0x0000000789280000, 0x00000007d6a80000)
  object space 84480K, 80% used [0x0000000784000000,0x0000000788236180,0x0000000789280000)
 PSPermGen       total 21504K, used 7648K [0x0000000779a00000, 0x000000077af00000, 0x0000000784000000)
  object space 21504K, 35% used [0x0000000779a00000,0x000000077a178138,0x000000077af00000)
}
Event: 144.413 GC heap before
{Heap before GC invocations=19 (full 0):
 PSYoungGen      total 482304K, used 481856K [0x00000007d6a80000, 0x00000007fa500000, 0x0000000800000000)
  eden space 481792K, 100% used [0x00000007d6a80000,0x00000007f4100000,0x00000007f4100000)
  from space 512K, 12% used [0x00000007fa480000,0x00000007fa490000,0x00000007fa500000)
  to   space 28672K, 0% used [0x00000007f6d00000,0x00000007f6d00000,0x00000007f8900000)
 ParOldGen       total 84480K, used 67800K [0x0000000784000000, 0x0000000789280000, 0x00000007d6a80000)
  object space 84480K, 80% used [0x0000000784000000,0x0000000788236180,0x0000000789280000)
 PSPermGen       total 21504K, used 7648K [0x0000000779a00000, 0x000000077af00000, 0x0000000784000000)
  object space 21504K, 35% used [0x0000000779a00000,0x000000077a178378,0x000000077af00000)
Event: 144.413 GC heap after
Heap after GC invocations=19 (full 0):
 PSYoungGen      total 487936K, used 64K [0x00000007d6a80000, 0x00000007fa500000, 0x0000000800000000)
  eden space 459264K, 0% used [0x00000007d6a80000,0x00000007d6a80000,0x00000007f2b00000)
  from space 28672K, 0% used [0x00000007f6d00000,0x00000007f6d10000,0x00000007f8900000)
  to   space 27648K, 0% used [0x00000007f8a00000,0x00000007f8a00000,0x00000007fa500000)
 ParOldGen       total 84480K, used 67816K [0x0000000784000000, 0x0000000789280000, 0x00000007d6a80000)
  object space 84480K, 80% used [0x0000000784000000,0x000000078823a180,0x0000000789280000)
 PSPermGen       total 21504K, used 7648K [0x0000000779a00000, 0x000000077af00000, 0x0000000784000000)
  object space 21504K, 35% used [0x0000000779a00000,0x000000077a178378,0x000000077af00000)
}
Event: 178.217 GC heap before
{Heap before GC invocations=20 (full 0):
 PSYoungGen      total 487936K, used 459328K [0x00000007d6a80000, 0x00000007fa500000, 0x0000000800000000)
  eden space 459264K, 100% used [0x00000007d6a80000,0x00000007f2b00000,0x00000007f2b00000)
  from space 28672K, 0% used [0x00000007f6d00000,0x00000007f6d10000,0x00000007f8900000)
  to   space 27648K, 0% used [0x00000007f8a00000,0x00000007f8a00000,0x00000007fa500000)
 ParOldGen       total 84480K, used 67816K [0x0000000784000000, 0x0000000789280000, 0x00000007d6a80000)
  object space 84480K, 80% used [0x0000000784000000,0x000000078823a180,0x0000000789280000)
 PSPermGen       total 21504K, used 7648K [0x0000000779a00000, 0x000000077af00000, 0x0000000784000000)
  object space 21504K, 35% used [0x0000000779a00000,0x000000077a178378,0x000000077af00000)

Deoptimization events (10 events):
Event: 6.970 Thread 0x00007fb57000a000 Uncommon trap: reason=unstable_if action=reinterpret pc=0x00007fb56c010ee8 method=java.util.ArrayDeque.pollFirst()Ljava/lang/Object; @ 13
Event: 6.971 Thread 0x00007fb57000a000 Uncommon trap: reason=unstable_if action=reinterpret pc=0x00007fb56c03580c method=java.util.HashMap$HashIterator.<init>(Ljava/util/HashMap;)V @ 56
Event: 7.175 Thread 0x00007fb57000a000 Uncommon trap: reason=unstable_if action=reinterpret pc=0x00007fb56c156fd8 method=java.util.HashMap.keySet()Ljava/util/Set; @ 6
Event: 7.274 Thread 0x00007fb57000a000 Uncommon trap: reason=unstable_if action=reinterpret pc=0x00007fb56c158110 method=com.github.stigmata.birthmarks.comparators.PlainBirthmarkComparator.compare(Lcom/github/stigmata/Birthmark;Lcom/github/stigmata/Birthmark;Lcom/github/stigmata/BirthmarkConte
Event: 9.117 Thread 0x00007fb570143800 Uncommon trap: reason=unstable_if action=reinterpret pc=0x00007fb56c0d745c method=java.lang.ref.Finalizer.remove()V @ 10
Event: 17.272 Thread 0x00007fb57000a000 Uncommon trap: reason=bimorphic action=maybe_recompile pc=0x00007fb56c168afc method=com.github.stigmata.birthmarks.cvfv.TypeAndValueBirthmarkElement.equals(Ljava/lang/Object;)Z @ 64
Event: 17.272 Thread 0x00007fb57000a000 Uncommon trap: reason=bimorphic action=maybe_recompile pc=0x00007fb56c168afc method=com.github.stigmata.birthmarks.cvfv.TypeAndValueBirthmarkElement.equals(Ljava/lang/Object;)Z @ 64
Event: 17.272 Thread 0x00007fb57000a000 Uncommon trap: reason=bimorphic action=maybe_recompile pc=0x00007fb56c168afc method=com.github.stigmata.birthmarks.cvfv.TypeAndValueBirthmarkElement.equals(Ljava/lang/Object;)Z @ 64
Event: 17.272 Thread 0x00007fb57000a000 Uncommon trap: reason=bimorphic action=maybe_recompile pc=0x00007fb56c168afc method=com.github.stigmata.birthmarks.cvfv.TypeAndValueBirthmarkElement.equals(Ljava/lang/Object;)Z @ 64
Event: 17.274 Thread 0x00007fb57000a000 Uncommon trap: reason=bimorphic action=maybe_recompile pc=0x00007fb56c15db78 method=com.github.stigmata.birthmarks.cvfv.TypeAndValueBirthmarkElement.equals(Ljava/lang/Object;)Z @ 64

Internal exceptions (10 events):
Event: 2.874 Thread 0x00007fb57000a000 Threw 0x00000007d7019de8 at /build/openjdk-7-3x2aMC/openjdk-7-7u95-2.6.4/build/openjdk/hotspot/src/share/vm/prims/jvm.cpp:1322
Event: 2.874 Thread 0x00007fb57000a000 Threw 0x00000007d701df28 at /build/openjdk-7-3x2aMC/openjdk-7-7u95-2.6.4/build/openjdk/hotspot/src/share/vm/prims/jvm.cpp:1322
Event: 2.875 Thread 0x00007fb57000a000 Threw 0x00000007d70252d0 at /build/openjdk-7-3x2aMC/openjdk-7-7u95-2.6.4/build/openjdk/hotspot/src/share/vm/prims/jvm.cpp:1322
Event: 2.878 Thread 0x00007fb57000a000 Threw 0x00000007d7041218 at /build/openjdk-7-3x2aMC/openjdk-7-7u95-2.6.4/build/openjdk/hotspot/src/share/vm/prims/jvm.cpp:1322
Event: 5.580 Thread 0x00007fb57000a000 Implicit null exception at 0x00007fb56c001c98 to 0x00007fb56c001cd6
Event: 5.859 Thread 0x00007fb57000a000 Implicit null exception at 0x00007fb56c078133 to 0x00007fb56c07b425
Event: 6.970 Thread 0x00007fb57000a000 Threw 0x00000007e11de5e0 at /build/openjdk-7-3x2aMC/openjdk-7-7u95-2.6.4/build/openjdk/hotspot/src/share/vm/prims/jvm.cpp:1322
Event: 6.970 Thread 0x00007fb57000a000 Threw 0x00000007e11e41a8 at /build/openjdk-7-3x2aMC/openjdk-7-7u95-2.6.4/build/openjdk/hotspot/src/share/vm/prims/jvm.cpp:1322
Event: 6.971 Thread 0x00007fb57000a000 Threw 0x00000007e11f94b0 at /build/openjdk-7-3x2aMC/openjdk-7-7u95-2.6.4/build/openjdk/hotspot/src/share/vm/prims/jvm.cpp:1322
Event: 6.971 Thread 0x00007fb57000a000 Threw 0x00000007e11fd5b0 at /build/openjdk-7-3x2aMC/openjdk-7-7u95-2.6.4/build/openjdk/hotspot/src/share/vm/prims/jvm.cpp:1322

Events (10 events):
Event: 84.082 Executing VM operation: ParallelGCFailedAllocation done
Event: 99.863 Executing VM operation: ParallelGCFailedAllocation
Event: 99.864 Executing VM operation: ParallelGCFailedAllocation done
Event: 114.371 Executing VM operation: ParallelGCFailedAllocation
Event: 114.372 Executing VM operation: ParallelGCFailedAllocation done
Event: 130.016 Executing VM operation: ParallelGCFailedAllocation
Event: 130.018 Executing VM operation: ParallelGCFailedAllocation done
Event: 144.412 Executing VM operation: ParallelGCFailedAllocation
Event: 144.413 Executing VM operation: ParallelGCFailedAllocation done
Event: 170.478 Executing VM operation: ParallelGCFailedAllocation


Dynamic libraries:
00400000-00401000 r-xp 00000000 08:07 13641842                           /usr/lib/jvm/java-7-openjdk-amd64/jre/bin/java
00600000-00601000 r--p 00000000 08:07 13641842                           /usr/lib/jvm/java-7-openjdk-amd64/jre/bin/java
00601000-00602000 rw-p 00001000 08:07 13641842                           /usr/lib/jvm/java-7-openjdk-amd64/jre/bin/java
00836000-00857000 rw-p 00000000 00:00 0                                  [heap]
779a00000-77af00000 rw-p 00000000 00:00 0 
77af00000-784000000 rw-p 00000000 00:00 0 
784000000-789280000 rw-p 00000000 00:00 0 
789280000-7d6a80000 rw-p 00000000 00:00 0 
7d6a80000-7fa500000 rw-p 00000000 00:00 0 
7ffd00000-800000000 ---p 00000000 00:00 0 
7fb514000000-7fb517ffd000 rw-p 00000000 00:00 0 
7fb517ffd000-7fb518000000 ---p 00000000 00:00 0 
7fb518000000-7fb519071000 rw-p 00000000 00:00 0 
7fb519071000-7fb51c000000 ---p 00000000 00:00 0 
7fb51c000000-7fb51fffe000 rw-p 00000000 00:00 0 
7fb51fffe000-7fb520000000 ---p 00000000 00:00 0 
7fb520000000-7fb523ffe000 rw-p 00000000 00:00 0 
7fb523ffe000-7fb524000000 ---p 00000000 00:00 0 
7fb524000000-7fb527ffa000 rw-p 00000000 00:00 0 
7fb527ffa000-7fb528000000 ---p 00000000 00:00 0 
7fb528000000-7fb52bffd000 rw-p 00000000 00:00 0 
7fb52bffd000-7fb52c000000 ---p 00000000 00:00 0 
7fb52c000000-7fb52fffd000 rw-p 00000000 00:00 0 
7fb52fffd000-7fb530000000 ---p 00000000 00:00 0 
7fb530000000-7fb530021000 rw-p 00000000 00:00 0 
7fb530021000-7fb534000000 ---p 00000000 00:00 0 
7fb5370e4000-7fb537195000 r--s 00770000 08:07 5246105                    /home/hit_alan/zhoufandi/somefilebetweenlinuxandwindows/dex2jar-2.0/39cd0b566d935a470eb8c39faac8cdfe10b17233e6acd5e2ad5ce920f31f4ffd/clientdex2jar.jar
7fb537195000-7fb537246000 r--s 00770000 08:07 5246105                    /home/hit_alan/zhoufandi/somefilebetweenlinuxandwindows/dex2jar-2.0/39cd0b566d935a470eb8c39faac8cdfe10b17233e6acd5e2ad5ce920f31f4ffd/clientdex2jar.jar
7fb537246000-7fb537547000 rw-p 00000000 00:00 0 
7fb537547000-7fb5375b3000 r-xp 00000000 08:07 16257056                   /lib/x86_64-linux-gnu/libpcre.so.3.13.1
7fb5375b3000-7fb5377b2000 ---p 0006c000 08:07 16257056                   /lib/x86_64-linux-gnu/libpcre.so.3.13.1
7fb5377b2000-7fb5377b3000 r--p 0006b000 08:07 16257056                   /lib/x86_64-linux-gnu/libpcre.so.3.13.1
7fb5377b3000-7fb5377b4000 rw-p 0006c000 08:07 16257056                   /lib/x86_64-linux-gnu/libpcre.so.3.13.1
7fb5377b4000-7fb5377bb000 r-xp 00000000 08:07 13631618                   /usr/lib/x86_64-linux-gnu/libffi.so.6.0.4
7fb5377bb000-7fb5379ba000 ---p 00007000 08:07 13631618                   /usr/lib/x86_64-linux-gnu/libffi.so.6.0.4
7fb5379ba000-7fb5379bb000 r--p 00006000 08:07 13631618                   /usr/lib/x86_64-linux-gnu/libffi.so.6.0.4
7fb5379bb000-7fb5379bc000 rw-p 00007000 08:07 13631618                   /usr/lib/x86_64-linux-gnu/libffi.so.6.0.4
7fb5379bc000-7fb5379d3000 r-xp 00000000 08:07 16253007                   /lib/x86_64-linux-gnu/libresolv-2.21.so
7fb5379d3000-7fb537bd3000 ---p 00017000 08:07 16253007                   /lib/x86_64-linux-gnu/libresolv-2.21.so
7fb537bd3000-7fb537bd5000 r--p 00017000 08:07 16253007                   /lib/x86_64-linux-gnu/libresolv-2.21.so
7fb537bd5000-7fb537bd6000 rw-p 00019000 08:07 16253007                   /lib/x86_64-linux-gnu/libresolv-2.21.so
7fb537bd6000-7fb537bd8000 rw-p 00000000 00:00 0 
7fb537bd8000-7fb537bf9000 r-xp 00000000 08:07 16257131                   /lib/x86_64-linux-gnu/libselinux.so.1
7fb537bf9000-7fb537df8000 ---p 00021000 08:07 16257131                   /lib/x86_64-linux-gnu/libselinux.so.1
7fb537df8000-7fb537df9000 r--p 00020000 08:07 16257131                   /lib/x86_64-linux-gnu/libselinux.so.1
7fb537df9000-7fb537dfa000 rw-p 00021000 08:07 16257131                   /lib/x86_64-linux-gnu/libselinux.so.1
7fb537dfa000-7fb537dfc000 rw-p 00000000 00:00 0 
7fb537dfc000-7fb537dff000 r-xp 00000000 08:07 13631893                   /usr/lib/x86_64-linux-gnu/libgmodule-2.0.so.0.4400.1
7fb537dff000-7fb537ffe000 ---p 00003000 08:07 13631893                   /usr/lib/x86_64-linux-gnu/libgmodule-2.0.so.0.4400.1
7fb537ffe000-7fb537fff000 r--p 00002000 08:07 13631893                   /usr/lib/x86_64-linux-gnu/libgmodule-2.0.so.0.4400.1
7fb537fff000-7fb538000000 rw-p 00003000 08:07 13631893                   /usr/lib/x86_64-linux-gnu/libgmodule-2.0.so.0.4400.1
7fb538000000-7fb5393b5000 rw-p 00000000 00:00 0 
7fb5393b5000-7fb53c000000 ---p 00000000 00:00 0 
7fb53c000000-7fb53c021000 rw-p 00000000 00:00 0 
7fb53c021000-7fb540000000 ---p 00000000 00:00 0 
7fb540000000-7fb540021000 rw-p 00000000 00:00 0 
7fb540021000-7fb544000000 ---p 00000000 00:00 0 
7fb544000000-7fb54568b000 rw-p 00000000 00:00 0 
7fb54568b000-7fb548000000 ---p 00000000 00:00 0 
7fb548000000-7fb548021000 rw-p 00000000 00:00 0 
7fb548021000-7fb54c000000 ---p 00000000 00:00 0 
7fb54c000000-7fb54c021000 rw-p 00000000 00:00 0 
7fb54c021000-7fb550000000 ---p 00000000 00:00 0 
7fb550000000-7fb550021000 rw-p 00000000 00:00 0 
7fb550021000-7fb554000000 ---p 00000000 00:00 0 
7fb554000000-7fb554021000 rw-p 00000000 00:00 0 
7fb554021000-7fb558000000 ---p 00000000 00:00 0 
7fb558000000-7fb558021000 rw-p 00000000 00:00 0 
7fb558021000-7fb55c000000 ---p 00000000 00:00 0 
7fb55c000000-7fb55c021000 rw-p 00000000 00:00 0 
7fb55c021000-7fb560000000 ---p 00000000 00:00 0 
7fb560000000-7fb560021000 rw-p 00000000 00:00 0 
7fb560021000-7fb564000000 ---p 00000000 00:00 0 
7fb564016000-7fb5640b1000 r--s 00744000 08:07 5246099                    /home/hit_alan/zhoufandi/somefilebetweenlinuxandwindows/dex2jar-2.0/39cd0b566d935a470eb8c39faac8cdfe10b17233e6acd5e2ad5ce920f31f4ffd/channeldex2jar.jar
7fb5640b1000-7fb56414c000 r--s 00744000 08:07 5246099                    /home/hit_alan/zhoufandi/somefilebetweenlinuxandwindows/dex2jar-2.0/39cd0b566d935a470eb8c39faac8cdfe10b17233e6acd5e2ad5ce920f31f4ffd/channeldex2jar.jar
7fb56414c000-7fb564259000 r-xp 00000000 08:07 16257102                   /lib/x86_64-linux-gnu/libglib-2.0.so.0.4400.1
7fb564259000-7fb564458000 ---p 0010d000 08:07 16257102                   /lib/x86_64-linux-gnu/libglib-2.0.so.0.4400.1
7fb564458000-7fb564459000 r--p 0010c000 08:07 16257102                   /lib/x86_64-linux-gnu/libglib-2.0.so.0.4400.1
7fb564459000-7fb56445a000 rw-p 0010d000 08:07 16257102                   /lib/x86_64-linux-gnu/libglib-2.0.so.0.4400.1
7fb56445a000-7fb56445b000 rw-p 00000000 00:00 0 
7fb56445b000-7fb5644ab000 r-xp 00000000 08:07 13631853                   /usr/lib/x86_64-linux-gnu/libgobject-2.0.so.0.4400.1
7fb5644ab000-7fb5646ab000 ---p 00050000 08:07 13631853                   /usr/lib/x86_64-linux-gnu/libgobject-2.0.so.0.4400.1
7fb5646ab000-7fb5646ac000 r--p 00050000 08:07 13631853                   /usr/lib/x86_64-linux-gnu/libgobject-2.0.so.0.4400.1
7fb5646ac000-7fb5646ad000 rw-p 00051000 08:07 13631853                   /usr/lib/x86_64-linux-gnu/libgobject-2.0.so.0.4400.1
7fb5646ad000-7fb564825000 r-xp 00000000 08:07 13631875                   /usr/lib/x86_64-linux-gnu/libgio-2.0.so.0.4400.1
7fb564825000-7fb564a25000 ---p 00178000 08:07 13631875                   /usr/lib/x86_64-linux-gnu/libgio-2.0.so.0.4400.1
7fb564a25000-7fb564a29000 r--p 00178000 08:07 13631875                   /usr/lib/x86_64-linux-gnu/libgio-2.0.so.0.4400.1
7fb564a29000-7fb564a2b000 rw-p 0017c000 08:07 13631875                   /usr/lib/x86_64-linux-gnu/libgio-2.0.so.0.4400.1
7fb564a2b000-7fb564a2d000 rw-p 00000000 00:00 0 
7fb564a2e000-7fb564a35000 r--s 00000000 08:07 13902402                   /usr/lib/x86_64-linux-gnu/gconv/gconv-modules.cache
7fb564a35000-7fb564a49000 r--p 00000000 08:07 14421516                   /usr/share/locale-langpack/zh_CN/LC_MESSAGES/libc.mo
7fb564a49000-7fb564a61000 r-xp 00000000 08:07 13642175                   /usr/lib/jvm/java-7-openjdk-amd64/jre/lib/amd64/libnet.so
7fb564a61000-7fb564c60000 ---p 00018000 08:07 13642175                   /usr/lib/jvm/java-7-openjdk-amd64/jre/lib/amd64/libnet.so
7fb564c60000-7fb564c61000 r--p 00017000 08:07 13642175                   /usr/lib/jvm/java-7-openjdk-amd64/jre/lib/amd64/libnet.so
7fb564c61000-7fb564c62000 rw-p 00018000 08:07 13642175                   /usr/lib/jvm/java-7-openjdk-amd64/jre/lib/amd64/libnet.so
7fb564c62000-7fb564c73000 r-xp 00000000 08:07 13642136                   /usr/lib/jvm/java-7-openjdk-amd64/jre/lib/amd64/libnio.so
7fb564c73000-7fb564e72000 ---p 00011000 08:07 13642136                   /usr/lib/jvm/java-7-openjdk-amd64/jre/lib/amd64/libnio.so
7fb564e72000-7fb564e73000 r--p 00010000 08:07 13642136                   /usr/lib/jvm/java-7-openjdk-amd64/jre/lib/amd64/libnio.so
7fb564e73000-7fb564e74000 rw-p 00011000 08:07 13642136                   /usr/lib/jvm/java-7-openjdk-amd64/jre/lib/amd64/libnio.so
7fb564e74000-7fb564e75000 ---p 00000000 00:00 0 
7fb564e75000-7fb564f75000 rw-p 00000000 00:00 0 
7fb564f75000-7fb564f78000 ---p 00000000 00:00 0 
7fb564f78000-7fb565076000 rw-p 00000000 00:00 0 
7fb565076000-7fb565079000 ---p 00000000 00:00 0 
7fb565079000-7fb565177000 rw-p 00000000 00:00 0 
7fb565177000-7fb56517a000 ---p 00000000 00:00 0 
7fb56517a000-7fb565278000 rw-p 00000000 00:00 0 
7fb565278000-7fb56527b000 ---p 00000000 00:00 0 
7fb56527b000-7fb565379000 rw-p 00000000 00:00 0 
7fb565379000-7fb5657e6000 r--p 00000000 08:07 13634881                   /usr/lib/locale/locale-archive
7fb5657e6000-7fb5657e9000 ---p 00000000 00:00 0 
7fb5657e9000-7fb5658e7000 rw-p 00000000 00:00 0 
7fb5658e7000-7fb5658ea000 ---p 00000000 00:00 0 
7fb5658ea000-7fb5659e8000 rw-p 00000000 00:00 0 
7fb5659e8000-7fb5659e9000 ---p 00000000 00:00 0 
7fb5659e9000-7fb566a41000 rw-p 00000000 00:00 0 
7fb566a41000-7fb566bf3000 r--s 01d2f000 08:07 13642124                   /usr/lib/jvm/java-7-openjdk-amd64/jre/lib/rt.jar
7fb566bf3000-7fb56b451000 rw-p 00000000 00:00 0 
7fb56b451000-7fb56b452000 ---p 00000000 00:00 0 
7fb56b452000-7fb56b552000 rw-p 00000000 00:00 0 
7fb56b552000-7fb56b553000 ---p 00000000 00:00 0 
7fb56b553000-7fb56b653000 rw-p 00000000 00:00 0 
7fb56b653000-7fb56b654000 ---p 00000000 00:00 0 
7fb56b654000-7fb56b754000 rw-p 00000000 00:00 0 
7fb56b754000-7fb56b755000 ---p 00000000 00:00 0 
7fb56b755000-7fb56b860000 rw-p 00000000 00:00 0 
7fb56b860000-7fb56b8a8000 rw-p 00000000 00:00 0 
7fb56b8a8000-7fb56b8d2000 rw-p 00000000 00:00 0 
7fb56b8d2000-7fb56bb3e000 rw-p 00000000 00:00 0 
7fb56bb3e000-7fb56bb49000 rw-p 00000000 00:00 0 
7fb56bb49000-7fb56bb91000 rw-p 00000000 00:00 0 
7fb56bb91000-7fb56bbbb000 rw-p 00000000 00:00 0 
7fb56bbbb000-7fb56be26000 rw-p 00000000 00:00 0 
7fb56be26000-7fb56bf44000 rw-p 00000000 00:00 0 
7fb56bf44000-7fb56bf71000 ---p 00000000 00:00 0 
7fb56bf71000-7fb56bf72000 rw-p 00000000 00:00 0 
7fb56bf72000-7fb56c1e2000 rwxp 00000000 00:00 0 
7fb56c1e2000-7fb56ef72000 rw-p 00000000 00:00 0 
7fb56ef72000-7fb56ef7a000 r-xp 00000000 08:07 13642144                   /usr/lib/jvm/java-7-openjdk-amd64/jre/lib/amd64/libzip.so
7fb56ef7a000-7fb56f179000 ---p 00008000 08:07 13642144                   /usr/lib/jvm/java-7-openjdk-amd64/jre/lib/amd64/libzip.so
7fb56f179000-7fb56f17a000 r--p 00007000 08:07 13642144                   /usr/lib/jvm/java-7-openjdk-amd64/jre/lib/amd64/libzip.so
7fb56f17a000-7fb56f17b000 rw-p 00008000 08:07 13642144                   /usr/lib/jvm/java-7-openjdk-amd64/jre/lib/amd64/libzip.so
7fb56f17b000-7fb56f187000 r-xp 00000000 08:07 16253008                   /lib/x86_64-linux-gnu/libnss_files-2.21.so
7fb56f187000-7fb56f386000 ---p 0000c000 08:07 16253008                   /lib/x86_64-linux-gnu/libnss_files-2.21.so
7fb56f386000-7fb56f387000 r--p 0000b000 08:07 16253008                   /lib/x86_64-linux-gnu/libnss_files-2.21.so
7fb56f387000-7fb56f388000 rw-p 0000c000 08:07 16253008                   /lib/x86_64-linux-gnu/libnss_files-2.21.so
7fb56f388000-7fb56f393000 r-xp 00000000 08:07 16252996                   /lib/x86_64-linux-gnu/libnss_nis-2.21.so
7fb56f393000-7fb56f592000 ---p 0000b000 08:07 16252996                   /lib/x86_64-linux-gnu/libnss_nis-2.21.so
7fb56f592000-7fb56f593000 r--p 0000a000 08:07 16252996                   /lib/x86_64-linux-gnu/libnss_nis-2.21.so
7fb56f593000-7fb56f594000 rw-p 0000b000 08:07 16252996                   /lib/x86_64-linux-gnu/libnss_nis-2.21.so
7fb56f594000-7fb56f5ab000 r-xp 00000000 08:07 16257004                   /lib/x86_64-linux-gnu/libnsl-2.21.so
7fb56f5ab000-7fb56f7aa000 ---p 00017000 08:07 16257004                   /lib/x86_64-linux-gnu/libnsl-2.21.so
7fb56f7aa000-7fb56f7ab000 r--p 00016000 08:07 16257004                   /lib/x86_64-linux-gnu/libnsl-2.21.so
7fb56f7ab000-7fb56f7ac000 rw-p 00017000 08:07 16257004                   /lib/x86_64-linux-gnu/libnsl-2.21.so
7fb56f7ac000-7fb56f7ae000 rw-p 00000000 00:00 0 
7fb56f7ae000-7fb56f7b6000 r-xp 00000000 08:07 16253010                   /lib/x86_64-linux-gnu/libnss_compat-2.21.so
7fb56f7b6000-7fb56f9b5000 ---p 00008000 08:07 16253010                   /lib/x86_64-linux-gnu/libnss_compat-2.21.so
7fb56f9b5000-7fb56f9b6000 r--p 00007000 08:07 16253010                   /lib/x86_64-linux-gnu/libnss_compat-2.21.so
7fb56f9b6000-7fb56f9b7000 rw-p 00008000 08:07 16253010                   /lib/x86_64-linux-gnu/libnss_compat-2.21.so
7fb56f9b7000-7fb56f9e4000 r-xp 00000000 08:07 13642157                   /usr/lib/jvm/java-7-openjdk-amd64/jre/lib/amd64/libjava.so
7fb56f9e4000-7fb56fbe3000 ---p 0002d000 08:07 13642157                   /usr/lib/jvm/java-7-openjdk-amd64/jre/lib/amd64/libjava.so
7fb56fbe3000-7fb56fbe4000 r--p 0002c000 08:07 13642157                   /usr/lib/jvm/java-7-openjdk-amd64/jre/lib/amd64/libjava.so
7fb56fbe4000-7fb56fbe6000 rw-p 0002d000 08:07 13642157                   /usr/lib/jvm/java-7-openjdk-amd64/jre/lib/amd64/libjava.so
7fb56fbe6000-7fb56fbf5000 r-xp 00000000 08:07 13642171                   /usr/lib/jvm/java-7-openjdk-amd64/jre/lib/amd64/libverify.so
7fb56fbf5000-7fb56fdf4000 ---p 0000f000 08:07 13642171                   /usr/lib/jvm/java-7-openjdk-amd64/jre/lib/amd64/libverify.so
7fb56fdf4000-7fb56fdf7000 r--p 0000e000 08:07 13642171                   /usr/lib/jvm/java-7-openjdk-amd64/jre/lib/amd64/libverify.so
7fb56fdf7000-7fb56fdf8000 rw-p 00011000 08:07 13642171                   /usr/lib/jvm/java-7-openjdk-amd64/jre/lib/amd64/libverify.so
7fb56fdf8000-7fb56fdff000 r-xp 00000000 08:07 16257005                   /lib/x86_64-linux-gnu/librt-2.21.so
7fb56fdff000-7fb56fffe000 ---p 00007000 08:07 16257005                   /lib/x86_64-linux-gnu/librt-2.21.so
7fb56fffe000-7fb56ffff000 r--p 00006000 08:07 16257005                   /lib/x86_64-linux-gnu/librt-2.21.so
7fb56ffff000-7fb570000000 rw-p 00007000 08:07 16257005                   /lib/x86_64-linux-gnu/librt-2.21.so
7fb570000000-7fb574000000 rw-p 00000000 00:00 0 
7fb574002000-7fb57400c000 r--s 000ae000 08:07 13642193                   /usr/lib/jvm/java-7-openjdk-amd64/jre/lib/resources.jar
7fb57400c000-7fb574011000 r--s 00036000 08:07 7081023                    /home/hit_alan/zhoufandi/somefilebetweenlinuxandwindows/target/asm-all-5.0.3.jar
7fb574011000-7fb574027000 r-xp 00000000 08:07 16257047                   /lib/x86_64-linux-gnu/libgcc_s.so.1
7fb574027000-7fb574226000 ---p 00016000 08:07 16257047                   /lib/x86_64-linux-gnu/libgcc_s.so.1
7fb574226000-7fb574227000 rw-p 00015000 08:07 16257047                   /lib/x86_64-linux-gnu/libgcc_s.so.1
7fb574227000-7fb57432e000 r-xp 00000000 08:07 16257003                   /lib/x86_64-linux-gnu/libm-2.21.so
7fb57432e000-7fb57452d000 ---p 00107000 08:07 16257003                   /lib/x86_64-linux-gnu/libm-2.21.so
7fb57452d000-7fb57452e000 r--p 00106000 08:07 16257003                   /lib/x86_64-linux-gnu/libm-2.21.so
7fb57452e000-7fb57452f000 rw-p 00107000 08:07 16257003                   /lib/x86_64-linux-gnu/libm-2.21.so
7fb57452f000-7fb57461f000 r-xp 00000000 08:07 13631543                   /usr/lib/x86_64-linux-gnu/libstdc++.so.6.0.20
7fb57461f000-7fb57481f000 ---p 000f0000 08:07 13631543                   /usr/lib/x86_64-linux-gnu/libstdc++.so.6.0.20
7fb57481f000-7fb574827000 r--p 000f0000 08:07 13631543                   /usr/lib/x86_64-linux-gnu/libstdc++.so.6.0.20
7fb574827000-7fb574829000 rw-p 000f8000 08:07 13631543                   /usr/lib/x86_64-linux-gnu/libstdc++.so.6.0.20
7fb574829000-7fb57483e000 rw-p 00000000 00:00 0 
7fb57483e000-7fb57539e000 r-xp 00000000 08:07 13642163                   /usr/lib/jvm/java-7-openjdk-amd64/jre/lib/amd64/server/libjvm.so
7fb57539e000-7fb57559e000 ---p 00b60000 08:07 13642163                   /usr/lib/jvm/java-7-openjdk-amd64/jre/lib/amd64/server/libjvm.so
7fb57559e000-7fb57563d000 r--p 00b60000 08:07 13642163                   /usr/lib/jvm/java-7-openjdk-amd64/jre/lib/amd64/server/libjvm.so
7fb57563d000-7fb575660000 rw-p 00bff000 08:07 13642163                   /usr/lib/jvm/java-7-openjdk-amd64/jre/lib/amd64/server/libjvm.so
7fb575660000-7fb57568d000 rw-p 00000000 00:00 0 
7fb57568d000-7fb5756a6000 r-xp 00000000 08:07 16257026                   /lib/x86_64-linux-gnu/libz.so.1.2.8
7fb5756a6000-7fb5758a6000 ---p 00019000 08:07 16257026                   /lib/x86_64-linux-gnu/libz.so.1.2.8
7fb5758a6000-7fb5758a7000 r--p 00019000 08:07 16257026                   /lib/x86_64-linux-gnu/libz.so.1.2.8
7fb5758a7000-7fb5758a8000 rw-p 0001a000 08:07 16257026                   /lib/x86_64-linux-gnu/libz.so.1.2.8
7fb5758a8000-7fb5758c0000 r-xp 00000000 08:07 16253005                   /lib/x86_64-linux-gnu/libpthread-2.21.so
7fb5758c0000-7fb575ac0000 ---p 00018000 08:07 16253005                   /lib/x86_64-linux-gnu/libpthread-2.21.so
7fb575ac0000-7fb575ac1000 r--p 00018000 08:07 16253005                   /lib/x86_64-linux-gnu/libpthread-2.21.so
7fb575ac1000-7fb575ac2000 rw-p 00019000 08:07 16253005                   /lib/x86_64-linux-gnu/libpthread-2.21.so
7fb575ac2000-7fb575ac6000 rw-p 00000000 00:00 0 
7fb575ac6000-7fb575ac9000 r-xp 00000000 08:07 16253001                   /lib/x86_64-linux-gnu/libdl-2.21.so
7fb575ac9000-7fb575cc8000 ---p 00003000 08:07 16253001                   /lib/x86_64-linux-gnu/libdl-2.21.so
7fb575cc8000-7fb575cc9000 r--p 00002000 08:07 16253001                   /lib/x86_64-linux-gnu/libdl-2.21.so
7fb575cc9000-7fb575cca000 rw-p 00003000 08:07 16253001                   /lib/x86_64-linux-gnu/libdl-2.21.so
7fb575cca000-7fb575e8a000 r-xp 00000000 08:07 16257010                   /lib/x86_64-linux-gnu/libc-2.21.so
7fb575e8a000-7fb57608a000 ---p 001c0000 08:07 16257010                   /lib/x86_64-linux-gnu/libc-2.21.so
7fb57608a000-7fb57608e000 r--p 001c0000 08:07 16257010                   /lib/x86_64-linux-gnu/libc-2.21.so
7fb57608e000-7fb576090000 rw-p 001c4000 08:07 16257010                   /lib/x86_64-linux-gnu/libc-2.21.so
7fb576090000-7fb576094000 rw-p 00000000 00:00 0 
7fb576094000-7fb5760a1000 r-xp 00000000 08:07 13642172                   /usr/lib/jvm/java-7-openjdk-amd64/jre/lib/amd64/jli/libjli.so
7fb5760a1000-7fb5762a0000 ---p 0000d000 08:07 13642172                   /usr/lib/jvm/java-7-openjdk-amd64/jre/lib/amd64/jli/libjli.so
7fb5762a0000-7fb5762a1000 r--p 0000c000 08:07 13642172                   /usr/lib/jvm/java-7-openjdk-amd64/jre/lib/amd64/jli/libjli.so
7fb5762a1000-7fb5762a2000 rw-p 0000d000 08:07 13642172                   /usr/lib/jvm/java-7-openjdk-amd64/jre/lib/amd64/jli/libjli.so
7fb5762a2000-7fb5762c6000 r-xp 00000000 08:07 16253004                   /lib/x86_64-linux-gnu/ld-2.21.so
7fb5762c6000-7fb5762c7000 rw-p 00000000 00:00 0 
7fb5762c7000-7fb5762c8000 r--s 00005000 08:07 7081028                    /home/hit_alan/zhoufandi/somefilebetweenlinuxandwindows/target/csvio-1.0.2.jar
7fb5762c8000-7fb5762c9000 r--s 00008000 08:07 7081026                    /home/hit_alan/zhoufandi/somefilebetweenlinuxandwindows/target/commons-cli-1.1.jar
7fb5762c9000-7fb5762cb000 r--s 0001d000 08:07 7081025                    /home/hit_alan/zhoufandi/somefilebetweenlinuxandwindows/target/xmlcli-1.2.3.jar
7fb5762cb000-7fb5762cd000 r--s 0000d000 08:07 7081029                    /home/hit_alan/zhoufandi/somefilebetweenlinuxandwindows/target/commons-logging-1.1.1.jar
7fb5762cd000-7fb5762d2000 r--s 00034000 08:07 7081024                    /home/hit_alan/zhoufandi/somefilebetweenlinuxandwindows/target/commons-beanutils-1.8.3.jar
7fb5762d2000-7fb5762dd000 r--s 000b4000 08:07 7081123                    /home/hit_alan/zhoufandi/somefilebetweenlinuxandwindows/target/stigmata-5.0-SNAPSHOT.jar
7fb5762dd000-7fb5762e1000 r--s 00034000 08:07 13642025                   /usr/lib/jvm/java-7-openjdk-amd64/jre/lib/ext/sunjce_provider.jar
7fb5762e1000-7fb5762eb000 rw-p 00000000 00:00 0 
7fb5762eb000-7fb5763a1000 rw-p 00000000 00:00 0 
7fb5763a1000-7fb5763a4000 ---p 00000000 00:00 0 
7fb5763a4000-7fb5764a7000 rw-p 00000000 00:00 0 
7fb5764a7000-7fb5764a9000 r--s 0000b000 08:07 7081027                    /home/hit_alan/zhoufandi/somefilebetweenlinuxandwindows/target/commons-dbutils-1.4.jar
7fb5764a9000-7fb5764aa000 r--s 00002000 08:07 13642027                   /usr/lib/jvm/java-7-openjdk-amd64/jre/lib/ext/dnsns.jar
7fb5764aa000-7fb5764ac000 r--s 00012000 08:07 13642022                   /usr/lib/jvm/java-7-openjdk-amd64/jre/lib/ext/zipfs.jar
7fb5764ac000-7fb5764b0000 r--s 0003c000 08:07 13642026                   /usr/lib/jvm/java-7-openjdk-amd64/jre/lib/ext/sunpkcs11.jar
7fb5764b0000-7fb5764b3000 r--s 0000f000 08:07 13642024                   /usr/lib/jvm/java-7-openjdk-amd64/jre/lib/ext/icedtea-sound.jar
7fb5764b3000-7fb5764b7000 r--s 00085000 08:07 13642023                   /usr/lib/jvm/java-7-openjdk-amd64/jre/lib/ext/localedata.jar
7fb5764b7000-7fb5764b9000 r--s 00006000 08:07 14028198                   /usr/share/java/java-atk-wrapper.jar
7fb5764b9000-7fb5764c1000 rw-s 00000000 08:07 4998216                    /tmp/hsperfdata_hit_alan/28056
7fb5764c1000-7fb5764c2000 rw-p 00000000 00:00 0 
7fb5764c2000-7fb5764c3000 ---p 00000000 00:00 0 
7fb5764c3000-7fb5764c5000 rw-p 00000000 00:00 0 
7fb5764c5000-7fb5764c6000 r--p 00023000 08:07 16253004                   /lib/x86_64-linux-gnu/ld-2.21.so
7fb5764c6000-7fb5764c7000 rw-p 00024000 08:07 16253004                   /lib/x86_64-linux-gnu/ld-2.21.so
7fb5764c7000-7fb5764c8000 rw-p 00000000 00:00 0 
7ffc07677000-7ffc07699000 rw-p 00000000 00:00 0                          [stack]
7ffc07722000-7ffc07724000 r--p 00000000 00:00 0                          [vvar]
7ffc07724000-7ffc07726000 r-xp 00000000 00:00 0                          [vdso]
ffffffffff600000-ffffffffff601000 r-xp 00000000 00:00 0                  [vsyscall]

VM Arguments:
java_command: stigmata-5.0-SNAPSHOT.jar -f xml -b cvfv compare ../dex2jar-2.0/39cd0b566d935a470eb8c39faac8cdfe10b17233e6acd5e2ad5ce920f31f4ffd/channeldex2jar.jar ../dex2jar-2.0/39cd0b566d935a470eb8c39faac8cdfe10b17233e6acd5e2ad5ce920f31f4ffd/clientdex2jar.jar
Launcher Type: SUN_STANDARD

Environment Variables:
JAVA_HOME=/usr/lib/jvm/java-7-openjdk-amd64
PATH=/home/hit_alan/.gvm/vertx/current/bin:/home/hit_alan/.gvm/springboot/current/bin:/home/hit_alan/.gvm/lazybones/current/bin:/home/hit_alan/.gvm/jbake/current/bin:/home/hit_alan/.gvm/groovyserv/current/bin:/home/hit_alan/.gvm/groovy/current/bin:/home/hit_alan/.gvm/griffon/current/bin:/home/hit_alan/.gvm/grails/current/bin:/home/hit_alan/.gvm/gradle/current/bin:/home/hit_alan/.gvm/glide/current/bin:/home/hit_alan/.gvm/gaiden/current/bin:/home/hit_alan/.gvm/crash/current/bin:/home/hit_alan/.gvm/asciidoctorj/current/bin:/home/hit_alan/bin:/usr/local/sbin:/usr/local/bin:/usr/sbin:/usr/bin:/sbin:/bin:/usr/games:/usr/local/games:/usr/gradle-2.4/bin:/usr/grails-3.0.2/bin:/home/hit_alan/softwares/adt-bundle-linux-x86_64-20140624/sdk/platform-tools:/home/hit_alan/softwares/adt-bundle-linux-x86_64-20140624/sdk/tools
SHELL=/bin/bash
DISPLAY=:0

Signal Handlers:
SIGSEGV: [libjvm.so+0x992590], sa_mask[0]=0x7ffbfeff, sa_flags=0x10000004
SIGBUS: [libjvm.so+0x992590], sa_mask[0]=0x7ffbfeff, sa_flags=0x10000004
SIGFPE: [libjvm.so+0x7fec60], sa_mask[0]=0x7ffbfeff, sa_flags=0x10000004
SIGPIPE: [libjvm.so+0x7fec60], sa_mask[0]=0x7ffbfeff, sa_flags=0x10000004
SIGXFSZ: [libjvm.so+0x7fec60], sa_mask[0]=0x7ffbfeff, sa_flags=0x10000004
SIGILL: [libjvm.so+0x7fec60], sa_mask[0]=0x7ffbfeff, sa_flags=0x10000004
SIGUSR1: SIG_DFL, sa_mask[0]=0x00000000, sa_flags=0x00000000
SIGUSR2: [libjvm.so+0x7feae0], sa_mask[0]=0x00000004, sa_flags=0x10000004
SIGHUP: [libjvm.so+0x7fece0], sa_mask[0]=0x7ffbfeff, sa_flags=0x10000004
SIGINT: [libjvm.so+0x7fece0], sa_mask[0]=0x7ffbfeff, sa_flags=0x10000004
SIGTERM: [libjvm.so+0x7fece0], sa_mask[0]=0x7ffbfeff, sa_flags=0x10000004
SIGQUIT: [libjvm.so+0x7fece0], sa_mask[0]=0x7ffbfeff, sa_flags=0x10000004
SIGTRAP: SIG_DFL, sa_mask[0]=0x00000000, sa_flags=0x00000000


---------------  S Y S T E M  ---------------

OS:Ubuntu 15.04 (vivid)
uname:Linux 3.19.0-66-generic #74-Ubuntu SMP Tue Jul 19 15:07:04 UTC 2016 x86_64
libc:glibc 2.21 NPTL 2.21 
rlimit: STACK 8192k, CORE 0k, NPROC 31638, NOFILE 65536, AS infinity
load average:61.82 23.39 10.11

/proc/meminfo:
MemTotal:        8121832 kB
MemFree:          119720 kB
MemAvailable:      86572 kB
Buffers:            1884 kB
Cached:           130256 kB
SwapCached:            0 kB
Active:          7641628 kB
Inactive:         108768 kB
Active(anon):    7627944 kB
Inactive(anon):    85048 kB
Active(file):      13684 kB
Inactive(file):    23720 kB
Unevictable:         192 kB
Mlocked:             192 kB
SwapTotal:             0 kB
SwapFree:              0 kB
Dirty:               200 kB
Writeback:             0 kB
AnonPages:       7618888 kB
Mapped:            85156 kB
Shmem:             94300 kB
Slab:             109280 kB
SReclaimable:      65228 kB
SUnreclaim:        44052 kB
KernelStack:       16032 kB
PageTables:        66472 kB
NFS_Unstable:          0 kB
Bounce:                0 kB
WritebackTmp:          0 kB
CommitLimit:     4060916 kB
Committed_AS:   12683756 kB
VmallocTotal:   34359738367 kB
VmallocUsed:      111952 kB
VmallocChunk:   34359561980 kB
HardwareCorrupted:     0 kB
AnonHugePages:   2916352 kB
CmaTotal:              0 kB
CmaFree:               0 kB
HugePages_Total:       0
HugePages_Free:        0
HugePages_Rsvd:        0
HugePages_Surp:        0
Hugepagesize:       2048 kB
DirectMap4k:      539924 kB
DirectMap2M:     7794688 kB
DirectMap1G:     1048576 kB


CPU:total 4 (4 cores per cpu, 1 threads per core) family 6 model 60 stepping 3, cmov, cx8, fxsr, mmx, sse, sse2, sse3, ssse3, sse4.1, sse4.2, popcnt, avx, avx2, aes, erms, tsc, tscinvbit

/proc/cpuinfo:
processor	: 0
vendor_id	: GenuineIntel
cpu family	: 6
model		: 60
model name	: Intel(R) Core(TM) i5-4590 CPU @ 3.30GHz
stepping	: 3
microcode	: 0x1d
cpu MHz		: 3499.933
cache size	: 6144 KB
physical id	: 0
siblings	: 4
core id		: 0
cpu cores	: 4
apicid		: 0
initial apicid	: 0
fpu		: yes
fpu_exception	: yes
cpuid level	: 13
wp		: yes
flags		: fpu vme de pse tsc msr pae mce cx8 apic sep mtrr pge mca cmov pat pse36 clflush dts acpi mmx fxsr sse sse2 ss ht tm pbe syscall nx pdpe1gb rdtscp lm constant_tsc arch_perfmon pebs bts rep_good nopl xtopology nonstop_tsc aperfmperf eagerfpu pni pclmulqdq dtes64 monitor ds_cpl vmx smx est tm2 ssse3 fma cx16 xtpr pdcm pcid sse4_1 sse4_2 x2apic movbe popcnt tsc_deadline_timer aes xsave avx f16c rdrand lahf_lm abm ida arat epb pln pts dtherm tpr_shadow vnmi flexpriority ept vpid fsgsbase tsc_adjust bmi1 avx2 smep bmi2 erms invpcid xsaveopt
bugs		:
bogomips	: 6584.50
clflush size	: 64
cache_alignment	: 64
address sizes	: 39 bits physical, 48 bits virtual
power management:

processor	: 1
vendor_id	: GenuineIntel
cpu family	: 6
model		: 60
model name	: Intel(R) Core(TM) i5-4590 CPU @ 3.30GHz
stepping	: 3
microcode	: 0x1d
cpu MHz		: 3499.933
cache size	: 6144 KB
physical id	: 0
siblings	: 4
core id		: 1
cpu cores	: 4
apicid		: 2
initial apicid	: 2
fpu		: yes
fpu_exception	: yes
cpuid level	: 13
wp		: yes
flags		: fpu vme de pse tsc msr pae mce cx8 apic sep mtrr pge mca cmov pat pse36 clflush dts acpi mmx fxsr sse sse2 ss ht tm pbe syscall nx pdpe1gb rdtscp lm constant_tsc arch_perfmon pebs bts rep_good nopl xtopology nonstop_tsc aperfmperf eagerfpu pni pclmulqdq dtes64 monitor ds_cpl vmx smx est tm2 ssse3 fma cx16 xtpr pdcm pcid sse4_1 sse4_2 x2apic movbe popcnt tsc_deadline_timer aes xsave avx f16c rdrand lahf_lm abm ida arat epb pln pts dtherm tpr_shadow vnmi flexpriority ept vpid fsgsbase tsc_adjust bmi1 avx2 smep bmi2 erms invpcid xsaveopt
bugs		:
bogomips	: 6584.50
clflush size	: 64
cache_alignment	: 64
address sizes	: 39 bits physical, 48 bits virtual
power management:

processor	: 2
vendor_id	: GenuineIntel
cpu family	: 6
model		: 60
model name	: Intel(R) Core(TM) i5-4590 CPU @ 3.30GHz
stepping	: 3
microcode	: 0x1d
cpu MHz		: 3499.933
cache size	: 6144 KB
physical id	: 0
siblings	: 4
core id		: 2
cpu cores	: 4
apicid		: 4
initial apicid	: 4
fpu		: yes
fpu_exception	: yes
cpuid level	: 13
wp		: yes
flags		: fpu vme de pse tsc msr pae mce cx8 apic sep mtrr pge mca cmov pat pse36 clflush dts acpi mmx fxsr sse sse2 ss ht tm pbe syscall nx pdpe1gb rdtscp lm constant_tsc arch_perfmon pebs bts rep_good nopl xtopology nonstop_tsc aperfmperf eagerfpu pni pclmulqdq dtes64 monitor ds_cpl vmx smx est tm2 ssse3 fma cx16 xtpr pdcm pcid sse4_1 sse4_2 x2apic movbe popcnt tsc_deadline_timer aes xsave avx f16c rdrand lahf_lm abm ida arat epb pln pts dtherm tpr_shadow vnmi flexpriority ept vpid fsgsbase tsc_adjust bmi1 avx2 smep bmi2 erms invpcid xsaveopt
bugs		:
bogomips	: 6584.50
clflush size	: 64
cache_alignment	: 64
address sizes	: 39 bits physical, 48 bits virtual
power management:

processor	: 3
vendor_id	: GenuineIntel
cpu family	: 6
model		: 60
model name	: Intel(R) Core(TM) i5-4590 CPU @ 3.30GHz
stepping	: 3
microcode	: 0x1d
cpu MHz		: 3499.933
cache size	: 6144 KB
physical id	: 0
siblings	: 4
core id		: 3
cpu cores	: 4
apicid		: 6
initial apicid	: 6
fpu		: yes
fpu_exception	: yes
cpuid level	: 13
wp		: yes
flags		: fpu vme de pse tsc msr pae mce cx8 apic sep mtrr pge mca cmov pat pse36 clflush dts acpi mmx fxsr sse sse2 ss ht tm pbe syscall nx pdpe1gb rdtscp lm constant_tsc arch_perfmon pebs bts rep_good nopl xtopology nonstop_tsc aperfmperf eagerfpu pni pclmulqdq dtes64 monitor ds_cpl vmx smx est tm2 ssse3 fma cx16 xtpr pdcm pcid sse4_1 sse4_2 x2apic movbe popcnt tsc_deadline_timer aes xsave avx f16c rdrand lahf_lm abm ida arat epb pln pts dtherm tpr_shadow vnmi flexpriority ept vpid fsgsbase tsc_adjust bmi1 avx2 smep bmi2 erms invpcid xsaveopt
bugs		:
bogomips	: 6584.50
clflush size	: 64
cache_alignment	: 64
address sizes	: 39 bits physical, 48 bits virtual
power management:



Memory: 4k page, physical 8121832k(119720k free), swap 0k(0k free)

vm_info: OpenJDK 64-Bit Server VM (24.95-b01) for linux-amd64 JRE (1.7.0_95-b00), built on Jan 21 2016 03:41:02 by "buildd" with gcc 4.9.2

time: Tue Sep  6 07:32:54 2016
elapsed time: 225 seconds

