#
# There is insufficient memory for the Java Runtime Environment to continue.
# Native memory allocation (malloc) failed to allocate 232259584 bytes for committing reserved memory.
# Possible reasons:
#   The system is out of physical RAM or swap space
#   In 32 bit mode, the process size limit was hit
# Possible solutions:
#   Reduce memory load on the system
#   Increase physical memory or swap space
#   Check if swap backing store is full
#   Use 64 bit Java on a 64 bit OS
#   Decrease Java heap size (-Xmx/-Xms)
#   Decrease number of Java threads
#   Decrease Java thread stack sizes (-Xss)
#   Set larger code cache with -XX:ReservedCodeCacheSize=
# This output file may be truncated or incomplete.
#
#  Out of Memory Error (os_linux.cpp:2827), pid=11158, tid=140188940498688
#
# JRE version: OpenJDK Runtime Environment (7.0_95) (build 1.7.0_95-b00)
# Java VM: OpenJDK 64-Bit Server VM (24.95-b01 mixed mode linux-amd64 compressed oops)
# Derivative: IcedTea 2.6.4
# Distribution: Ubuntu 15.04, package 7u95-2.6.4-0ubuntu0.15.04.1
# Failed to write core dump. Core dumps have been disabled. To enable core dumping, try "ulimit -c unlimited" before starting Java again
#

---------------  T H R E A D  ---------------

Current thread (0x00007f805013d000):  VMThread [stack: 0x00007f8047eff000,0x00007f8048000000] [id=11170]

Stack: [0x00007f8047eff000,0x00007f8048000000],  sp=0x00007f8047ffe4e0,  free space=1021k
Native frames: (J=compiled Java code, j=interpreted, Vv=VM code, C=native code)
V  [libjvm.so+0x991aa6]
V  [libjvm.so+0x4934c2]
V  [libjvm.so+0x80371b]
V  [libjvm.so+0x7fddfe]
V  [libjvm.so+0x871c0b]
V  [libjvm.so+0x872ac3]
V  [libjvm.so+0x8731db]
V  [libjvm.so+0x86eb41]
V  [libjvm.so+0x86f3b8]
V  [libjvm.so+0x826a73]
V  [libjvm.so+0x993372]
V  [libjvm.so+0x9977f7]
V  [libjvm.so+0x995f6b]
V  [libjvm.so+0x996616]
V  [libjvm.so+0x996ae1]
V  [libjvm.so+0x800642]

VM_Operation (0x00007f805872f580): ParallelGCFailedAllocation, mode: safepoint, requested by thread 0x00007f805000a000


---------------  P R O C E S S  ---------------

Java Threads: ( => current thread )
  0x00007f8050176000 JavaThread "Service Thread" daemon [_thread_blocked, id=11183, stack(0x00007f804748c000,0x00007f804758d000)]
  0x00007f8050173800 JavaThread "C2 CompilerThread1" daemon [_thread_blocked, id=11182, stack(0x00007f804758d000,0x00007f804768e000)]
  0x00007f8050170800 JavaThread "C2 CompilerThread0" daemon [_thread_blocked, id=11181, stack(0x00007f804768e000,0x00007f804778f000)]
  0x00007f805016e800 JavaThread "Signal Dispatcher" daemon [_thread_blocked, id=11179, stack(0x00007f804778f000,0x00007f8047890000)]
  0x00007f8050143800 JavaThread "Finalizer" daemon [_thread_blocked, id=11175, stack(0x00007f8047cfd000,0x00007f8047dfe000)]
  0x00007f8050141000 JavaThread "Reference Handler" daemon [_thread_blocked, id=11174, stack(0x00007f8047dfe000,0x00007f8047eff000)]
  0x00007f805000a000 JavaThread "main" [_thread_blocked, id=11160, stack(0x00007f8058630000,0x00007f8058731000)]

Other Threads:
=>0x00007f805013d000 VMThread [stack: 0x00007f8047eff000,0x00007f8048000000] [id=11170]
  0x00007f8050180800 WatcherThread [stack: 0x00007f804738b000,0x00007f804748c000] [id=11184]

VM state:at safepoint (normal execution)

VM Mutex/Monitor currently owned by a thread:  ([mutex/lock_event])
[0x00007f8050006430] Threads_lock - owner thread: 0x00007f805013d000
[0x00007f8050006930] Heap_lock - owner thread: 0x00007f805000a000

Heap
 PSYoungGen      total 428032K, used 64K [0x00000007d6a80000, 0x00000007f2280000, 0x0000000800000000)
  eden space 406528K, 0% used [0x00000007d6a80000,0x00000007d6a80000,0x00000007ef780000)
  from space 21504K, 0% used [0x00000007ef780000,0x00000007ef790000,0x00000007f0c80000)
  to   space 20480K, 0% used [0x00000007f0c80000,0x00000007f0c80000,0x00000007f2080000)
 ParOldGen       total 84480K, used 40438K [0x0000000784000000, 0x0000000789280000, 0x00000007d6a80000)
  object space 84480K, 47% used [0x0000000784000000,0x000000078677da00,0x0000000789280000)
 PSPermGen       total 21504K, used 7656K [0x0000000779a00000, 0x000000077af00000, 0x0000000784000000)
  object space 21504K, 35% used [0x0000000779a00000,0x000000077a17a0a8,0x000000077af00000)

Card table byte_map: [0x00007f8054dde000,0x00007f8055212000] byte_map_base: 0x00007f8051211000

Polling page: 0x00007f8058751000

Code Cache  [0x00007f804d000000, 0x00007f804d270000, 0x00007f8050000000)
 total_blobs=607 nmethods=352 adapters=208 free_code_cache=47787Kb largest_free_block=48902784

Compilation events (10 events):
Event: 9.919 Thread 0x00007f8050170800  366             com.github.stigmata.birthmarks.comparators.PlainBirthmarkComparator::compare (119 bytes)
Event: 9.928 Thread 0x00007f8050173800  367             com.github.stigmata.birthmarks.cvfv.TypeAndValueBirthmarkElement::equals (70 bytes)
Event: 9.933 Thread 0x00007f8050173800 nmethod 367 0x00007f804d0ca350 code [0x00007f804d0ca4c0, 0x00007f804d0ca818]
Event: 9.933 Thread 0x00007f8050170800 nmethod 366 0x00007f804d0c4090 code [0x00007f804d0c42c0, 0x00007f804d0c5418]
Event: 10.721 Thread 0x00007f8050170800  368             com.github.stigmata.birthmarks.comparators.PlainBirthmarkComparator::compare (119 bytes)
Event: 10.730 Thread 0x00007f8050173800  369             com.github.stigmata.birthmarks.cvfv.TypeAndValueBirthmarkElement::equals (70 bytes)
Event: 10.731 Thread 0x00007f8050173800 nmethod 369 0x00007f804d0c9d50 code [0x00007f804d0c9ec0, 0x00007f804d0ca218]
Event: 10.739 Thread 0x00007f8050170800 nmethod 368 0x00007f804d15b190 code [0x00007f804d15b3c0, 0x00007f804d15c518]
Event: 29.221 Thread 0x00007f8050170800  371             com.github.stigmata.birthmarks.cvfv.TypeAndValueBirthmarkElement::equals (70 bytes)
Event: 29.221 Thread 0x00007f8050173800  370             com.github.stigmata.birthmarks.comparators.PlainBirthmarkComparator::compare (119 bytes)

GC Heap History (10 events):
Event: 7.146 GC heap after
Heap after GC invocations=6 (full 0):
 PSYoungGen      total 140800K, used 11995K [0x00000007d6a80000, 0x00000007e0580000, 0x0000000800000000)
  eden space 127488K, 0% used [0x00000007d6a80000,0x00000007d6a80000,0x00000007de700000)
  from space 13312K, 90% used [0x00000007df580000,0x00000007e0136ca8,0x00000007e0280000)
  to   space 14848K, 0% used [0x00000007de700000,0x00000007de700000,0x00000007df580000)
 ParOldGen       total 84480K, used 17039K [0x0000000784000000, 0x0000000789280000, 0x00000007d6a80000)
  object space 84480K, 20% used [0x0000000784000000,0x00000007850a3d78,0x0000000789280000)
 PSPermGen       total 21504K, used 7599K [0x0000000779a00000, 0x000000077af00000, 0x0000000784000000)
  object space 21504K, 35% used [0x0000000779a00000,0x000000077a16bc00,0x000000077af00000)
}
Event: 7.523 GC heap before
{Heap before GC invocations=7 (full 0):
 PSYoungGen      total 140800K, used 139483K [0x00000007d6a80000, 0x00000007e0580000, 0x0000000800000000)
  eden space 127488K, 100% used [0x00000007d6a80000,0x00000007de700000,0x00000007de700000)
  from space 13312K, 90% used [0x00000007df580000,0x00000007e0136ca8,0x00000007e0280000)
  to   space 14848K, 0% used [0x00000007de700000,0x00000007de700000,0x00000007df580000)
 ParOldGen       total 84480K, used 17039K [0x0000000784000000, 0x0000000789280000, 0x00000007d6a80000)
  object space 84480K, 20% used [0x0000000784000000,0x00000007850a3d78,0x0000000789280000)
 PSPermGen       total 21504K, used 7621K [0x0000000779a00000, 0x000000077af00000, 0x0000000784000000)
  object space 21504K, 35% used [0x0000000779a00000,0x000000077a1715c0,0x000000077af00000)
Event: 7.536 GC heap after
Heap after GC invocations=7 (full 0):
 PSYoungGen      total 142336K, used 14836K [0x00000007d6a80000, 0x00000007e8c80000, 0x0000000800000000)
  eden space 127488K, 0% used [0x00000007d6a80000,0x00000007d6a80000,0x00000007de700000)
  from space 14848K, 99% used [0x00000007de700000,0x00000007df57d008,0x00000007df580000)
  to   space 20992K, 0% used [0x00000007e7800000,0x00000007e7800000,0x00000007e8c80000)
 ParOldGen       total 84480K, used 25081K [0x0000000784000000, 0x0000000789280000, 0x00000007d6a80000)
  object space 84480K, 29% used [0x0000000784000000,0x000000078587e6d8,0x0000000789280000)
 PSPermGen       total 21504K, used 7621K [0x0000000779a00000, 0x000000077af00000, 0x0000000784000000)
  object space 21504K, 35% used [0x0000000779a00000,0x000000077a1715c0,0x000000077af00000)
}
Event: 9.259 GC heap before
{Heap before GC invocations=8 (full 0):
 PSYoungGen      total 142336K, used 142324K [0x00000007d6a80000, 0x00000007e8c80000, 0x0000000800000000)
  eden space 127488K, 100% used [0x00000007d6a80000,0x00000007de700000,0x00000007de700000)
  from space 14848K, 99% used [0x00000007de700000,0x00000007df57d008,0x00000007df580000)
  to   space 20992K, 0% used [0x00000007e7800000,0x00000007e7800000,0x00000007e8c80000)
 ParOldGen       total 84480K, used 25081K [0x0000000784000000, 0x0000000789280000, 0x00000007d6a80000)
  object space 84480K, 29% used [0x0000000784000000,0x000000078587e6d8,0x0000000789280000)
 PSPermGen       total 21504K, used 7654K [0x0000000779a00000, 0x000000077af00000, 0x0000000784000000)
  object space 21504K, 35% used [0x0000000779a00000,0x000000077a1799b8,0x000000077af00000)
Event: 9.268 GC heap after
Heap after GC invocations=8 (full 0):
 PSYoungGen      total 275456K, used 14833K [0x00000007d6a80000, 0x00000007e8d80000, 0x0000000800000000)
  eden space 254464K, 0% used [0x00000007d6a80000,0x00000007d6a80000,0x00000007e6300000)
  from space 20992K, 70% used [0x00000007e7800000,0x00000007e867c618,0x00000007e8c80000)
  to   space 21504K, 0% used [0x00000007e6300000,0x00000007e6300000,0x00000007e7800000)
 ParOldGen       total 84480K, used 28010K [0x0000000784000000, 0x0000000789280000, 0x00000007d6a80000)
  object space 84480K, 33% used [0x0000000784000000,0x0000000785b5aaf8,0x0000000789280000)
 PSPermGen       total 21504K, used 7654K [0x0000000779a00000, 0x000000077af00000, 0x0000000784000000)
  object space 21504K, 35% used [0x0000000779a00000,0x000000077a1799b8,0x000000077af00000)
}
Event: 13.560 GC heap before
{Heap before GC invocations=9 (full 0):
 PSYoungGen      total 275456K, used 269297K [0x00000007d6a80000, 0x00000007e8d80000, 0x0000000800000000)
  eden space 254464K, 100% used [0x00000007d6a80000,0x00000007e6300000,0x00000007e6300000)
  from space 20992K, 70% used [0x00000007e7800000,0x00000007e867c618,0x00000007e8c80000)
  to   space 21504K, 0% used [0x00000007e6300000,0x00000007e6300000,0x00000007e7800000)
 ParOldGen       total 84480K, used 28010K [0x0000000784000000, 0x0000000789280000, 0x00000007d6a80000)
  object space 84480K, 33% used [0x0000000784000000,0x0000000785b5aaf8,0x0000000789280000)
 PSPermGen       total 21504K, used 7655K [0x0000000779a00000, 0x000000077af00000, 0x0000000784000000)
  object space 21504K, 35% used [0x0000000779a00000,0x000000077a179ef0,0x000000077af00000)
Event: 13.726 GC heap after
Heap after GC invocations=9 (full 0):
 PSYoungGen      total 275968K, used 11193K [0x00000007d6a80000, 0x00000007f2080000, 0x0000000800000000)
  eden space 254464K, 0% used [0x00000007d6a80000,0x00000007d6a80000,0x00000007e6300000)
  from space 21504K, 52% used [0x00000007e6300000,0x00000007e6dee7f8,0x00000007e7800000)
  to   space 20480K, 0% used [0x00000007f0c80000,0x00000007f0c80000,0x00000007f2080000)
 ParOldGen       total 84480K, used 31305K [0x0000000784000000, 0x0000000789280000, 0x00000007d6a80000)
  object space 84480K, 37% used [0x0000000784000000,0x0000000785e927f0,0x0000000789280000)
 PSPermGen       total 21504K, used 7655K [0x0000000779a00000, 0x000000077af00000, 0x0000000784000000)
  object space 21504K, 35% used [0x0000000779a00000,0x000000077a179ef0,0x000000077af00000)
}
Event: 17.706 GC heap before
{Heap before GC invocations=10 (full 0):
 PSYoungGen      total 275968K, used 265657K [0x00000007d6a80000, 0x00000007f2080000, 0x0000000800000000)
  eden space 254464K, 100% used [0x00000007d6a80000,0x00000007e6300000,0x00000007e6300000)
  from space 21504K, 52% used [0x00000007e6300000,0x00000007e6dee7f8,0x00000007e7800000)
  to   space 20480K, 0% used [0x00000007f0c80000,0x00000007f0c80000,0x00000007f2080000)
 ParOldGen       total 84480K, used 31305K [0x0000000784000000, 0x0000000789280000, 0x00000007d6a80000)
  object space 84480K, 37% used [0x0000000784000000,0x0000000785e927f0,0x0000000789280000)
 PSPermGen       total 21504K, used 7655K [0x0000000779a00000, 0x000000077af00000, 0x0000000784000000)
  object space 21504K, 35% used [0x0000000779a00000,0x000000077a179ef0,0x000000077af00000)
Event: 17.719 GC heap after
Heap after GC invocations=10 (full 0):
 PSYoungGen      total 427008K, used 64K [0x00000007d6a80000, 0x00000007f2280000, 0x0000000800000000)
  eden space 406528K, 0% used [0x00000007d6a80000,0x00000007d6a80000,0x00000007ef780000)
  from space 20480K, 0% used [0x00000007f0c80000,0x00000007f0c90000,0x00000007f2080000)
  to   space 21504K, 0% used [0x00000007ef780000,0x00000007ef780000,0x00000007f0c80000)
 ParOldGen       total 84480K, used 40422K [0x0000000784000000, 0x0000000789280000, 0x00000007d6a80000)
  object space 84480K, 47% used [0x0000000784000000,0x0000000786779a00,0x0000000789280000)
 PSPermGen       total 21504K, used 7655K [0x0000000779a00000, 0x000000077af00000, 0x0000000784000000)
  object space 21504K, 35% used [0x0000000779a00000,0x000000077a179ef0,0x000000077af00000)
}
Event: 29.227 GC heap before
{Heap before GC invocations=11 (full 0):
 PSYoungGen      total 427008K, used 406592K [0x00000007d6a80000, 0x00000007f2280000, 0x0000000800000000)
  eden space 406528K, 100% used [0x00000007d6a80000,0x00000007ef780000,0x00000007ef780000)
  from space 20480K, 0% used [0x00000007f0c80000,0x00000007f0c90000,0x00000007f2080000)
  to   space 21504K, 0% used [0x00000007ef780000,0x00000007ef780000,0x00000007f0c80000)
 ParOldGen       total 84480K, used 40422K [0x0000000784000000, 0x0000000789280000, 0x00000007d6a80000)
  object space 84480K, 47% used [0x0000000784000000,0x0000000786779a00,0x0000000789280000)
 PSPermGen       total 21504K, used 7656K [0x0000000779a00000, 0x000000077af00000, 0x0000000784000000)
  object space 21504K, 35% used [0x0000000779a00000,0x000000077a17a0a8,0x000000077af00000)

Deoptimization events (10 events):
Event: 10.711 Thread 0x00007f805000a000 Uncommon trap: reason=unstable_if action=reinterpret pc=0x00007f804d0c53c0 method=com.github.stigmata.birthmarks.cvfv.TypeAndValueBirthmarkElement.equals(Ljava/lang/Object;)Z @ 46
Event: 10.711 Thread 0x00007f805000a000 Uncommon trap: reason=unstable_if action=reinterpret pc=0x00007f804d0ca7ec method=com.github.stigmata.birthmarks.cvfv.TypeAndValueBirthmarkElement.equals(Ljava/lang/Object;)Z @ 46
Event: 13.726 Thread 0x00007f8050143800 Uncommon trap: reason=unstable_if action=reinterpret pc=0x00007f804d105188 method=java.lang.ref.Finalizer.remove()V @ 10
Event: 13.726 Thread 0x00007f8050143800 Uncommon trap: reason=unstable_if action=reinterpret pc=0x00007f804d1070dc method=java.lang.ref.Finalizer.remove()V @ 10
Event: 28.783 Thread 0x00007f805000a000 Uncommon trap: reason=bimorphic action=maybe_recompile pc=0x00007f804d15c3ac method=com.github.stigmata.birthmarks.cvfv.TypeAndValueBirthmarkElement.equals(Ljava/lang/Object;)Z @ 64
Event: 28.820 Thread 0x00007f805000a000 Uncommon trap: reason=bimorphic action=maybe_recompile pc=0x00007f804d15c3ac method=com.github.stigmata.birthmarks.cvfv.TypeAndValueBirthmarkElement.equals(Ljava/lang/Object;)Z @ 64
Event: 28.821 Thread 0x00007f805000a000 Uncommon trap: reason=bimorphic action=maybe_recompile pc=0x00007f804d15c3ac method=com.github.stigmata.birthmarks.cvfv.TypeAndValueBirthmarkElement.equals(Ljava/lang/Object;)Z @ 64
Event: 28.821 Thread 0x00007f805000a000 Uncommon trap: reason=bimorphic action=maybe_recompile pc=0x00007f804d15c3ac method=com.github.stigmata.birthmarks.cvfv.TypeAndValueBirthmarkElement.equals(Ljava/lang/Object;)Z @ 64
Event: 29.164 Thread 0x00007f805000a000 Uncommon trap: reason=bimorphic action=maybe_recompile pc=0x00007f804d0ca190 method=com.github.stigmata.birthmarks.cvfv.TypeAndValueBirthmarkElement.equals(Ljava/lang/Object;)Z @ 64
Event: 29.216 Thread 0x00007f805000a000 Uncommon trap: reason=bimorphic action=maybe_recompile pc=0x00007f804d0c911c method=com.github.stigmata.birthmarks.cvfv.TypeAndValueBirthmarkElement.equals(Ljava/lang/Object;)Z @ 64

Internal exceptions (10 events):
Event: 5.727 Thread 0x00007f805000a000 Threw 0x00000007d8264108 at /build/openjdk-7-3x2aMC/openjdk-7-7u95-2.6.4/build/openjdk/hotspot/src/share/vm/prims/jvm.cpp:1322
Event: 6.395 Thread 0x00007f805000a000 Implicit null exception at 0x00007f804d0c8fdb to 0x00007f804d0c9b09
Event: 7.607 Thread 0x00007f805000a000 Threw 0x00000007d8c163c8 at /build/openjdk-7-3x2aMC/openjdk-7-7u95-2.6.4/build/openjdk/hotspot/src/share/vm/prims/jvm.cpp:1322
Event: 7.607 Thread 0x00007f805000a000 Threw 0x00000007d8c1bf90 at /build/openjdk-7-3x2aMC/openjdk-7-7u95-2.6.4/build/openjdk/hotspot/src/share/vm/prims/jvm.cpp:1322
Event: 7.607 Thread 0x00007f805000a000 Threw 0x00000007d8c312b0 at /build/openjdk-7-3x2aMC/openjdk-7-7u95-2.6.4/build/openjdk/hotspot/src/share/vm/prims/jvm.cpp:1322
Event: 7.608 Thread 0x00007f805000a000 Threw 0x00000007d8c353b0 at /build/openjdk-7-3x2aMC/openjdk-7-7u95-2.6.4/build/openjdk/hotspot/src/share/vm/prims/jvm.cpp:1322
Event: 9.906 Thread 0x00007f805000a000 Implicit null exception at 0x00007f804d0c6415 to 0x00007f804d0c69a9
Event: 9.906 Thread 0x00007f805000a000 Implicit null exception at 0x00007f804d0cc630 to 0x00007f804d0cc7ea
Event: 10.711 Thread 0x00007f805000a000 Implicit null exception at 0x00007f804d0c4d61 to 0x00007f804d0c5391
Event: 10.711 Thread 0x00007f805000a000 Implicit null exception at 0x00007f804d0ca5fb to 0x00007f804d0ca7d9

Events (10 events):
Event: 28.821 Thread 0x00007f805000a000 Uncommon trap: trap_request=0xffffffc6 fr.pc=0x00007f804d15c3ac
Event: 28.821 Thread 0x00007f805000a000 DEOPT PACKING pc=0x00007f804d15c3ac sp=0x00007f805872f710
Event: 28.821 Thread 0x00007f805000a000 DEOPT UNPACKING pc=0x00007f804d039445 sp=0x00007f805872f638 mode 2
Event: 29.164 Thread 0x00007f805000a000 Uncommon trap: trap_request=0xffffffc6 fr.pc=0x00007f804d0ca190
Event: 29.164 Thread 0x00007f805000a000 DEOPT PACKING pc=0x00007f804d0ca190 sp=0x00007f805872f670
Event: 29.164 Thread 0x00007f805000a000 DEOPT UNPACKING pc=0x00007f804d039445 sp=0x00007f805872f628 mode 2
Event: 29.216 Thread 0x00007f805000a000 Uncommon trap: trap_request=0xffffffc6 fr.pc=0x00007f804d0c911c
Event: 29.216 Thread 0x00007f805000a000 DEOPT PACKING pc=0x00007f804d0c911c sp=0x00007f805872f710
Event: 29.216 Thread 0x00007f805000a000 DEOPT UNPACKING pc=0x00007f804d039445 sp=0x00007f805872f638 mode 2
Event: 29.227 Executing VM operation: ParallelGCFailedAllocation


Dynamic libraries:
00400000-00401000 r-xp 00000000 08:07 13641842                           /usr/lib/jvm/java-7-openjdk-amd64/jre/bin/java
00600000-00601000 r--p 00000000 08:07 13641842                           /usr/lib/jvm/java-7-openjdk-amd64/jre/bin/java
00601000-00602000 rw-p 00001000 08:07 13641842                           /usr/lib/jvm/java-7-openjdk-amd64/jre/bin/java
008c5000-008e6000 rw-p 00000000 00:00 0                                  [heap]
779a00000-77af00000 rw-p 00000000 00:00 0 
77af00000-784000000 rw-p 00000000 00:00 0 
784000000-789280000 rw-p 00000000 00:00 0 
789280000-7d6a80000 rw-p 00000000 00:00 0 
7d6a80000-7f2280000 rw-p 00000000 00:00 0 
7f7ffc000000-7f7fffffc000 rw-p 00000000 00:00 0 
7f7fffffc000-7f8000000000 ---p 00000000 00:00 0 
7f8000000000-7f8003f85000 rw-p 00000000 00:00 0 
7f8003f85000-7f8004000000 ---p 00000000 00:00 0 
7f8004000000-7f8007ff9000 rw-p 00000000 00:00 0 
7f8007ff9000-7f8008000000 ---p 00000000 00:00 0 
7f8008000000-7f800bffd000 rw-p 00000000 00:00 0 
7f800bffd000-7f800c000000 ---p 00000000 00:00 0 
7f800c000000-7f800c021000 rw-p 00000000 00:00 0 
7f800c021000-7f8010000000 ---p 00000000 00:00 0 
7f8010000000-7f8010021000 rw-p 00000000 00:00 0 
7f8010021000-7f8014000000 ---p 00000000 00:00 0 
7f8014000000-7f8015634000 rw-p 00000000 00:00 0 
7f8015634000-7f8018000000 ---p 00000000 00:00 0 
7f8018000000-7f8019293000 rw-p 00000000 00:00 0 
7f8019293000-7f801c000000 ---p 00000000 00:00 0 
7f801c000000-7f801c021000 rw-p 00000000 00:00 0 
7f801c021000-7f8020000000 ---p 00000000 00:00 0 
7f8020000000-7f8020021000 rw-p 00000000 00:00 0 
7f8020021000-7f8024000000 ---p 00000000 00:00 0 
7f8024000000-7f8024021000 rw-p 00000000 00:00 0 
7f8024021000-7f8028000000 ---p 00000000 00:00 0 
7f802bcd0000-7f8030000000 rw-p 00000000 00:00 0 
7f8030000000-7f8030021000 rw-p 00000000 00:00 0 
7f8030021000-7f8034000000 ---p 00000000 00:00 0 
7f8034000000-7f8034021000 rw-p 00000000 00:00 0 
7f8034021000-7f8038000000 ---p 00000000 00:00 0 
7f8038000000-7f8038021000 rw-p 00000000 00:00 0 
7f8038021000-7f803c000000 ---p 00000000 00:00 0 
7f8040000000-7f8040021000 rw-p 00000000 00:00 0 
7f8040021000-7f8044000000 ---p 00000000 00:00 0 
7f8045768000-7f804576f000 r--s 00000000 08:07 13902402                   /usr/lib/x86_64-linux-gnu/gconv/gconv-modules.cache
7f804576f000-7f8045783000 r--p 00000000 08:07 14421516                   /usr/share/locale-langpack/zh_CN/LC_MESSAGES/libc.mo
7f8045783000-7f8045825000 r--s 005b6000 08:07 5247320                    /home/hit_alan/zhoufandi/somefilebetweenlinuxandwindows/dex2jar-2.0/233ab40377d93d0710ae7d39a85fe36e3347db8eae95451c627f99e6db48dba5/clientdex2jar.jar
7f8045825000-7f8045875000 r--s 002d7000 08:07 5247319                    /home/hit_alan/zhoufandi/somefilebetweenlinuxandwindows/dex2jar-2.0/233ab40377d93d0710ae7d39a85fe36e3347db8eae95451c627f99e6db48dba5/channeldex2jar.jar
7f8045875000-7f80458c5000 r--s 002d7000 08:07 5247319                    /home/hit_alan/zhoufandi/somefilebetweenlinuxandwindows/dex2jar-2.0/233ab40377d93d0710ae7d39a85fe36e3347db8eae95451c627f99e6db48dba5/channeldex2jar.jar
7f80458c5000-7f8045bc6000 rw-p 00000000 00:00 0 
7f8045bc6000-7f8045c32000 r-xp 00000000 08:07 16257056                   /lib/x86_64-linux-gnu/libpcre.so.3.13.1
7f8045c32000-7f8045e31000 ---p 0006c000 08:07 16257056                   /lib/x86_64-linux-gnu/libpcre.so.3.13.1
7f8045e31000-7f8045e32000 r--p 0006b000 08:07 16257056                   /lib/x86_64-linux-gnu/libpcre.so.3.13.1
7f8045e32000-7f8045e33000 rw-p 0006c000 08:07 16257056                   /lib/x86_64-linux-gnu/libpcre.so.3.13.1
7f8045e33000-7f8045e3a000 r-xp 00000000 08:07 13631618                   /usr/lib/x86_64-linux-gnu/libffi.so.6.0.4
7f8045e3a000-7f8046039000 ---p 00007000 08:07 13631618                   /usr/lib/x86_64-linux-gnu/libffi.so.6.0.4
7f8046039000-7f804603a000 r--p 00006000 08:07 13631618                   /usr/lib/x86_64-linux-gnu/libffi.so.6.0.4
7f804603a000-7f804603b000 rw-p 00007000 08:07 13631618                   /usr/lib/x86_64-linux-gnu/libffi.so.6.0.4
7f804603b000-7f8046052000 r-xp 00000000 08:07 16253007                   /lib/x86_64-linux-gnu/libresolv-2.21.so
7f8046052000-7f8046252000 ---p 00017000 08:07 16253007                   /lib/x86_64-linux-gnu/libresolv-2.21.so
7f8046252000-7f8046254000 r--p 00017000 08:07 16253007                   /lib/x86_64-linux-gnu/libresolv-2.21.so
7f8046254000-7f8046255000 rw-p 00019000 08:07 16253007                   /lib/x86_64-linux-gnu/libresolv-2.21.so
7f8046255000-7f8046257000 rw-p 00000000 00:00 0 
7f8046257000-7f8046278000 r-xp 00000000 08:07 16257131                   /lib/x86_64-linux-gnu/libselinux.so.1
7f8046278000-7f8046477000 ---p 00021000 08:07 16257131                   /lib/x86_64-linux-gnu/libselinux.so.1
7f8046477000-7f8046478000 r--p 00020000 08:07 16257131                   /lib/x86_64-linux-gnu/libselinux.so.1
7f8046478000-7f8046479000 rw-p 00021000 08:07 16257131                   /lib/x86_64-linux-gnu/libselinux.so.1
7f8046479000-7f804647b000 rw-p 00000000 00:00 0 
7f804647b000-7f804647e000 r-xp 00000000 08:07 13631893                   /usr/lib/x86_64-linux-gnu/libgmodule-2.0.so.0.4400.1
7f804647e000-7f804667d000 ---p 00003000 08:07 13631893                   /usr/lib/x86_64-linux-gnu/libgmodule-2.0.so.0.4400.1
7f804667d000-7f804667e000 r--p 00002000 08:07 13631893                   /usr/lib/x86_64-linux-gnu/libgmodule-2.0.so.0.4400.1
7f804667e000-7f804667f000 rw-p 00003000 08:07 13631893                   /usr/lib/x86_64-linux-gnu/libgmodule-2.0.so.0.4400.1
7f804667f000-7f804678c000 r-xp 00000000 08:07 16257102                   /lib/x86_64-linux-gnu/libglib-2.0.so.0.4400.1
7f804678c000-7f804698b000 ---p 0010d000 08:07 16257102                   /lib/x86_64-linux-gnu/libglib-2.0.so.0.4400.1
7f804698b000-7f804698c000 r--p 0010c000 08:07 16257102                   /lib/x86_64-linux-gnu/libglib-2.0.so.0.4400.1
7f804698c000-7f804698d000 rw-p 0010d000 08:07 16257102                   /lib/x86_64-linux-gnu/libglib-2.0.so.0.4400.1
7f804698d000-7f804698e000 rw-p 00000000 00:00 0 
7f804698e000-7f80469de000 r-xp 00000000 08:07 13631853                   /usr/lib/x86_64-linux-gnu/libgobject-2.0.so.0.4400.1
7f80469de000-7f8046bde000 ---p 00050000 08:07 13631853                   /usr/lib/x86_64-linux-gnu/libgobject-2.0.so.0.4400.1
7f8046bde000-7f8046bdf000 r--p 00050000 08:07 13631853                   /usr/lib/x86_64-linux-gnu/libgobject-2.0.so.0.4400.1
7f8046bdf000-7f8046be0000 rw-p 00051000 08:07 13631853                   /usr/lib/x86_64-linux-gnu/libgobject-2.0.so.0.4400.1
7f8046be0000-7f8046d58000 r-xp 00000000 08:07 13631875                   /usr/lib/x86_64-linux-gnu/libgio-2.0.so.0.4400.1
7f8046d58000-7f8046f58000 ---p 00178000 08:07 13631875                   /usr/lib/x86_64-linux-gnu/libgio-2.0.so.0.4400.1
7f8046f58000-7f8046f5c000 r--p 00178000 08:07 13631875                   /usr/lib/x86_64-linux-gnu/libgio-2.0.so.0.4400.1
7f8046f5c000-7f8046f5e000 rw-p 0017c000 08:07 13631875                   /usr/lib/x86_64-linux-gnu/libgio-2.0.so.0.4400.1
7f8046f5e000-7f8046f60000 rw-p 00000000 00:00 0 
7f8046f60000-7f8046f78000 r-xp 00000000 08:07 13642175                   /usr/lib/jvm/java-7-openjdk-amd64/jre/lib/amd64/libnet.so
7f8046f78000-7f8047177000 ---p 00018000 08:07 13642175                   /usr/lib/jvm/java-7-openjdk-amd64/jre/lib/amd64/libnet.so
7f8047177000-7f8047178000 r--p 00017000 08:07 13642175                   /usr/lib/jvm/java-7-openjdk-amd64/jre/lib/amd64/libnet.so
7f8047178000-7f8047179000 rw-p 00018000 08:07 13642175                   /usr/lib/jvm/java-7-openjdk-amd64/jre/lib/amd64/libnet.so
7f8047179000-7f804718a000 r-xp 00000000 08:07 13642136                   /usr/lib/jvm/java-7-openjdk-amd64/jre/lib/amd64/libnio.so
7f804718a000-7f8047389000 ---p 00011000 08:07 13642136                   /usr/lib/jvm/java-7-openjdk-amd64/jre/lib/amd64/libnio.so
7f8047389000-7f804738a000 r--p 00010000 08:07 13642136                   /usr/lib/jvm/java-7-openjdk-amd64/jre/lib/amd64/libnio.so
7f804738a000-7f804738b000 rw-p 00011000 08:07 13642136                   /usr/lib/jvm/java-7-openjdk-amd64/jre/lib/amd64/libnio.so
7f804738b000-7f804738c000 ---p 00000000 00:00 0 
7f804738c000-7f804748c000 rw-p 00000000 00:00 0 
7f804748c000-7f804748f000 ---p 00000000 00:00 0 
7f804748f000-7f804758d000 rw-p 00000000 00:00 0 
7f804758d000-7f8047590000 ---p 00000000 00:00 0 
7f8047590000-7f804768e000 rw-p 00000000 00:00 0 
7f804768e000-7f8047691000 ---p 00000000 00:00 0 
7f8047691000-7f804778f000 rw-p 00000000 00:00 0 
7f804778f000-7f8047792000 ---p 00000000 00:00 0 
7f8047792000-7f8047890000 rw-p 00000000 00:00 0 
7f8047890000-7f8047cfd000 r--p 00000000 08:07 13634881                   /usr/lib/locale/locale-archive
7f8047cfd000-7f8047d00000 ---p 00000000 00:00 0 
7f8047d00000-7f8047dfe000 rw-p 00000000 00:00 0 
7f8047dfe000-7f8047e01000 ---p 00000000 00:00 0 
7f8047e01000-7f8047eff000 rw-p 00000000 00:00 0 
7f8047eff000-7f8047f00000 ---p 00000000 00:00 0 
7f8047f00000-7f8048000000 rw-p 00000000 00:00 0 
7f8048000000-7f8048021000 rw-p 00000000 00:00 0 
7f8048021000-7f804c000000 ---p 00000000 00:00 0 
7f804c006000-7f804c0a8000 r--s 005b6000 08:07 5247320                    /home/hit_alan/zhoufandi/somefilebetweenlinuxandwindows/dex2jar-2.0/233ab40377d93d0710ae7d39a85fe36e3347db8eae95451c627f99e6db48dba5/clientdex2jar.jar
7f804c0a8000-7f804d000000 rw-p 00000000 00:00 0 
7f804d000000-7f804d270000 rwxp 00000000 00:00 0 
7f804d270000-7f8053ffb000 rw-p 00000000 00:00 0 
7f8053ffb000-7f8054000000 ---p 00000000 00:00 0 
7f8054002000-7f805400c000 r--s 000ae000 08:07 13642193                   /usr/lib/jvm/java-7-openjdk-amd64/jre/lib/resources.jar
7f805400c000-7f8054011000 r--s 00036000 08:07 7081023                    /home/hit_alan/zhoufandi/somefilebetweenlinuxandwindows/target/asm-all-5.0.3.jar
7f8054011000-7f80541c3000 r--s 01d2f000 08:07 13642124                   /usr/lib/jvm/java-7-openjdk-amd64/jre/lib/rt.jar
7f80541c3000-7f80546f1000 rw-p 00000000 00:00 0 
7f80546f1000-7f80546f2000 ---p 00000000 00:00 0 
7f80546f2000-7f80547f2000 rw-p 00000000 00:00 0 
7f80547f2000-7f80547f3000 ---p 00000000 00:00 0 
7f80547f3000-7f80548f3000 rw-p 00000000 00:00 0 
7f80548f3000-7f80548f4000 ---p 00000000 00:00 0 
7f80548f4000-7f80549f4000 rw-p 00000000 00:00 0 
7f80549f4000-7f80549f5000 ---p 00000000 00:00 0 
7f80549f5000-7f8054b00000 rw-p 00000000 00:00 0 
7f8054b00000-7f8054b48000 rw-p 00000000 00:00 0 
7f8054b48000-7f8054b72000 rw-p 00000000 00:00 0 
7f8054b72000-7f8054dde000 rw-p 00000000 00:00 0 
7f8054dde000-7f8054de9000 rw-p 00000000 00:00 0 
7f8054de9000-7f8054e31000 rw-p 00000000 00:00 0 
7f8054e31000-7f8054e5b000 rw-p 00000000 00:00 0 
7f8054e5b000-7f80550c6000 rw-p 00000000 00:00 0 
7f80550c6000-7f80551a3000 rw-p 00000000 00:00 0 
7f80551a3000-7f8055211000 rw-p 00000000 00:00 0 
7f8055211000-7f8055212000 rw-p 00000000 00:00 0 
7f8055212000-7f805521a000 r-xp 00000000 08:07 13642144                   /usr/lib/jvm/java-7-openjdk-amd64/jre/lib/amd64/libzip.so
7f805521a000-7f8055419000 ---p 00008000 08:07 13642144                   /usr/lib/jvm/java-7-openjdk-amd64/jre/lib/amd64/libzip.so
7f8055419000-7f805541a000 r--p 00007000 08:07 13642144                   /usr/lib/jvm/java-7-openjdk-amd64/jre/lib/amd64/libzip.so
7f805541a000-7f805541b000 rw-p 00008000 08:07 13642144                   /usr/lib/jvm/java-7-openjdk-amd64/jre/lib/amd64/libzip.so
7f805541b000-7f8055427000 r-xp 00000000 08:07 16253008                   /lib/x86_64-linux-gnu/libnss_files-2.21.so
7f8055427000-7f8055626000 ---p 0000c000 08:07 16253008                   /lib/x86_64-linux-gnu/libnss_files-2.21.so
7f8055626000-7f8055627000 r--p 0000b000 08:07 16253008                   /lib/x86_64-linux-gnu/libnss_files-2.21.so
7f8055627000-7f8055628000 rw-p 0000c000 08:07 16253008                   /lib/x86_64-linux-gnu/libnss_files-2.21.so
7f8055628000-7f8055633000 r-xp 00000000 08:07 16252996                   /lib/x86_64-linux-gnu/libnss_nis-2.21.so
7f8055633000-7f8055832000 ---p 0000b000 08:07 16252996                   /lib/x86_64-linux-gnu/libnss_nis-2.21.so
7f8055832000-7f8055833000 r--p 0000a000 08:07 16252996                   /lib/x86_64-linux-gnu/libnss_nis-2.21.so
7f8055833000-7f8055834000 rw-p 0000b000 08:07 16252996                   /lib/x86_64-linux-gnu/libnss_nis-2.21.so
7f8055834000-7f805584b000 r-xp 00000000 08:07 16257004                   /lib/x86_64-linux-gnu/libnsl-2.21.so
7f805584b000-7f8055a4a000 ---p 00017000 08:07 16257004                   /lib/x86_64-linux-gnu/libnsl-2.21.so
7f8055a4a000-7f8055a4b000 r--p 00016000 08:07 16257004                   /lib/x86_64-linux-gnu/libnsl-2.21.so
7f8055a4b000-7f8055a4c000 rw-p 00017000 08:07 16257004                   /lib/x86_64-linux-gnu/libnsl-2.21.so
7f8055a4c000-7f8055a4e000 rw-p 00000000 00:00 0 
7f8055a4e000-7f8055a56000 r-xp 00000000 08:07 16253010                   /lib/x86_64-linux-gnu/libnss_compat-2.21.so
7f8055a56000-7f8055c55000 ---p 00008000 08:07 16253010                   /lib/x86_64-linux-gnu/libnss_compat-2.21.so
7f8055c55000-7f8055c56000 r--p 00007000 08:07 16253010                   /lib/x86_64-linux-gnu/libnss_compat-2.21.so
7f8055c56000-7f8055c57000 rw-p 00008000 08:07 16253010                   /lib/x86_64-linux-gnu/libnss_compat-2.21.so
7f8055c57000-7f8055c84000 r-xp 00000000 08:07 13642157                   /usr/lib/jvm/java-7-openjdk-amd64/jre/lib/amd64/libjava.so
7f8055c84000-7f8055e83000 ---p 0002d000 08:07 13642157                   /usr/lib/jvm/java-7-openjdk-amd64/jre/lib/amd64/libjava.so
7f8055e83000-7f8055e84000 r--p 0002c000 08:07 13642157                   /usr/lib/jvm/java-7-openjdk-amd64/jre/lib/amd64/libjava.so
7f8055e84000-7f8055e86000 rw-p 0002d000 08:07 13642157                   /usr/lib/jvm/java-7-openjdk-amd64/jre/lib/amd64/libjava.so
7f8055e86000-7f8055e95000 r-xp 00000000 08:07 13642171                   /usr/lib/jvm/java-7-openjdk-amd64/jre/lib/amd64/libverify.so
7f8055e95000-7f8056094000 ---p 0000f000 08:07 13642171                   /usr/lib/jvm/java-7-openjdk-amd64/jre/lib/amd64/libverify.so
7f8056094000-7f8056097000 r--p 0000e000 08:07 13642171                   /usr/lib/jvm/java-7-openjdk-amd64/jre/lib/amd64/libverify.so
7f8056097000-7f8056098000 rw-p 00011000 08:07 13642171                   /usr/lib/jvm/java-7-openjdk-amd64/jre/lib/amd64/libverify.so
7f8056098000-7f805609f000 r-xp 00000000 08:07 16257005                   /lib/x86_64-linux-gnu/librt-2.21.so
7f805609f000-7f805629e000 ---p 00007000 08:07 16257005                   /lib/x86_64-linux-gnu/librt-2.21.so
7f805629e000-7f805629f000 r--p 00006000 08:07 16257005                   /lib/x86_64-linux-gnu/librt-2.21.so
7f805629f000-7f80562a0000 rw-p 00007000 08:07 16257005                   /lib/x86_64-linux-gnu/librt-2.21.so
7f80562a0000-7f80562b6000 r-xp 00000000 08:07 16257047                   /lib/x86_64-linux-gnu/libgcc_s.so.1
7f80562b6000-7f80564b5000 ---p 00016000 08:07 16257047                   /lib/x86_64-linux-gnu/libgcc_s.so.1
7f80564b5000-7f80564b6000 rw-p 00015000 08:07 16257047                   /lib/x86_64-linux-gnu/libgcc_s.so.1
7f80564b6000-7f80565bd000 r-xp 00000000 08:07 16257003                   /lib/x86_64-linux-gnu/libm-2.21.so
7f80565bd000-7f80567bc000 ---p 00107000 08:07 16257003                   /lib/x86_64-linux-gnu/libm-2.21.so
7f80567bc000-7f80567bd000 r--p 00106000 08:07 16257003                   /lib/x86_64-linux-gnu/libm-2.21.so
7f80567bd000-7f80567be000 rw-p 00107000 08:07 16257003                   /lib/x86_64-linux-gnu/libm-2.21.so
7f80567be000-7f80568ae000 r-xp 00000000 08:07 13631543                   /usr/lib/x86_64-linux-gnu/libstdc++.so.6.0.20
7f80568ae000-7f8056aae000 ---p 000f0000 08:07 13631543                   /usr/lib/x86_64-linux-gnu/libstdc++.so.6.0.20
7f8056aae000-7f8056ab6000 r--p 000f0000 08:07 13631543                   /usr/lib/x86_64-linux-gnu/libstdc++.so.6.0.20
7f8056ab6000-7f8056ab8000 rw-p 000f8000 08:07 13631543                   /usr/lib/x86_64-linux-gnu/libstdc++.so.6.0.20
7f8056ab8000-7f8056acd000 rw-p 00000000 00:00 0 
7f8056acd000-7f805762d000 r-xp 00000000 08:07 13642163                   /usr/lib/jvm/java-7-openjdk-amd64/jre/lib/amd64/server/libjvm.so
7f805762d000-7f805782d000 ---p 00b60000 08:07 13642163                   /usr/lib/jvm/java-7-openjdk-amd64/jre/lib/amd64/server/libjvm.so
7f805782d000-7f80578cc000 r--p 00b60000 08:07 13642163                   /usr/lib/jvm/java-7-openjdk-amd64/jre/lib/amd64/server/libjvm.so
7f80578cc000-7f80578ef000 rw-p 00bff000 08:07 13642163                   /usr/lib/jvm/java-7-openjdk-amd64/jre/lib/amd64/server/libjvm.so
7f80578ef000-7f805791c000 rw-p 00000000 00:00 0 
7f805791c000-7f8057935000 r-xp 00000000 08:07 16257026                   /lib/x86_64-linux-gnu/libz.so.1.2.8
7f8057935000-7f8057b35000 ---p 00019000 08:07 16257026                   /lib/x86_64-linux-gnu/libz.so.1.2.8
7f8057b35000-7f8057b36000 r--p 00019000 08:07 16257026                   /lib/x86_64-linux-gnu/libz.so.1.2.8
7f8057b36000-7f8057b37000 rw-p 0001a000 08:07 16257026                   /lib/x86_64-linux-gnu/libz.so.1.2.8
7f8057b37000-7f8057b4f000 r-xp 00000000 08:07 16253005                   /lib/x86_64-linux-gnu/libpthread-2.21.so
7f8057b4f000-7f8057d4f000 ---p 00018000 08:07 16253005                   /lib/x86_64-linux-gnu/libpthread-2.21.so
7f8057d4f000-7f8057d50000 r--p 00018000 08:07 16253005                   /lib/x86_64-linux-gnu/libpthread-2.21.so
7f8057d50000-7f8057d51000 rw-p 00019000 08:07 16253005                   /lib/x86_64-linux-gnu/libpthread-2.21.so
7f8057d51000-7f8057d55000 rw-p 00000000 00:00 0 
7f8057d55000-7f8057d58000 r-xp 00000000 08:07 16253001                   /lib/x86_64-linux-gnu/libdl-2.21.so
7f8057d58000-7f8057f57000 ---p 00003000 08:07 16253001                   /lib/x86_64-linux-gnu/libdl-2.21.so
7f8057f57000-7f8057f58000 r--p 00002000 08:07 16253001                   /lib/x86_64-linux-gnu/libdl-2.21.so
7f8057f58000-7f8057f59000 rw-p 00003000 08:07 16253001                   /lib/x86_64-linux-gnu/libdl-2.21.so
7f8057f59000-7f8058119000 r-xp 00000000 08:07 16257010                   /lib/x86_64-linux-gnu/libc-2.21.so
7f8058119000-7f8058319000 ---p 001c0000 08:07 16257010                   /lib/x86_64-linux-gnu/libc-2.21.so
7f8058319000-7f805831d000 r--p 001c0000 08:07 16257010                   /lib/x86_64-linux-gnu/libc-2.21.so
7f805831d000-7f805831f000 rw-p 001c4000 08:07 16257010                   /lib/x86_64-linux-gnu/libc-2.21.so
7f805831f000-7f8058323000 rw-p 00000000 00:00 0 
7f8058323000-7f8058330000 r-xp 00000000 08:07 13642172                   /usr/lib/jvm/java-7-openjdk-amd64/jre/lib/amd64/jli/libjli.so
7f8058330000-7f805852f000 ---p 0000d000 08:07 13642172                   /usr/lib/jvm/java-7-openjdk-amd64/jre/lib/amd64/jli/libjli.so
7f805852f000-7f8058530000 r--p 0000c000 08:07 13642172                   /usr/lib/jvm/java-7-openjdk-amd64/jre/lib/amd64/jli/libjli.so
7f8058530000-7f8058531000 rw-p 0000d000 08:07 13642172                   /usr/lib/jvm/java-7-openjdk-amd64/jre/lib/amd64/jli/libjli.so
7f8058531000-7f8058555000 r-xp 00000000 08:07 16253004                   /lib/x86_64-linux-gnu/ld-2.21.so
7f8058555000-7f8058556000 rw-p 00000000 00:00 0 
7f8058556000-7f8058557000 r--s 00005000 08:07 7081028                    /home/hit_alan/zhoufandi/somefilebetweenlinuxandwindows/target/csvio-1.0.2.jar
7f8058557000-7f8058558000 r--s 00008000 08:07 7081026                    /home/hit_alan/zhoufandi/somefilebetweenlinuxandwindows/target/commons-cli-1.1.jar
7f8058558000-7f805855a000 r--s 0001d000 08:07 7081025                    /home/hit_alan/zhoufandi/somefilebetweenlinuxandwindows/target/xmlcli-1.2.3.jar
7f805855a000-7f805855c000 r--s 0000d000 08:07 7081029                    /home/hit_alan/zhoufandi/somefilebetweenlinuxandwindows/target/commons-logging-1.1.1.jar
7f805855c000-7f8058561000 r--s 00034000 08:07 7081024                    /home/hit_alan/zhoufandi/somefilebetweenlinuxandwindows/target/commons-beanutils-1.8.3.jar
7f8058561000-7f805856c000 r--s 000b4000 08:07 7081123                    /home/hit_alan/zhoufandi/somefilebetweenlinuxandwindows/target/stigmata-5.0-SNAPSHOT.jar
7f805856c000-7f8058570000 r--s 00034000 08:07 13642025                   /usr/lib/jvm/java-7-openjdk-amd64/jre/lib/ext/sunjce_provider.jar
7f8058570000-7f805857a000 rw-p 00000000 00:00 0 
7f805857a000-7f8058630000 rw-p 00000000 00:00 0 
7f8058630000-7f8058633000 ---p 00000000 00:00 0 
7f8058633000-7f8058736000 rw-p 00000000 00:00 0 
7f8058736000-7f8058738000 r--s 0000b000 08:07 7081027                    /home/hit_alan/zhoufandi/somefilebetweenlinuxandwindows/target/commons-dbutils-1.4.jar
7f8058738000-7f8058739000 r--s 00002000 08:07 13642027                   /usr/lib/jvm/java-7-openjdk-amd64/jre/lib/ext/dnsns.jar
7f8058739000-7f805873b000 r--s 00012000 08:07 13642022                   /usr/lib/jvm/java-7-openjdk-amd64/jre/lib/ext/zipfs.jar
7f805873b000-7f805873f000 r--s 0003c000 08:07 13642026                   /usr/lib/jvm/java-7-openjdk-amd64/jre/lib/ext/sunpkcs11.jar
7f805873f000-7f8058742000 r--s 0000f000 08:07 13642024                   /usr/lib/jvm/java-7-openjdk-amd64/jre/lib/ext/icedtea-sound.jar
7f8058742000-7f8058746000 r--s 00085000 08:07 13642023                   /usr/lib/jvm/java-7-openjdk-amd64/jre/lib/ext/localedata.jar
7f8058746000-7f8058748000 r--s 00006000 08:07 14028198                   /usr/share/java/java-atk-wrapper.jar
7f8058748000-7f8058750000 rw-s 00000000 08:07 4987942                    /tmp/hsperfdata_hit_alan/11158
7f8058750000-7f8058751000 rw-p 00000000 00:00 0 
7f8058751000-7f8058752000 ---p 00000000 00:00 0 
7f8058752000-7f8058754000 rw-p 00000000 00:00 0 
7f8058754000-7f8058755000 r--p 00023000 08:07 16253004                   /lib/x86_64-linux-gnu/ld-2.21.so
7f8058755000-7f8058756000 rw-p 00024000 08:07 16253004                   /lib/x86_64-linux-gnu/ld-2.21.so
7f8058756000-7f8058757000 rw-p 00000000 00:00 0 
7ffea1ebd000-7ffea1edf000 rw-p 00000000 00:00 0                          [stack]
7ffea1f15000-7ffea1f17000 r--p 00000000 00:00 0                          [vvar]
7ffea1f17000-7ffea1f19000 r-xp 00000000 00:00 0                          [vdso]
ffffffffff600000-ffffffffff601000 r-xp 00000000 00:00 0                  [vsyscall]

VM Arguments:
java_command: stigmata-5.0-SNAPSHOT.jar -f xml -b cvfv compare ../dex2jar-2.0/233ab40377d93d0710ae7d39a85fe36e3347db8eae95451c627f99e6db48dba5/channeldex2jar.jar ../dex2jar-2.0/233ab40377d93d0710ae7d39a85fe36e3347db8eae95451c627f99e6db48dba5/clientdex2jar.jar
Launcher Type: SUN_STANDARD

Environment Variables:
JAVA_HOME=/usr/lib/jvm/java-7-openjdk-amd64
PATH=/home/hit_alan/bin:/home/hit_alan/.gvm/vertx/current/bin:/home/hit_alan/.gvm/springboot/current/bin:/home/hit_alan/.gvm/lazybones/current/bin:/home/hit_alan/.gvm/jbake/current/bin:/home/hit_alan/.gvm/groovyserv/current/bin:/home/hit_alan/.gvm/groovy/current/bin:/home/hit_alan/.gvm/griffon/current/bin:/home/hit_alan/.gvm/grails/current/bin:/home/hit_alan/.gvm/gradle/current/bin:/home/hit_alan/.gvm/glide/current/bin:/home/hit_alan/.gvm/gaiden/current/bin:/home/hit_alan/.gvm/crash/current/bin:/home/hit_alan/.gvm/asciidoctorj/current/bin:/home/hit_alan/bin:/usr/local/sbin:/usr/local/bin:/usr/sbin:/usr/bin:/sbin:/bin:/usr/games:/usr/local/games:/usr/gradle-2.4/bin:/usr/grails-3.0.2/bin:/home/hit_alan/softwares/adt-bundle-linux-x86_64-20140624/sdk/platform-tools:/home/hit_alan/softwares/adt-bundle-linux-x86_64-20140624/sdk/tools:/usr/gradle-2.4/bin:/usr/grails-3.0.2/bin:/home/hit_alan/softwares/adt-bundle-linux-x86_64-20140624/sdk/platform-tools:/home/hit_alan/softwares/adt-bundle-linux-x86_64-20140624/sdk/tools
SHELL=/bin/bash
DISPLAY=:0

Signal Handlers:
SIGSEGV: [libjvm.so+0x992590], sa_mask[0]=0x7ffbfeff, sa_flags=0x10000004
SIGBUS: [libjvm.so+0x992590], sa_mask[0]=0x7ffbfeff, sa_flags=0x10000004
SIGFPE: [libjvm.so+0x7fec60], sa_mask[0]=0x7ffbfeff, sa_flags=0x10000004
SIGPIPE: [libjvm.so+0x7fec60], sa_mask[0]=0x7ffbfeff, sa_flags=0x10000004
SIGXFSZ: [libjvm.so+0x7fec60], sa_mask[0]=0x7ffbfeff, sa_flags=0x10000004
SIGILL: [libjvm.so+0x7fec60], sa_mask[0]=0x7ffbfeff, sa_flags=0x10000004
SIGUSR1: SIG_DFL, sa_mask[0]=0x00000000, sa_flags=0x00000000
SIGUSR2: [libjvm.so+0x7feae0], sa_mask[0]=0x00000004, sa_flags=0x10000004
SIGHUP: [libjvm.so+0x7fece0], sa_mask[0]=0x7ffbfeff, sa_flags=0x10000004
SIGINT: [libjvm.so+0x7fece0], sa_mask[0]=0x7ffbfeff, sa_flags=0x10000004
SIGTERM: [libjvm.so+0x7fece0], sa_mask[0]=0x7ffbfeff, sa_flags=0x10000004
SIGQUIT: [libjvm.so+0x7fece0], sa_mask[0]=0x7ffbfeff, sa_flags=0x10000004
SIGTRAP: SIG_DFL, sa_mask[0]=0x00000000, sa_flags=0x00000000


---------------  S Y S T E M  ---------------

OS:Ubuntu 15.04 (vivid)
uname:Linux 3.19.0-66-generic #74-Ubuntu SMP Tue Jul 19 15:07:04 UTC 2016 x86_64
libc:glibc 2.21 NPTL 2.21 
rlimit: STACK 8192k, CORE 0k, NPROC 31638, NOFILE 65536, AS infinity
load average:18.80 7.30 3.50

/proc/meminfo:
MemTotal:        8121832 kB
MemFree:          347520 kB
MemAvailable:     340628 kB
Buffers:            3200 kB
Cached:           264956 kB
SwapCached:            0 kB
Active:          6436624 kB
Inactive:         252716 kB
Active(anon):    6426580 kB
Inactive(anon):   139396 kB
Active(file):      10044 kB
Inactive(file):   113320 kB
Unevictable:         184 kB
Mlocked:             184 kB
SwapTotal:             0 kB
SwapFree:              0 kB
Dirty:               324 kB
Writeback:             0 kB
AnonPages:       6421448 kB
Mapped:          1011356 kB
Shmem:            144712 kB
Slab:              84940 kB
SReclaimable:      31784 kB
SUnreclaim:        53156 kB
KernelStack:       17104 kB
PageTables:        69328 kB
NFS_Unstable:          0 kB
Bounce:                0 kB
WritebackTmp:          0 kB
CommitLimit:     4060916 kB
Committed_AS:   13153768 kB
VmallocTotal:   34359738367 kB
VmallocUsed:      118252 kB
VmallocChunk:   34359502588 kB
HardwareCorrupted:     0 kB
AnonHugePages:   3647488 kB
CmaTotal:              0 kB
CmaFree:               0 kB
HugePages_Total:       0
HugePages_Free:        0
HugePages_Rsvd:        0
HugePages_Surp:        0
Hugepagesize:       2048 kB
DirectMap4k:      214292 kB
DirectMap2M:     8120320 kB
DirectMap1G:     1048576 kB


CPU:total 4 (4 cores per cpu, 1 threads per core) family 6 model 60 stepping 3, cmov, cx8, fxsr, mmx, sse, sse2, sse3, ssse3, sse4.1, sse4.2, popcnt, avx, avx2, aes, erms, tsc, tscinvbit

/proc/cpuinfo:
processor	: 0
vendor_id	: GenuineIntel
cpu family	: 6
model		: 60
model name	: Intel(R) Core(TM) i5-4590 CPU @ 3.30GHz
stepping	: 3
microcode	: 0x1d
cpu MHz		: 3508.441
cache size	: 6144 KB
physical id	: 0
siblings	: 4
core id		: 0
cpu cores	: 4
apicid		: 0
initial apicid	: 0
fpu		: yes
fpu_exception	: yes
cpuid level	: 13
wp		: yes
flags		: fpu vme de pse tsc msr pae mce cx8 apic sep mtrr pge mca cmov pat pse36 clflush dts acpi mmx fxsr sse sse2 ss ht tm pbe syscall nx pdpe1gb rdtscp lm constant_tsc arch_perfmon pebs bts rep_good nopl xtopology nonstop_tsc aperfmperf eagerfpu pni pclmulqdq dtes64 monitor ds_cpl vmx smx est tm2 ssse3 fma cx16 xtpr pdcm pcid sse4_1 sse4_2 x2apic movbe popcnt tsc_deadline_timer aes xsave avx f16c rdrand lahf_lm abm ida arat epb pln pts dtherm tpr_shadow vnmi flexpriority ept vpid fsgsbase tsc_adjust bmi1 avx2 smep bmi2 erms invpcid xsaveopt
bugs		:
bogomips	: 6585.00
clflush size	: 64
cache_alignment	: 64
address sizes	: 39 bits physical, 48 bits virtual
power management:

processor	: 1
vendor_id	: GenuineIntel
cpu family	: 6
model		: 60
model name	: Intel(R) Core(TM) i5-4590 CPU @ 3.30GHz
stepping	: 3
microcode	: 0x1d
cpu MHz		: 3609.761
cache size	: 6144 KB
physical id	: 0
siblings	: 4
core id		: 1
cpu cores	: 4
apicid		: 2
initial apicid	: 2
fpu		: yes
fpu_exception	: yes
cpuid level	: 13
wp		: yes
flags		: fpu vme de pse tsc msr pae mce cx8 apic sep mtrr pge mca cmov pat pse36 clflush dts acpi mmx fxsr sse sse2 ss ht tm pbe syscall nx pdpe1gb rdtscp lm constant_tsc arch_perfmon pebs bts rep_good nopl xtopology nonstop_tsc aperfmperf eagerfpu pni pclmulqdq dtes64 monitor ds_cpl vmx smx est tm2 ssse3 fma cx16 xtpr pdcm pcid sse4_1 sse4_2 x2apic movbe popcnt tsc_deadline_timer aes xsave avx f16c rdrand lahf_lm abm ida arat epb pln pts dtherm tpr_shadow vnmi flexpriority ept vpid fsgsbase tsc_adjust bmi1 avx2 smep bmi2 erms invpcid xsaveopt
bugs		:
bogomips	: 6585.00
clflush size	: 64
cache_alignment	: 64
address sizes	: 39 bits physical, 48 bits virtual
power management:

processor	: 2
vendor_id	: GenuineIntel
cpu family	: 6
model		: 60
model name	: Intel(R) Core(TM) i5-4590 CPU @ 3.30GHz
stepping	: 3
microcode	: 0x1d
cpu MHz		: 3573.410
cache size	: 6144 KB
physical id	: 0
siblings	: 4
core id		: 2
cpu cores	: 4
apicid		: 4
initial apicid	: 4
fpu		: yes
fpu_exception	: yes
cpuid level	: 13
wp		: yes
flags		: fpu vme de pse tsc msr pae mce cx8 apic sep mtrr pge mca cmov pat pse36 clflush dts acpi mmx fxsr sse sse2 ss ht tm pbe syscall nx pdpe1gb rdtscp lm constant_tsc arch_perfmon pebs bts rep_good nopl xtopology nonstop_tsc aperfmperf eagerfpu pni pclmulqdq dtes64 monitor ds_cpl vmx smx est tm2 ssse3 fma cx16 xtpr pdcm pcid sse4_1 sse4_2 x2apic movbe popcnt tsc_deadline_timer aes xsave avx f16c rdrand lahf_lm abm ida arat epb pln pts dtherm tpr_shadow vnmi flexpriority ept vpid fsgsbase tsc_adjust bmi1 avx2 smep bmi2 erms invpcid xsaveopt
bugs		:
bogomips	: 6585.00
clflush size	: 64
cache_alignment	: 64
address sizes	: 39 bits physical, 48 bits virtual
power management:

processor	: 3
vendor_id	: GenuineIntel
cpu family	: 6
model		: 60
model name	: Intel(R) Core(TM) i5-4590 CPU @ 3.30GHz
stepping	: 3
microcode	: 0x1d
cpu MHz		: 3597.773
cache size	: 6144 KB
physical id	: 0
siblings	: 4
core id		: 3
cpu cores	: 4
apicid		: 6
initial apicid	: 6
fpu		: yes
fpu_exception	: yes
cpuid level	: 13
wp		: yes
flags		: fpu vme de pse tsc msr pae mce cx8 apic sep mtrr pge mca cmov pat pse36 clflush dts acpi mmx fxsr sse sse2 ss ht tm pbe syscall nx pdpe1gb rdtscp lm constant_tsc arch_perfmon pebs bts rep_good nopl xtopology nonstop_tsc aperfmperf eagerfpu pni pclmulqdq dtes64 monitor ds_cpl vmx smx est tm2 ssse3 fma cx16 xtpr pdcm pcid sse4_1 sse4_2 x2apic movbe popcnt tsc_deadline_timer aes xsave avx f16c rdrand lahf_lm abm ida arat epb pln pts dtherm tpr_shadow vnmi flexpriority ept vpid fsgsbase tsc_adjust bmi1 avx2 smep bmi2 erms invpcid xsaveopt
bugs		:
bogomips	: 6585.00
clflush size	: 64
cache_alignment	: 64
address sizes	: 39 bits physical, 48 bits virtual
power management:



Memory: 4k page, physical 8121832k(347520k free), swap 0k(0k free)

vm_info: OpenJDK 64-Bit Server VM (24.95-b01) for linux-amd64 JRE (1.7.0_95-b00), built on Jan 21 2016 03:41:02 by "buildd" with gcc 4.9.2

time: Wed Sep  7 15:30:00 2016
elapsed time: 32 seconds

