#
# There is insufficient memory for the Java Runtime Environment to continue.
# Native memory allocation (malloc) failed to allocate 46661632 bytes for committing reserved memory.
# Possible reasons:
#   The system is out of physical RAM or swap space
#   In 32 bit mode, the process size limit was hit
# Possible solutions:
#   Reduce memory load on the system
#   Increase physical memory or swap space
#   Check if swap backing store is full
#   Use 64 bit Java on a 64 bit OS
#   Decrease Java heap size (-Xmx/-Xms)
#   Decrease number of Java threads
#   Decrease Java thread stack sizes (-Xss)
#   Set larger code cache with -XX:ReservedCodeCacheSize=
# This output file may be truncated or incomplete.
#
#  Out of Memory Error (os_linux.cpp:2827), pid=22991, tid=140485757740800
#
# JRE version: OpenJDK Runtime Environment (7.0_95) (build 1.7.0_95-b00)
# Java VM: OpenJDK 64-Bit Server VM (24.95-b01 mixed mode linux-amd64 compressed oops)
# Derivative: IcedTea 2.6.4
# Distribution: Ubuntu 15.04, package 7u95-2.6.4-0ubuntu0.15.04.1
# Failed to write core dump. Core dumps have been disabled. To enable core dumping, try "ulimit -c unlimited" before starting Java again
#

---------------  T H R E A D  ---------------

Current thread (0x00007fc56c13d000):  VMThread [stack: 0x00007fc5639fa000,0x00007fc563afb000] [id=22997]

Stack: [0x00007fc5639fa000,0x00007fc563afb000],  sp=0x00007fc563af94e0,  free space=1021k
Native frames: (J=compiled Java code, j=interpreted, Vv=VM code, C=native code)
V  [libjvm.so+0x991aa6]
V  [libjvm.so+0x4934c2]
V  [libjvm.so+0x80371b]
V  [libjvm.so+0x7fddfe]
V  [libjvm.so+0x871c0b]
V  [libjvm.so+0x872ac3]
V  [libjvm.so+0x8731db]
V  [libjvm.so+0x86eb41]
V  [libjvm.so+0x86f3b8]
V  [libjvm.so+0x826a73]
V  [libjvm.so+0x993372]
V  [libjvm.so+0x9977f7]
V  [libjvm.so+0x995f6b]
V  [libjvm.so+0x996616]
V  [libjvm.so+0x996ae1]
V  [libjvm.so+0x800642]

VM_Operation (0x00007fc574210590): ParallelGCFailedAllocation, mode: safepoint, requested by thread 0x00007fc56c00a000


---------------  P R O C E S S  ---------------

Java Threads: ( => current thread )
  0x00007fc56c176000 JavaThread "Service Thread" daemon [_thread_blocked, id=23003, stack(0x00007fc562f87000,0x00007fc563088000)]
  0x00007fc56c173800 JavaThread "C2 CompilerThread1" daemon [_thread_blocked, id=23002, stack(0x00007fc563088000,0x00007fc563189000)]
  0x00007fc56c170800 JavaThread "C2 CompilerThread0" daemon [_thread_blocked, id=23001, stack(0x00007fc563189000,0x00007fc56328a000)]
  0x00007fc56c16e000 JavaThread "Signal Dispatcher" daemon [_thread_blocked, id=23000, stack(0x00007fc56328a000,0x00007fc56338b000)]
  0x00007fc56c143800 JavaThread "Finalizer" daemon [_thread_blocked, id=22999, stack(0x00007fc5637f8000,0x00007fc5638f9000)]
  0x00007fc56c141000 JavaThread "Reference Handler" daemon [_thread_blocked, id=22998, stack(0x00007fc5638f9000,0x00007fc5639fa000)]
  0x00007fc56c00a000 JavaThread "main" [_thread_blocked, id=22992, stack(0x00007fc574111000,0x00007fc574212000)]

Other Threads:
=>0x00007fc56c13d000 VMThread [stack: 0x00007fc5639fa000,0x00007fc563afb000] [id=22997]
  0x00007fc56c180800 WatcherThread [stack: 0x00007fc562e86000,0x00007fc562f87000] [id=23004]

VM state:at safepoint (normal execution)

VM Mutex/Monitor currently owned by a thread:  ([mutex/lock_event])
[0x00007fc56c006430] Threads_lock - owner thread: 0x00007fc56c13d000
[0x00007fc56c006930] Heap_lock - owner thread: 0x00007fc56c00a000

Heap
 PSYoungGen      total 428032K, used 32K [0x00000007d6a80000, 0x00000007f9080000, 0x0000000800000000)
  eden space 409088K, 0% used [0x00000007d6a80000,0x00000007d6a80000,0x00000007efa00000)
  from space 18944K, 0% used [0x00000007f7e00000,0x00000007f7e08000,0x00000007f9080000)
  to   space 19968K, 0% used [0x00000007f6980000,0x00000007f6980000,0x00000007f7d00000)
 ParOldGen       total 84480K, used 42180K [0x0000000784000000, 0x0000000789280000, 0x00000007d6a80000)
  object space 84480K, 49% used [0x0000000784000000,0x0000000786931220,0x0000000789280000)
 PSPermGen       total 21504K, used 7658K [0x0000000779a00000, 0x000000077af00000, 0x0000000784000000)
  object space 21504K, 35% used [0x0000000779a00000,0x000000077a17abf0,0x000000077af00000)

Card table byte_map: [0x00007fc5708bf000,0x00007fc570cf3000] byte_map_base: 0x00007fc56ccf2000

Polling page: 0x00007fc574232000

Code Cache  [0x00007fc569000000, 0x00007fc569270000, 0x00007fc56c000000)
 total_blobs=723 nmethods=468 adapters=208 free_code_cache=47331Kb largest_free_block=48427072

Compilation events (10 events):
Event: 10.539 Thread 0x00007fc56c173800  488 %           com.github.stigmata.birthmarks.comparators.PlainBirthmarkComparator::compare @ 53 (119 bytes)
Event: 10.547 Thread 0x00007fc56c173800 nmethod 488% 0x00007fc56908c650 code [0x00007fc56908c820, 0x00007fc56908d118]
Event: 10.553 Thread 0x00007fc56c170800  489             com.github.stigmata.birthmarks.comparators.PlainBirthmarkComparator::compare (119 bytes)
Event: 10.565 Thread 0x00007fc56c173800  490             com.github.stigmata.birthmarks.cvfv.TypeAndValueBirthmarkElement::equals (70 bytes)
Event: 10.566 Thread 0x00007fc56c173800 nmethod 490 0x00007fc569090d90 code [0x00007fc569090ee0, 0x00007fc569091118]
Event: 10.581 Thread 0x00007fc56c170800 nmethod 489 0x00007fc5691c9310 code [0x00007fc5691c9520, 0x00007fc5691ca2f8]
Event: 14.013 Thread 0x00007fc56c173800  491             com.github.stigmata.birthmarks.comparators.PlainBirthmarkComparator::compare (119 bytes)
Event: 14.035 Thread 0x00007fc56c173800 nmethod 491 0x00007fc5691cf3d0 code [0x00007fc5691cf600, 0x00007fc5691d0758]
Event: 17.620 Thread 0x00007fc56c170800  492             com.github.stigmata.birthmarks.comparators.PlainBirthmarkComparator::compare (119 bytes)
Event: 17.627 Thread 0x00007fc56c170800 nmethod 492 0x00007fc5690cd490 code [0x00007fc5690cd6a0, 0x00007fc5690ce0b8]

GC Heap History (10 events):
Event: 105.924 GC heap after
Heap after GC invocations=17 (full 0):
 PSYoungGen      total 517632K, used 96K [0x00000007d6a80000, 0x00000007fba00000, 0x0000000800000000)
  eden space 494080K, 0% used [0x00000007d6a80000,0x00000007d6a80000,0x00000007f4d00000)
  from space 23552K, 0% used [0x00000007f8c00000,0x00000007f8c18000,0x00000007fa300000)
  to   space 22528K, 0% used [0x00000007fa400000,0x00000007fa400000,0x00000007fba00000)
 ParOldGen       total 84480K, used 42114K [0x0000000784000000, 0x0000000789280000, 0x00000007d6a80000)
  object space 84480K, 49% used [0x0000000784000000,0x00000007869209b0,0x0000000789280000)
 PSPermGen       total 21504K, used 7658K [0x0000000779a00000, 0x000000077af00000, 0x0000000784000000)
  object space 21504K, 35% used [0x0000000779a00000,0x000000077a17abf0,0x000000077af00000)
}
Event: 122.894 GC heap before
{Heap before GC invocations=18 (full 0):
 PSYoungGen      total 517632K, used 494176K [0x00000007d6a80000, 0x00000007fba00000, 0x0000000800000000)
  eden space 494080K, 100% used [0x00000007d6a80000,0x00000007f4d00000,0x00000007f4d00000)
  from space 23552K, 0% used [0x00000007f8c00000,0x00000007f8c18000,0x00000007fa300000)
  to   space 22528K, 0% used [0x00000007fa400000,0x00000007fa400000,0x00000007fba00000)
 ParOldGen       total 84480K, used 42114K [0x0000000784000000, 0x0000000789280000, 0x00000007d6a80000)
  object space 84480K, 49% used [0x0000000784000000,0x00000007869209b0,0x0000000789280000)
 PSPermGen       total 21504K, used 7658K [0x0000000779a00000, 0x000000077af00000, 0x0000000784000000)
  object space 21504K, 35% used [0x0000000779a00000,0x000000077a17abf0,0x000000077af00000)
Event: 122.895 GC heap after
Heap after GC invocations=18 (full 0):
 PSYoungGen      total 471552K, used 32K [0x00000007d6a80000, 0x00000007fa480000, 0x0000000800000000)
  eden space 471040K, 0% used [0x00000007d6a80000,0x00000007d6a80000,0x00000007f3680000)
  from space 512K, 6% used [0x00000007fa400000,0x00000007fa408000,0x00000007fa480000)
  to   space 22016K, 0% used [0x00000007f7980000,0x00000007f7980000,0x00000007f8f00000)
 ParOldGen       total 84480K, used 42122K [0x0000000784000000, 0x0000000789280000, 0x00000007d6a80000)
  object space 84480K, 49% used [0x0000000784000000,0x00000007869229b0,0x0000000789280000)
 PSPermGen       total 21504K, used 7658K [0x0000000779a00000, 0x000000077af00000, 0x0000000784000000)
  object space 21504K, 35% used [0x0000000779a00000,0x000000077a17abf0,0x000000077af00000)
}
Event: 140.643 GC heap before
{Heap before GC invocations=19 (full 0):
 PSYoungGen      total 471552K, used 471072K [0x00000007d6a80000, 0x00000007fa480000, 0x0000000800000000)
  eden space 471040K, 100% used [0x00000007d6a80000,0x00000007f3680000,0x00000007f3680000)
  from space 512K, 6% used [0x00000007fa400000,0x00000007fa408000,0x00000007fa480000)
  to   space 22016K, 0% used [0x00000007f7980000,0x00000007f7980000,0x00000007f8f00000)
 ParOldGen       total 84480K, used 42122K [0x0000000784000000, 0x0000000789280000, 0x00000007d6a80000)
  object space 84480K, 49% used [0x0000000784000000,0x00000007869229b0,0x0000000789280000)
 PSPermGen       total 21504K, used 7658K [0x0000000779a00000, 0x000000077af00000, 0x0000000784000000)
  object space 21504K, 35% used [0x0000000779a00000,0x000000077a17abf0,0x000000077af00000)
Event: 140.644 GC heap after
Heap after GC invocations=19 (full 0):
 PSYoungGen      total 471040K, used 32K [0x00000007d6a80000, 0x00000007fa480000, 0x0000000800000000)
  eden space 449024K, 0% used [0x00000007d6a80000,0x00000007d6a80000,0x00000007f2100000)
  from space 22016K, 0% used [0x00000007f7980000,0x00000007f7988000,0x00000007f8f00000)
  to   space 20992K, 0% used [0x00000007f9000000,0x00000007f9000000,0x00000007fa480000)
 ParOldGen       total 84480K, used 42137K [0x0000000784000000, 0x0000000789280000, 0x00000007d6a80000)
  object space 84480K, 49% used [0x0000000784000000,0x00000007869266b0,0x0000000789280000)
 PSPermGen       total 21504K, used 7658K [0x0000000779a00000, 0x000000077af00000, 0x0000000784000000)
  object space 21504K, 35% used [0x0000000779a00000,0x000000077a17abf0,0x000000077af00000)
}
Event: 166.379 GC heap before
{Heap before GC invocations=20 (full 0):
 PSYoungGen      total 471040K, used 449056K [0x00000007d6a80000, 0x00000007fa480000, 0x0000000800000000)
  eden space 449024K, 100% used [0x00000007d6a80000,0x00000007f2100000,0x00000007f2100000)
  from space 22016K, 0% used [0x00000007f7980000,0x00000007f7988000,0x00000007f8f00000)
  to   space 20992K, 0% used [0x00000007f9000000,0x00000007f9000000,0x00000007fa480000)
 ParOldGen       total 84480K, used 42137K [0x0000000784000000, 0x0000000789280000, 0x00000007d6a80000)
  object space 84480K, 49% used [0x0000000784000000,0x00000007869266b0,0x0000000789280000)
 PSPermGen       total 21504K, used 7658K [0x0000000779a00000, 0x000000077af00000, 0x0000000784000000)
  object space 21504K, 35% used [0x0000000779a00000,0x000000077a17abf0,0x000000077af00000)
Event: 166.380 GC heap after
Heap after GC invocations=20 (full 0):
 PSYoungGen      total 429056K, used 32K [0x00000007d6a80000, 0x00000007f9080000, 0x0000000800000000)
  eden space 428544K, 0% used [0x00000007d6a80000,0x00000007d6a80000,0x00000007f0d00000)
  from space 512K, 6% used [0x00000007f9000000,0x00000007f9008000,0x00000007f9080000)
  to   space 19968K, 0% used [0x00000007f6980000,0x00000007f6980000,0x00000007f7d00000)
 ParOldGen       total 84480K, used 42145K [0x0000000784000000, 0x0000000789280000, 0x00000007d6a80000)
  object space 84480K, 49% used [0x0000000784000000,0x00000007869286b0,0x0000000789280000)
 PSPermGen       total 21504K, used 7658K [0x0000000779a00000, 0x000000077af00000, 0x0000000784000000)
  object space 21504K, 35% used [0x0000000779a00000,0x000000077a17abf0,0x000000077af00000)
}
Event: 188.378 GC heap before
{Heap before GC invocations=21 (full 0):
 PSYoungGen      total 429056K, used 428576K [0x00000007d6a80000, 0x00000007f9080000, 0x0000000800000000)
  eden space 428544K, 100% used [0x00000007d6a80000,0x00000007f0d00000,0x00000007f0d00000)
  from space 512K, 6% used [0x00000007f9000000,0x00000007f9008000,0x00000007f9080000)
  to   space 19968K, 0% used [0x00000007f6980000,0x00000007f6980000,0x00000007f7d00000)
 ParOldGen       total 84480K, used 42145K [0x0000000784000000, 0x0000000789280000, 0x00000007d6a80000)
  object space 84480K, 49% used [0x0000000784000000,0x00000007869286b0,0x0000000789280000)
 PSPermGen       total 21504K, used 7658K [0x0000000779a00000, 0x000000077af00000, 0x0000000784000000)
  object space 21504K, 35% used [0x0000000779a00000,0x000000077a17abf0,0x000000077af00000)
Event: 188.378 GC heap after
Heap after GC invocations=21 (full 0):
 PSYoungGen      total 429056K, used 32K [0x00000007d6a80000, 0x00000007f9080000, 0x0000000800000000)
  eden space 409088K, 0% used [0x00000007d6a80000,0x00000007d6a80000,0x00000007efa00000)
  from space 19968K, 0% used [0x00000007f6980000,0x00000007f6988000,0x00000007f7d00000)
  to   space 18944K, 0% used [0x00000007f7e00000,0x00000007f7e00000,0x00000007f9080000)
 ParOldGen       total 84480K, used 42153K [0x0000000784000000, 0x0000000789280000, 0x00000007d6a80000)
  object space 84480K, 49% used [0x0000000784000000,0x000000078692a6b0,0x0000000789280000)
 PSPermGen       total 21504K, used 7658K [0x0000000779a00000, 0x000000077af00000, 0x0000000784000000)
  object space 21504K, 35% used [0x0000000779a00000,0x000000077a17abf0,0x000000077af00000)
}
Event: 222.127 GC heap before
{Heap before GC invocations=22 (full 0):
 PSYoungGen      total 429056K, used 409120K [0x00000007d6a80000, 0x00000007f9080000, 0x0000000800000000)
  eden space 409088K, 100% used [0x00000007d6a80000,0x00000007efa00000,0x00000007efa00000)
  from space 19968K, 0% used [0x00000007f6980000,0x00000007f6988000,0x00000007f7d00000)
  to   space 18944K, 0% used [0x00000007f7e00000,0x00000007f7e00000,0x00000007f9080000)
 ParOldGen       total 84480K, used 42153K [0x0000000784000000, 0x0000000789280000, 0x00000007d6a80000)
  object space 84480K, 49% used [0x0000000784000000,0x000000078692a6b0,0x0000000789280000)
 PSPermGen       total 21504K, used 7658K [0x0000000779a00000, 0x000000077af00000, 0x0000000784000000)
  object space 21504K, 35% used [0x0000000779a00000,0x000000077a17abf0,0x000000077af00000)

Deoptimization events (10 events):
Event: 14.013 Thread 0x00007fc56c00a000 Uncommon trap: reason=class_check action=maybe_recompile pc=0x00007fc5691ca170 method=com.github.stigmata.birthmarks.cvfv.TypeAndValueBirthmarkElement.equals(Ljava/lang/Object;)Z @ 64
Event: 14.013 Thread 0x00007fc56c00a000 Uncommon trap: reason=class_check action=maybe_recompile pc=0x00007fc5691ca170 method=com.github.stigmata.birthmarks.cvfv.TypeAndValueBirthmarkElement.equals(Ljava/lang/Object;)Z @ 64
Event: 14.013 Thread 0x00007fc56c00a000 Uncommon trap: reason=class_check action=maybe_recompile pc=0x00007fc5691ca170 method=com.github.stigmata.birthmarks.cvfv.TypeAndValueBirthmarkElement.equals(Ljava/lang/Object;)Z @ 64
Event: 14.013 Thread 0x00007fc56c00a000 Uncommon trap: reason=class_check action=maybe_recompile pc=0x00007fc569091088 method=com.github.stigmata.birthmarks.cvfv.TypeAndValueBirthmarkElement.equals(Ljava/lang/Object;)Z @ 64
Event: 15.772 Thread 0x00007fc56c143800 Uncommon trap: reason=unstable_if action=reinterpret pc=0x00007fc5690cf608 method=java.lang.ref.Finalizer.remove()V @ 10
Event: 15.772 Thread 0x00007fc56c143800 Uncommon trap: reason=unstable_if action=reinterpret pc=0x00007fc5690ced9c method=java.lang.ref.Finalizer.remove()V @ 10
Event: 17.601 Thread 0x00007fc56c00a000 Uncommon trap: reason=bimorphic action=maybe_recompile pc=0x00007fc5691d05f8 method=com.github.stigmata.birthmarks.cvfv.TypeAndValueBirthmarkElement.equals(Ljava/lang/Object;)Z @ 64
Event: 17.601 Thread 0x00007fc56c00a000 Uncommon trap: reason=bimorphic action=maybe_recompile pc=0x00007fc5691d05f8 method=com.github.stigmata.birthmarks.cvfv.TypeAndValueBirthmarkElement.equals(Ljava/lang/Object;)Z @ 64
Event: 17.601 Thread 0x00007fc56c00a000 Uncommon trap: reason=bimorphic action=maybe_recompile pc=0x00007fc5691d05f8 method=com.github.stigmata.birthmarks.cvfv.TypeAndValueBirthmarkElement.equals(Ljava/lang/Object;)Z @ 64
Event: 17.601 Thread 0x00007fc56c00a000 Uncommon trap: reason=bimorphic action=maybe_recompile pc=0x00007fc5691d05f8 method=com.github.stigmata.birthmarks.cvfv.TypeAndValueBirthmarkElement.equals(Ljava/lang/Object;)Z @ 64

Internal exceptions (10 events):
Event: 0.791 Thread 0x00007fc56c00a000 Threw 0x00000007d84a99b0 at /build/openjdk-7-3x2aMC/openjdk-7-7u95-2.6.4/build/openjdk/hotspot/src/share/vm/prims/jvm.cpp:1322
Event: 0.791 Thread 0x00007fc56c00a000 Threw 0x00000007d84afa58 at /build/openjdk-7-3x2aMC/openjdk-7-7u95-2.6.4/build/openjdk/hotspot/src/share/vm/prims/jvm.cpp:1322
Event: 0.792 Thread 0x00007fc56c00a000 Threw 0x00000007d84b3b98 at /build/openjdk-7-3x2aMC/openjdk-7-7u95-2.6.4/build/openjdk/hotspot/src/share/vm/prims/jvm.cpp:1322
Event: 0.796 Thread 0x00007fc56c00a000 Threw 0x00000007d84eec90 at /build/openjdk-7-3x2aMC/openjdk-7-7u95-2.6.4/build/openjdk/hotspot/src/share/vm/prims/jvm.cpp:1322
Event: 2.971 Thread 0x00007fc56c00a000 Implicit null exception at 0x00007fc56913ac95 to 0x00007fc56913f2c1
Event: 3.105 Thread 0x00007fc56c00a000 Implicit null exception at 0x00007fc569106b18 to 0x00007fc569106b56
Event: 4.959 Thread 0x00007fc56c00a000 Threw 0x00000007dadde680 at /build/openjdk-7-3x2aMC/openjdk-7-7u95-2.6.4/build/openjdk/hotspot/src/share/vm/prims/jvm.cpp:1322
Event: 4.959 Thread 0x00007fc56c00a000 Threw 0x00000007dade4248 at /build/openjdk-7-3x2aMC/openjdk-7-7u95-2.6.4/build/openjdk/hotspot/src/share/vm/prims/jvm.cpp:1322
Event: 4.959 Thread 0x00007fc56c00a000 Threw 0x00000007dadf9568 at /build/openjdk-7-3x2aMC/openjdk-7-7u95-2.6.4/build/openjdk/hotspot/src/share/vm/prims/jvm.cpp:1322
Event: 4.960 Thread 0x00007fc56c00a000 Threw 0x00000007dadfd668 at /build/openjdk-7-3x2aMC/openjdk-7-7u95-2.6.4/build/openjdk/hotspot/src/share/vm/prims/jvm.cpp:1322

Events (10 events):
Event: 105.924 Executing VM operation: ParallelGCFailedAllocation done
Event: 122.894 Executing VM operation: ParallelGCFailedAllocation
Event: 122.895 Executing VM operation: ParallelGCFailedAllocation done
Event: 140.643 Executing VM operation: ParallelGCFailedAllocation
Event: 140.644 Executing VM operation: ParallelGCFailedAllocation done
Event: 166.379 Executing VM operation: ParallelGCFailedAllocation
Event: 166.380 Executing VM operation: ParallelGCFailedAllocation done
Event: 188.377 Executing VM operation: ParallelGCFailedAllocation
Event: 188.378 Executing VM operation: ParallelGCFailedAllocation done
Event: 219.379 Executing VM operation: ParallelGCFailedAllocation


Dynamic libraries:
00400000-00401000 r-xp 00000000 08:07 13641842                           /usr/lib/jvm/java-7-openjdk-amd64/jre/bin/java
00600000-00601000 r--p 00000000 08:07 13641842                           /usr/lib/jvm/java-7-openjdk-amd64/jre/bin/java
00601000-00602000 rw-p 00001000 08:07 13641842                           /usr/lib/jvm/java-7-openjdk-amd64/jre/bin/java
0194d000-0196e000 rw-p 00000000 00:00 0                                  [heap]
779a00000-77af00000 rw-p 00000000 00:00 0 
77af00000-784000000 rw-p 00000000 00:00 0 
784000000-789280000 rw-p 00000000 00:00 0 
789280000-7d6a80000 rw-p 00000000 00:00 0 
7d6a80000-7f9080000 rw-p 00000000 00:00 0 
7fbd00000-800000000 ---p 00000000 00:00 0 
7fc510000000-7fc51111a000 rw-p 00000000 00:00 0 
7fc51111a000-7fc514000000 ---p 00000000 00:00 0 
7fc518000000-7fc51bffc000 rw-p 00000000 00:00 0 
7fc51bffc000-7fc51c000000 ---p 00000000 00:00 0 
7fc51c000000-7fc51fffc000 rw-p 00000000 00:00 0 
7fc51fffc000-7fc520000000 ---p 00000000 00:00 0 
7fc520000000-7fc523ffc000 rw-p 00000000 00:00 0 
7fc523ffc000-7fc524000000 ---p 00000000 00:00 0 
7fc524000000-7fc527ffd000 rw-p 00000000 00:00 0 
7fc527ffd000-7fc528000000 ---p 00000000 00:00 0 
7fc528000000-7fc528021000 rw-p 00000000 00:00 0 
7fc528021000-7fc52c000000 ---p 00000000 00:00 0 
7fc52c000000-7fc52c021000 rw-p 00000000 00:00 0 
7fc52c021000-7fc530000000 ---p 00000000 00:00 0 
7fc530000000-7fc53129b000 rw-p 00000000 00:00 0 
7fc53129b000-7fc534000000 ---p 00000000 00:00 0 
7fc534000000-7fc5350b8000 rw-p 00000000 00:00 0 
7fc5350b8000-7fc538000000 ---p 00000000 00:00 0 
7fc538000000-7fc538021000 rw-p 00000000 00:00 0 
7fc538021000-7fc53c000000 ---p 00000000 00:00 0 
7fc53c000000-7fc53c021000 rw-p 00000000 00:00 0 
7fc53c021000-7fc540000000 ---p 00000000 00:00 0 
7fc540000000-7fc540021000 rw-p 00000000 00:00 0 
7fc540021000-7fc544000000 ---p 00000000 00:00 0 
7fc547cd0000-7fc54c000000 rw-p 00000000 00:00 0 
7fc54c000000-7fc54c021000 rw-p 00000000 00:00 0 
7fc54c021000-7fc550000000 ---p 00000000 00:00 0 
7fc550000000-7fc550021000 rw-p 00000000 00:00 0 
7fc550021000-7fc554000000 ---p 00000000 00:00 0 
7fc554000000-7fc554021000 rw-p 00000000 00:00 0 
7fc554021000-7fc558000000 ---p 00000000 00:00 0 
7fc55c000000-7fc55c021000 rw-p 00000000 00:00 0 
7fc55c021000-7fc560000000 ---p 00000000 00:00 0 
7fc56122c000-7fc5612c7000 r--s 005b7000 08:07 5246080                    /home/hit_alan/zhoufandi/somefilebetweenlinuxandwindows/dex2jar-2.0/12c1bba143710ad387b20d4fc972d8e008ed2f27919df88de0b9c9f17c97d415/clientdex2jar.jar
7fc5612c7000-7fc561325000 r--s 00366000 08:07 5246311                    /home/hit_alan/zhoufandi/somefilebetweenlinuxandwindows/dex2jar-2.0/12c1bba143710ad387b20d4fc972d8e008ed2f27919df88de0b9c9f17c97d415/channeldex2jar.jar
7fc561325000-7fc5613c0000 r--s 005b7000 08:07 5246080                    /home/hit_alan/zhoufandi/somefilebetweenlinuxandwindows/dex2jar-2.0/12c1bba143710ad387b20d4fc972d8e008ed2f27919df88de0b9c9f17c97d415/clientdex2jar.jar
7fc5613c0000-7fc5616c1000 rw-p 00000000 00:00 0 
7fc5616c1000-7fc56172d000 r-xp 00000000 08:07 16257056                   /lib/x86_64-linux-gnu/libpcre.so.3.13.1
7fc56172d000-7fc56192c000 ---p 0006c000 08:07 16257056                   /lib/x86_64-linux-gnu/libpcre.so.3.13.1
7fc56192c000-7fc56192d000 r--p 0006b000 08:07 16257056                   /lib/x86_64-linux-gnu/libpcre.so.3.13.1
7fc56192d000-7fc56192e000 rw-p 0006c000 08:07 16257056                   /lib/x86_64-linux-gnu/libpcre.so.3.13.1
7fc56192e000-7fc561935000 r-xp 00000000 08:07 13631618                   /usr/lib/x86_64-linux-gnu/libffi.so.6.0.4
7fc561935000-7fc561b34000 ---p 00007000 08:07 13631618                   /usr/lib/x86_64-linux-gnu/libffi.so.6.0.4
7fc561b34000-7fc561b35000 r--p 00006000 08:07 13631618                   /usr/lib/x86_64-linux-gnu/libffi.so.6.0.4
7fc561b35000-7fc561b36000 rw-p 00007000 08:07 13631618                   /usr/lib/x86_64-linux-gnu/libffi.so.6.0.4
7fc561b36000-7fc561b4d000 r-xp 00000000 08:07 16253007                   /lib/x86_64-linux-gnu/libresolv-2.21.so
7fc561b4d000-7fc561d4d000 ---p 00017000 08:07 16253007                   /lib/x86_64-linux-gnu/libresolv-2.21.so
7fc561d4d000-7fc561d4f000 r--p 00017000 08:07 16253007                   /lib/x86_64-linux-gnu/libresolv-2.21.so
7fc561d4f000-7fc561d50000 rw-p 00019000 08:07 16253007                   /lib/x86_64-linux-gnu/libresolv-2.21.so
7fc561d50000-7fc561d52000 rw-p 00000000 00:00 0 
7fc561d52000-7fc561d73000 r-xp 00000000 08:07 16257131                   /lib/x86_64-linux-gnu/libselinux.so.1
7fc561d73000-7fc561f72000 ---p 00021000 08:07 16257131                   /lib/x86_64-linux-gnu/libselinux.so.1
7fc561f72000-7fc561f73000 r--p 00020000 08:07 16257131                   /lib/x86_64-linux-gnu/libselinux.so.1
7fc561f73000-7fc561f74000 rw-p 00021000 08:07 16257131                   /lib/x86_64-linux-gnu/libselinux.so.1
7fc561f74000-7fc561f76000 rw-p 00000000 00:00 0 
7fc561f76000-7fc561f79000 r-xp 00000000 08:07 13631893                   /usr/lib/x86_64-linux-gnu/libgmodule-2.0.so.0.4400.1
7fc561f79000-7fc562178000 ---p 00003000 08:07 13631893                   /usr/lib/x86_64-linux-gnu/libgmodule-2.0.so.0.4400.1
7fc562178000-7fc562179000 r--p 00002000 08:07 13631893                   /usr/lib/x86_64-linux-gnu/libgmodule-2.0.so.0.4400.1
7fc562179000-7fc56217a000 rw-p 00003000 08:07 13631893                   /usr/lib/x86_64-linux-gnu/libgmodule-2.0.so.0.4400.1
7fc56217a000-7fc562287000 r-xp 00000000 08:07 16257102                   /lib/x86_64-linux-gnu/libglib-2.0.so.0.4400.1
7fc562287000-7fc562486000 ---p 0010d000 08:07 16257102                   /lib/x86_64-linux-gnu/libglib-2.0.so.0.4400.1
7fc562486000-7fc562487000 r--p 0010c000 08:07 16257102                   /lib/x86_64-linux-gnu/libglib-2.0.so.0.4400.1
7fc562487000-7fc562488000 rw-p 0010d000 08:07 16257102                   /lib/x86_64-linux-gnu/libglib-2.0.so.0.4400.1
7fc562488000-7fc562489000 rw-p 00000000 00:00 0 
7fc562489000-7fc5624d9000 r-xp 00000000 08:07 13631853                   /usr/lib/x86_64-linux-gnu/libgobject-2.0.so.0.4400.1
7fc5624d9000-7fc5626d9000 ---p 00050000 08:07 13631853                   /usr/lib/x86_64-linux-gnu/libgobject-2.0.so.0.4400.1
7fc5626d9000-7fc5626da000 r--p 00050000 08:07 13631853                   /usr/lib/x86_64-linux-gnu/libgobject-2.0.so.0.4400.1
7fc5626da000-7fc5626db000 rw-p 00051000 08:07 13631853                   /usr/lib/x86_64-linux-gnu/libgobject-2.0.so.0.4400.1
7fc5626db000-7fc562853000 r-xp 00000000 08:07 13631875                   /usr/lib/x86_64-linux-gnu/libgio-2.0.so.0.4400.1
7fc562853000-7fc562a53000 ---p 00178000 08:07 13631875                   /usr/lib/x86_64-linux-gnu/libgio-2.0.so.0.4400.1
7fc562a53000-7fc562a57000 r--p 00178000 08:07 13631875                   /usr/lib/x86_64-linux-gnu/libgio-2.0.so.0.4400.1
7fc562a57000-7fc562a59000 rw-p 0017c000 08:07 13631875                   /usr/lib/x86_64-linux-gnu/libgio-2.0.so.0.4400.1
7fc562a59000-7fc562a5b000 rw-p 00000000 00:00 0 
7fc562a5b000-7fc562a73000 r-xp 00000000 08:07 13642175                   /usr/lib/jvm/java-7-openjdk-amd64/jre/lib/amd64/libnet.so
7fc562a73000-7fc562c72000 ---p 00018000 08:07 13642175                   /usr/lib/jvm/java-7-openjdk-amd64/jre/lib/amd64/libnet.so
7fc562c72000-7fc562c73000 r--p 00017000 08:07 13642175                   /usr/lib/jvm/java-7-openjdk-amd64/jre/lib/amd64/libnet.so
7fc562c73000-7fc562c74000 rw-p 00018000 08:07 13642175                   /usr/lib/jvm/java-7-openjdk-amd64/jre/lib/amd64/libnet.so
7fc562c74000-7fc562c85000 r-xp 00000000 08:07 13642136                   /usr/lib/jvm/java-7-openjdk-amd64/jre/lib/amd64/libnio.so
7fc562c85000-7fc562e84000 ---p 00011000 08:07 13642136                   /usr/lib/jvm/java-7-openjdk-amd64/jre/lib/amd64/libnio.so
7fc562e84000-7fc562e85000 r--p 00010000 08:07 13642136                   /usr/lib/jvm/java-7-openjdk-amd64/jre/lib/amd64/libnio.so
7fc562e85000-7fc562e86000 rw-p 00011000 08:07 13642136                   /usr/lib/jvm/java-7-openjdk-amd64/jre/lib/amd64/libnio.so
7fc562e86000-7fc562e87000 ---p 00000000 00:00 0 
7fc562e87000-7fc562f87000 rw-p 00000000 00:00 0 
7fc562f87000-7fc562f8a000 ---p 00000000 00:00 0 
7fc562f8a000-7fc563088000 rw-p 00000000 00:00 0 
7fc563088000-7fc56308b000 ---p 00000000 00:00 0 
7fc56308b000-7fc563189000 rw-p 00000000 00:00 0 
7fc563189000-7fc56318c000 ---p 00000000 00:00 0 
7fc56318c000-7fc56328a000 rw-p 00000000 00:00 0 
7fc56328a000-7fc56328d000 ---p 00000000 00:00 0 
7fc56328d000-7fc56338b000 rw-p 00000000 00:00 0 
7fc56338b000-7fc5637f8000 r--p 00000000 08:07 13634881                   /usr/lib/locale/locale-archive
7fc5637f8000-7fc5637fb000 ---p 00000000 00:00 0 
7fc5637fb000-7fc5638f9000 rw-p 00000000 00:00 0 
7fc5638f9000-7fc5638fc000 ---p 00000000 00:00 0 
7fc5638fc000-7fc5639fa000 rw-p 00000000 00:00 0 
7fc5639fa000-7fc5639fb000 ---p 00000000 00:00 0 
7fc5639fb000-7fc564000000 rw-p 00000000 00:00 0 
7fc564000000-7fc564021000 rw-p 00000000 00:00 0 
7fc564021000-7fc568000000 ---p 00000000 00:00 0 
7fc568011000-7fc568a1b000 rw-p 00000000 00:00 0 
7fc568a1b000-7fc568bcd000 r--s 01d2f000 08:07 13642124                   /usr/lib/jvm/java-7-openjdk-amd64/jre/lib/rt.jar
7fc568bcd000-7fc569000000 rw-p 00000000 00:00 0 
7fc569000000-7fc569270000 rwxp 00000000 00:00 0 
7fc569270000-7fc56fffa000 rw-p 00000000 00:00 0 
7fc56fffa000-7fc570000000 ---p 00000000 00:00 0 
7fc570006000-7fc57000d000 r--s 00000000 08:07 13902402                   /usr/lib/x86_64-linux-gnu/gconv/gconv-modules.cache
7fc57000d000-7fc570021000 r--p 00000000 08:07 14421516                   /usr/share/locale-langpack/zh_CN/LC_MESSAGES/libc.mo
7fc570021000-7fc57007f000 r--s 00366000 08:07 5246311                    /home/hit_alan/zhoufandi/somefilebetweenlinuxandwindows/dex2jar-2.0/12c1bba143710ad387b20d4fc972d8e008ed2f27919df88de0b9c9f17c97d415/channeldex2jar.jar
7fc57007f000-7fc570089000 r--s 000ae000 08:07 13642193                   /usr/lib/jvm/java-7-openjdk-amd64/jre/lib/resources.jar
7fc570089000-7fc57008e000 r--s 00036000 08:07 7081023                    /home/hit_alan/zhoufandi/somefilebetweenlinuxandwindows/target/asm-all-5.0.3.jar
7fc57008e000-7fc5701d2000 rw-p 00000000 00:00 0 
7fc5701d2000-7fc5701d3000 ---p 00000000 00:00 0 
7fc5701d3000-7fc5702d3000 rw-p 00000000 00:00 0 
7fc5702d3000-7fc5702d4000 ---p 00000000 00:00 0 
7fc5702d4000-7fc5703d4000 rw-p 00000000 00:00 0 
7fc5703d4000-7fc5703d5000 ---p 00000000 00:00 0 
7fc5703d5000-7fc5704d5000 rw-p 00000000 00:00 0 
7fc5704d5000-7fc5704d6000 ---p 00000000 00:00 0 
7fc5704d6000-7fc5705e1000 rw-p 00000000 00:00 0 
7fc5705e1000-7fc570629000 rw-p 00000000 00:00 0 
7fc570629000-7fc570653000 rw-p 00000000 00:00 0 
7fc570653000-7fc5708bf000 rw-p 00000000 00:00 0 
7fc5708bf000-7fc5708ca000 rw-p 00000000 00:00 0 
7fc5708ca000-7fc570912000 rw-p 00000000 00:00 0 
7fc570912000-7fc57093c000 rw-p 00000000 00:00 0 
7fc57093c000-7fc570ba7000 rw-p 00000000 00:00 0 
7fc570ba7000-7fc570cbb000 rw-p 00000000 00:00 0 
7fc570cbb000-7fc570cf2000 ---p 00000000 00:00 0 
7fc570cf2000-7fc570cf3000 rw-p 00000000 00:00 0 
7fc570cf3000-7fc570cfb000 r-xp 00000000 08:07 13642144                   /usr/lib/jvm/java-7-openjdk-amd64/jre/lib/amd64/libzip.so
7fc570cfb000-7fc570efa000 ---p 00008000 08:07 13642144                   /usr/lib/jvm/java-7-openjdk-amd64/jre/lib/amd64/libzip.so
7fc570efa000-7fc570efb000 r--p 00007000 08:07 13642144                   /usr/lib/jvm/java-7-openjdk-amd64/jre/lib/amd64/libzip.so
7fc570efb000-7fc570efc000 rw-p 00008000 08:07 13642144                   /usr/lib/jvm/java-7-openjdk-amd64/jre/lib/amd64/libzip.so
7fc570efc000-7fc570f08000 r-xp 00000000 08:07 16253008                   /lib/x86_64-linux-gnu/libnss_files-2.21.so
7fc570f08000-7fc571107000 ---p 0000c000 08:07 16253008                   /lib/x86_64-linux-gnu/libnss_files-2.21.so
7fc571107000-7fc571108000 r--p 0000b000 08:07 16253008                   /lib/x86_64-linux-gnu/libnss_files-2.21.so
7fc571108000-7fc571109000 rw-p 0000c000 08:07 16253008                   /lib/x86_64-linux-gnu/libnss_files-2.21.so
7fc571109000-7fc571114000 r-xp 00000000 08:07 16252996                   /lib/x86_64-linux-gnu/libnss_nis-2.21.so
7fc571114000-7fc571313000 ---p 0000b000 08:07 16252996                   /lib/x86_64-linux-gnu/libnss_nis-2.21.so
7fc571313000-7fc571314000 r--p 0000a000 08:07 16252996                   /lib/x86_64-linux-gnu/libnss_nis-2.21.so
7fc571314000-7fc571315000 rw-p 0000b000 08:07 16252996                   /lib/x86_64-linux-gnu/libnss_nis-2.21.so
7fc571315000-7fc57132c000 r-xp 00000000 08:07 16257004                   /lib/x86_64-linux-gnu/libnsl-2.21.so
7fc57132c000-7fc57152b000 ---p 00017000 08:07 16257004                   /lib/x86_64-linux-gnu/libnsl-2.21.so
7fc57152b000-7fc57152c000 r--p 00016000 08:07 16257004                   /lib/x86_64-linux-gnu/libnsl-2.21.so
7fc57152c000-7fc57152d000 rw-p 00017000 08:07 16257004                   /lib/x86_64-linux-gnu/libnsl-2.21.so
7fc57152d000-7fc57152f000 rw-p 00000000 00:00 0 
7fc57152f000-7fc571537000 r-xp 00000000 08:07 16253010                   /lib/x86_64-linux-gnu/libnss_compat-2.21.so
7fc571537000-7fc571736000 ---p 00008000 08:07 16253010                   /lib/x86_64-linux-gnu/libnss_compat-2.21.so
7fc571736000-7fc571737000 r--p 00007000 08:07 16253010                   /lib/x86_64-linux-gnu/libnss_compat-2.21.so
7fc571737000-7fc571738000 rw-p 00008000 08:07 16253010                   /lib/x86_64-linux-gnu/libnss_compat-2.21.so
7fc571738000-7fc571765000 r-xp 00000000 08:07 13642157                   /usr/lib/jvm/java-7-openjdk-amd64/jre/lib/amd64/libjava.so
7fc571765000-7fc571964000 ---p 0002d000 08:07 13642157                   /usr/lib/jvm/java-7-openjdk-amd64/jre/lib/amd64/libjava.so
7fc571964000-7fc571965000 r--p 0002c000 08:07 13642157                   /usr/lib/jvm/java-7-openjdk-amd64/jre/lib/amd64/libjava.so
7fc571965000-7fc571967000 rw-p 0002d000 08:07 13642157                   /usr/lib/jvm/java-7-openjdk-amd64/jre/lib/amd64/libjava.so
7fc571967000-7fc571976000 r-xp 00000000 08:07 13642171                   /usr/lib/jvm/java-7-openjdk-amd64/jre/lib/amd64/libverify.so
7fc571976000-7fc571b75000 ---p 0000f000 08:07 13642171                   /usr/lib/jvm/java-7-openjdk-amd64/jre/lib/amd64/libverify.so
7fc571b75000-7fc571b78000 r--p 0000e000 08:07 13642171                   /usr/lib/jvm/java-7-openjdk-amd64/jre/lib/amd64/libverify.so
7fc571b78000-7fc571b79000 rw-p 00011000 08:07 13642171                   /usr/lib/jvm/java-7-openjdk-amd64/jre/lib/amd64/libverify.so
7fc571b79000-7fc571b80000 r-xp 00000000 08:07 16257005                   /lib/x86_64-linux-gnu/librt-2.21.so
7fc571b80000-7fc571d7f000 ---p 00007000 08:07 16257005                   /lib/x86_64-linux-gnu/librt-2.21.so
7fc571d7f000-7fc571d80000 r--p 00006000 08:07 16257005                   /lib/x86_64-linux-gnu/librt-2.21.so
7fc571d80000-7fc571d81000 rw-p 00007000 08:07 16257005                   /lib/x86_64-linux-gnu/librt-2.21.so
7fc571d81000-7fc571d97000 r-xp 00000000 08:07 16257047                   /lib/x86_64-linux-gnu/libgcc_s.so.1
7fc571d97000-7fc571f96000 ---p 00016000 08:07 16257047                   /lib/x86_64-linux-gnu/libgcc_s.so.1
7fc571f96000-7fc571f97000 rw-p 00015000 08:07 16257047                   /lib/x86_64-linux-gnu/libgcc_s.so.1
7fc571f97000-7fc57209e000 r-xp 00000000 08:07 16257003                   /lib/x86_64-linux-gnu/libm-2.21.so
7fc57209e000-7fc57229d000 ---p 00107000 08:07 16257003                   /lib/x86_64-linux-gnu/libm-2.21.so
7fc57229d000-7fc57229e000 r--p 00106000 08:07 16257003                   /lib/x86_64-linux-gnu/libm-2.21.so
7fc57229e000-7fc57229f000 rw-p 00107000 08:07 16257003                   /lib/x86_64-linux-gnu/libm-2.21.so
7fc57229f000-7fc57238f000 r-xp 00000000 08:07 13631543                   /usr/lib/x86_64-linux-gnu/libstdc++.so.6.0.20
7fc57238f000-7fc57258f000 ---p 000f0000 08:07 13631543                   /usr/lib/x86_64-linux-gnu/libstdc++.so.6.0.20
7fc57258f000-7fc572597000 r--p 000f0000 08:07 13631543                   /usr/lib/x86_64-linux-gnu/libstdc++.so.6.0.20
7fc572597000-7fc572599000 rw-p 000f8000 08:07 13631543                   /usr/lib/x86_64-linux-gnu/libstdc++.so.6.0.20
7fc572599000-7fc5725ae000 rw-p 00000000 00:00 0 
7fc5725ae000-7fc57310e000 r-xp 00000000 08:07 13642163                   /usr/lib/jvm/java-7-openjdk-amd64/jre/lib/amd64/server/libjvm.so
7fc57310e000-7fc57330e000 ---p 00b60000 08:07 13642163                   /usr/lib/jvm/java-7-openjdk-amd64/jre/lib/amd64/server/libjvm.so
7fc57330e000-7fc5733ad000 r--p 00b60000 08:07 13642163                   /usr/lib/jvm/java-7-openjdk-amd64/jre/lib/amd64/server/libjvm.so
7fc5733ad000-7fc5733d0000 rw-p 00bff000 08:07 13642163                   /usr/lib/jvm/java-7-openjdk-amd64/jre/lib/amd64/server/libjvm.so
7fc5733d0000-7fc5733fd000 rw-p 00000000 00:00 0 
7fc5733fd000-7fc573416000 r-xp 00000000 08:07 16257026                   /lib/x86_64-linux-gnu/libz.so.1.2.8
7fc573416000-7fc573616000 ---p 00019000 08:07 16257026                   /lib/x86_64-linux-gnu/libz.so.1.2.8
7fc573616000-7fc573617000 r--p 00019000 08:07 16257026                   /lib/x86_64-linux-gnu/libz.so.1.2.8
7fc573617000-7fc573618000 rw-p 0001a000 08:07 16257026                   /lib/x86_64-linux-gnu/libz.so.1.2.8
7fc573618000-7fc573630000 r-xp 00000000 08:07 16253005                   /lib/x86_64-linux-gnu/libpthread-2.21.so
7fc573630000-7fc573830000 ---p 00018000 08:07 16253005                   /lib/x86_64-linux-gnu/libpthread-2.21.so
7fc573830000-7fc573831000 r--p 00018000 08:07 16253005                   /lib/x86_64-linux-gnu/libpthread-2.21.so
7fc573831000-7fc573832000 rw-p 00019000 08:07 16253005                   /lib/x86_64-linux-gnu/libpthread-2.21.so
7fc573832000-7fc573836000 rw-p 00000000 00:00 0 
7fc573836000-7fc573839000 r-xp 00000000 08:07 16253001                   /lib/x86_64-linux-gnu/libdl-2.21.so
7fc573839000-7fc573a38000 ---p 00003000 08:07 16253001                   /lib/x86_64-linux-gnu/libdl-2.21.so
7fc573a38000-7fc573a39000 r--p 00002000 08:07 16253001                   /lib/x86_64-linux-gnu/libdl-2.21.so
7fc573a39000-7fc573a3a000 rw-p 00003000 08:07 16253001                   /lib/x86_64-linux-gnu/libdl-2.21.so
7fc573a3a000-7fc573bfa000 r-xp 00000000 08:07 16257010                   /lib/x86_64-linux-gnu/libc-2.21.so
7fc573bfa000-7fc573dfa000 ---p 001c0000 08:07 16257010                   /lib/x86_64-linux-gnu/libc-2.21.so
7fc573dfa000-7fc573dfe000 r--p 001c0000 08:07 16257010                   /lib/x86_64-linux-gnu/libc-2.21.so
7fc573dfe000-7fc573e00000 rw-p 001c4000 08:07 16257010                   /lib/x86_64-linux-gnu/libc-2.21.so
7fc573e00000-7fc573e04000 rw-p 00000000 00:00 0 
7fc573e04000-7fc573e11000 r-xp 00000000 08:07 13642172                   /usr/lib/jvm/java-7-openjdk-amd64/jre/lib/amd64/jli/libjli.so
7fc573e11000-7fc574010000 ---p 0000d000 08:07 13642172                   /usr/lib/jvm/java-7-openjdk-amd64/jre/lib/amd64/jli/libjli.so
7fc574010000-7fc574011000 r--p 0000c000 08:07 13642172                   /usr/lib/jvm/java-7-openjdk-amd64/jre/lib/amd64/jli/libjli.so
7fc574011000-7fc574012000 rw-p 0000d000 08:07 13642172                   /usr/lib/jvm/java-7-openjdk-amd64/jre/lib/amd64/jli/libjli.so
7fc574012000-7fc574036000 r-xp 00000000 08:07 16253004                   /lib/x86_64-linux-gnu/ld-2.21.so
7fc574036000-7fc574037000 rw-p 00000000 00:00 0 
7fc574037000-7fc574038000 r--s 00005000 08:07 7081028                    /home/hit_alan/zhoufandi/somefilebetweenlinuxandwindows/target/csvio-1.0.2.jar
7fc574038000-7fc574039000 r--s 00008000 08:07 7081026                    /home/hit_alan/zhoufandi/somefilebetweenlinuxandwindows/target/commons-cli-1.1.jar
7fc574039000-7fc57403b000 r--s 0001d000 08:07 7081025                    /home/hit_alan/zhoufandi/somefilebetweenlinuxandwindows/target/xmlcli-1.2.3.jar
7fc57403b000-7fc57403d000 r--s 0000d000 08:07 7081029                    /home/hit_alan/zhoufandi/somefilebetweenlinuxandwindows/target/commons-logging-1.1.1.jar
7fc57403d000-7fc574042000 r--s 00034000 08:07 7081024                    /home/hit_alan/zhoufandi/somefilebetweenlinuxandwindows/target/commons-beanutils-1.8.3.jar
7fc574042000-7fc57404d000 r--s 000b4000 08:07 7081123                    /home/hit_alan/zhoufandi/somefilebetweenlinuxandwindows/target/stigmata-5.0-SNAPSHOT.jar
7fc57404d000-7fc574051000 r--s 00034000 08:07 13642025                   /usr/lib/jvm/java-7-openjdk-amd64/jre/lib/ext/sunjce_provider.jar
7fc574051000-7fc57405b000 rw-p 00000000 00:00 0 
7fc57405b000-7fc574111000 rw-p 00000000 00:00 0 
7fc574111000-7fc574114000 ---p 00000000 00:00 0 
7fc574114000-7fc574217000 rw-p 00000000 00:00 0 
7fc574217000-7fc574219000 r--s 0000b000 08:07 7081027                    /home/hit_alan/zhoufandi/somefilebetweenlinuxandwindows/target/commons-dbutils-1.4.jar
7fc574219000-7fc57421a000 r--s 00002000 08:07 13642027                   /usr/lib/jvm/java-7-openjdk-amd64/jre/lib/ext/dnsns.jar
7fc57421a000-7fc57421c000 r--s 00012000 08:07 13642022                   /usr/lib/jvm/java-7-openjdk-amd64/jre/lib/ext/zipfs.jar
7fc57421c000-7fc574220000 r--s 0003c000 08:07 13642026                   /usr/lib/jvm/java-7-openjdk-amd64/jre/lib/ext/sunpkcs11.jar
7fc574220000-7fc574223000 r--s 0000f000 08:07 13642024                   /usr/lib/jvm/java-7-openjdk-amd64/jre/lib/ext/icedtea-sound.jar
7fc574223000-7fc574227000 r--s 00085000 08:07 13642023                   /usr/lib/jvm/java-7-openjdk-amd64/jre/lib/ext/localedata.jar
7fc574227000-7fc574229000 r--s 00006000 08:07 14028198                   /usr/share/java/java-atk-wrapper.jar
7fc574229000-7fc574231000 rw-s 00000000 08:07 5251614                    /tmp/hsperfdata_hit_alan/22991
7fc574231000-7fc574232000 rw-p 00000000 00:00 0 
7fc574232000-7fc574233000 ---p 00000000 00:00 0 
7fc574233000-7fc574235000 rw-p 00000000 00:00 0 
7fc574235000-7fc574236000 r--p 00023000 08:07 16253004                   /lib/x86_64-linux-gnu/ld-2.21.so
7fc574236000-7fc574237000 rw-p 00024000 08:07 16253004                   /lib/x86_64-linux-gnu/ld-2.21.so
7fc574237000-7fc574238000 rw-p 00000000 00:00 0 
7ffc18a40000-7ffc18a62000 rw-p 00000000 00:00 0                          [stack]
7ffc18afa000-7ffc18afc000 r--p 00000000 00:00 0                          [vvar]
7ffc18afc000-7ffc18afe000 r-xp 00000000 00:00 0                          [vdso]
ffffffffff600000-ffffffffff601000 r-xp 00000000 00:00 0                  [vsyscall]

VM Arguments:
java_command: stigmata-5.0-SNAPSHOT.jar -f xml -b cvfv compare ../dex2jar-2.0/12c1bba143710ad387b20d4fc972d8e008ed2f27919df88de0b9c9f17c97d415/channeldex2jar.jar ../dex2jar-2.0/12c1bba143710ad387b20d4fc972d8e008ed2f27919df88de0b9c9f17c97d415/clientdex2jar.jar
Launcher Type: SUN_STANDARD

Environment Variables:
JAVA_HOME=/usr/lib/jvm/java-7-openjdk-amd64
PATH=/home/hit_alan/bin:/home/hit_alan/.gvm/vertx/current/bin:/home/hit_alan/.gvm/springboot/current/bin:/home/hit_alan/.gvm/lazybones/current/bin:/home/hit_alan/.gvm/jbake/current/bin:/home/hit_alan/.gvm/groovyserv/current/bin:/home/hit_alan/.gvm/groovy/current/bin:/home/hit_alan/.gvm/griffon/current/bin:/home/hit_alan/.gvm/grails/current/bin:/home/hit_alan/.gvm/gradle/current/bin:/home/hit_alan/.gvm/glide/current/bin:/home/hit_alan/.gvm/gaiden/current/bin:/home/hit_alan/.gvm/crash/current/bin:/home/hit_alan/.gvm/asciidoctorj/current/bin:/home/hit_alan/bin:/usr/local/sbin:/usr/local/bin:/usr/sbin:/usr/bin:/sbin:/bin:/usr/games:/usr/local/games:/usr/gradle-2.4/bin:/usr/grails-3.0.2/bin:/home/hit_alan/softwares/adt-bundle-linux-x86_64-20140624/sdk/platform-tools:/home/hit_alan/softwares/adt-bundle-linux-x86_64-20140624/sdk/tools:/usr/gradle-2.4/bin:/usr/grails-3.0.2/bin:/home/hit_alan/softwares/adt-bundle-linux-x86_64-20140624/sdk/platform-tools:/home/hit_alan/softwares/adt-bundle-linux-x86_64-20140624/sdk/tools
SHELL=/bin/bash
DISPLAY=:0

Signal Handlers:
SIGSEGV: [libjvm.so+0x992590], sa_mask[0]=0x7ffbfeff, sa_flags=0x10000004
SIGBUS: [libjvm.so+0x992590], sa_mask[0]=0x7ffbfeff, sa_flags=0x10000004
SIGFPE: [libjvm.so+0x7fec60], sa_mask[0]=0x7ffbfeff, sa_flags=0x10000004
SIGPIPE: [libjvm.so+0x7fec60], sa_mask[0]=0x7ffbfeff, sa_flags=0x10000004
SIGXFSZ: [libjvm.so+0x7fec60], sa_mask[0]=0x7ffbfeff, sa_flags=0x10000004
SIGILL: [libjvm.so+0x7fec60], sa_mask[0]=0x7ffbfeff, sa_flags=0x10000004
SIGUSR1: SIG_DFL, sa_mask[0]=0x00000000, sa_flags=0x00000000
SIGUSR2: [libjvm.so+0x7feae0], sa_mask[0]=0x00000004, sa_flags=0x10000004
SIGHUP: [libjvm.so+0x7fece0], sa_mask[0]=0x7ffbfeff, sa_flags=0x10000004
SIGINT: [libjvm.so+0x7fece0], sa_mask[0]=0x7ffbfeff, sa_flags=0x10000004
SIGTERM: [libjvm.so+0x7fece0], sa_mask[0]=0x7ffbfeff, sa_flags=0x10000004
SIGQUIT: [libjvm.so+0x7fece0], sa_mask[0]=0x7ffbfeff, sa_flags=0x10000004
SIGTRAP: SIG_DFL, sa_mask[0]=0x00000000, sa_flags=0x00000000


---------------  S Y S T E M  ---------------

OS:Ubuntu 15.04 (vivid)
uname:Linux 3.19.0-66-generic #74-Ubuntu SMP Tue Jul 19 15:07:04 UTC 2016 x86_64
libc:glibc 2.21 NPTL 2.21 
rlimit: STACK 8192k, CORE 0k, NPROC 31638, NOFILE 65536, AS infinity
load average:58.62 22.19 10.95

/proc/meminfo:
MemTotal:        8121832 kB
MemFree:          125224 kB
MemAvailable:      66396 kB
Buffers:             680 kB
Cached:           131432 kB
SwapCached:            0 kB
Active:          7034860 kB
Inactive:         123432 kB
Active(anon):    7028364 kB
Inactive(anon):   108160 kB
Active(file):       6496 kB
Inactive(file):    15272 kB
Unevictable:         184 kB
Mlocked:             184 kB
SwapTotal:             0 kB
SwapFree:              0 kB
Dirty:               140 kB
Writeback:             0 kB
AnonPages:       7026652 kB
Mapped:           716456 kB
Shmem:            110056 kB
Slab:              72224 kB
SReclaimable:      29508 kB
SUnreclaim:        42716 kB
KernelStack:       14480 kB
PageTables:        62584 kB
NFS_Unstable:          0 kB
Bounce:                0 kB
WritebackTmp:          0 kB
CommitLimit:     4060916 kB
Committed_AS:   13552172 kB
VmallocTotal:   34359738367 kB
VmallocUsed:      115244 kB
VmallocChunk:   34359527116 kB
HardwareCorrupted:     0 kB
AnonHugePages:   4497408 kB
CmaTotal:              0 kB
CmaFree:               0 kB
HugePages_Total:       0
HugePages_Free:        0
HugePages_Rsvd:        0
HugePages_Surp:        0
Hugepagesize:       2048 kB
DirectMap4k:      181524 kB
DirectMap2M:     6055936 kB
DirectMap1G:     3145728 kB


CPU:total 4 (4 cores per cpu, 1 threads per core) family 6 model 60 stepping 3, cmov, cx8, fxsr, mmx, sse, sse2, sse3, ssse3, sse4.1, sse4.2, popcnt, avx, avx2, aes, erms, tsc, tscinvbit

/proc/cpuinfo:
processor	: 0
vendor_id	: GenuineIntel
cpu family	: 6
model		: 60
model name	: Intel(R) Core(TM) i5-4590 CPU @ 3.30GHz
stepping	: 3
microcode	: 0x1d
cpu MHz		: 3501.996
cache size	: 6144 KB
physical id	: 0
siblings	: 4
core id		: 0
cpu cores	: 4
apicid		: 0
initial apicid	: 0
fpu		: yes
fpu_exception	: yes
cpuid level	: 13
wp		: yes
flags		: fpu vme de pse tsc msr pae mce cx8 apic sep mtrr pge mca cmov pat pse36 clflush dts acpi mmx fxsr sse sse2 ss ht tm pbe syscall nx pdpe1gb rdtscp lm constant_tsc arch_perfmon pebs bts rep_good nopl xtopology nonstop_tsc aperfmperf eagerfpu pni pclmulqdq dtes64 monitor ds_cpl vmx smx est tm2 ssse3 fma cx16 xtpr pdcm pcid sse4_1 sse4_2 x2apic movbe popcnt tsc_deadline_timer aes xsave avx f16c rdrand lahf_lm abm ida arat epb pln pts dtherm tpr_shadow vnmi flexpriority ept vpid fsgsbase tsc_adjust bmi1 avx2 smep bmi2 erms invpcid xsaveopt
bugs		:
bogomips	: 6584.61
clflush size	: 64
cache_alignment	: 64
address sizes	: 39 bits physical, 48 bits virtual
power management:

processor	: 1
vendor_id	: GenuineIntel
cpu family	: 6
model		: 60
model name	: Intel(R) Core(TM) i5-4590 CPU @ 3.30GHz
stepping	: 3
microcode	: 0x1d
cpu MHz		: 3590.039
cache size	: 6144 KB
physical id	: 0
siblings	: 4
core id		: 1
cpu cores	: 4
apicid		: 2
initial apicid	: 2
fpu		: yes
fpu_exception	: yes
cpuid level	: 13
wp		: yes
flags		: fpu vme de pse tsc msr pae mce cx8 apic sep mtrr pge mca cmov pat pse36 clflush dts acpi mmx fxsr sse sse2 ss ht tm pbe syscall nx pdpe1gb rdtscp lm constant_tsc arch_perfmon pebs bts rep_good nopl xtopology nonstop_tsc aperfmperf eagerfpu pni pclmulqdq dtes64 monitor ds_cpl vmx smx est tm2 ssse3 fma cx16 xtpr pdcm pcid sse4_1 sse4_2 x2apic movbe popcnt tsc_deadline_timer aes xsave avx f16c rdrand lahf_lm abm ida arat epb pln pts dtherm tpr_shadow vnmi flexpriority ept vpid fsgsbase tsc_adjust bmi1 avx2 smep bmi2 erms invpcid xsaveopt
bugs		:
bogomips	: 6584.61
clflush size	: 64
cache_alignment	: 64
address sizes	: 39 bits physical, 48 bits virtual
power management:

processor	: 2
vendor_id	: GenuineIntel
cpu family	: 6
model		: 60
model name	: Intel(R) Core(TM) i5-4590 CPU @ 3.30GHz
stepping	: 3
microcode	: 0x1d
cpu MHz		: 3601.769
cache size	: 6144 KB
physical id	: 0
siblings	: 4
core id		: 2
cpu cores	: 4
apicid		: 4
initial apicid	: 4
fpu		: yes
fpu_exception	: yes
cpuid level	: 13
wp		: yes
flags		: fpu vme de pse tsc msr pae mce cx8 apic sep mtrr pge mca cmov pat pse36 clflush dts acpi mmx fxsr sse sse2 ss ht tm pbe syscall nx pdpe1gb rdtscp lm constant_tsc arch_perfmon pebs bts rep_good nopl xtopology nonstop_tsc aperfmperf eagerfpu pni pclmulqdq dtes64 monitor ds_cpl vmx smx est tm2 ssse3 fma cx16 xtpr pdcm pcid sse4_1 sse4_2 x2apic movbe popcnt tsc_deadline_timer aes xsave avx f16c rdrand lahf_lm abm ida arat epb pln pts dtherm tpr_shadow vnmi flexpriority ept vpid fsgsbase tsc_adjust bmi1 avx2 smep bmi2 erms invpcid xsaveopt
bugs		:
bogomips	: 6584.61
clflush size	: 64
cache_alignment	: 64
address sizes	: 39 bits physical, 48 bits virtual
power management:

processor	: 3
vendor_id	: GenuineIntel
cpu family	: 6
model		: 60
model name	: Intel(R) Core(TM) i5-4590 CPU @ 3.30GHz
stepping	: 3
microcode	: 0x1d
cpu MHz		: 3499.933
cache size	: 6144 KB
physical id	: 0
siblings	: 4
core id		: 3
cpu cores	: 4
apicid		: 6
initial apicid	: 6
fpu		: yes
fpu_exception	: yes
cpuid level	: 13
wp		: yes
flags		: fpu vme de pse tsc msr pae mce cx8 apic sep mtrr pge mca cmov pat pse36 clflush dts acpi mmx fxsr sse sse2 ss ht tm pbe syscall nx pdpe1gb rdtscp lm constant_tsc arch_perfmon pebs bts rep_good nopl xtopology nonstop_tsc aperfmperf eagerfpu pni pclmulqdq dtes64 monitor ds_cpl vmx smx est tm2 ssse3 fma cx16 xtpr pdcm pcid sse4_1 sse4_2 x2apic movbe popcnt tsc_deadline_timer aes xsave avx f16c rdrand lahf_lm abm ida arat epb pln pts dtherm tpr_shadow vnmi flexpriority ept vpid fsgsbase tsc_adjust bmi1 avx2 smep bmi2 erms invpcid xsaveopt
bugs		:
bogomips	: 6584.61
clflush size	: 64
cache_alignment	: 64
address sizes	: 39 bits physical, 48 bits virtual
power management:



Memory: 4k page, physical 8121832k(125100k free), swap 0k(0k free)

vm_info: OpenJDK 64-Bit Server VM (24.95-b01) for linux-amd64 JRE (1.7.0_95-b00), built on Jan 21 2016 03:41:02 by "buildd" with gcc 4.9.2

time: Mon Sep 26 12:57:31 2016
elapsed time: 276 seconds

