#
# There is insufficient memory for the Java Runtime Environment to continue.
# Native memory allocation (malloc) failed to allocate 232259584 bytes for committing reserved memory.
# Possible reasons:
#   The system is out of physical RAM or swap space
#   In 32 bit mode, the process size limit was hit
# Possible solutions:
#   Reduce memory load on the system
#   Increase physical memory or swap space
#   Check if swap backing store is full
#   Use 64 bit Java on a 64 bit OS
#   Decrease Java heap size (-Xmx/-Xms)
#   Decrease number of Java threads
#   Decrease Java thread stack sizes (-Xss)
#   Set larger code cache with -XX:ReservedCodeCacheSize=
# This output file may be truncated or incomplete.
#
#  Out of Memory Error (os_linux.cpp:2827), pid=29695, tid=140504346896128
#
# JRE version: OpenJDK Runtime Environment (7.0_95) (build 1.7.0_95-b00)
# Java VM: OpenJDK 64-Bit Server VM (24.95-b01 mixed mode linux-amd64 compressed oops)
# Derivative: IcedTea 2.6.4
# Distribution: Ubuntu 15.04, package 7u95-2.6.4-0ubuntu0.15.04.1
# Failed to write core dump. Core dumps have been disabled. To enable core dumping, try "ulimit -c unlimited" before starting Java again
#

---------------  T H R E A D  ---------------

Current thread (0x00007fc9c013d000):  VMThread [stack: 0x00007fc9b79fa000,0x00007fc9b7afb000] [id=29701]

Stack: [0x00007fc9b79fa000,0x00007fc9b7afb000],  sp=0x00007fc9b7af94e0,  free space=1021k
Native frames: (J=compiled Java code, j=interpreted, Vv=VM code, C=native code)
V  [libjvm.so+0x991aa6]
V  [libjvm.so+0x4934c2]
V  [libjvm.so+0x80371b]
V  [libjvm.so+0x7fddfe]
V  [libjvm.so+0x871c0b]
V  [libjvm.so+0x872ac3]
V  [libjvm.so+0x8731db]
V  [libjvm.so+0x86eb41]
V  [libjvm.so+0x86f3b8]
V  [libjvm.so+0x826a73]
V  [libjvm.so+0x993372]
V  [libjvm.so+0x9977f7]
V  [libjvm.so+0x995f6b]
V  [libjvm.so+0x996616]
V  [libjvm.so+0x996ae1]
V  [libjvm.so+0x800642]

VM_Operation (0x00007fc9c82215d0): ParallelGCFailedAllocation, mode: safepoint, requested by thread 0x00007fc9c000a000


---------------  P R O C E S S  ---------------

Java Threads: ( => current thread )
  0x00007fc9c0176000 JavaThread "Service Thread" daemon [_thread_blocked, id=29707, stack(0x00007fc9b6f87000,0x00007fc9b7088000)]
  0x00007fc9c0173800 JavaThread "C2 CompilerThread1" daemon [_thread_blocked, id=29706, stack(0x00007fc9b7088000,0x00007fc9b7189000)]
  0x00007fc9c0170800 JavaThread "C2 CompilerThread0" daemon [_thread_blocked, id=29705, stack(0x00007fc9b7189000,0x00007fc9b728a000)]
  0x00007fc9c016e000 JavaThread "Signal Dispatcher" daemon [_thread_blocked, id=29704, stack(0x00007fc9b728a000,0x00007fc9b738b000)]
  0x00007fc9c0143800 JavaThread "Finalizer" daemon [_thread_blocked, id=29703, stack(0x00007fc9b77f8000,0x00007fc9b78f9000)]
  0x00007fc9c0141000 JavaThread "Reference Handler" daemon [_thread_blocked, id=29702, stack(0x00007fc9b78f9000,0x00007fc9b79fa000)]
  0x00007fc9c000a000 JavaThread "main" [_thread_blocked, id=29696, stack(0x00007fc9c8122000,0x00007fc9c8223000)]

Other Threads:
=>0x00007fc9c013d000 VMThread [stack: 0x00007fc9b79fa000,0x00007fc9b7afb000] [id=29701]
  0x00007fc9c0188800 WatcherThread [stack: 0x00007fc9b6e86000,0x00007fc9b6f87000] [id=29708]

VM state:at safepoint (normal execution)

VM Mutex/Monitor currently owned by a thread:  ([mutex/lock_event])
[0x00007fc9c0006430] Threads_lock - owner thread: 0x00007fc9c013d000
[0x00007fc9c0006930] Heap_lock - owner thread: 0x00007fc9c000a000

Heap
 PSYoungGen      total 428032K, used 96K [0x00000007d6a80000, 0x00000007f2280000, 0x0000000800000000)
  eden space 406528K, 0% used [0x00000007d6a80000,0x00000007d6a80000,0x00000007ef780000)
  from space 21504K, 0% used [0x00000007ef780000,0x00000007ef798000,0x00000007f0c80000)
  to   space 20480K, 0% used [0x00000007f0c80000,0x00000007f0c80000,0x00000007f2080000)
 ParOldGen       total 84480K, used 40155K [0x0000000784000000, 0x0000000789280000, 0x00000007d6a80000)
  object space 84480K, 47% used [0x0000000784000000,0x0000000786736e70,0x0000000789280000)
 PSPermGen       total 21504K, used 7656K [0x0000000779a00000, 0x000000077af00000, 0x0000000784000000)
  object space 21504K, 35% used [0x0000000779a00000,0x000000077a17a028,0x000000077af00000)

Card table byte_map: [0x00007fc9c48d0000,0x00007fc9c4d04000] byte_map_base: 0x00007fc9c0d03000

Polling page: 0x00007fc9c8243000

Code Cache  [0x00007fc9bd000000, 0x00007fc9bd270000, 0x00007fc9c0000000)
 total_blobs=598 nmethods=343 adapters=208 free_code_cache=47779Kb largest_free_block=48896512

Compilation events (10 events):
Event: 2.109 Thread 0x00007fc9c0173800 nmethod 352 0x00007fc9bd088e10 code [0x00007fc9bd088f40, 0x00007fc9bd088fd8]
Event: 2.109 Thread 0x00007fc9c0173800  353   !         java.lang.ref.Finalizer::remove (94 bytes)
Event: 2.110 Thread 0x00007fc9c0173800 nmethod 353 0x00007fc9bd08c950 code [0x00007fc9bd08caa0, 0x00007fc9bd08cdb8]
Event: 2.110 Thread 0x00007fc9c0173800  354             java.lang.System$2::invokeFinalize (5 bytes)
Event: 2.111 Thread 0x00007fc9c0173800 nmethod 354 0x00007fc9bd151210 code [0x00007fc9bd151360, 0x00007fc9bd1513d8]
Event: 2.111 Thread 0x00007fc9c0170800 nmethod 351 0x00007fc9bd15b250 code [0x00007fc9bd15b3c0, 0x00007fc9bd15b9d8]
Event: 3.152 Thread 0x00007fc9c0173800  355             java.lang.Integer::intValue (5 bytes)
Event: 3.152 Thread 0x00007fc9c0173800 nmethod 355 0x00007fc9bd150e10 code [0x00007fc9bd150f40, 0x00007fc9bd150f98]
Event: 3.580 Thread 0x00007fc9c0170800  356             java.lang.Integer::equals (29 bytes)
Event: 3.580 Thread 0x00007fc9c0170800 nmethod 356 0x00007fc9bd08c690 code [0x00007fc9bd08c7e0, 0x00007fc9bd08c898]

GC Heap History (10 events):
Event: 1.614 GC heap after
Heap after GC invocations=6 (full 0):
 PSYoungGen      total 140288K, used 12556K [0x00000007d6a80000, 0x00000007e0480000, 0x0000000800000000)
  eden space 127488K, 0% used [0x00000007d6a80000,0x00000007d6a80000,0x00000007de700000)
  from space 12800K, 98% used [0x00000007df500000,0x00000007e0143120,0x00000007e0180000)
  to   space 14336K, 0% used [0x00000007de700000,0x00000007de700000,0x00000007df500000)
 ParOldGen       total 84480K, used 16993K [0x0000000784000000, 0x0000000789280000, 0x00000007d6a80000)
  object space 84480K, 20% used [0x0000000784000000,0x0000000785098730,0x0000000789280000)
 PSPermGen       total 21504K, used 7600K [0x0000000779a00000, 0x000000077af00000, 0x0000000784000000)
  object space 21504K, 35% used [0x0000000779a00000,0x000000077a16c0f8,0x000000077af00000)
}
Event: 2.085 GC heap before
{Heap before GC invocations=7 (full 0):
 PSYoungGen      total 140288K, used 140044K [0x00000007d6a80000, 0x00000007e0480000, 0x0000000800000000)
  eden space 127488K, 100% used [0x00000007d6a80000,0x00000007de700000,0x00000007de700000)
  from space 12800K, 98% used [0x00000007df500000,0x00000007e0143120,0x00000007e0180000)
  to   space 14336K, 0% used [0x00000007de700000,0x00000007de700000,0x00000007df500000)
 ParOldGen       total 84480K, used 16993K [0x0000000784000000, 0x0000000789280000, 0x00000007d6a80000)
  object space 84480K, 20% used [0x0000000784000000,0x0000000785098730,0x0000000789280000)
 PSPermGen       total 21504K, used 7656K [0x0000000779a00000, 0x000000077af00000, 0x0000000784000000)
  object space 21504K, 35% used [0x0000000779a00000,0x000000077a17a028,0x000000077af00000)
Event: 2.098 GC heap after
Heap after GC invocations=7 (full 0):
 PSYoungGen      total 141824K, used 14306K [0x00000007d6a80000, 0x00000007e8b80000, 0x0000000800000000)
  eden space 127488K, 0% used [0x00000007d6a80000,0x00000007d6a80000,0x00000007de700000)
  from space 14336K, 99% used [0x00000007de700000,0x00000007df4f8908,0x00000007df500000)
  to   space 20480K, 0% used [0x00000007e7780000,0x00000007e7780000,0x00000007e8b80000)
 ParOldGen       total 84480K, used 25695K [0x0000000784000000, 0x0000000789280000, 0x00000007d6a80000)
  object space 84480K, 30% used [0x0000000784000000,0x0000000785917f60,0x0000000789280000)
 PSPermGen       total 21504K, used 7656K [0x0000000779a00000, 0x000000077af00000, 0x0000000784000000)
  object space 21504K, 35% used [0x0000000779a00000,0x000000077a17a028,0x000000077af00000)
}
Event: 3.326 GC heap before
{Heap before GC invocations=8 (full 0):
 PSYoungGen      total 141824K, used 141794K [0x00000007d6a80000, 0x00000007e8b80000, 0x0000000800000000)
  eden space 127488K, 100% used [0x00000007d6a80000,0x00000007de700000,0x00000007de700000)
  from space 14336K, 99% used [0x00000007de700000,0x00000007df4f8908,0x00000007df500000)
  to   space 20480K, 0% used [0x00000007e7780000,0x00000007e7780000,0x00000007e8b80000)
 ParOldGen       total 84480K, used 25695K [0x0000000784000000, 0x0000000789280000, 0x00000007d6a80000)
  object space 84480K, 30% used [0x0000000784000000,0x0000000785917f60,0x0000000789280000)
 PSPermGen       total 21504K, used 7656K [0x0000000779a00000, 0x000000077af00000, 0x0000000784000000)
  object space 21504K, 35% used [0x0000000779a00000,0x000000077a17a028,0x000000077af00000)
Event: 3.333 GC heap after
Heap after GC invocations=8 (full 0):
 PSYoungGen      total 274944K, used 13943K [0x00000007d6a80000, 0x00000007e8c80000, 0x0000000800000000)
  eden space 254464K, 0% used [0x00000007d6a80000,0x00000007d6a80000,0x00000007e6300000)
  from space 20480K, 68% used [0x00000007e7780000,0x00000007e851df50,0x00000007e8b80000)
  to   space 20992K, 0% used [0x00000007e6300000,0x00000007e6300000,0x00000007e7780000)
 ParOldGen       total 84480K, used 25982K [0x0000000784000000, 0x0000000789280000, 0x00000007d6a80000)
  object space 84480K, 30% used [0x0000000784000000,0x000000078595fb10,0x0000000789280000)
 PSPermGen       total 21504K, used 7656K [0x0000000779a00000, 0x000000077af00000, 0x0000000784000000)
  object space 21504K, 35% used [0x0000000779a00000,0x000000077a17a028,0x000000077af00000)
}
Event: 5.888 GC heap before
{Heap before GC invocations=9 (full 0):
 PSYoungGen      total 274944K, used 268407K [0x00000007d6a80000, 0x00000007e8c80000, 0x0000000800000000)
  eden space 254464K, 100% used [0x00000007d6a80000,0x00000007e6300000,0x00000007e6300000)
  from space 20480K, 68% used [0x00000007e7780000,0x00000007e851df50,0x00000007e8b80000)
  to   space 20992K, 0% used [0x00000007e6300000,0x00000007e6300000,0x00000007e7780000)
 ParOldGen       total 84480K, used 25982K [0x0000000784000000, 0x0000000789280000, 0x00000007d6a80000)
  object space 84480K, 30% used [0x0000000784000000,0x000000078595fb10,0x0000000789280000)
 PSPermGen       total 21504K, used 7656K [0x0000000779a00000, 0x000000077af00000, 0x0000000784000000)
  object space 21504K, 35% used [0x0000000779a00000,0x000000077a17a028,0x000000077af00000)
Event: 5.895 GC heap after
Heap after GC invocations=9 (full 0):
 PSYoungGen      total 275456K, used 6625K [0x00000007d6a80000, 0x00000007f2080000, 0x0000000800000000)
  eden space 254464K, 0% used [0x00000007d6a80000,0x00000007d6a80000,0x00000007e6300000)
  from space 20992K, 31% used [0x00000007e6300000,0x00000007e69785d0,0x00000007e7780000)
  to   space 20480K, 0% used [0x00000007f0c80000,0x00000007f0c80000,0x00000007f2080000)
 ParOldGen       total 84480K, used 33470K [0x0000000784000000, 0x0000000789280000, 0x00000007d6a80000)
  object space 84480K, 39% used [0x0000000784000000,0x00000007860af910,0x0000000789280000)
 PSPermGen       total 21504K, used 7656K [0x0000000779a00000, 0x000000077af00000, 0x0000000784000000)
  object space 21504K, 35% used [0x0000000779a00000,0x000000077a17a028,0x000000077af00000)
}
Event: 9.466 GC heap before
{Heap before GC invocations=10 (full 0):
 PSYoungGen      total 275456K, used 261089K [0x00000007d6a80000, 0x00000007f2080000, 0x0000000800000000)
  eden space 254464K, 100% used [0x00000007d6a80000,0x00000007e6300000,0x00000007e6300000)
  from space 20992K, 31% used [0x00000007e6300000,0x00000007e69785d0,0x00000007e7780000)
  to   space 20480K, 0% used [0x00000007f0c80000,0x00000007f0c80000,0x00000007f2080000)
 ParOldGen       total 84480K, used 33470K [0x0000000784000000, 0x0000000789280000, 0x00000007d6a80000)
  object space 84480K, 39% used [0x0000000784000000,0x00000007860af910,0x0000000789280000)
 PSPermGen       total 21504K, used 7656K [0x0000000779a00000, 0x000000077af00000, 0x0000000784000000)
  object space 21504K, 35% used [0x0000000779a00000,0x000000077a17a028,0x000000077af00000)
Event: 9.493 GC heap after
Heap after GC invocations=10 (full 0):
 PSYoungGen      total 427008K, used 96K [0x00000007d6a80000, 0x00000007f2280000, 0x0000000800000000)
  eden space 406528K, 0% used [0x00000007d6a80000,0x00000007d6a80000,0x00000007ef780000)
  from space 20480K, 0% used [0x00000007f0c80000,0x00000007f0c98000,0x00000007f2080000)
  to   space 21504K, 0% used [0x00000007ef780000,0x00000007ef780000,0x00000007f0c80000)
 ParOldGen       total 84480K, used 40131K [0x0000000784000000, 0x0000000789280000, 0x00000007d6a80000)
  object space 84480K, 47% used [0x0000000784000000,0x0000000786730e70,0x0000000789280000)
 PSPermGen       total 21504K, used 7656K [0x0000000779a00000, 0x000000077af00000, 0x0000000784000000)
  object space 21504K, 35% used [0x0000000779a00000,0x000000077a17a028,0x000000077af00000)
}
Event: 17.846 GC heap before
{Heap before GC invocations=11 (full 0):
 PSYoungGen      total 427008K, used 406624K [0x00000007d6a80000, 0x00000007f2280000, 0x0000000800000000)
  eden space 406528K, 100% used [0x00000007d6a80000,0x00000007ef780000,0x00000007ef780000)
  from space 20480K, 0% used [0x00000007f0c80000,0x00000007f0c98000,0x00000007f2080000)
  to   space 21504K, 0% used [0x00000007ef780000,0x00000007ef780000,0x00000007f0c80000)
 ParOldGen       total 84480K, used 40131K [0x0000000784000000, 0x0000000789280000, 0x00000007d6a80000)
  object space 84480K, 47% used [0x0000000784000000,0x0000000786730e70,0x0000000789280000)
 PSPermGen       total 21504K, used 7656K [0x0000000779a00000, 0x000000077af00000, 0x0000000784000000)
  object space 21504K, 35% used [0x0000000779a00000,0x000000077a17a028,0x000000077af00000)

Deoptimization events (10 events):
Event: 1.793 Thread 0x00007fc9c000a000 Uncommon trap: reason=unstable_if action=reinterpret pc=0x00007fc9bd09300c method=org.objectweb.asm.ByteVector.encodeUTF8(Ljava/lang/String;II)Lorg/objectweb/asm/ByteVector; @ 30
Event: 1.804 Thread 0x00007fc9c000a000 Uncommon trap: reason=unstable_if action=reinterpret pc=0x00007fc9bd09e450 method=java.lang.Integer.toString(I)Ljava/lang/String; @ 3
Event: 1.805 Thread 0x00007fc9c000a000 Uncommon trap: reason=unstable_if action=reinterpret pc=0x00007fc9bd082320 method=java.lang.Integer.toString(I)Ljava/lang/String; @ 3
Event: 1.859 Thread 0x00007fc9c000a000 Uncommon trap: reason=unstable_if action=reinterpret pc=0x00007fc9bd0a2a84 method=java.util.zip.ZipFile.getEntry(Ljava/lang/String;)Ljava/util/zip/ZipEntry; @ 45
Event: 1.859 Thread 0x00007fc9c000a000 Uncommon trap: reason=unstable_if action=reinterpret pc=0x00007fc9bd09ba20 method=java.util.zip.ZipFile.getEntry(Ljava/lang/String;)Ljava/util/zip/ZipEntry; @ 45
Event: 1.859 Thread 0x00007fc9c000a000 Uncommon trap: reason=unstable_if action=reinterpret pc=0x00007fc9bd07572c method=java.lang.CharacterDataLatin1.toUpperCase(I)I @ 12
Event: 1.859 Thread 0x00007fc9c000a000 Uncommon trap: reason=unstable_if action=reinterpret pc=0x00007fc9bd070a0c method=java.lang.CharacterDataLatin1.toUpperCase(I)I @ 12
Event: 1.859 Thread 0x00007fc9c000a000 Uncommon trap: reason=unstable_if action=reinterpret pc=0x00007fc9bd09ea6c method=java.util.WeakHashMap.remove(Ljava/lang/Object;)Ljava/lang/Object; @ 67
Event: 1.861 Thread 0x00007fc9c000a000 Uncommon trap: reason=unstable_if action=reinterpret pc=0x00007fc9bd135e4c method=java.util.HashMap$HashIterator.<init>(Ljava/util/HashMap;)V @ 56
Event: 1.969 Thread 0x00007fc9c000a000 Uncommon trap: reason=unstable_if action=reinterpret pc=0x00007fc9bd158050 method=com.github.stigmata.printer.xml.ComparisonPairXmlPrinter.printComparisonPair(Ljava/io/PrintWriter;Lcom/github/stigmata/ComparisonPair;)V @ 135

Internal exceptions (10 events):
Event: 0.536 Thread 0x00007fc9c000a000 Threw 0x00000007d879f4c8 at /build/openjdk-7-3x2aMC/openjdk-7-7u95-2.6.4/build/openjdk/hotspot/src/share/vm/prims/jvm.cpp:1322
Event: 0.536 Thread 0x00007fc9c000a000 Threw 0x00000007d87a3100 at /build/openjdk-7-3x2aMC/openjdk-7-7u95-2.6.4/build/openjdk/hotspot/src/share/vm/prims/jvm.cpp:1322
Event: 0.538 Thread 0x00007fc9c000a000 Threw 0x00000007d87a6088 at /build/openjdk-7-3x2aMC/openjdk-7-7u95-2.6.4/build/openjdk/hotspot/src/share/vm/prims/jvm.cpp:1322
Event: 0.538 Thread 0x00007fc9c000a000 Threw 0x00000007d87aa1c8 at /build/openjdk-7-3x2aMC/openjdk-7-7u95-2.6.4/build/openjdk/hotspot/src/share/vm/prims/jvm.cpp:1322
Event: 0.539 Thread 0x00007fc9c000a000 Threw 0x00000007d87b1850 at /build/openjdk-7-3x2aMC/openjdk-7-7u95-2.6.4/build/openjdk/hotspot/src/share/vm/prims/jvm.cpp:1322
Event: 0.544 Thread 0x00007fc9c000a000 Threw 0x00000007d8816098 at /build/openjdk-7-3x2aMC/openjdk-7-7u95-2.6.4/build/openjdk/hotspot/src/share/vm/prims/jvm.cpp:1322
Event: 1.860 Thread 0x00007fc9c000a000 Threw 0x00000007dd49c7b8 at /build/openjdk-7-3x2aMC/openjdk-7-7u95-2.6.4/build/openjdk/hotspot/src/share/vm/prims/jvm.cpp:1322
Event: 1.860 Thread 0x00007fc9c000a000 Threw 0x00000007dd4a2380 at /build/openjdk-7-3x2aMC/openjdk-7-7u95-2.6.4/build/openjdk/hotspot/src/share/vm/prims/jvm.cpp:1322
Event: 1.860 Thread 0x00007fc9c000a000 Threw 0x00000007dd4b76a0 at /build/openjdk-7-3x2aMC/openjdk-7-7u95-2.6.4/build/openjdk/hotspot/src/share/vm/prims/jvm.cpp:1322
Event: 1.861 Thread 0x00007fc9c000a000 Threw 0x00000007dd4bb7a0 at /build/openjdk-7-3x2aMC/openjdk-7-7u95-2.6.4/build/openjdk/hotspot/src/share/vm/prims/jvm.cpp:1322

Events (10 events):
Event: 3.152 Thread 0x00007fc9c0173800 flushing nmethod 0x00007fc9bd0e4350
Event: 3.326 Executing VM operation: ParallelGCFailedAllocation
Event: 3.333 Executing VM operation: ParallelGCFailedAllocation done
Event: 4.062 Executing VM operation: EnableBiasedLocking
Event: 4.062 Executing VM operation: EnableBiasedLocking done
Event: 5.888 Executing VM operation: ParallelGCFailedAllocation
Event: 5.895 Executing VM operation: ParallelGCFailedAllocation done
Event: 9.466 Executing VM operation: ParallelGCFailedAllocation
Event: 9.493 Executing VM operation: ParallelGCFailedAllocation done
Event: 16.813 Executing VM operation: ParallelGCFailedAllocation


Dynamic libraries:
00400000-00401000 r-xp 00000000 08:07 13641842                           /usr/lib/jvm/java-7-openjdk-amd64/jre/bin/java
00600000-00601000 r--p 00000000 08:07 13641842                           /usr/lib/jvm/java-7-openjdk-amd64/jre/bin/java
00601000-00602000 rw-p 00001000 08:07 13641842                           /usr/lib/jvm/java-7-openjdk-amd64/jre/bin/java
01d80000-01da1000 rw-p 00000000 00:00 0                                  [heap]
779a00000-77af00000 rw-p 00000000 00:00 0 
77af00000-784000000 rw-p 00000000 00:00 0 
784000000-789280000 rw-p 00000000 00:00 0 
789280000-7d6a80000 rw-p 00000000 00:00 0 
7d6a80000-7f2280000 rw-p 00000000 00:00 0 
7fc964000000-7fc967ffd000 rw-p 00000000 00:00 0 
7fc967ffd000-7fc968000000 ---p 00000000 00:00 0 
7fc968000000-7fc9689fa000 rw-p 00000000 00:00 0 
7fc9689fa000-7fc96c000000 ---p 00000000 00:00 0 
7fc96c000000-7fc96fffc000 rw-p 00000000 00:00 0 
7fc96fffc000-7fc970000000 ---p 00000000 00:00 0 
7fc970000000-7fc973ffc000 rw-p 00000000 00:00 0 
7fc973ffc000-7fc974000000 ---p 00000000 00:00 0 
7fc974000000-7fc974021000 rw-p 00000000 00:00 0 
7fc974021000-7fc978000000 ---p 00000000 00:00 0 
7fc978000000-7fc97bffc000 rw-p 00000000 00:00 0 
7fc97bffc000-7fc97c000000 ---p 00000000 00:00 0 
7fc97c000000-7fc97ce59000 rw-p 00000000 00:00 0 
7fc97ce59000-7fc980000000 ---p 00000000 00:00 0 
7fc980000000-7fc980021000 rw-p 00000000 00:00 0 
7fc980021000-7fc984000000 ---p 00000000 00:00 0 
7fc984000000-7fc984021000 rw-p 00000000 00:00 0 
7fc984021000-7fc988000000 ---p 00000000 00:00 0 
7fc988000000-7fc9893ec000 rw-p 00000000 00:00 0 
7fc9893ec000-7fc98c000000 ---p 00000000 00:00 0 
7fc98c000000-7fc98c021000 rw-p 00000000 00:00 0 
7fc98c021000-7fc990000000 ---p 00000000 00:00 0 
7fc990000000-7fc990021000 rw-p 00000000 00:00 0 
7fc990021000-7fc994000000 ---p 00000000 00:00 0 
7fc994000000-7fc994021000 rw-p 00000000 00:00 0 
7fc994021000-7fc998000000 ---p 00000000 00:00 0 
7fc99bcd0000-7fc9a0000000 rw-p 00000000 00:00 0 
7fc9a0000000-7fc9a0021000 rw-p 00000000 00:00 0 
7fc9a0021000-7fc9a4000000 ---p 00000000 00:00 0 
7fc9a8000000-7fc9a8021000 rw-p 00000000 00:00 0 
7fc9a8021000-7fc9ac000000 ---p 00000000 00:00 0 
7fc9b0000000-7fc9b0021000 rw-p 00000000 00:00 0 
7fc9b0021000-7fc9b4000000 ---p 00000000 00:00 0 
7fc9b527f000-7fc9b52dc000 r--s 00344000 08:07 5246096                    /home/hit_alan/zhoufandi/somefilebetweenlinuxandwindows/dex2jar-2.0/a5071abca90be904f8df9b1894aa9bd0132142a69206ebc5671ef67794080fdd/clientdex2jar.jar
7fc9b52dc000-7fc9b534e000 r--s 003e6000 08:07 5246091                    /home/hit_alan/zhoufandi/somefilebetweenlinuxandwindows/dex2jar-2.0/a5071abca90be904f8df9b1894aa9bd0132142a69206ebc5671ef67794080fdd/channeldex2jar.jar
7fc9b534e000-7fc9b53c0000 r--s 003e6000 08:07 5246091                    /home/hit_alan/zhoufandi/somefilebetweenlinuxandwindows/dex2jar-2.0/a5071abca90be904f8df9b1894aa9bd0132142a69206ebc5671ef67794080fdd/channeldex2jar.jar
7fc9b53c0000-7fc9b56c1000 rw-p 00000000 00:00 0 
7fc9b56c1000-7fc9b572d000 r-xp 00000000 08:07 16257056                   /lib/x86_64-linux-gnu/libpcre.so.3.13.1
7fc9b572d000-7fc9b592c000 ---p 0006c000 08:07 16257056                   /lib/x86_64-linux-gnu/libpcre.so.3.13.1
7fc9b592c000-7fc9b592d000 r--p 0006b000 08:07 16257056                   /lib/x86_64-linux-gnu/libpcre.so.3.13.1
7fc9b592d000-7fc9b592e000 rw-p 0006c000 08:07 16257056                   /lib/x86_64-linux-gnu/libpcre.so.3.13.1
7fc9b592e000-7fc9b5935000 r-xp 00000000 08:07 13631618                   /usr/lib/x86_64-linux-gnu/libffi.so.6.0.4
7fc9b5935000-7fc9b5b34000 ---p 00007000 08:07 13631618                   /usr/lib/x86_64-linux-gnu/libffi.so.6.0.4
7fc9b5b34000-7fc9b5b35000 r--p 00006000 08:07 13631618                   /usr/lib/x86_64-linux-gnu/libffi.so.6.0.4
7fc9b5b35000-7fc9b5b36000 rw-p 00007000 08:07 13631618                   /usr/lib/x86_64-linux-gnu/libffi.so.6.0.4
7fc9b5b36000-7fc9b5b4d000 r-xp 00000000 08:07 16253007                   /lib/x86_64-linux-gnu/libresolv-2.21.so
7fc9b5b4d000-7fc9b5d4d000 ---p 00017000 08:07 16253007                   /lib/x86_64-linux-gnu/libresolv-2.21.so
7fc9b5d4d000-7fc9b5d4f000 r--p 00017000 08:07 16253007                   /lib/x86_64-linux-gnu/libresolv-2.21.so
7fc9b5d4f000-7fc9b5d50000 rw-p 00019000 08:07 16253007                   /lib/x86_64-linux-gnu/libresolv-2.21.so
7fc9b5d50000-7fc9b5d52000 rw-p 00000000 00:00 0 
7fc9b5d52000-7fc9b5d73000 r-xp 00000000 08:07 16257131                   /lib/x86_64-linux-gnu/libselinux.so.1
7fc9b5d73000-7fc9b5f72000 ---p 00021000 08:07 16257131                   /lib/x86_64-linux-gnu/libselinux.so.1
7fc9b5f72000-7fc9b5f73000 r--p 00020000 08:07 16257131                   /lib/x86_64-linux-gnu/libselinux.so.1
7fc9b5f73000-7fc9b5f74000 rw-p 00021000 08:07 16257131                   /lib/x86_64-linux-gnu/libselinux.so.1
7fc9b5f74000-7fc9b5f76000 rw-p 00000000 00:00 0 
7fc9b5f76000-7fc9b5f79000 r-xp 00000000 08:07 13631893                   /usr/lib/x86_64-linux-gnu/libgmodule-2.0.so.0.4400.1
7fc9b5f79000-7fc9b6178000 ---p 00003000 08:07 13631893                   /usr/lib/x86_64-linux-gnu/libgmodule-2.0.so.0.4400.1
7fc9b6178000-7fc9b6179000 r--p 00002000 08:07 13631893                   /usr/lib/x86_64-linux-gnu/libgmodule-2.0.so.0.4400.1
7fc9b6179000-7fc9b617a000 rw-p 00003000 08:07 13631893                   /usr/lib/x86_64-linux-gnu/libgmodule-2.0.so.0.4400.1
7fc9b617a000-7fc9b6287000 r-xp 00000000 08:07 16257102                   /lib/x86_64-linux-gnu/libglib-2.0.so.0.4400.1
7fc9b6287000-7fc9b6486000 ---p 0010d000 08:07 16257102                   /lib/x86_64-linux-gnu/libglib-2.0.so.0.4400.1
7fc9b6486000-7fc9b6487000 r--p 0010c000 08:07 16257102                   /lib/x86_64-linux-gnu/libglib-2.0.so.0.4400.1
7fc9b6487000-7fc9b6488000 rw-p 0010d000 08:07 16257102                   /lib/x86_64-linux-gnu/libglib-2.0.so.0.4400.1
7fc9b6488000-7fc9b6489000 rw-p 00000000 00:00 0 
7fc9b6489000-7fc9b64d9000 r-xp 00000000 08:07 13631853                   /usr/lib/x86_64-linux-gnu/libgobject-2.0.so.0.4400.1
7fc9b64d9000-7fc9b66d9000 ---p 00050000 08:07 13631853                   /usr/lib/x86_64-linux-gnu/libgobject-2.0.so.0.4400.1
7fc9b66d9000-7fc9b66da000 r--p 00050000 08:07 13631853                   /usr/lib/x86_64-linux-gnu/libgobject-2.0.so.0.4400.1
7fc9b66da000-7fc9b66db000 rw-p 00051000 08:07 13631853                   /usr/lib/x86_64-linux-gnu/libgobject-2.0.so.0.4400.1
7fc9b66db000-7fc9b6853000 r-xp 00000000 08:07 13631875                   /usr/lib/x86_64-linux-gnu/libgio-2.0.so.0.4400.1
7fc9b6853000-7fc9b6a53000 ---p 00178000 08:07 13631875                   /usr/lib/x86_64-linux-gnu/libgio-2.0.so.0.4400.1
7fc9b6a53000-7fc9b6a57000 r--p 00178000 08:07 13631875                   /usr/lib/x86_64-linux-gnu/libgio-2.0.so.0.4400.1
7fc9b6a57000-7fc9b6a59000 rw-p 0017c000 08:07 13631875                   /usr/lib/x86_64-linux-gnu/libgio-2.0.so.0.4400.1
7fc9b6a59000-7fc9b6a5b000 rw-p 00000000 00:00 0 
7fc9b6a5b000-7fc9b6a73000 r-xp 00000000 08:07 13642175                   /usr/lib/jvm/java-7-openjdk-amd64/jre/lib/amd64/libnet.so
7fc9b6a73000-7fc9b6c72000 ---p 00018000 08:07 13642175                   /usr/lib/jvm/java-7-openjdk-amd64/jre/lib/amd64/libnet.so
7fc9b6c72000-7fc9b6c73000 r--p 00017000 08:07 13642175                   /usr/lib/jvm/java-7-openjdk-amd64/jre/lib/amd64/libnet.so
7fc9b6c73000-7fc9b6c74000 rw-p 00018000 08:07 13642175                   /usr/lib/jvm/java-7-openjdk-amd64/jre/lib/amd64/libnet.so
7fc9b6c74000-7fc9b6c85000 r-xp 00000000 08:07 13642136                   /usr/lib/jvm/java-7-openjdk-amd64/jre/lib/amd64/libnio.so
7fc9b6c85000-7fc9b6e84000 ---p 00011000 08:07 13642136                   /usr/lib/jvm/java-7-openjdk-amd64/jre/lib/amd64/libnio.so
7fc9b6e84000-7fc9b6e85000 r--p 00010000 08:07 13642136                   /usr/lib/jvm/java-7-openjdk-amd64/jre/lib/amd64/libnio.so
7fc9b6e85000-7fc9b6e86000 rw-p 00011000 08:07 13642136                   /usr/lib/jvm/java-7-openjdk-amd64/jre/lib/amd64/libnio.so
7fc9b6e86000-7fc9b6e87000 ---p 00000000 00:00 0 
7fc9b6e87000-7fc9b6f87000 rw-p 00000000 00:00 0 
7fc9b6f87000-7fc9b6f8a000 ---p 00000000 00:00 0 
7fc9b6f8a000-7fc9b7088000 rw-p 00000000 00:00 0 
7fc9b7088000-7fc9b708b000 ---p 00000000 00:00 0 
7fc9b708b000-7fc9b7189000 rw-p 00000000 00:00 0 
7fc9b7189000-7fc9b718c000 ---p 00000000 00:00 0 
7fc9b718c000-7fc9b728a000 rw-p 00000000 00:00 0 
7fc9b728a000-7fc9b728d000 ---p 00000000 00:00 0 
7fc9b728d000-7fc9b738b000 rw-p 00000000 00:00 0 
7fc9b738b000-7fc9b77f8000 r--p 00000000 08:07 13634881                   /usr/lib/locale/locale-archive
7fc9b77f8000-7fc9b77fb000 ---p 00000000 00:00 0 
7fc9b77fb000-7fc9b78f9000 rw-p 00000000 00:00 0 
7fc9b78f9000-7fc9b78fc000 ---p 00000000 00:00 0 
7fc9b78fc000-7fc9b79fa000 rw-p 00000000 00:00 0 
7fc9b79fa000-7fc9b79fb000 ---p 00000000 00:00 0 
7fc9b79fb000-7fc9b8000000 rw-p 00000000 00:00 0 
7fc9b8000000-7fc9b8021000 rw-p 00000000 00:00 0 
7fc9b8021000-7fc9bc000000 ---p 00000000 00:00 0 
7fc9bc011000-7fc9bca1b000 rw-p 00000000 00:00 0 
7fc9bca1b000-7fc9bcbcd000 r--s 01d2f000 08:07 13642124                   /usr/lib/jvm/java-7-openjdk-amd64/jre/lib/rt.jar
7fc9bcbcd000-7fc9bd000000 rw-p 00000000 00:00 0 
7fc9bd000000-7fc9bd270000 rwxp 00000000 00:00 0 
7fc9bd270000-7fc9c3fff000 rw-p 00000000 00:00 0 
7fc9c3fff000-7fc9c4000000 ---p 00000000 00:00 0 
7fc9c4075000-7fc9c407c000 r--s 00000000 08:07 13902402                   /usr/lib/x86_64-linux-gnu/gconv/gconv-modules.cache
7fc9c407c000-7fc9c4090000 r--p 00000000 08:07 14421516                   /usr/share/locale-langpack/zh_CN/LC_MESSAGES/libc.mo
7fc9c4090000-7fc9c409a000 r--s 000ae000 08:07 13642193                   /usr/lib/jvm/java-7-openjdk-amd64/jre/lib/resources.jar
7fc9c409a000-7fc9c409f000 r--s 00036000 08:07 7081023                    /home/hit_alan/zhoufandi/somefilebetweenlinuxandwindows/target/asm-all-5.0.3.jar
7fc9c409f000-7fc9c41e3000 rw-p 00000000 00:00 0 
7fc9c41e3000-7fc9c41e4000 ---p 00000000 00:00 0 
7fc9c41e4000-7fc9c42e4000 rw-p 00000000 00:00 0 
7fc9c42e4000-7fc9c42e5000 ---p 00000000 00:00 0 
7fc9c42e5000-7fc9c43e5000 rw-p 00000000 00:00 0 
7fc9c43e5000-7fc9c43e6000 ---p 00000000 00:00 0 
7fc9c43e6000-7fc9c44e6000 rw-p 00000000 00:00 0 
7fc9c44e6000-7fc9c44e7000 ---p 00000000 00:00 0 
7fc9c44e7000-7fc9c45f2000 rw-p 00000000 00:00 0 
7fc9c45f2000-7fc9c463a000 rw-p 00000000 00:00 0 
7fc9c463a000-7fc9c4664000 rw-p 00000000 00:00 0 
7fc9c4664000-7fc9c48d0000 rw-p 00000000 00:00 0 
7fc9c48d0000-7fc9c48db000 rw-p 00000000 00:00 0 
7fc9c48db000-7fc9c4923000 rw-p 00000000 00:00 0 
7fc9c4923000-7fc9c494d000 rw-p 00000000 00:00 0 
7fc9c494d000-7fc9c4bb8000 rw-p 00000000 00:00 0 
7fc9c4bb8000-7fc9c4c95000 rw-p 00000000 00:00 0 
7fc9c4c95000-7fc9c4d03000 rw-p 00000000 00:00 0 
7fc9c4d03000-7fc9c4d04000 rw-p 00000000 00:00 0 
7fc9c4d04000-7fc9c4d0c000 r-xp 00000000 08:07 13642144                   /usr/lib/jvm/java-7-openjdk-amd64/jre/lib/amd64/libzip.so
7fc9c4d0c000-7fc9c4f0b000 ---p 00008000 08:07 13642144                   /usr/lib/jvm/java-7-openjdk-amd64/jre/lib/amd64/libzip.so
7fc9c4f0b000-7fc9c4f0c000 r--p 00007000 08:07 13642144                   /usr/lib/jvm/java-7-openjdk-amd64/jre/lib/amd64/libzip.so
7fc9c4f0c000-7fc9c4f0d000 rw-p 00008000 08:07 13642144                   /usr/lib/jvm/java-7-openjdk-amd64/jre/lib/amd64/libzip.so
7fc9c4f0d000-7fc9c4f19000 r-xp 00000000 08:07 16253008                   /lib/x86_64-linux-gnu/libnss_files-2.21.so
7fc9c4f19000-7fc9c5118000 ---p 0000c000 08:07 16253008                   /lib/x86_64-linux-gnu/libnss_files-2.21.so
7fc9c5118000-7fc9c5119000 r--p 0000b000 08:07 16253008                   /lib/x86_64-linux-gnu/libnss_files-2.21.so
7fc9c5119000-7fc9c511a000 rw-p 0000c000 08:07 16253008                   /lib/x86_64-linux-gnu/libnss_files-2.21.so
7fc9c511a000-7fc9c5125000 r-xp 00000000 08:07 16252996                   /lib/x86_64-linux-gnu/libnss_nis-2.21.so
7fc9c5125000-7fc9c5324000 ---p 0000b000 08:07 16252996                   /lib/x86_64-linux-gnu/libnss_nis-2.21.so
7fc9c5324000-7fc9c5325000 r--p 0000a000 08:07 16252996                   /lib/x86_64-linux-gnu/libnss_nis-2.21.so
7fc9c5325000-7fc9c5326000 rw-p 0000b000 08:07 16252996                   /lib/x86_64-linux-gnu/libnss_nis-2.21.so
7fc9c5326000-7fc9c533d000 r-xp 00000000 08:07 16257004                   /lib/x86_64-linux-gnu/libnsl-2.21.so
7fc9c533d000-7fc9c553c000 ---p 00017000 08:07 16257004                   /lib/x86_64-linux-gnu/libnsl-2.21.so
7fc9c553c000-7fc9c553d000 r--p 00016000 08:07 16257004                   /lib/x86_64-linux-gnu/libnsl-2.21.so
7fc9c553d000-7fc9c553e000 rw-p 00017000 08:07 16257004                   /lib/x86_64-linux-gnu/libnsl-2.21.so
7fc9c553e000-7fc9c5540000 rw-p 00000000 00:00 0 
7fc9c5540000-7fc9c5548000 r-xp 00000000 08:07 16253010                   /lib/x86_64-linux-gnu/libnss_compat-2.21.so
7fc9c5548000-7fc9c5747000 ---p 00008000 08:07 16253010                   /lib/x86_64-linux-gnu/libnss_compat-2.21.so
7fc9c5747000-7fc9c5748000 r--p 00007000 08:07 16253010                   /lib/x86_64-linux-gnu/libnss_compat-2.21.so
7fc9c5748000-7fc9c5749000 rw-p 00008000 08:07 16253010                   /lib/x86_64-linux-gnu/libnss_compat-2.21.so
7fc9c5749000-7fc9c5776000 r-xp 00000000 08:07 13642157                   /usr/lib/jvm/java-7-openjdk-amd64/jre/lib/amd64/libjava.so
7fc9c5776000-7fc9c5975000 ---p 0002d000 08:07 13642157                   /usr/lib/jvm/java-7-openjdk-amd64/jre/lib/amd64/libjava.so
7fc9c5975000-7fc9c5976000 r--p 0002c000 08:07 13642157                   /usr/lib/jvm/java-7-openjdk-amd64/jre/lib/amd64/libjava.so
7fc9c5976000-7fc9c5978000 rw-p 0002d000 08:07 13642157                   /usr/lib/jvm/java-7-openjdk-amd64/jre/lib/amd64/libjava.so
7fc9c5978000-7fc9c5987000 r-xp 00000000 08:07 13642171                   /usr/lib/jvm/java-7-openjdk-amd64/jre/lib/amd64/libverify.so
7fc9c5987000-7fc9c5b86000 ---p 0000f000 08:07 13642171                   /usr/lib/jvm/java-7-openjdk-amd64/jre/lib/amd64/libverify.so
7fc9c5b86000-7fc9c5b89000 r--p 0000e000 08:07 13642171                   /usr/lib/jvm/java-7-openjdk-amd64/jre/lib/amd64/libverify.so
7fc9c5b89000-7fc9c5b8a000 rw-p 00011000 08:07 13642171                   /usr/lib/jvm/java-7-openjdk-amd64/jre/lib/amd64/libverify.so
7fc9c5b8a000-7fc9c5b91000 r-xp 00000000 08:07 16257005                   /lib/x86_64-linux-gnu/librt-2.21.so
7fc9c5b91000-7fc9c5d90000 ---p 00007000 08:07 16257005                   /lib/x86_64-linux-gnu/librt-2.21.so
7fc9c5d90000-7fc9c5d91000 r--p 00006000 08:07 16257005                   /lib/x86_64-linux-gnu/librt-2.21.so
7fc9c5d91000-7fc9c5d92000 rw-p 00007000 08:07 16257005                   /lib/x86_64-linux-gnu/librt-2.21.so
7fc9c5d92000-7fc9c5da8000 r-xp 00000000 08:07 16257047                   /lib/x86_64-linux-gnu/libgcc_s.so.1
7fc9c5da8000-7fc9c5fa7000 ---p 00016000 08:07 16257047                   /lib/x86_64-linux-gnu/libgcc_s.so.1
7fc9c5fa7000-7fc9c5fa8000 rw-p 00015000 08:07 16257047                   /lib/x86_64-linux-gnu/libgcc_s.so.1
7fc9c5fa8000-7fc9c60af000 r-xp 00000000 08:07 16257003                   /lib/x86_64-linux-gnu/libm-2.21.so
7fc9c60af000-7fc9c62ae000 ---p 00107000 08:07 16257003                   /lib/x86_64-linux-gnu/libm-2.21.so
7fc9c62ae000-7fc9c62af000 r--p 00106000 08:07 16257003                   /lib/x86_64-linux-gnu/libm-2.21.so
7fc9c62af000-7fc9c62b0000 rw-p 00107000 08:07 16257003                   /lib/x86_64-linux-gnu/libm-2.21.so
7fc9c62b0000-7fc9c63a0000 r-xp 00000000 08:07 13631543                   /usr/lib/x86_64-linux-gnu/libstdc++.so.6.0.20
7fc9c63a0000-7fc9c65a0000 ---p 000f0000 08:07 13631543                   /usr/lib/x86_64-linux-gnu/libstdc++.so.6.0.20
7fc9c65a0000-7fc9c65a8000 r--p 000f0000 08:07 13631543                   /usr/lib/x86_64-linux-gnu/libstdc++.so.6.0.20
7fc9c65a8000-7fc9c65aa000 rw-p 000f8000 08:07 13631543                   /usr/lib/x86_64-linux-gnu/libstdc++.so.6.0.20
7fc9c65aa000-7fc9c65bf000 rw-p 00000000 00:00 0 
7fc9c65bf000-7fc9c711f000 r-xp 00000000 08:07 13642163                   /usr/lib/jvm/java-7-openjdk-amd64/jre/lib/amd64/server/libjvm.so
7fc9c711f000-7fc9c731f000 ---p 00b60000 08:07 13642163                   /usr/lib/jvm/java-7-openjdk-amd64/jre/lib/amd64/server/libjvm.so
7fc9c731f000-7fc9c73be000 r--p 00b60000 08:07 13642163                   /usr/lib/jvm/java-7-openjdk-amd64/jre/lib/amd64/server/libjvm.so
7fc9c73be000-7fc9c73e1000 rw-p 00bff000 08:07 13642163                   /usr/lib/jvm/java-7-openjdk-amd64/jre/lib/amd64/server/libjvm.so
7fc9c73e1000-7fc9c740e000 rw-p 00000000 00:00 0 
7fc9c740e000-7fc9c7427000 r-xp 00000000 08:07 16257026                   /lib/x86_64-linux-gnu/libz.so.1.2.8
7fc9c7427000-7fc9c7627000 ---p 00019000 08:07 16257026                   /lib/x86_64-linux-gnu/libz.so.1.2.8
7fc9c7627000-7fc9c7628000 r--p 00019000 08:07 16257026                   /lib/x86_64-linux-gnu/libz.so.1.2.8
7fc9c7628000-7fc9c7629000 rw-p 0001a000 08:07 16257026                   /lib/x86_64-linux-gnu/libz.so.1.2.8
7fc9c7629000-7fc9c7641000 r-xp 00000000 08:07 16253005                   /lib/x86_64-linux-gnu/libpthread-2.21.so
7fc9c7641000-7fc9c7841000 ---p 00018000 08:07 16253005                   /lib/x86_64-linux-gnu/libpthread-2.21.so
7fc9c7841000-7fc9c7842000 r--p 00018000 08:07 16253005                   /lib/x86_64-linux-gnu/libpthread-2.21.so
7fc9c7842000-7fc9c7843000 rw-p 00019000 08:07 16253005                   /lib/x86_64-linux-gnu/libpthread-2.21.so
7fc9c7843000-7fc9c7847000 rw-p 00000000 00:00 0 
7fc9c7847000-7fc9c784a000 r-xp 00000000 08:07 16253001                   /lib/x86_64-linux-gnu/libdl-2.21.so
7fc9c784a000-7fc9c7a49000 ---p 00003000 08:07 16253001                   /lib/x86_64-linux-gnu/libdl-2.21.so
7fc9c7a49000-7fc9c7a4a000 r--p 00002000 08:07 16253001                   /lib/x86_64-linux-gnu/libdl-2.21.so
7fc9c7a4a000-7fc9c7a4b000 rw-p 00003000 08:07 16253001                   /lib/x86_64-linux-gnu/libdl-2.21.so
7fc9c7a4b000-7fc9c7c0b000 r-xp 00000000 08:07 16257010                   /lib/x86_64-linux-gnu/libc-2.21.so
7fc9c7c0b000-7fc9c7e0b000 ---p 001c0000 08:07 16257010                   /lib/x86_64-linux-gnu/libc-2.21.so
7fc9c7e0b000-7fc9c7e0f000 r--p 001c0000 08:07 16257010                   /lib/x86_64-linux-gnu/libc-2.21.so
7fc9c7e0f000-7fc9c7e11000 rw-p 001c4000 08:07 16257010                   /lib/x86_64-linux-gnu/libc-2.21.so
7fc9c7e11000-7fc9c7e15000 rw-p 00000000 00:00 0 
7fc9c7e15000-7fc9c7e22000 r-xp 00000000 08:07 13642172                   /usr/lib/jvm/java-7-openjdk-amd64/jre/lib/amd64/jli/libjli.so
7fc9c7e22000-7fc9c8021000 ---p 0000d000 08:07 13642172                   /usr/lib/jvm/java-7-openjdk-amd64/jre/lib/amd64/jli/libjli.so
7fc9c8021000-7fc9c8022000 r--p 0000c000 08:07 13642172                   /usr/lib/jvm/java-7-openjdk-amd64/jre/lib/amd64/jli/libjli.so
7fc9c8022000-7fc9c8023000 rw-p 0000d000 08:07 13642172                   /usr/lib/jvm/java-7-openjdk-amd64/jre/lib/amd64/jli/libjli.so
7fc9c8023000-7fc9c8047000 r-xp 00000000 08:07 16253004                   /lib/x86_64-linux-gnu/ld-2.21.so
7fc9c8047000-7fc9c8048000 rw-p 00000000 00:00 0 
7fc9c8048000-7fc9c8049000 r--s 00005000 08:07 7081028                    /home/hit_alan/zhoufandi/somefilebetweenlinuxandwindows/target/csvio-1.0.2.jar
7fc9c8049000-7fc9c804a000 r--s 00008000 08:07 7081026                    /home/hit_alan/zhoufandi/somefilebetweenlinuxandwindows/target/commons-cli-1.1.jar
7fc9c804a000-7fc9c804c000 r--s 0001d000 08:07 7081025                    /home/hit_alan/zhoufandi/somefilebetweenlinuxandwindows/target/xmlcli-1.2.3.jar
7fc9c804c000-7fc9c804e000 r--s 0000d000 08:07 7081029                    /home/hit_alan/zhoufandi/somefilebetweenlinuxandwindows/target/commons-logging-1.1.1.jar
7fc9c804e000-7fc9c8053000 r--s 00034000 08:07 7081024                    /home/hit_alan/zhoufandi/somefilebetweenlinuxandwindows/target/commons-beanutils-1.8.3.jar
7fc9c8053000-7fc9c805e000 r--s 000b4000 08:07 7081123                    /home/hit_alan/zhoufandi/somefilebetweenlinuxandwindows/target/stigmata-5.0-SNAPSHOT.jar
7fc9c805e000-7fc9c8062000 r--s 00034000 08:07 13642025                   /usr/lib/jvm/java-7-openjdk-amd64/jre/lib/ext/sunjce_provider.jar
7fc9c8062000-7fc9c806c000 rw-p 00000000 00:00 0 
7fc9c806c000-7fc9c8122000 rw-p 00000000 00:00 0 
7fc9c8122000-7fc9c8125000 ---p 00000000 00:00 0 
7fc9c8125000-7fc9c8228000 rw-p 00000000 00:00 0 
7fc9c8228000-7fc9c822a000 r--s 0000b000 08:07 7081027                    /home/hit_alan/zhoufandi/somefilebetweenlinuxandwindows/target/commons-dbutils-1.4.jar
7fc9c822a000-7fc9c822b000 r--s 00002000 08:07 13642027                   /usr/lib/jvm/java-7-openjdk-amd64/jre/lib/ext/dnsns.jar
7fc9c822b000-7fc9c822d000 r--s 00012000 08:07 13642022                   /usr/lib/jvm/java-7-openjdk-amd64/jre/lib/ext/zipfs.jar
7fc9c822d000-7fc9c8231000 r--s 0003c000 08:07 13642026                   /usr/lib/jvm/java-7-openjdk-amd64/jre/lib/ext/sunpkcs11.jar
7fc9c8231000-7fc9c8234000 r--s 0000f000 08:07 13642024                   /usr/lib/jvm/java-7-openjdk-amd64/jre/lib/ext/icedtea-sound.jar
7fc9c8234000-7fc9c8238000 r--s 00085000 08:07 13642023                   /usr/lib/jvm/java-7-openjdk-amd64/jre/lib/ext/localedata.jar
7fc9c8238000-7fc9c823a000 r--s 00006000 08:07 14028198                   /usr/share/java/java-atk-wrapper.jar
7fc9c823a000-7fc9c8242000 rw-s 00000000 08:07 4980957                    /tmp/hsperfdata_hit_alan/29695
7fc9c8242000-7fc9c8243000 rw-p 00000000 00:00 0 
7fc9c8243000-7fc9c8244000 ---p 00000000 00:00 0 
7fc9c8244000-7fc9c8246000 rw-p 00000000 00:00 0 
7fc9c8246000-7fc9c8247000 r--p 00023000 08:07 16253004                   /lib/x86_64-linux-gnu/ld-2.21.so
7fc9c8247000-7fc9c8248000 rw-p 00024000 08:07 16253004                   /lib/x86_64-linux-gnu/ld-2.21.so
7fc9c8248000-7fc9c8249000 rw-p 00000000 00:00 0 
7ffd7b56f000-7ffd7b591000 rw-p 00000000 00:00 0                          [stack]
7ffd7b5cc000-7ffd7b5ce000 r--p 00000000 00:00 0                          [vvar]
7ffd7b5ce000-7ffd7b5d0000 r-xp 00000000 00:00 0                          [vdso]
ffffffffff600000-ffffffffff601000 r-xp 00000000 00:00 0                  [vsyscall]

VM Arguments:
java_command: stigmata-5.0-SNAPSHOT.jar -f xml -b cvfv compare ../dex2jar-2.0/a5071abca90be904f8df9b1894aa9bd0132142a69206ebc5671ef67794080fdd/channeldex2jar.jar ../dex2jar-2.0/a5071abca90be904f8df9b1894aa9bd0132142a69206ebc5671ef67794080fdd/clientdex2jar.jar
Launcher Type: SUN_STANDARD

Environment Variables:
JAVA_HOME=/usr/lib/jvm/java-7-openjdk-amd64
PATH=/home/hit_alan/bin:/home/hit_alan/.gvm/vertx/current/bin:/home/hit_alan/.gvm/springboot/current/bin:/home/hit_alan/.gvm/lazybones/current/bin:/home/hit_alan/.gvm/jbake/current/bin:/home/hit_alan/.gvm/groovyserv/current/bin:/home/hit_alan/.gvm/groovy/current/bin:/home/hit_alan/.gvm/griffon/current/bin:/home/hit_alan/.gvm/grails/current/bin:/home/hit_alan/.gvm/gradle/current/bin:/home/hit_alan/.gvm/glide/current/bin:/home/hit_alan/.gvm/gaiden/current/bin:/home/hit_alan/.gvm/crash/current/bin:/home/hit_alan/.gvm/asciidoctorj/current/bin:/home/hit_alan/bin:/usr/local/sbin:/usr/local/bin:/usr/sbin:/usr/bin:/sbin:/bin:/usr/games:/usr/local/games:/usr/gradle-2.4/bin:/usr/grails-3.0.2/bin:/home/hit_alan/softwares/adt-bundle-linux-x86_64-20140624/sdk/platform-tools:/home/hit_alan/softwares/adt-bundle-linux-x86_64-20140624/sdk/tools:/usr/gradle-2.4/bin:/usr/grails-3.0.2/bin:/home/hit_alan/softwares/adt-bundle-linux-x86_64-20140624/sdk/platform-tools:/home/hit_alan/softwares/adt-bundle-linux-x86_64-20140624/sdk/tools
SHELL=/bin/bash
DISPLAY=:0

Signal Handlers:
SIGSEGV: [libjvm.so+0x992590], sa_mask[0]=0x7ffbfeff, sa_flags=0x10000004
SIGBUS: [libjvm.so+0x992590], sa_mask[0]=0x7ffbfeff, sa_flags=0x10000004
SIGFPE: [libjvm.so+0x7fec60], sa_mask[0]=0x7ffbfeff, sa_flags=0x10000004
SIGPIPE: [libjvm.so+0x7fec60], sa_mask[0]=0x7ffbfeff, sa_flags=0x10000004
SIGXFSZ: [libjvm.so+0x7fec60], sa_mask[0]=0x7ffbfeff, sa_flags=0x10000004
SIGILL: [libjvm.so+0x7fec60], sa_mask[0]=0x7ffbfeff, sa_flags=0x10000004
SIGUSR1: SIG_DFL, sa_mask[0]=0x00000000, sa_flags=0x00000000
SIGUSR2: [libjvm.so+0x7feae0], sa_mask[0]=0x00000004, sa_flags=0x10000004
SIGHUP: [libjvm.so+0x7fece0], sa_mask[0]=0x7ffbfeff, sa_flags=0x10000004
SIGINT: [libjvm.so+0x7fece0], sa_mask[0]=0x7ffbfeff, sa_flags=0x10000004
SIGTERM: [libjvm.so+0x7fece0], sa_mask[0]=0x7ffbfeff, sa_flags=0x10000004
SIGQUIT: [libjvm.so+0x7fece0], sa_mask[0]=0x7ffbfeff, sa_flags=0x10000004
SIGTRAP: SIG_DFL, sa_mask[0]=0x00000000, sa_flags=0x00000000


---------------  S Y S T E M  ---------------

OS:Ubuntu 15.04 (vivid)
uname:Linux 3.19.0-66-generic #74-Ubuntu SMP Tue Jul 19 15:07:04 UTC 2016 x86_64
libc:glibc 2.21 NPTL 2.21 
rlimit: STACK 8192k, CORE 0k, NPROC 31638, NOFILE 65536, AS infinity
load average:13.22 3.72 1.43

/proc/meminfo:
MemTotal:        8121832 kB
MemFree:          118384 kB
MemAvailable:      71272 kB
Buffers:            1372 kB
Cached:           586332 kB
SwapCached:            0 kB
Active:          7183076 kB
Inactive:         570688 kB
Active(anon):    7167840 kB
Inactive(anon):   546700 kB
Active(file):      15236 kB
Inactive(file):    23988 kB
Unevictable:         336 kB
Mlocked:             336 kB
SwapTotal:             0 kB
SwapFree:              0 kB
Dirty:               216 kB
Writeback:             0 kB
AnonPages:       7166508 kB
Mapped:           502688 kB
Shmem:            548368 kB
Slab:              80356 kB
SReclaimable:      35484 kB
SUnreclaim:        44872 kB
KernelStack:       19120 kB
PageTables:        80080 kB
NFS_Unstable:          0 kB
Bounce:                0 kB
WritebackTmp:          0 kB
CommitLimit:     4060916 kB
Committed_AS:   19926972 kB
VmallocTotal:   34359738367 kB
VmallocUsed:      112440 kB
VmallocChunk:   34359516100 kB
HardwareCorrupted:     0 kB
AnonHugePages:   3868672 kB
CmaTotal:              0 kB
CmaFree:               0 kB
HugePages_Total:       0
HugePages_Free:        0
HugePages_Rsvd:        0
HugePages_Surp:        0
Hugepagesize:       2048 kB
DirectMap4k:      195860 kB
DirectMap2M:     7090176 kB
DirectMap1G:     2097152 kB


CPU:total 4 (4 cores per cpu, 1 threads per core) family 6 model 60 stepping 3, cmov, cx8, fxsr, mmx, sse, sse2, sse3, ssse3, sse4.1, sse4.2, popcnt, avx, avx2, aes, erms, tsc, tscinvbit

/proc/cpuinfo:
processor	: 0
vendor_id	: GenuineIntel
cpu family	: 6
model		: 60
model name	: Intel(R) Core(TM) i5-4590 CPU @ 3.30GHz
stepping	: 3
microcode	: 0x1d
cpu MHz		: 3661.968
cache size	: 6144 KB
physical id	: 0
siblings	: 4
core id		: 0
cpu cores	: 4
apicid		: 0
initial apicid	: 0
fpu		: yes
fpu_exception	: yes
cpuid level	: 13
wp		: yes
flags		: fpu vme de pse tsc msr pae mce cx8 apic sep mtrr pge mca cmov pat pse36 clflush dts acpi mmx fxsr sse sse2 ss ht tm pbe syscall nx pdpe1gb rdtscp lm constant_tsc arch_perfmon pebs bts rep_good nopl xtopology nonstop_tsc aperfmperf eagerfpu pni pclmulqdq dtes64 monitor ds_cpl vmx smx est tm2 ssse3 fma cx16 xtpr pdcm pcid sse4_1 sse4_2 x2apic movbe popcnt tsc_deadline_timer aes xsave avx f16c rdrand lahf_lm abm ida arat epb pln pts dtherm tpr_shadow vnmi flexpriority ept vpid fsgsbase tsc_adjust bmi1 avx2 smep bmi2 erms invpcid xsaveopt
bugs		:
bogomips	: 6584.68
clflush size	: 64
cache_alignment	: 64
address sizes	: 39 bits physical, 48 bits virtual
power management:

processor	: 1
vendor_id	: GenuineIntel
cpu family	: 6
model		: 60
model name	: Intel(R) Core(TM) i5-4590 CPU @ 3.30GHz
stepping	: 3
microcode	: 0x1d
cpu MHz		: 3682.722
cache size	: 6144 KB
physical id	: 0
siblings	: 4
core id		: 1
cpu cores	: 4
apicid		: 2
initial apicid	: 2
fpu		: yes
fpu_exception	: yes
cpuid level	: 13
wp		: yes
flags		: fpu vme de pse tsc msr pae mce cx8 apic sep mtrr pge mca cmov pat pse36 clflush dts acpi mmx fxsr sse sse2 ss ht tm pbe syscall nx pdpe1gb rdtscp lm constant_tsc arch_perfmon pebs bts rep_good nopl xtopology nonstop_tsc aperfmperf eagerfpu pni pclmulqdq dtes64 monitor ds_cpl vmx smx est tm2 ssse3 fma cx16 xtpr pdcm pcid sse4_1 sse4_2 x2apic movbe popcnt tsc_deadline_timer aes xsave avx f16c rdrand lahf_lm abm ida arat epb pln pts dtherm tpr_shadow vnmi flexpriority ept vpid fsgsbase tsc_adjust bmi1 avx2 smep bmi2 erms invpcid xsaveopt
bugs		:
bogomips	: 6584.68
clflush size	: 64
cache_alignment	: 64
address sizes	: 39 bits physical, 48 bits virtual
power management:

processor	: 2
vendor_id	: GenuineIntel
cpu family	: 6
model		: 60
model name	: Intel(R) Core(TM) i5-4590 CPU @ 3.30GHz
stepping	: 3
microcode	: 0x1d
cpu MHz		: 3599.835
cache size	: 6144 KB
physical id	: 0
siblings	: 4
core id		: 2
cpu cores	: 4
apicid		: 4
initial apicid	: 4
fpu		: yes
fpu_exception	: yes
cpuid level	: 13
wp		: yes
flags		: fpu vme de pse tsc msr pae mce cx8 apic sep mtrr pge mca cmov pat pse36 clflush dts acpi mmx fxsr sse sse2 ss ht tm pbe syscall nx pdpe1gb rdtscp lm constant_tsc arch_perfmon pebs bts rep_good nopl xtopology nonstop_tsc aperfmperf eagerfpu pni pclmulqdq dtes64 monitor ds_cpl vmx smx est tm2 ssse3 fma cx16 xtpr pdcm pcid sse4_1 sse4_2 x2apic movbe popcnt tsc_deadline_timer aes xsave avx f16c rdrand lahf_lm abm ida arat epb pln pts dtherm tpr_shadow vnmi flexpriority ept vpid fsgsbase tsc_adjust bmi1 avx2 smep bmi2 erms invpcid xsaveopt
bugs		:
bogomips	: 6584.68
clflush size	: 64
cache_alignment	: 64
address sizes	: 39 bits physical, 48 bits virtual
power management:

processor	: 3
vendor_id	: GenuineIntel
cpu family	: 6
model		: 60
model name	: Intel(R) Core(TM) i5-4590 CPU @ 3.30GHz
stepping	: 3
microcode	: 0x1d
cpu MHz		: 3503.027
cache size	: 6144 KB
physical id	: 0
siblings	: 4
core id		: 3
cpu cores	: 4
apicid		: 6
initial apicid	: 6
fpu		: yes
fpu_exception	: yes
cpuid level	: 13
wp		: yes
flags		: fpu vme de pse tsc msr pae mce cx8 apic sep mtrr pge mca cmov pat pse36 clflush dts acpi mmx fxsr sse sse2 ss ht tm pbe syscall nx pdpe1gb rdtscp lm constant_tsc arch_perfmon pebs bts rep_good nopl xtopology nonstop_tsc aperfmperf eagerfpu pni pclmulqdq dtes64 monitor ds_cpl vmx smx est tm2 ssse3 fma cx16 xtpr pdcm pcid sse4_1 sse4_2 x2apic movbe popcnt tsc_deadline_timer aes xsave avx f16c rdrand lahf_lm abm ida arat epb pln pts dtherm tpr_shadow vnmi flexpriority ept vpid fsgsbase tsc_adjust bmi1 avx2 smep bmi2 erms invpcid xsaveopt
bugs		:
bogomips	: 6584.68
clflush size	: 64
cache_alignment	: 64
address sizes	: 39 bits physical, 48 bits virtual
power management:



Memory: 4k page, physical 8121832k(118384k free), swap 0k(0k free)

vm_info: OpenJDK 64-Bit Server VM (24.95-b01) for linux-amd64 JRE (1.7.0_95-b00), built on Jan 21 2016 03:41:02 by "buildd" with gcc 4.9.2

time: Sat Oct  8 13:28:11 2016
elapsed time: 35 seconds

