#
# There is insufficient memory for the Java Runtime Environment to continue.
# Native memory allocation (malloc) failed to allocate 243269632 bytes for committing reserved memory.
# Possible reasons:
#   The system is out of physical RAM or swap space
#   In 32 bit mode, the process size limit was hit
# Possible solutions:
#   Reduce memory load on the system
#   Increase physical memory or swap space
#   Check if swap backing store is full
#   Use 64 bit Java on a 64 bit OS
#   Decrease Java heap size (-Xmx/-Xms)
#   Decrease number of Java threads
#   Decrease Java thread stack sizes (-Xss)
#   Set larger code cache with -XX:ReservedCodeCacheSize=
# This output file may be truncated or incomplete.
#
#  Out of Memory Error (os_linux.cpp:2827), pid=6236, tid=140597911656192
#
# JRE version: OpenJDK Runtime Environment (7.0_95) (build 1.7.0_95-b00)
# Java VM: OpenJDK 64-Bit Server VM (24.95-b01 mixed mode linux-amd64 compressed oops)
# Derivative: IcedTea 2.6.4
# Distribution: Ubuntu 15.04, package 7u95-2.6.4-0ubuntu0.15.04.1
# Failed to write core dump. Core dumps have been disabled. To enable core dumping, try "ulimit -c unlimited" before starting Java again
#

---------------  T H R E A D  ---------------

Current thread (0x00007fdf7c13d000):  VMThread [stack: 0x00007fdf80849000,0x00007fdf8094a000] [id=6242]

Stack: [0x00007fdf80849000,0x00007fdf8094a000],  sp=0x00007fdf809484e0,  free space=1021k
Native frames: (J=compiled Java code, j=interpreted, Vv=VM code, C=native code)
V  [libjvm.so+0x991aa6]
V  [libjvm.so+0x4934c2]
V  [libjvm.so+0x80371b]
V  [libjvm.so+0x7fddfe]
V  [libjvm.so+0x871c0b]
V  [libjvm.so+0x872ac3]
V  [libjvm.so+0x8731db]
V  [libjvm.so+0x86eb41]
V  [libjvm.so+0x86f3b8]
V  [libjvm.so+0x826a73]
V  [libjvm.so+0x993372]
V  [libjvm.so+0x9977f7]
V  [libjvm.so+0x995f6b]
V  [libjvm.so+0x996616]
V  [libjvm.so+0x996ae1]
V  [libjvm.so+0x800642]

VM_Operation (0x00007fdf85fc05a0): ParallelGCFailedAllocation, mode: safepoint, requested by thread 0x00007fdf7c00a000


---------------  P R O C E S S  ---------------

Java Threads: ( => current thread )
  0x00007fdf7c178000 JavaThread "Service Thread" daemon [_thread_blocked, id=6248, stack(0x00007fdf78cfd000,0x00007fdf78dfe000)]
  0x00007fdf7c175800 JavaThread "C2 CompilerThread1" daemon [_thread_blocked, id=6247, stack(0x00007fdf78dfe000,0x00007fdf78eff000)]
  0x00007fdf7c172800 JavaThread "C2 CompilerThread0" daemon [_thread_blocked, id=6246, stack(0x00007fdf78eff000,0x00007fdf79000000)]
  0x00007fdf7c170000 JavaThread "Signal Dispatcher" daemon [_thread_blocked, id=6245, stack(0x00007fdf800d9000,0x00007fdf801da000)]
  0x00007fdf7c143800 JavaThread "Finalizer" daemon [_thread_blocked, id=6244, stack(0x00007fdf80647000,0x00007fdf80748000)]
  0x00007fdf7c141000 JavaThread "Reference Handler" daemon [_thread_blocked, id=6243, stack(0x00007fdf80748000,0x00007fdf80849000)]
  0x00007fdf7c00a000 JavaThread "main" [_thread_blocked, id=6237, stack(0x00007fdf85ec1000,0x00007fdf85fc2000)]

Other Threads:
=>0x00007fdf7c13d000 VMThread [stack: 0x00007fdf80849000,0x00007fdf8094a000] [id=6242]
  0x00007fdf7c182800 WatcherThread [stack: 0x00007fdf78bfc000,0x00007fdf78cfd000] [id=6249]

VM state:at safepoint (normal execution)

VM Mutex/Monitor currently owned by a thread:  ([mutex/lock_event])
[0x00007fdf7c006430] Threads_lock - owner thread: 0x00007fdf7c13d000
[0x00007fdf7c006930] Heap_lock - owner thread: 0x00007fdf7c00a000

Heap
 PSYoungGen      total 425984K, used 32K [0x00000007d6a80000, 0x00000007f1800000, 0x0000000800000000)
  eden space 412672K, 0% used [0x00000007d6a80000,0x00000007d6a80000,0x00000007efd80000)
  from space 13312K, 0% used [0x00000007efd80000,0x00000007efd88000,0x00000007f0a80000)
  to   space 12800K, 0% used [0x00000007f0a80000,0x00000007f0a80000,0x00000007f1700000)
 ParOldGen       total 84480K, used 19741K [0x0000000784000000, 0x0000000789280000, 0x00000007d6a80000)
  object space 84480K, 23% used [0x0000000784000000,0x0000000785347480,0x0000000789280000)
 PSPermGen       total 21504K, used 7624K [0x0000000779a00000, 0x000000077af00000, 0x0000000784000000)
  object space 21504K, 35% used [0x0000000779a00000,0x000000077a1722f8,0x000000077af00000)

Card table byte_map: [0x00007fdf8266f000,0x00007fdf82aa3000] byte_map_base: 0x00007fdf7eaa2000

Polling page: 0x00007fdf85fe2000

Code Cache  [0x00007fdf79000000, 0x00007fdf79270000, 0x00007fdf7c000000)
 total_blobs=535 nmethods=280 adapters=208 free_code_cache=47766Kb largest_free_block=48882944

Compilation events (10 events):
Event: 2.920 Thread 0x00007fdf7c175800  282             com.github.stigmata.birthmarks.comparators.PlainBirthmarkComparator::compare (119 bytes)
Event: 2.928 Thread 0x00007fdf7c175800 nmethod 282 0x00007fdf7908a4d0 code [0x00007fdf7908a6c0, 0x00007fdf7908b0b8]
Event: 2.951 Thread 0x00007fdf7c172800  283 %           com.github.stigmata.printer.xml.ComparisonResultSetXmlPrinter::printResult @ 7 (54 bytes)
Event: 2.954 Thread 0x00007fdf7c172800 nmethod 283% 0x00007fdf79089d90 code [0x00007fdf79089f20, 0x00007fdf7908a1f8]
Event: 3.044 Thread 0x00007fdf7c175800  284             com.github.stigmata.birthmarks.comparators.PlainBirthmarkComparator::compare (119 bytes)
Event: 3.051 Thread 0x00007fdf7c175800 nmethod 284 0x00007fdf7915d7d0 code [0x00007fdf7915d9c0, 0x00007fdf7915e398]
Event: 3.193 Thread 0x00007fdf7c175800  285             java.lang.Integer::intValue (5 bytes)
Event: 3.193 Thread 0x00007fdf7c175800 nmethod 285 0x00007fdf7915d5d0 code [0x00007fdf7915d700, 0x00007fdf7915d758]
Event: 3.874 Thread 0x00007fdf7c175800  286             java.lang.Integer::equals (29 bytes)
Event: 3.875 Thread 0x00007fdf7c175800 nmethod 286 0x00007fdf7915d250 code [0x00007fdf7915d3a0, 0x00007fdf7915d458]

GC Heap History (10 events):
Event: 3.635 GC heap after
Heap after GC invocations=6 (full 0):
 PSYoungGen      total 141312K, used 5512K [0x00000007d6a80000, 0x00000007e0080000, 0x0000000800000000)
  eden space 129024K, 0% used [0x00000007d6a80000,0x00000007d6a80000,0x00000007de880000)
  from space 12288K, 44% used [0x00000007df480000,0x00000007df9e2030,0x00000007e0080000)
  to   space 12288K, 0% used [0x00000007de880000,0x00000007de880000,0x00000007df480000)
 ParOldGen       total 84480K, used 14392K [0x0000000784000000, 0x0000000789280000, 0x00000007d6a80000)
  object space 84480K, 17% used [0x0000000784000000,0x0000000784e0e2b0,0x0000000789280000)
 PSPermGen       total 21504K, used 7624K [0x0000000779a00000, 0x000000077af00000, 0x0000000784000000)
  object space 21504K, 35% used [0x0000000779a00000,0x000000077a172158,0x000000077af00000)
}
Event: 5.106 GC heap before
{Heap before GC invocations=7 (full 0):
 PSYoungGen      total 141312K, used 134536K [0x00000007d6a80000, 0x00000007e0080000, 0x0000000800000000)
  eden space 129024K, 100% used [0x00000007d6a80000,0x00000007de880000,0x00000007de880000)
  from space 12288K, 44% used [0x00000007df480000,0x00000007df9e2030,0x00000007e0080000)
  to   space 12288K, 0% used [0x00000007de880000,0x00000007de880000,0x00000007df480000)
 ParOldGen       total 84480K, used 14392K [0x0000000784000000, 0x0000000789280000, 0x00000007d6a80000)
  object space 84480K, 17% used [0x0000000784000000,0x0000000784e0e2b0,0x0000000789280000)
 PSPermGen       total 21504K, used 7624K [0x0000000779a00000, 0x000000077af00000, 0x0000000784000000)
  object space 21504K, 35% used [0x0000000779a00000,0x000000077a1722f8,0x000000077af00000)
Event: 5.113 GC heap after
Heap after GC invocations=7 (full 0):
 PSYoungGen      total 141312K, used 4555K [0x00000007d6a80000, 0x00000007e7e80000, 0x0000000800000000)
  eden space 129024K, 0% used [0x00000007d6a80000,0x00000007d6a80000,0x00000007de880000)
  from space 12288K, 37% used [0x00000007de880000,0x00000007decf2cf0,0x00000007df480000)
  to   space 12288K, 0% used [0x00000007e7280000,0x00000007e7280000,0x00000007e7e80000)
 ParOldGen       total 84480K, used 15269K [0x0000000784000000, 0x0000000789280000, 0x00000007d6a80000)
  object space 84480K, 18% used [0x0000000784000000,0x0000000784ee95f0,0x0000000789280000)
 PSPermGen       total 21504K, used 7624K [0x0000000779a00000, 0x000000077af00000, 0x0000000784000000)
  object space 21504K, 35% used [0x0000000779a00000,0x000000077a1722f8,0x000000077af00000)
}
Event: 6.589 GC heap before
{Heap before GC invocations=8 (full 0):
 PSYoungGen      total 141312K, used 133579K [0x00000007d6a80000, 0x00000007e7e80000, 0x0000000800000000)
  eden space 129024K, 100% used [0x00000007d6a80000,0x00000007de880000,0x00000007de880000)
  from space 12288K, 37% used [0x00000007de880000,0x00000007decf2cf0,0x00000007df480000)
  to   space 12288K, 0% used [0x00000007e7280000,0x00000007e7280000,0x00000007e7e80000)
 ParOldGen       total 84480K, used 15269K [0x0000000784000000, 0x0000000789280000, 0x00000007d6a80000)
  object space 84480K, 18% used [0x0000000784000000,0x0000000784ee95f0,0x0000000789280000)
 PSPermGen       total 21504K, used 7624K [0x0000000779a00000, 0x000000077af00000, 0x0000000784000000)
  object space 21504K, 35% used [0x0000000779a00000,0x000000077a1722f8,0x000000077af00000)
Event: 6.603 GC heap after
Heap after GC invocations=8 (full 0):
 PSYoungGen      total 270336K, used 3572K [0x00000007d6a80000, 0x00000007e7e80000, 0x0000000800000000)
  eden space 258048K, 0% used [0x00000007d6a80000,0x00000007d6a80000,0x00000007e6680000)
  from space 12288K, 29% used [0x00000007e7280000,0x00000007e75fd360,0x00000007e7e80000)
  to   space 12288K, 0% used [0x00000007e6680000,0x00000007e6680000,0x00000007e7280000)
 ParOldGen       total 84480K, used 16109K [0x0000000784000000, 0x0000000789280000, 0x00000007d6a80000)
  object space 84480K, 19% used [0x0000000784000000,0x0000000784fbb568,0x0000000789280000)
 PSPermGen       total 21504K, used 7624K [0x0000000779a00000, 0x000000077af00000, 0x0000000784000000)
  object space 21504K, 35% used [0x0000000779a00000,0x000000077a1722f8,0x000000077af00000)
}
Event: 9.952 GC heap before
{Heap before GC invocations=9 (full 0):
 PSYoungGen      total 270336K, used 261620K [0x00000007d6a80000, 0x00000007e7e80000, 0x0000000800000000)
  eden space 258048K, 100% used [0x00000007d6a80000,0x00000007e6680000,0x00000007e6680000)
  from space 12288K, 29% used [0x00000007e7280000,0x00000007e75fd360,0x00000007e7e80000)
  to   space 12288K, 0% used [0x00000007e6680000,0x00000007e6680000,0x00000007e7280000)
 ParOldGen       total 84480K, used 16109K [0x0000000784000000, 0x0000000789280000, 0x00000007d6a80000)
  object space 84480K, 19% used [0x0000000784000000,0x0000000784fbb568,0x0000000789280000)
 PSPermGen       total 21504K, used 7624K [0x0000000779a00000, 0x000000077af00000, 0x0000000784000000)
  object space 21504K, 35% used [0x0000000779a00000,0x000000077a1722f8,0x000000077af00000)
Event: 9.956 GC heap after
Heap after GC invocations=9 (full 0):
 PSYoungGen      total 270336K, used 32K [0x00000007d6a80000, 0x00000007f1700000, 0x0000000800000000)
  eden space 258048K, 0% used [0x00000007d6a80000,0x00000007d6a80000,0x00000007e6680000)
  from space 12288K, 0% used [0x00000007e6680000,0x00000007e6688000,0x00000007e7280000)
  to   space 12800K, 0% used [0x00000007f0a80000,0x00000007f0a80000,0x00000007f1700000)
 ParOldGen       total 84480K, used 19725K [0x0000000784000000, 0x0000000789280000, 0x00000007d6a80000)
  object space 84480K, 23% used [0x0000000784000000,0x0000000785343480,0x0000000789280000)
 PSPermGen       total 21504K, used 7624K [0x0000000779a00000, 0x000000077af00000, 0x0000000784000000)
  object space 21504K, 35% used [0x0000000779a00000,0x000000077a1722f8,0x000000077af00000)
}
Event: 14.074 GC heap before
{Heap before GC invocations=10 (full 0):
 PSYoungGen      total 270336K, used 258080K [0x00000007d6a80000, 0x00000007f1700000, 0x0000000800000000)
  eden space 258048K, 100% used [0x00000007d6a80000,0x00000007e6680000,0x00000007e6680000)
  from space 12288K, 0% used [0x00000007e6680000,0x00000007e6688000,0x00000007e7280000)
  to   space 12800K, 0% used [0x00000007f0a80000,0x00000007f0a80000,0x00000007f1700000)
 ParOldGen       total 84480K, used 19725K [0x0000000784000000, 0x0000000789280000, 0x00000007d6a80000)
  object space 84480K, 23% used [0x0000000784000000,0x0000000785343480,0x0000000789280000)
 PSPermGen       total 21504K, used 7624K [0x0000000779a00000, 0x000000077af00000, 0x0000000784000000)
  object space 21504K, 35% used [0x0000000779a00000,0x000000077a1722f8,0x000000077af00000)
Event: 14.075 GC heap after
Heap after GC invocations=10 (full 0):
 PSYoungGen      total 425472K, used 32K [0x00000007d6a80000, 0x00000007f1800000, 0x0000000800000000)
  eden space 412672K, 0% used [0x00000007d6a80000,0x00000007d6a80000,0x00000007efd80000)
  from space 12800K, 0% used [0x00000007f0a80000,0x00000007f0a88000,0x00000007f1700000)
  to   space 13312K, 0% used [0x00000007efd80000,0x00000007efd80000,0x00000007f0a80000)
 ParOldGen       total 84480K, used 19733K [0x0000000784000000, 0x0000000789280000, 0x00000007d6a80000)
  object space 84480K, 23% used [0x0000000784000000,0x0000000785345480,0x0000000789280000)
 PSPermGen       total 21504K, used 7624K [0x0000000779a00000, 0x000000077af00000, 0x0000000784000000)
  object space 21504K, 35% used [0x0000000779a00000,0x000000077a1722f8,0x000000077af00000)
}
Event: 23.268 GC heap before
{Heap before GC invocations=11 (full 0):
 PSYoungGen      total 425472K, used 412704K [0x00000007d6a80000, 0x00000007f1800000, 0x0000000800000000)
  eden space 412672K, 100% used [0x00000007d6a80000,0x00000007efd80000,0x00000007efd80000)
  from space 12800K, 0% used [0x00000007f0a80000,0x00000007f0a88000,0x00000007f1700000)
  to   space 13312K, 0% used [0x00000007efd80000,0x00000007efd80000,0x00000007f0a80000)
 ParOldGen       total 84480K, used 19733K [0x0000000784000000, 0x0000000789280000, 0x00000007d6a80000)
  object space 84480K, 23% used [0x0000000784000000,0x0000000785345480,0x0000000789280000)
 PSPermGen       total 21504K, used 7624K [0x0000000779a00000, 0x000000077af00000, 0x0000000784000000)
  object space 21504K, 35% used [0x0000000779a00000,0x000000077a1722f8,0x000000077af00000)

Deoptimization events (10 events):
Event: 2.123 Thread 0x00007fdf7c00a000 Uncommon trap: reason=unstable_if action=reinterpret pc=0x00007fdf790811e0 method=org.objectweb.asm.MethodWriter.visitVarInsn(II)V @ 228
Event: 2.362 Thread 0x00007fdf7c00a000 Uncommon trap: reason=class_check action=maybe_recompile pc=0x00007fdf79107084 method=org.objectweb.asm.ClassReader.a(Lorg/objectweb/asm/MethodVisitor;Lorg/objectweb/asm/Context;I)V @ 1945
Event: 2.633 Thread 0x00007fdf7c00a000 Uncommon trap: reason=unstable_if action=reinterpret pc=0x00007fdf7909c30c method=java.lang.CharacterDataLatin1.toUpperCase(I)I @ 12
Event: 2.633 Thread 0x00007fdf7c00a000 Uncommon trap: reason=unstable_if action=reinterpret pc=0x00007fdf7909cc6c method=java.lang.CharacterDataLatin1.toUpperCase(I)I @ 12
Event: 2.635 Thread 0x00007fdf7c00a000 Uncommon trap: reason=unstable_if action=reinterpret pc=0x00007fdf790a7c70 method=java.util.Hashtable.get(Ljava/lang/Object;)Ljava/lang/Object; @ 37
Event: 2.789 Thread 0x00007fdf7c00a000 Uncommon trap: reason=unstable_if action=reinterpret pc=0x00007fdf79070bd8 method=java.util.HashMap.keySet()Ljava/util/Set; @ 6
Event: 2.846 Thread 0x00007fdf7c00a000 Uncommon trap: reason=unstable_if action=reinterpret pc=0x00007fdf7912e688 method=com.github.stigmata.birthmarks.comparators.PlainBirthmarkComparator.compare(Lcom/github/stigmata/Birthmark;Lcom/github/stigmata/Birthmark;Lcom/github/stigmata/BirthmarkConte
Event: 2.904 Thread 0x00007fdf7c00a000 Uncommon trap: reason=unstable_if action=reinterpret pc=0x00007fdf790910c4 method=com.github.stigmata.birthmarks.cvfv.TypeAndValueBirthmarkElement.equals(Ljava/lang/Object;)Z @ 30
Event: 2.904 Thread 0x00007fdf7c00a000 Uncommon trap: reason=unstable_if action=reinterpret pc=0x00007fdf7915cdc8 method=com.github.stigmata.birthmarks.cvfv.TypeAndValueBirthmarkElement.equals(Ljava/lang/Object;)Z @ 30
Event: 3.034 Thread 0x00007fdf7c00a000 Uncommon trap: reason=unstable_if action=reinterpret pc=0x00007fdf7908af34 method=com.github.stigmata.birthmarks.cvfv.TypeAndValueBirthmarkElement.equals(Ljava/lang/Object;)Z @ 46

Internal exceptions (10 events):
Event: 0.538 Thread 0x00007fdf7c00a000 Threw 0x00000007d750eba8 at /build/openjdk-7-3x2aMC/openjdk-7-7u95-2.6.4/build/openjdk/hotspot/src/share/vm/prims/jvm.cpp:1322
Event: 0.539 Thread 0x00007fdf7c00a000 Threw 0x00000007d751e2f0 at /build/openjdk-7-3x2aMC/openjdk-7-7u95-2.6.4/build/openjdk/hotspot/src/share/vm/prims/jvm.cpp:1322
Event: 0.540 Thread 0x00007fdf7c00a000 Threw 0x00000007d7522548 at /build/openjdk-7-3x2aMC/openjdk-7-7u95-2.6.4/build/openjdk/hotspot/src/share/vm/prims/jvm.cpp:1322
Event: 0.554 Thread 0x00007fdf7c00a000 Threw 0x00000007d753fbc0 at /build/openjdk-7-3x2aMC/openjdk-7-7u95-2.6.4/build/openjdk/hotspot/src/share/vm/prims/jvm.cpp:1322
Event: 2.634 Thread 0x00007fdf7c00a000 Threw 0x00000007d6e97fd0 at /build/openjdk-7-3x2aMC/openjdk-7-7u95-2.6.4/build/openjdk/hotspot/src/share/vm/prims/jvm.cpp:1322
Event: 2.634 Thread 0x00007fdf7c00a000 Threw 0x00000007d6e9db98 at /build/openjdk-7-3x2aMC/openjdk-7-7u95-2.6.4/build/openjdk/hotspot/src/share/vm/prims/jvm.cpp:1322
Event: 2.635 Thread 0x00007fdf7c00a000 Threw 0x00000007d6eb2eb8 at /build/openjdk-7-3x2aMC/openjdk-7-7u95-2.6.4/build/openjdk/hotspot/src/share/vm/prims/jvm.cpp:1322
Event: 2.635 Thread 0x00007fdf7c00a000 Threw 0x00000007d6eb6fb8 at /build/openjdk-7-3x2aMC/openjdk-7-7u95-2.6.4/build/openjdk/hotspot/src/share/vm/prims/jvm.cpp:1322
Event: 2.904 Thread 0x00007fdf7c00a000 Implicit null exception at 0x00007fdf79090b5e to 0x00007fdf79091099
Event: 2.904 Thread 0x00007fdf7c00a000 Implicit null exception at 0x00007fdf7915cbfa to 0x00007fdf7915cdb2

Events (10 events):
Event: 4.216 Executing VM operation: EnableBiasedLocking done
Event: 5.106 Executing VM operation: ParallelGCFailedAllocation
Event: 5.113 Executing VM operation: ParallelGCFailedAllocation done
Event: 6.589 Executing VM operation: ParallelGCFailedAllocation
Event: 6.604 Executing VM operation: ParallelGCFailedAllocation done
Event: 9.952 Executing VM operation: ParallelGCFailedAllocation
Event: 9.956 Executing VM operation: ParallelGCFailedAllocation done
Event: 14.074 Executing VM operation: ParallelGCFailedAllocation
Event: 14.075 Executing VM operation: ParallelGCFailedAllocation done
Event: 23.268 Executing VM operation: ParallelGCFailedAllocation


Dynamic libraries:
00400000-00401000 r-xp 00000000 08:07 13641842                           /usr/lib/jvm/java-7-openjdk-amd64/jre/bin/java
00600000-00601000 r--p 00000000 08:07 13641842                           /usr/lib/jvm/java-7-openjdk-amd64/jre/bin/java
00601000-00602000 rw-p 00001000 08:07 13641842                           /usr/lib/jvm/java-7-openjdk-amd64/jre/bin/java
02201000-02222000 rw-p 00000000 00:00 0                                  [heap]
779a00000-77af00000 rw-p 00000000 00:00 0 
77af00000-784000000 rw-p 00000000 00:00 0 
784000000-789280000 rw-p 00000000 00:00 0 
789280000-7d6a80000 rw-p 00000000 00:00 0 
7d6a80000-7f1800000 rw-p 00000000 00:00 0 
7fdf28000000-7fdf29300000 rw-p 00000000 00:00 0 
7fdf29300000-7fdf2c000000 ---p 00000000 00:00 0 
7fdf30000000-7fdf30021000 rw-p 00000000 00:00 0 
7fdf30021000-7fdf34000000 ---p 00000000 00:00 0 
7fdf34000000-7fdf37ffd000 rw-p 00000000 00:00 0 
7fdf37ffd000-7fdf38000000 ---p 00000000 00:00 0 
7fdf38000000-7fdf390bf000 rw-p 00000000 00:00 0 
7fdf390bf000-7fdf3c000000 ---p 00000000 00:00 0 
7fdf3c000000-7fdf3c021000 rw-p 00000000 00:00 0 
7fdf3c021000-7fdf40000000 ---p 00000000 00:00 0 
7fdf40000000-7fdf40021000 rw-p 00000000 00:00 0 
7fdf40021000-7fdf44000000 ---p 00000000 00:00 0 
7fdf44000000-7fdf44d9a000 rw-p 00000000 00:00 0 
7fdf44d9a000-7fdf48000000 ---p 00000000 00:00 0 
7fdf48000000-7fdf48021000 rw-p 00000000 00:00 0 
7fdf48021000-7fdf4c000000 ---p 00000000 00:00 0 
7fdf4c000000-7fdf4c021000 rw-p 00000000 00:00 0 
7fdf4c021000-7fdf50000000 ---p 00000000 00:00 0 
7fdf50000000-7fdf50021000 rw-p 00000000 00:00 0 
7fdf50021000-7fdf54000000 ---p 00000000 00:00 0 
7fdf57cd0000-7fdf5c000000 rw-p 00000000 00:00 0 
7fdf5c000000-7fdf5c021000 rw-p 00000000 00:00 0 
7fdf5c021000-7fdf60000000 ---p 00000000 00:00 0 
7fdf64000000-7fdf64021000 rw-p 00000000 00:00 0 
7fdf64021000-7fdf68000000 ---p 00000000 00:00 0 
7fdf6c000000-7fdf6c021000 rw-p 00000000 00:00 0 
7fdf6c021000-7fdf70000000 ---p 00000000 00:00 0 
7fdf72f37000-7fdf73238000 rw-p 00000000 00:00 0 
7fdf73238000-7fdf732a4000 r-xp 00000000 08:07 16257056                   /lib/x86_64-linux-gnu/libpcre.so.3.13.1
7fdf732a4000-7fdf734a3000 ---p 0006c000 08:07 16257056                   /lib/x86_64-linux-gnu/libpcre.so.3.13.1
7fdf734a3000-7fdf734a4000 r--p 0006b000 08:07 16257056                   /lib/x86_64-linux-gnu/libpcre.so.3.13.1
7fdf734a4000-7fdf734a5000 rw-p 0006c000 08:07 16257056                   /lib/x86_64-linux-gnu/libpcre.so.3.13.1
7fdf734a5000-7fdf734ac000 r-xp 00000000 08:07 13631618                   /usr/lib/x86_64-linux-gnu/libffi.so.6.0.4
7fdf734ac000-7fdf736ab000 ---p 00007000 08:07 13631618                   /usr/lib/x86_64-linux-gnu/libffi.so.6.0.4
7fdf736ab000-7fdf736ac000 r--p 00006000 08:07 13631618                   /usr/lib/x86_64-linux-gnu/libffi.so.6.0.4
7fdf736ac000-7fdf736ad000 rw-p 00007000 08:07 13631618                   /usr/lib/x86_64-linux-gnu/libffi.so.6.0.4
7fdf736ad000-7fdf736c4000 r-xp 00000000 08:07 16253007                   /lib/x86_64-linux-gnu/libresolv-2.21.so
7fdf736c4000-7fdf738c4000 ---p 00017000 08:07 16253007                   /lib/x86_64-linux-gnu/libresolv-2.21.so
7fdf738c4000-7fdf738c6000 r--p 00017000 08:07 16253007                   /lib/x86_64-linux-gnu/libresolv-2.21.so
7fdf738c6000-7fdf738c7000 rw-p 00019000 08:07 16253007                   /lib/x86_64-linux-gnu/libresolv-2.21.so
7fdf738c7000-7fdf738c9000 rw-p 00000000 00:00 0 
7fdf738c9000-7fdf738ea000 r-xp 00000000 08:07 16257131                   /lib/x86_64-linux-gnu/libselinux.so.1
7fdf738ea000-7fdf73ae9000 ---p 00021000 08:07 16257131                   /lib/x86_64-linux-gnu/libselinux.so.1
7fdf73ae9000-7fdf73aea000 r--p 00020000 08:07 16257131                   /lib/x86_64-linux-gnu/libselinux.so.1
7fdf73aea000-7fdf73aeb000 rw-p 00021000 08:07 16257131                   /lib/x86_64-linux-gnu/libselinux.so.1
7fdf73aeb000-7fdf73aed000 rw-p 00000000 00:00 0 
7fdf73aed000-7fdf73af0000 r-xp 00000000 08:07 13631893                   /usr/lib/x86_64-linux-gnu/libgmodule-2.0.so.0.4400.1
7fdf73af0000-7fdf73cef000 ---p 00003000 08:07 13631893                   /usr/lib/x86_64-linux-gnu/libgmodule-2.0.so.0.4400.1
7fdf73cef000-7fdf73cf0000 r--p 00002000 08:07 13631893                   /usr/lib/x86_64-linux-gnu/libgmodule-2.0.so.0.4400.1
7fdf73cf0000-7fdf73cf1000 rw-p 00003000 08:07 13631893                   /usr/lib/x86_64-linux-gnu/libgmodule-2.0.so.0.4400.1
7fdf73cf1000-7fdf73dfe000 r-xp 00000000 08:07 16257102                   /lib/x86_64-linux-gnu/libglib-2.0.so.0.4400.1
7fdf73dfe000-7fdf73ffd000 ---p 0010d000 08:07 16257102                   /lib/x86_64-linux-gnu/libglib-2.0.so.0.4400.1
7fdf73ffd000-7fdf73ffe000 r--p 0010c000 08:07 16257102                   /lib/x86_64-linux-gnu/libglib-2.0.so.0.4400.1
7fdf73ffe000-7fdf73fff000 rw-p 0010d000 08:07 16257102                   /lib/x86_64-linux-gnu/libglib-2.0.so.0.4400.1
7fdf73fff000-7fdf74000000 rw-p 00000000 00:00 0 
7fdf74000000-7fdf74021000 rw-p 00000000 00:00 0 
7fdf74021000-7fdf78000000 ---p 00000000 00:00 0 
7fdf781a5000-7fdf781ff000 r--s 00340000 08:07 5247382                    /home/hit_alan/zhoufandi/somefilebetweenlinuxandwindows/dex2jar-2.0/cb72e86603cb27014e516b13fbecbe88a5c95ab0dc26375dca00ddd5650116d5/clientdex2jar.jar
7fdf781ff000-7fdf7824f000 r-xp 00000000 08:07 13631853                   /usr/lib/x86_64-linux-gnu/libgobject-2.0.so.0.4400.1
7fdf7824f000-7fdf7844f000 ---p 00050000 08:07 13631853                   /usr/lib/x86_64-linux-gnu/libgobject-2.0.so.0.4400.1
7fdf7844f000-7fdf78450000 r--p 00050000 08:07 13631853                   /usr/lib/x86_64-linux-gnu/libgobject-2.0.so.0.4400.1
7fdf78450000-7fdf78451000 rw-p 00051000 08:07 13631853                   /usr/lib/x86_64-linux-gnu/libgobject-2.0.so.0.4400.1
7fdf78451000-7fdf785c9000 r-xp 00000000 08:07 13631875                   /usr/lib/x86_64-linux-gnu/libgio-2.0.so.0.4400.1
7fdf785c9000-7fdf787c9000 ---p 00178000 08:07 13631875                   /usr/lib/x86_64-linux-gnu/libgio-2.0.so.0.4400.1
7fdf787c9000-7fdf787cd000 r--p 00178000 08:07 13631875                   /usr/lib/x86_64-linux-gnu/libgio-2.0.so.0.4400.1
7fdf787cd000-7fdf787cf000 rw-p 0017c000 08:07 13631875                   /usr/lib/x86_64-linux-gnu/libgio-2.0.so.0.4400.1
7fdf787cf000-7fdf787d1000 rw-p 00000000 00:00 0 
7fdf787d1000-7fdf787e9000 r-xp 00000000 08:07 13642175                   /usr/lib/jvm/java-7-openjdk-amd64/jre/lib/amd64/libnet.so
7fdf787e9000-7fdf789e8000 ---p 00018000 08:07 13642175                   /usr/lib/jvm/java-7-openjdk-amd64/jre/lib/amd64/libnet.so
7fdf789e8000-7fdf789e9000 r--p 00017000 08:07 13642175                   /usr/lib/jvm/java-7-openjdk-amd64/jre/lib/amd64/libnet.so
7fdf789e9000-7fdf789ea000 rw-p 00018000 08:07 13642175                   /usr/lib/jvm/java-7-openjdk-amd64/jre/lib/amd64/libnet.so
7fdf789ea000-7fdf789fb000 r-xp 00000000 08:07 13642136                   /usr/lib/jvm/java-7-openjdk-amd64/jre/lib/amd64/libnio.so
7fdf789fb000-7fdf78bfa000 ---p 00011000 08:07 13642136                   /usr/lib/jvm/java-7-openjdk-amd64/jre/lib/amd64/libnio.so
7fdf78bfa000-7fdf78bfb000 r--p 00010000 08:07 13642136                   /usr/lib/jvm/java-7-openjdk-amd64/jre/lib/amd64/libnio.so
7fdf78bfb000-7fdf78bfc000 rw-p 00011000 08:07 13642136                   /usr/lib/jvm/java-7-openjdk-amd64/jre/lib/amd64/libnio.so
7fdf78bfc000-7fdf78bfd000 ---p 00000000 00:00 0 
7fdf78bfd000-7fdf78cfd000 rw-p 00000000 00:00 0 
7fdf78cfd000-7fdf78d00000 ---p 00000000 00:00 0 
7fdf78d00000-7fdf78dfe000 rw-p 00000000 00:00 0 
7fdf78dfe000-7fdf78e01000 ---p 00000000 00:00 0 
7fdf78e01000-7fdf78eff000 rw-p 00000000 00:00 0 
7fdf78eff000-7fdf78f02000 ---p 00000000 00:00 0 
7fdf78f02000-7fdf79000000 rw-p 00000000 00:00 0 
7fdf79000000-7fdf79270000 rwxp 00000000 00:00 0 
7fdf79270000-7fdf80000000 rw-p 00000000 00:00 0 
7fdf8003e000-7fdf80052000 r--p 00000000 08:07 14421516                   /usr/share/locale-langpack/zh_CN/LC_MESSAGES/libc.mo
7fdf80052000-7fdf80061000 r--s 0008f000 08:07 5247376                    /home/hit_alan/zhoufandi/somefilebetweenlinuxandwindows/dex2jar-2.0/cb72e86603cb27014e516b13fbecbe88a5c95ab0dc26375dca00ddd5650116d5/channeldex2jar.jar
7fdf80069000-7fdf80070000 r--s 00000000 08:07 13902402                   /usr/lib/x86_64-linux-gnu/gconv/gconv-modules.cache
7fdf80070000-7fdf800ca000 r--s 00340000 08:07 5247382                    /home/hit_alan/zhoufandi/somefilebetweenlinuxandwindows/dex2jar-2.0/cb72e86603cb27014e516b13fbecbe88a5c95ab0dc26375dca00ddd5650116d5/clientdex2jar.jar
7fdf800ca000-7fdf800d4000 r--s 000ae000 08:07 13642193                   /usr/lib/jvm/java-7-openjdk-amd64/jre/lib/resources.jar
7fdf800d4000-7fdf800d9000 r--s 00036000 08:07 7081023                    /home/hit_alan/zhoufandi/somefilebetweenlinuxandwindows/target/asm-all-5.0.3.jar
7fdf800d9000-7fdf800dc000 ---p 00000000 00:00 0 
7fdf800dc000-7fdf801da000 rw-p 00000000 00:00 0 
7fdf801da000-7fdf80647000 r--p 00000000 08:07 13634881                   /usr/lib/locale/locale-archive
7fdf80647000-7fdf8064a000 ---p 00000000 00:00 0 
7fdf8064a000-7fdf80748000 rw-p 00000000 00:00 0 
7fdf80748000-7fdf8074b000 ---p 00000000 00:00 0 
7fdf8074b000-7fdf80849000 rw-p 00000000 00:00 0 
7fdf80849000-7fdf8084a000 ---p 00000000 00:00 0 
7fdf8084a000-7fdf818a2000 rw-p 00000000 00:00 0 
7fdf818a2000-7fdf81a54000 r--s 01d2f000 08:07 13642124                   /usr/lib/jvm/java-7-openjdk-amd64/jre/lib/rt.jar
7fdf81a54000-7fdf81f82000 rw-p 00000000 00:00 0 
7fdf81f82000-7fdf81f83000 ---p 00000000 00:00 0 
7fdf81f83000-7fdf82083000 rw-p 00000000 00:00 0 
7fdf82083000-7fdf82084000 ---p 00000000 00:00 0 
7fdf82084000-7fdf82184000 rw-p 00000000 00:00 0 
7fdf82184000-7fdf82185000 ---p 00000000 00:00 0 
7fdf82185000-7fdf82285000 rw-p 00000000 00:00 0 
7fdf82285000-7fdf82286000 ---p 00000000 00:00 0 
7fdf82286000-7fdf82391000 rw-p 00000000 00:00 0 
7fdf82391000-7fdf823d9000 rw-p 00000000 00:00 0 
7fdf823d9000-7fdf82403000 rw-p 00000000 00:00 0 
7fdf82403000-7fdf8266f000 rw-p 00000000 00:00 0 
7fdf8266f000-7fdf8267a000 rw-p 00000000 00:00 0 
7fdf8267a000-7fdf826c2000 rw-p 00000000 00:00 0 
7fdf826c2000-7fdf826ec000 rw-p 00000000 00:00 0 
7fdf826ec000-7fdf82957000 rw-p 00000000 00:00 0 
7fdf82957000-7fdf82a2e000 rw-p 00000000 00:00 0 
7fdf82a2e000-7fdf82aa2000 rw-p 00000000 00:00 0 
7fdf82aa2000-7fdf82aa3000 rw-p 00000000 00:00 0 
7fdf82aa3000-7fdf82aab000 r-xp 00000000 08:07 13642144                   /usr/lib/jvm/java-7-openjdk-amd64/jre/lib/amd64/libzip.so
7fdf82aab000-7fdf82caa000 ---p 00008000 08:07 13642144                   /usr/lib/jvm/java-7-openjdk-amd64/jre/lib/amd64/libzip.so
7fdf82caa000-7fdf82cab000 r--p 00007000 08:07 13642144                   /usr/lib/jvm/java-7-openjdk-amd64/jre/lib/amd64/libzip.so
7fdf82cab000-7fdf82cac000 rw-p 00008000 08:07 13642144                   /usr/lib/jvm/java-7-openjdk-amd64/jre/lib/amd64/libzip.so
7fdf82cac000-7fdf82cb8000 r-xp 00000000 08:07 16253008                   /lib/x86_64-linux-gnu/libnss_files-2.21.so
7fdf82cb8000-7fdf82eb7000 ---p 0000c000 08:07 16253008                   /lib/x86_64-linux-gnu/libnss_files-2.21.so
7fdf82eb7000-7fdf82eb8000 r--p 0000b000 08:07 16253008                   /lib/x86_64-linux-gnu/libnss_files-2.21.so
7fdf82eb8000-7fdf82eb9000 rw-p 0000c000 08:07 16253008                   /lib/x86_64-linux-gnu/libnss_files-2.21.so
7fdf82eb9000-7fdf82ec4000 r-xp 00000000 08:07 16252996                   /lib/x86_64-linux-gnu/libnss_nis-2.21.so
7fdf82ec4000-7fdf830c3000 ---p 0000b000 08:07 16252996                   /lib/x86_64-linux-gnu/libnss_nis-2.21.so
7fdf830c3000-7fdf830c4000 r--p 0000a000 08:07 16252996                   /lib/x86_64-linux-gnu/libnss_nis-2.21.so
7fdf830c4000-7fdf830c5000 rw-p 0000b000 08:07 16252996                   /lib/x86_64-linux-gnu/libnss_nis-2.21.so
7fdf830c5000-7fdf830dc000 r-xp 00000000 08:07 16257004                   /lib/x86_64-linux-gnu/libnsl-2.21.so
7fdf830dc000-7fdf832db000 ---p 00017000 08:07 16257004                   /lib/x86_64-linux-gnu/libnsl-2.21.so
7fdf832db000-7fdf832dc000 r--p 00016000 08:07 16257004                   /lib/x86_64-linux-gnu/libnsl-2.21.so
7fdf832dc000-7fdf832dd000 rw-p 00017000 08:07 16257004                   /lib/x86_64-linux-gnu/libnsl-2.21.so
7fdf832dd000-7fdf832df000 rw-p 00000000 00:00 0 
7fdf832df000-7fdf832e7000 r-xp 00000000 08:07 16253010                   /lib/x86_64-linux-gnu/libnss_compat-2.21.so
7fdf832e7000-7fdf834e6000 ---p 00008000 08:07 16253010                   /lib/x86_64-linux-gnu/libnss_compat-2.21.so
7fdf834e6000-7fdf834e7000 r--p 00007000 08:07 16253010                   /lib/x86_64-linux-gnu/libnss_compat-2.21.so
7fdf834e7000-7fdf834e8000 rw-p 00008000 08:07 16253010                   /lib/x86_64-linux-gnu/libnss_compat-2.21.so
7fdf834e8000-7fdf83515000 r-xp 00000000 08:07 13642157                   /usr/lib/jvm/java-7-openjdk-amd64/jre/lib/amd64/libjava.so
7fdf83515000-7fdf83714000 ---p 0002d000 08:07 13642157                   /usr/lib/jvm/java-7-openjdk-amd64/jre/lib/amd64/libjava.so
7fdf83714000-7fdf83715000 r--p 0002c000 08:07 13642157                   /usr/lib/jvm/java-7-openjdk-amd64/jre/lib/amd64/libjava.so
7fdf83715000-7fdf83717000 rw-p 0002d000 08:07 13642157                   /usr/lib/jvm/java-7-openjdk-amd64/jre/lib/amd64/libjava.so
7fdf83717000-7fdf83726000 r-xp 00000000 08:07 13642171                   /usr/lib/jvm/java-7-openjdk-amd64/jre/lib/amd64/libverify.so
7fdf83726000-7fdf83925000 ---p 0000f000 08:07 13642171                   /usr/lib/jvm/java-7-openjdk-amd64/jre/lib/amd64/libverify.so
7fdf83925000-7fdf83928000 r--p 0000e000 08:07 13642171                   /usr/lib/jvm/java-7-openjdk-amd64/jre/lib/amd64/libverify.so
7fdf83928000-7fdf83929000 rw-p 00011000 08:07 13642171                   /usr/lib/jvm/java-7-openjdk-amd64/jre/lib/amd64/libverify.so
7fdf83929000-7fdf83930000 r-xp 00000000 08:07 16257005                   /lib/x86_64-linux-gnu/librt-2.21.so
7fdf83930000-7fdf83b2f000 ---p 00007000 08:07 16257005                   /lib/x86_64-linux-gnu/librt-2.21.so
7fdf83b2f000-7fdf83b30000 r--p 00006000 08:07 16257005                   /lib/x86_64-linux-gnu/librt-2.21.so
7fdf83b30000-7fdf83b31000 rw-p 00007000 08:07 16257005                   /lib/x86_64-linux-gnu/librt-2.21.so
7fdf83b31000-7fdf83b47000 r-xp 00000000 08:07 16257047                   /lib/x86_64-linux-gnu/libgcc_s.so.1
7fdf83b47000-7fdf83d46000 ---p 00016000 08:07 16257047                   /lib/x86_64-linux-gnu/libgcc_s.so.1
7fdf83d46000-7fdf83d47000 rw-p 00015000 08:07 16257047                   /lib/x86_64-linux-gnu/libgcc_s.so.1
7fdf83d47000-7fdf83e4e000 r-xp 00000000 08:07 16257003                   /lib/x86_64-linux-gnu/libm-2.21.so
7fdf83e4e000-7fdf8404d000 ---p 00107000 08:07 16257003                   /lib/x86_64-linux-gnu/libm-2.21.so
7fdf8404d000-7fdf8404e000 r--p 00106000 08:07 16257003                   /lib/x86_64-linux-gnu/libm-2.21.so
7fdf8404e000-7fdf8404f000 rw-p 00107000 08:07 16257003                   /lib/x86_64-linux-gnu/libm-2.21.so
7fdf8404f000-7fdf8413f000 r-xp 00000000 08:07 13631543                   /usr/lib/x86_64-linux-gnu/libstdc++.so.6.0.20
7fdf8413f000-7fdf8433f000 ---p 000f0000 08:07 13631543                   /usr/lib/x86_64-linux-gnu/libstdc++.so.6.0.20
7fdf8433f000-7fdf84347000 r--p 000f0000 08:07 13631543                   /usr/lib/x86_64-linux-gnu/libstdc++.so.6.0.20
7fdf84347000-7fdf84349000 rw-p 000f8000 08:07 13631543                   /usr/lib/x86_64-linux-gnu/libstdc++.so.6.0.20
7fdf84349000-7fdf8435e000 rw-p 00000000 00:00 0 
7fdf8435e000-7fdf84ebe000 r-xp 00000000 08:07 13642163                   /usr/lib/jvm/java-7-openjdk-amd64/jre/lib/amd64/server/libjvm.so
7fdf84ebe000-7fdf850be000 ---p 00b60000 08:07 13642163                   /usr/lib/jvm/java-7-openjdk-amd64/jre/lib/amd64/server/libjvm.so
7fdf850be000-7fdf8515d000 r--p 00b60000 08:07 13642163                   /usr/lib/jvm/java-7-openjdk-amd64/jre/lib/amd64/server/libjvm.so
7fdf8515d000-7fdf85180000 rw-p 00bff000 08:07 13642163                   /usr/lib/jvm/java-7-openjdk-amd64/jre/lib/amd64/server/libjvm.so
7fdf85180000-7fdf851ad000 rw-p 00000000 00:00 0 
7fdf851ad000-7fdf851c6000 r-xp 00000000 08:07 16257026                   /lib/x86_64-linux-gnu/libz.so.1.2.8
7fdf851c6000-7fdf853c6000 ---p 00019000 08:07 16257026                   /lib/x86_64-linux-gnu/libz.so.1.2.8
7fdf853c6000-7fdf853c7000 r--p 00019000 08:07 16257026                   /lib/x86_64-linux-gnu/libz.so.1.2.8
7fdf853c7000-7fdf853c8000 rw-p 0001a000 08:07 16257026                   /lib/x86_64-linux-gnu/libz.so.1.2.8
7fdf853c8000-7fdf853e0000 r-xp 00000000 08:07 16253005                   /lib/x86_64-linux-gnu/libpthread-2.21.so
7fdf853e0000-7fdf855e0000 ---p 00018000 08:07 16253005                   /lib/x86_64-linux-gnu/libpthread-2.21.so
7fdf855e0000-7fdf855e1000 r--p 00018000 08:07 16253005                   /lib/x86_64-linux-gnu/libpthread-2.21.so
7fdf855e1000-7fdf855e2000 rw-p 00019000 08:07 16253005                   /lib/x86_64-linux-gnu/libpthread-2.21.so
7fdf855e2000-7fdf855e6000 rw-p 00000000 00:00 0 
7fdf855e6000-7fdf855e9000 r-xp 00000000 08:07 16253001                   /lib/x86_64-linux-gnu/libdl-2.21.so
7fdf855e9000-7fdf857e8000 ---p 00003000 08:07 16253001                   /lib/x86_64-linux-gnu/libdl-2.21.so
7fdf857e8000-7fdf857e9000 r--p 00002000 08:07 16253001                   /lib/x86_64-linux-gnu/libdl-2.21.so
7fdf857e9000-7fdf857ea000 rw-p 00003000 08:07 16253001                   /lib/x86_64-linux-gnu/libdl-2.21.so
7fdf857ea000-7fdf859aa000 r-xp 00000000 08:07 16257010                   /lib/x86_64-linux-gnu/libc-2.21.so
7fdf859aa000-7fdf85baa000 ---p 001c0000 08:07 16257010                   /lib/x86_64-linux-gnu/libc-2.21.so
7fdf85baa000-7fdf85bae000 r--p 001c0000 08:07 16257010                   /lib/x86_64-linux-gnu/libc-2.21.so
7fdf85bae000-7fdf85bb0000 rw-p 001c4000 08:07 16257010                   /lib/x86_64-linux-gnu/libc-2.21.so
7fdf85bb0000-7fdf85bb4000 rw-p 00000000 00:00 0 
7fdf85bb4000-7fdf85bc1000 r-xp 00000000 08:07 13642172                   /usr/lib/jvm/java-7-openjdk-amd64/jre/lib/amd64/jli/libjli.so
7fdf85bc1000-7fdf85dc0000 ---p 0000d000 08:07 13642172                   /usr/lib/jvm/java-7-openjdk-amd64/jre/lib/amd64/jli/libjli.so
7fdf85dc0000-7fdf85dc1000 r--p 0000c000 08:07 13642172                   /usr/lib/jvm/java-7-openjdk-amd64/jre/lib/amd64/jli/libjli.so
7fdf85dc1000-7fdf85dc2000 rw-p 0000d000 08:07 13642172                   /usr/lib/jvm/java-7-openjdk-amd64/jre/lib/amd64/jli/libjli.so
7fdf85dc2000-7fdf85de6000 r-xp 00000000 08:07 16253004                   /lib/x86_64-linux-gnu/ld-2.21.so
7fdf85de6000-7fdf85de7000 rw-p 00000000 00:00 0 
7fdf85de7000-7fdf85de8000 r--s 00005000 08:07 7081028                    /home/hit_alan/zhoufandi/somefilebetweenlinuxandwindows/target/csvio-1.0.2.jar
7fdf85de8000-7fdf85de9000 r--s 00008000 08:07 7081026                    /home/hit_alan/zhoufandi/somefilebetweenlinuxandwindows/target/commons-cli-1.1.jar
7fdf85de9000-7fdf85deb000 r--s 0001d000 08:07 7081025                    /home/hit_alan/zhoufandi/somefilebetweenlinuxandwindows/target/xmlcli-1.2.3.jar
7fdf85deb000-7fdf85ded000 r--s 0000d000 08:07 7081029                    /home/hit_alan/zhoufandi/somefilebetweenlinuxandwindows/target/commons-logging-1.1.1.jar
7fdf85ded000-7fdf85df2000 r--s 00034000 08:07 7081024                    /home/hit_alan/zhoufandi/somefilebetweenlinuxandwindows/target/commons-beanutils-1.8.3.jar
7fdf85df2000-7fdf85dfd000 r--s 000b4000 08:07 7081123                    /home/hit_alan/zhoufandi/somefilebetweenlinuxandwindows/target/stigmata-5.0-SNAPSHOT.jar
7fdf85dfd000-7fdf85e01000 r--s 00034000 08:07 13642025                   /usr/lib/jvm/java-7-openjdk-amd64/jre/lib/ext/sunjce_provider.jar
7fdf85e01000-7fdf85e0b000 rw-p 00000000 00:00 0 
7fdf85e0b000-7fdf85ec1000 rw-p 00000000 00:00 0 
7fdf85ec1000-7fdf85ec4000 ---p 00000000 00:00 0 
7fdf85ec4000-7fdf85fc7000 rw-p 00000000 00:00 0 
7fdf85fc7000-7fdf85fc9000 r--s 0000b000 08:07 7081027                    /home/hit_alan/zhoufandi/somefilebetweenlinuxandwindows/target/commons-dbutils-1.4.jar
7fdf85fc9000-7fdf85fca000 r--s 00002000 08:07 13642027                   /usr/lib/jvm/java-7-openjdk-amd64/jre/lib/ext/dnsns.jar
7fdf85fca000-7fdf85fcc000 r--s 00012000 08:07 13642022                   /usr/lib/jvm/java-7-openjdk-amd64/jre/lib/ext/zipfs.jar
7fdf85fcc000-7fdf85fd0000 r--s 0003c000 08:07 13642026                   /usr/lib/jvm/java-7-openjdk-amd64/jre/lib/ext/sunpkcs11.jar
7fdf85fd0000-7fdf85fd3000 r--s 0000f000 08:07 13642024                   /usr/lib/jvm/java-7-openjdk-amd64/jre/lib/ext/icedtea-sound.jar
7fdf85fd3000-7fdf85fd7000 r--s 00085000 08:07 13642023                   /usr/lib/jvm/java-7-openjdk-amd64/jre/lib/ext/localedata.jar
7fdf85fd7000-7fdf85fd9000 r--s 00006000 08:07 14028198                   /usr/share/java/java-atk-wrapper.jar
7fdf85fd9000-7fdf85fe1000 rw-s 00000000 08:07 4984161                    /tmp/hsperfdata_hit_alan/6236
7fdf85fe1000-7fdf85fe2000 rw-p 00000000 00:00 0 
7fdf85fe2000-7fdf85fe3000 ---p 00000000 00:00 0 
7fdf85fe3000-7fdf85fe5000 rw-p 00000000 00:00 0 
7fdf85fe5000-7fdf85fe6000 r--p 00023000 08:07 16253004                   /lib/x86_64-linux-gnu/ld-2.21.so
7fdf85fe6000-7fdf85fe7000 rw-p 00024000 08:07 16253004                   /lib/x86_64-linux-gnu/ld-2.21.so
7fdf85fe7000-7fdf85fe8000 rw-p 00000000 00:00 0 
7ffe8b6dc000-7ffe8b6fe000 rw-p 00000000 00:00 0                          [stack]
7ffe8b724000-7ffe8b726000 r--p 00000000 00:00 0                          [vvar]
7ffe8b726000-7ffe8b728000 r-xp 00000000 00:00 0                          [vdso]
ffffffffff600000-ffffffffff601000 r-xp 00000000 00:00 0                  [vsyscall]

VM Arguments:
java_command: stigmata-5.0-SNAPSHOT.jar -f xml -b cvfv compare ../dex2jar-2.0/cb72e86603cb27014e516b13fbecbe88a5c95ab0dc26375dca00ddd5650116d5/channeldex2jar.jar ../dex2jar-2.0/cb72e86603cb27014e516b13fbecbe88a5c95ab0dc26375dca00ddd5650116d5/clientdex2jar.jar
Launcher Type: SUN_STANDARD

Environment Variables:
JAVA_HOME=/usr/lib/jvm/java-7-openjdk-amd64
PATH=/home/hit_alan/bin:/home/hit_alan/.gvm/vertx/current/bin:/home/hit_alan/.gvm/springboot/current/bin:/home/hit_alan/.gvm/lazybones/current/bin:/home/hit_alan/.gvm/jbake/current/bin:/home/hit_alan/.gvm/groovyserv/current/bin:/home/hit_alan/.gvm/groovy/current/bin:/home/hit_alan/.gvm/griffon/current/bin:/home/hit_alan/.gvm/grails/current/bin:/home/hit_alan/.gvm/gradle/current/bin:/home/hit_alan/.gvm/glide/current/bin:/home/hit_alan/.gvm/gaiden/current/bin:/home/hit_alan/.gvm/crash/current/bin:/home/hit_alan/.gvm/asciidoctorj/current/bin:/home/hit_alan/bin:/usr/local/sbin:/usr/local/bin:/usr/sbin:/usr/bin:/sbin:/bin:/usr/games:/usr/local/games:/usr/gradle-2.4/bin:/usr/grails-3.0.2/bin:/home/hit_alan/softwares/adt-bundle-linux-x86_64-20140624/sdk/platform-tools:/home/hit_alan/softwares/adt-bundle-linux-x86_64-20140624/sdk/tools:/usr/gradle-2.4/bin:/usr/grails-3.0.2/bin:/home/hit_alan/softwares/adt-bundle-linux-x86_64-20140624/sdk/platform-tools:/home/hit_alan/softwares/adt-bundle-linux-x86_64-20140624/sdk/tools
SHELL=/bin/bash
DISPLAY=:0

Signal Handlers:
SIGSEGV: [libjvm.so+0x992590], sa_mask[0]=0x7ffbfeff, sa_flags=0x10000004
SIGBUS: [libjvm.so+0x992590], sa_mask[0]=0x7ffbfeff, sa_flags=0x10000004
SIGFPE: [libjvm.so+0x7fec60], sa_mask[0]=0x7ffbfeff, sa_flags=0x10000004
SIGPIPE: [libjvm.so+0x7fec60], sa_mask[0]=0x7ffbfeff, sa_flags=0x10000004
SIGXFSZ: [libjvm.so+0x7fec60], sa_mask[0]=0x7ffbfeff, sa_flags=0x10000004
SIGILL: [libjvm.so+0x7fec60], sa_mask[0]=0x7ffbfeff, sa_flags=0x10000004
SIGUSR1: SIG_DFL, sa_mask[0]=0x00000000, sa_flags=0x00000000
SIGUSR2: [libjvm.so+0x7feae0], sa_mask[0]=0x00000004, sa_flags=0x10000004
SIGHUP: [libjvm.so+0x7fece0], sa_mask[0]=0x7ffbfeff, sa_flags=0x10000004
SIGINT: [libjvm.so+0x7fece0], sa_mask[0]=0x7ffbfeff, sa_flags=0x10000004
SIGTERM: [libjvm.so+0x7fece0], sa_mask[0]=0x7ffbfeff, sa_flags=0x10000004
SIGQUIT: [libjvm.so+0x7fece0], sa_mask[0]=0x7ffbfeff, sa_flags=0x10000004
SIGTRAP: SIG_DFL, sa_mask[0]=0x00000000, sa_flags=0x00000000


---------------  S Y S T E M  ---------------

OS:Ubuntu 15.04 (vivid)
uname:Linux 3.19.0-66-generic #74-Ubuntu SMP Tue Jul 19 15:07:04 UTC 2016 x86_64
libc:glibc 2.21 NPTL 2.21 
rlimit: STACK 8192k, CORE 0k, NPROC 31638, NOFILE 65536, AS infinity
load average:6.44 5.70 4.16

/proc/meminfo:
MemTotal:        8121832 kB
MemFree:          157976 kB
MemAvailable:     142504 kB
Buffers:            4648 kB
Cached:           120312 kB
SwapCached:            0 kB
Active:          7660052 kB
Inactive:          78616 kB
Active(anon):    7615604 kB
Inactive(anon):    39928 kB
Active(file):      44448 kB
Inactive(file):    38688 kB
Unevictable:         192 kB
Mlocked:             192 kB
SwapTotal:             0 kB
SwapFree:              0 kB
Dirty:             30088 kB
Writeback:             0 kB
AnonPages:       7614612 kB
Mapped:            83192 kB
Shmem:             41380 kB
Slab:             100712 kB
SReclaimable:      54856 kB
SUnreclaim:        45856 kB
KernelStack:       12448 kB
PageTables:        56476 kB
NFS_Unstable:          0 kB
Bounce:                0 kB
WritebackTmp:          0 kB
CommitLimit:     4060916 kB
Committed_AS:   12369416 kB
VmallocTotal:   34359738367 kB
VmallocUsed:      110616 kB
VmallocChunk:   34359583736 kB
HardwareCorrupted:     0 kB
AnonHugePages:   4421632 kB
CmaTotal:              0 kB
CmaFree:               0 kB
HugePages_Total:       0
HugePages_Free:        0
HugePages_Rsvd:        0
HugePages_Surp:        0
Hugepagesize:       2048 kB
DirectMap4k:      290068 kB
DirectMap2M:     6995968 kB
DirectMap1G:     2097152 kB


CPU:total 4 (4 cores per cpu, 1 threads per core) family 6 model 60 stepping 3, cmov, cx8, fxsr, mmx, sse, sse2, sse3, ssse3, sse4.1, sse4.2, popcnt, avx, avx2, aes, erms, tsc, tscinvbit

/proc/cpuinfo:
processor	: 0
vendor_id	: GenuineIntel
cpu family	: 6
model		: 60
model name	: Intel(R) Core(TM) i5-4590 CPU @ 3.30GHz
stepping	: 3
microcode	: 0x1d
cpu MHz		: 3499.933
cache size	: 6144 KB
physical id	: 0
siblings	: 4
core id		: 0
cpu cores	: 4
apicid		: 0
initial apicid	: 0
fpu		: yes
fpu_exception	: yes
cpuid level	: 13
wp		: yes
flags		: fpu vme de pse tsc msr pae mce cx8 apic sep mtrr pge mca cmov pat pse36 clflush dts acpi mmx fxsr sse sse2 ss ht tm pbe syscall nx pdpe1gb rdtscp lm constant_tsc arch_perfmon pebs bts rep_good nopl xtopology nonstop_tsc aperfmperf eagerfpu pni pclmulqdq dtes64 monitor ds_cpl vmx smx est tm2 ssse3 fma cx16 xtpr pdcm pcid sse4_1 sse4_2 x2apic movbe popcnt tsc_deadline_timer aes xsave avx f16c rdrand lahf_lm abm ida arat epb pln pts dtherm tpr_shadow vnmi flexpriority ept vpid fsgsbase tsc_adjust bmi1 avx2 smep bmi2 erms invpcid xsaveopt
bugs		:
bogomips	: 6585.01
clflush size	: 64
cache_alignment	: 64
address sizes	: 39 bits physical, 48 bits virtual
power management:

processor	: 1
vendor_id	: GenuineIntel
cpu family	: 6
model		: 60
model name	: Intel(R) Core(TM) i5-4590 CPU @ 3.30GHz
stepping	: 3
microcode	: 0x1d
cpu MHz		: 3499.933
cache size	: 6144 KB
physical id	: 0
siblings	: 4
core id		: 1
cpu cores	: 4
apicid		: 2
initial apicid	: 2
fpu		: yes
fpu_exception	: yes
cpuid level	: 13
wp		: yes
flags		: fpu vme de pse tsc msr pae mce cx8 apic sep mtrr pge mca cmov pat pse36 clflush dts acpi mmx fxsr sse sse2 ss ht tm pbe syscall nx pdpe1gb rdtscp lm constant_tsc arch_perfmon pebs bts rep_good nopl xtopology nonstop_tsc aperfmperf eagerfpu pni pclmulqdq dtes64 monitor ds_cpl vmx smx est tm2 ssse3 fma cx16 xtpr pdcm pcid sse4_1 sse4_2 x2apic movbe popcnt tsc_deadline_timer aes xsave avx f16c rdrand lahf_lm abm ida arat epb pln pts dtherm tpr_shadow vnmi flexpriority ept vpid fsgsbase tsc_adjust bmi1 avx2 smep bmi2 erms invpcid xsaveopt
bugs		:
bogomips	: 6585.01
clflush size	: 64
cache_alignment	: 64
address sizes	: 39 bits physical, 48 bits virtual
power management:

processor	: 2
vendor_id	: GenuineIntel
cpu family	: 6
model		: 60
model name	: Intel(R) Core(TM) i5-4590 CPU @ 3.30GHz
stepping	: 3
microcode	: 0x1d
cpu MHz		: 3499.933
cache size	: 6144 KB
physical id	: 0
siblings	: 4
core id		: 2
cpu cores	: 4
apicid		: 4
initial apicid	: 4
fpu		: yes
fpu_exception	: yes
cpuid level	: 13
wp		: yes
flags		: fpu vme de pse tsc msr pae mce cx8 apic sep mtrr pge mca cmov pat pse36 clflush dts acpi mmx fxsr sse sse2 ss ht tm pbe syscall nx pdpe1gb rdtscp lm constant_tsc arch_perfmon pebs bts rep_good nopl xtopology nonstop_tsc aperfmperf eagerfpu pni pclmulqdq dtes64 monitor ds_cpl vmx smx est tm2 ssse3 fma cx16 xtpr pdcm pcid sse4_1 sse4_2 x2apic movbe popcnt tsc_deadline_timer aes xsave avx f16c rdrand lahf_lm abm ida arat epb pln pts dtherm tpr_shadow vnmi flexpriority ept vpid fsgsbase tsc_adjust bmi1 avx2 smep bmi2 erms invpcid xsaveopt
bugs		:
bogomips	: 6585.01
clflush size	: 64
cache_alignment	: 64
address sizes	: 39 bits physical, 48 bits virtual
power management:

processor	: 3
vendor_id	: GenuineIntel
cpu family	: 6
model		: 60
model name	: Intel(R) Core(TM) i5-4590 CPU @ 3.30GHz
stepping	: 3
microcode	: 0x1d
cpu MHz		: 3499.933
cache size	: 6144 KB
physical id	: 0
siblings	: 4
core id		: 3
cpu cores	: 4
apicid		: 6
initial apicid	: 6
fpu		: yes
fpu_exception	: yes
cpuid level	: 13
wp		: yes
flags		: fpu vme de pse tsc msr pae mce cx8 apic sep mtrr pge mca cmov pat pse36 clflush dts acpi mmx fxsr sse sse2 ss ht tm pbe syscall nx pdpe1gb rdtscp lm constant_tsc arch_perfmon pebs bts rep_good nopl xtopology nonstop_tsc aperfmperf eagerfpu pni pclmulqdq dtes64 monitor ds_cpl vmx smx est tm2 ssse3 fma cx16 xtpr pdcm pcid sse4_1 sse4_2 x2apic movbe popcnt tsc_deadline_timer aes xsave avx f16c rdrand lahf_lm abm ida arat epb pln pts dtherm tpr_shadow vnmi flexpriority ept vpid fsgsbase tsc_adjust bmi1 avx2 smep bmi2 erms invpcid xsaveopt
bugs		:
bogomips	: 6585.01
clflush size	: 64
cache_alignment	: 64
address sizes	: 39 bits physical, 48 bits virtual
power management:



Memory: 4k page, physical 8121832k(157976k free), swap 0k(0k free)

vm_info: OpenJDK 64-Bit Server VM (24.95-b01) for linux-amd64 JRE (1.7.0_95-b00), built on Jan 21 2016 03:41:02 by "buildd" with gcc 4.9.2

time: Thu Oct 13 18:57:37 2016
elapsed time: 23 seconds

