#
# There is insufficient memory for the Java Runtime Environment to continue.
# Native memory allocation (malloc) failed to allocate 83361792 bytes for committing reserved memory.
# Possible reasons:
#   The system is out of physical RAM or swap space
#   In 32 bit mode, the process size limit was hit
# Possible solutions:
#   Reduce memory load on the system
#   Increase physical memory or swap space
#   Check if swap backing store is full
#   Use 64 bit Java on a 64 bit OS
#   Decrease Java heap size (-Xmx/-Xms)
#   Decrease number of Java threads
#   Decrease Java thread stack sizes (-Xss)
#   Set larger code cache with -XX:ReservedCodeCacheSize=
# This output file may be truncated or incomplete.
#
#  Out of Memory Error (os_linux.cpp:2827), pid=22454, tid=140127380752128
#
# JRE version: OpenJDK Runtime Environment (7.0_95) (build 1.7.0_95-b00)
# Java VM: OpenJDK 64-Bit Server VM (24.95-b01 mixed mode linux-amd64 compressed oops)
# Derivative: IcedTea 2.6.4
# Distribution: Ubuntu 15.04, package 7u95-2.6.4-0ubuntu0.15.04.1
# Failed to write core dump. Core dumps have been disabled. To enable core dumping, try "ulimit -c unlimited" before starting Java again
#

---------------  T H R E A D  ---------------

Current thread (0x00007f71fc13d000):  VMThread [stack: 0x00007f71f2b0c000,0x00007f71f2c0d000] [id=22460]

Stack: [0x00007f71f2b0c000,0x00007f71f2c0d000],  sp=0x00007f71f2c0b4e0,  free space=1021k
Native frames: (J=compiled Java code, j=interpreted, Vv=VM code, C=native code)
V  [libjvm.so+0x991aa6]
V  [libjvm.so+0x4934c2]
V  [libjvm.so+0x80371b]
V  [libjvm.so+0x7fddfe]
V  [libjvm.so+0x871c0b]
V  [libjvm.so+0x872ac3]
V  [libjvm.so+0x8731db]
V  [libjvm.so+0x86eb41]
V  [libjvm.so+0x86f3b8]
V  [libjvm.so+0x826a73]
V  [libjvm.so+0x993372]
V  [libjvm.so+0x9977f7]
V  [libjvm.so+0x995f6b]
V  [libjvm.so+0x996616]
V  [libjvm.so+0x996ae1]
V  [libjvm.so+0x800642]

VM_Operation (0x00007f720329f5c0): ParallelGCFailedAllocation, mode: safepoint, requested by thread 0x00007f71fc00a000


---------------  P R O C E S S  ---------------

Java Threads: ( => current thread )
  0x00007f71fc175800 JavaThread "Service Thread" daemon [_thread_blocked, id=22466, stack(0x00007f71f2099000,0x00007f71f219a000)]
  0x00007f71fc173800 JavaThread "C2 CompilerThread1" daemon [_thread_blocked, id=22465, stack(0x00007f71f219a000,0x00007f71f229b000)]
  0x00007f71fc170800 JavaThread "C2 CompilerThread0" daemon [_thread_blocked, id=22464, stack(0x00007f71f229b000,0x00007f71f239c000)]
  0x00007f71fc16e000 JavaThread "Signal Dispatcher" daemon [_thread_blocked, id=22463, stack(0x00007f71f239c000,0x00007f71f249d000)]
  0x00007f71fc143800 JavaThread "Finalizer" daemon [_thread_blocked, id=22462, stack(0x00007f71f290a000,0x00007f71f2a0b000)]
  0x00007f71fc141000 JavaThread "Reference Handler" daemon [_thread_blocked, id=22461, stack(0x00007f71f2a0b000,0x00007f71f2b0c000)]
  0x00007f71fc00a000 JavaThread "main" [_thread_blocked, id=22455, stack(0x00007f72031a0000,0x00007f72032a1000)]

Other Threads:
=>0x00007f71fc13d000 VMThread [stack: 0x00007f71f2b0c000,0x00007f71f2c0d000] [id=22460]
  0x00007f71fc188800 WatcherThread [stack: 0x00007f71f1f98000,0x00007f71f2099000] [id=22467]

VM state:at safepoint (normal execution)

VM Mutex/Monitor currently owned by a thread:  ([mutex/lock_event])
[0x00007f71fc006430] Threads_lock - owner thread: 0x00007f71fc13d000
[0x00007f71fc006930] Heap_lock - owner thread: 0x00007f71fc00a000

Heap
 PSYoungGen      total 416256K, used 64K [0x00000007d6a80000, 0x00000007f3480000, 0x0000000800000000)
  eden space 400384K, 0% used [0x00000007d6a80000,0x00000007d6a80000,0x00000007ef180000)
  from space 15872K, 0% used [0x00000007f1580000,0x00000007f1590000,0x00000007f2500000)
  to   space 512K, 0% used [0x00000007f3400000,0x00000007f3400000,0x00000007f3480000)
 ParOldGen       total 84480K, used 48374K [0x0000000784000000, 0x0000000789280000, 0x00000007d6a80000)
  object space 84480K, 57% used [0x0000000784000000,0x0000000786f3dbe0,0x0000000789280000)
 PSPermGen       total 21504K, used 7660K [0x0000000779a00000, 0x000000077af00000, 0x0000000784000000)
  object space 21504K, 35% used [0x0000000779a00000,0x000000077a17b278,0x000000077af00000)

Card table byte_map: [0x00007f71f87b6000,0x00007f71f8bea000] byte_map_base: 0x00007f71f4be9000

Polling page: 0x00007f72032c1000

Code Cache  [0x00007f71f8bea000, 0x00007f71f8e5a000, 0x00007f71fbbea000)
 total_blobs=739 nmethods=484 adapters=208 free_code_cache=47366Kb largest_free_block=48360576

Compilation events (10 events):
Event: 7.159 Thread 0x00007f71fc173800 nmethod 494 0x00007f71f8dc9510 code [0x00007f71f8dc9660, 0x00007f71f8dc9878]
Event: 7.163 Thread 0x00007f71fc170800 nmethod 493 0x00007f71f8dc9ed0 code [0x00007f71f8dca0c0, 0x00007f71f8dcaad8]
Event: 7.745 Thread 0x00007f71fc173800  495             com.github.stigmata.birthmarks.comparators.PlainBirthmarkComparator::compare (119 bytes)
Event: 7.752 Thread 0x00007f71fc170800  496             com.github.stigmata.birthmarks.cvfv.TypeAndValueBirthmarkElement::equals (70 bytes)
Event: 7.753 Thread 0x00007f71fc170800 nmethod 496 0x00007f71f8dc9a50 code [0x00007f71f8dc9ba0, 0x00007f71f8dc9d98]
Event: 7.754 Thread 0x00007f71fc173800 nmethod 495 0x00007f71f8d35710 code [0x00007f71f8d35900, 0x00007f71f8d362d8]
Event: 228.655 Thread 0x00007f71fc170800  497             java.lang.Long::longValue (5 bytes)
Event: 228.656 Thread 0x00007f71fc170800 nmethod 497 0x00007f71f8dc8750 code [0x00007f71f8dc8880, 0x00007f71f8dc88d8]
Event: 228.983 Thread 0x00007f71fc170800  498             java.lang.Long::equals (30 bytes)
Event: 228.984 Thread 0x00007f71fc170800 nmethod 498 0x00007f71f8dc8490 code [0x00007f71f8dc85e0, 0x00007f71f8dc8698]

GC Heap History (10 events):
Event: 204.156 GC heap after
Heap after GC invocations=22 (full 0):
 PSYoungGen      total 353792K, used 64K [0x00000007d6a80000, 0x00000007f5680000, 0x0000000800000000)
  eden space 353280K, 0% used [0x00000007d6a80000,0x00000007d6a80000,0x00000007ec380000)
  from space 512K, 12% used [0x00000007f5600000,0x00000007f5610000,0x00000007f5680000)
  to   space 19968K, 0% used [0x00000007f2f80000,0x00000007f2f80000,0x00000007f4300000)
 ParOldGen       total 84480K, used 48295K [0x0000000784000000, 0x0000000789280000, 0x00000007d6a80000)
  object space 84480K, 57% used [0x0000000784000000,0x0000000786f29ee0,0x0000000789280000)
 PSPermGen       total 21504K, used 7660K [0x0000000779a00000, 0x000000077af00000, 0x0000000784000000)
  object space 21504K, 35% used [0x0000000779a00000,0x000000077a17b0e0,0x000000077af00000)
}
Event: 224.356 GC heap before
{Heap before GC invocations=23 (full 0):
 PSYoungGen      total 353792K, used 353344K [0x00000007d6a80000, 0x00000007f5680000, 0x0000000800000000)
  eden space 353280K, 100% used [0x00000007d6a80000,0x00000007ec380000,0x00000007ec380000)
  from space 512K, 12% used [0x00000007f5600000,0x00000007f5610000,0x00000007f5680000)
  to   space 19968K, 0% used [0x00000007f2f80000,0x00000007f2f80000,0x00000007f4300000)
 ParOldGen       total 84480K, used 48295K [0x0000000784000000, 0x0000000789280000, 0x00000007d6a80000)
  object space 84480K, 57% used [0x0000000784000000,0x0000000786f29ee0,0x0000000789280000)
 PSPermGen       total 21504K, used 7660K [0x0000000779a00000, 0x000000077af00000, 0x0000000784000000)
  object space 21504K, 35% used [0x0000000779a00000,0x000000077a17b278,0x000000077af00000)
Event: 224.357 GC heap after
Heap after GC invocations=23 (full 0):
 PSYoungGen      total 357376K, used 32K [0x00000007d6a80000, 0x00000007f5680000, 0x0000000800000000)
  eden space 337408K, 0% used [0x00000007d6a80000,0x00000007d6a80000,0x00000007eb400000)
  from space 19968K, 0% used [0x00000007f2f80000,0x00000007f2f88000,0x00000007f4300000)
  to   space 18944K, 0% used [0x00000007f4400000,0x00000007f4400000,0x00000007f5680000)
 ParOldGen       total 84480K, used 48303K [0x0000000784000000, 0x0000000789280000, 0x00000007d6a80000)
  object space 84480K, 57% used [0x0000000784000000,0x0000000786f2bee0,0x0000000789280000)
 PSPermGen       total 21504K, used 7660K [0x0000000779a00000, 0x000000077af00000, 0x0000000784000000)
  object space 21504K, 35% used [0x0000000779a00000,0x000000077a17b278,0x000000077af00000)
}
Event: 241.819 GC heap before
{Heap before GC invocations=24 (full 0):
 PSYoungGen      total 357376K, used 337440K [0x00000007d6a80000, 0x00000007f5680000, 0x0000000800000000)
  eden space 337408K, 100% used [0x00000007d6a80000,0x00000007eb400000,0x00000007eb400000)
  from space 19968K, 0% used [0x00000007f2f80000,0x00000007f2f88000,0x00000007f4300000)
  to   space 18944K, 0% used [0x00000007f4400000,0x00000007f4400000,0x00000007f5680000)
 ParOldGen       total 84480K, used 48303K [0x0000000784000000, 0x0000000789280000, 0x00000007d6a80000)
  object space 84480K, 57% used [0x0000000784000000,0x0000000786f2bee0,0x0000000789280000)
 PSPermGen       total 21504K, used 7660K [0x0000000779a00000, 0x000000077af00000, 0x0000000784000000)
  object space 21504K, 35% used [0x0000000779a00000,0x000000077a17b278,0x000000077af00000)
Event: 241.820 GC heap after
Heap after GC invocations=24 (full 0):
 PSYoungGen      total 322560K, used 64K [0x00000007d6a80000, 0x00000007f4480000, 0x0000000800000000)
  eden space 322048K, 0% used [0x00000007d6a80000,0x00000007d6a80000,0x00000007ea500000)
  from space 512K, 12% used [0x00000007f4400000,0x00000007f4410000,0x00000007f4480000)
  to   space 17920K, 0% used [0x00000007f2180000,0x00000007f2180000,0x00000007f3300000)
 ParOldGen       total 84480K, used 48319K [0x0000000784000000, 0x0000000789280000, 0x00000007d6a80000)
  object space 84480K, 57% used [0x0000000784000000,0x0000000786f2fee0,0x0000000789280000)
 PSPermGen       total 21504K, used 7660K [0x0000000779a00000, 0x000000077af00000, 0x0000000784000000)
  object space 21504K, 35% used [0x0000000779a00000,0x000000077a17b278,0x000000077af00000)
}
Event: 263.251 GC heap before
{Heap before GC invocations=25 (full 0):
 PSYoungGen      total 322560K, used 322112K [0x00000007d6a80000, 0x00000007f4480000, 0x0000000800000000)
  eden space 322048K, 100% used [0x00000007d6a80000,0x00000007ea500000,0x00000007ea500000)
  from space 512K, 12% used [0x00000007f4400000,0x00000007f4410000,0x00000007f4480000)
  to   space 17920K, 0% used [0x00000007f2180000,0x00000007f2180000,0x00000007f3300000)
 ParOldGen       total 84480K, used 48319K [0x0000000784000000, 0x0000000789280000, 0x00000007d6a80000)
  object space 84480K, 57% used [0x0000000784000000,0x0000000786f2fee0,0x0000000789280000)
 PSPermGen       total 21504K, used 7660K [0x0000000779a00000, 0x000000077af00000, 0x0000000784000000)
  object space 21504K, 35% used [0x0000000779a00000,0x000000077a17b278,0x000000077af00000)
Event: 263.252 GC heap after
Heap after GC invocations=25 (full 0):
 PSYoungGen      total 325632K, used 32K [0x00000007d6a80000, 0x00000007f4480000, 0x0000000800000000)
  eden space 307712K, 0% used [0x00000007d6a80000,0x00000007d6a80000,0x00000007e9700000)
  from space 17920K, 0% used [0x00000007f2180000,0x00000007f2188000,0x00000007f3300000)
  to   space 16896K, 0% used [0x00000007f3400000,0x00000007f3400000,0x00000007f4480000)
 ParOldGen       total 84480K, used 48334K [0x0000000784000000, 0x0000000789280000, 0x00000007d6a80000)
  object space 84480K, 57% used [0x0000000784000000,0x0000000786f33be0,0x0000000789280000)
 PSPermGen       total 21504K, used 7660K [0x0000000779a00000, 0x000000077af00000, 0x0000000784000000)
  object space 21504K, 35% used [0x0000000779a00000,0x000000077a17b278,0x000000077af00000)
}
Event: 297.255 GC heap before
{Heap before GC invocations=26 (full 0):
 PSYoungGen      total 325632K, used 307744K [0x00000007d6a80000, 0x00000007f4480000, 0x0000000800000000)
  eden space 307712K, 100% used [0x00000007d6a80000,0x00000007e9700000,0x00000007e9700000)
  from space 17920K, 0% used [0x00000007f2180000,0x00000007f2188000,0x00000007f3300000)
  to   space 16896K, 0% used [0x00000007f3400000,0x00000007f3400000,0x00000007f4480000)
 ParOldGen       total 84480K, used 48334K [0x0000000784000000, 0x0000000789280000, 0x00000007d6a80000)
  object space 84480K, 57% used [0x0000000784000000,0x0000000786f33be0,0x0000000789280000)
 PSPermGen       total 21504K, used 7660K [0x0000000779a00000, 0x000000077af00000, 0x0000000784000000)
  object space 21504K, 35% used [0x0000000779a00000,0x000000077a17b278,0x000000077af00000)
Event: 335.796 GC heap after
Heap after GC invocations=26 (full 0):
 PSYoungGen      total 400896K, used 128K [0x00000007d6a80000, 0x00000007f3480000, 0x0000000800000000)
  eden space 400384K, 0% used [0x00000007d6a80000,0x00000007d6a80000,0x00000007ef180000)
  from space 512K, 25% used [0x00000007f3400000,0x00000007f3420000,0x00000007f3480000)
  to   space 15872K, 0% used [0x00000007f1580000,0x00000007f1580000,0x00000007f2500000)
 ParOldGen       total 84480K, used 48358K [0x0000000784000000, 0x0000000789280000, 0x00000007d6a80000)
  object space 84480K, 57% used [0x0000000784000000,0x0000000786f39be0,0x0000000789280000)
 PSPermGen       total 21504K, used 7660K [0x0000000779a00000, 0x000000077af00000, 0x0000000784000000)
  object space 21504K, 35% used [0x0000000779a00000,0x000000077a17b278,0x000000077af00000)
}
Event: 357.090 GC heap before
{Heap before GC invocations=27 (full 0):
 PSYoungGen      total 400896K, used 400512K [0x00000007d6a80000, 0x00000007f3480000, 0x0000000800000000)
  eden space 400384K, 100% used [0x00000007d6a80000,0x00000007ef180000,0x00000007ef180000)
  from space 512K, 25% used [0x00000007f3400000,0x00000007f3420000,0x00000007f3480000)
  to   space 15872K, 0% used [0x00000007f1580000,0x00000007f1580000,0x00000007f2500000)
 ParOldGen       total 84480K, used 48358K [0x0000000784000000, 0x0000000789280000, 0x00000007d6a80000)
  object space 84480K, 57% used [0x0000000784000000,0x0000000786f39be0,0x0000000789280000)
 PSPermGen       total 21504K, used 7660K [0x0000000779a00000, 0x000000077af00000, 0x0000000784000000)
  object space 21504K, 35% used [0x0000000779a00000,0x000000077a17b278,0x000000077af00000)

Deoptimization events (10 events):
Event: 3.118 Thread 0x00007f71fc00a000 Uncommon trap: reason=class_check action=maybe_recompile pc=0x00007f71f8dbb970 method=com.github.stigmata.birthmarks.cvfv.TypeAndValueBirthmarkElement.equals(Ljava/lang/Object;)Z @ 64
Event: 3.119 Thread 0x00007f71fc00a000 Uncommon trap: reason=class_check action=maybe_recompile pc=0x00007f71f8dbfa50 method=com.github.stigmata.birthmarks.cvfv.TypeAndValueBirthmarkElement.equals(Ljava/lang/Object;)Z @ 64
Event: 3.133 Thread 0x00007f71fc00a000 Uncommon trap: reason=bimorphic action=maybe_recompile pc=0x00007f71f8dc4390 method=com.github.stigmata.birthmarks.cvfv.TypeAndValueBirthmarkElement.equals(Ljava/lang/Object;)Z @ 64
Event: 3.133 Thread 0x00007f71fc00a000 Uncommon trap: reason=bimorphic action=maybe_recompile pc=0x00007f71f8dc4390 method=com.github.stigmata.birthmarks.cvfv.TypeAndValueBirthmarkElement.equals(Ljava/lang/Object;)Z @ 64
Event: 3.142 Thread 0x00007f71fc00a000 Uncommon trap: reason=bimorphic action=maybe_recompile pc=0x00007f71f8dc4390 method=com.github.stigmata.birthmarks.cvfv.TypeAndValueBirthmarkElement.equals(Ljava/lang/Object;)Z @ 64
Event: 3.142 Thread 0x00007f71fc00a000 Uncommon trap: reason=bimorphic action=maybe_recompile pc=0x00007f71f8dc4390 method=com.github.stigmata.birthmarks.cvfv.TypeAndValueBirthmarkElement.equals(Ljava/lang/Object;)Z @ 64
Event: 7.148 Thread 0x00007f71fc00a000 Uncommon trap: reason=unstable_if action=reinterpret pc=0x00007f71f8dc5cd4 method=com.github.stigmata.birthmarks.cvfv.TypeAndValueBirthmarkElement.equals(Ljava/lang/Object;)Z @ 30
Event: 7.148 Thread 0x00007f71fc00a000 Uncommon trap: reason=unstable_if action=reinterpret pc=0x00007f71f8dbeedc method=com.github.stigmata.birthmarks.cvfv.TypeAndValueBirthmarkElement.equals(Ljava/lang/Object;)Z @ 30
Event: 7.738 Thread 0x00007f71fc00a000 Uncommon trap: reason=unstable_if action=reinterpret pc=0x00007f71f8dca940 method=com.github.stigmata.birthmarks.cvfv.TypeAndValueBirthmarkElement.equals(Ljava/lang/Object;)Z @ 37
Event: 7.738 Thread 0x00007f71fc00a000 Uncommon trap: reason=unstable_if action=reinterpret pc=0x00007f71f8dc97e4 method=com.github.stigmata.birthmarks.cvfv.TypeAndValueBirthmarkElement.equals(Ljava/lang/Object;)Z @ 37

Internal exceptions (10 events):
Event: 0.351 Thread 0x00007f71fc00a000 Threw 0x00000007d6da83b8 at /build/openjdk-7-3x2aMC/openjdk-7-7u95-2.6.4/build/openjdk/hotspot/src/share/vm/prims/jvm.cpp:1322
Event: 0.353 Thread 0x00007f71fc00a000 Threw 0x00000007d6dab5a8 at /build/openjdk-7-3x2aMC/openjdk-7-7u95-2.6.4/build/openjdk/hotspot/src/share/vm/prims/jvm.cpp:1322
Event: 0.353 Thread 0x00007f71fc00a000 Threw 0x00000007d6daf738 at /build/openjdk-7-3x2aMC/openjdk-7-7u95-2.6.4/build/openjdk/hotspot/src/share/vm/prims/jvm.cpp:1322
Event: 0.354 Thread 0x00007f71fc00a000 Threw 0x00000007d6db8600 at /build/openjdk-7-3x2aMC/openjdk-7-7u95-2.6.4/build/openjdk/hotspot/src/share/vm/prims/jvm.cpp:1322
Event: 0.355 Thread 0x00007f71fc00a000 Threw 0x00000007d6dc4830 at /build/openjdk-7-3x2aMC/openjdk-7-7u95-2.6.4/build/openjdk/hotspot/src/share/vm/prims/jvm.cpp:1322
Event: 1.994 Thread 0x00007f71fc00a000 Implicit null exception at 0x00007f71f8d47b18 to 0x00007f71f8d47b56
Event: 2.685 Thread 0x00007f71fc00a000 Threw 0x00000007dc493a08 at /build/openjdk-7-3x2aMC/openjdk-7-7u95-2.6.4/build/openjdk/hotspot/src/share/vm/prims/jvm.cpp:1322
Event: 2.685 Thread 0x00007f71fc00a000 Threw 0x00000007dc4995d0 at /build/openjdk-7-3x2aMC/openjdk-7-7u95-2.6.4/build/openjdk/hotspot/src/share/vm/prims/jvm.cpp:1322
Event: 2.686 Thread 0x00007f71fc00a000 Threw 0x00000007dc4ae8f0 at /build/openjdk-7-3x2aMC/openjdk-7-7u95-2.6.4/build/openjdk/hotspot/src/share/vm/prims/jvm.cpp:1322
Event: 2.686 Thread 0x00007f71fc00a000 Threw 0x00000007dc4b2a68 at /build/openjdk-7-3x2aMC/openjdk-7-7u95-2.6.4/build/openjdk/hotspot/src/share/vm/prims/jvm.cpp:1322

Events (10 events):
Event: 204.156 Executing VM operation: ParallelGCFailedAllocation done
Event: 224.356 Executing VM operation: ParallelGCFailedAllocation
Event: 224.357 Executing VM operation: ParallelGCFailedAllocation done
Event: 241.819 Executing VM operation: ParallelGCFailedAllocation
Event: 241.820 Executing VM operation: ParallelGCFailedAllocation done
Event: 263.251 Executing VM operation: ParallelGCFailedAllocation
Event: 263.252 Executing VM operation: ParallelGCFailedAllocation done
Event: 292.871 Executing VM operation: ParallelGCFailedAllocation
Event: 336.226 Executing VM operation: ParallelGCFailedAllocation done
Event: 356.017 Executing VM operation: ParallelGCFailedAllocation


Dynamic libraries:
00400000-00401000 r-xp 00000000 08:07 13641842                           /usr/lib/jvm/java-7-openjdk-amd64/jre/bin/java
00600000-00601000 r--p 00000000 08:07 13641842                           /usr/lib/jvm/java-7-openjdk-amd64/jre/bin/java
00601000-00602000 rw-p 00001000 08:07 13641842                           /usr/lib/jvm/java-7-openjdk-amd64/jre/bin/java
006aa000-006cb000 rw-p 00000000 00:00 0                                  [heap]
779a00000-77af00000 rw-p 00000000 00:00 0 
77af00000-784000000 rw-p 00000000 00:00 0 
784000000-789280000 rw-p 00000000 00:00 0 
789280000-7d6a80000 rw-p 00000000 00:00 0 
7d6a80000-7f3480000 rw-p 00000000 00:00 0 
7f8400000-800000000 ---p 00000000 00:00 0 
7f7198000000-7f719cad2000 rw-p 00000000 00:00 0 
7f719cad2000-7f71a0000000 ---p 00000000 00:00 0 
7f71a0000000-7f71a3ffb000 rw-p 00000000 00:00 0 
7f71a3ffb000-7f71a4000000 ---p 00000000 00:00 0 
7f71a4000000-7f71a7ffd000 rw-p 00000000 00:00 0 
7f71a7ffd000-7f71a8000000 ---p 00000000 00:00 0 
7f71a8000000-7f71abffd000 rw-p 00000000 00:00 0 
7f71abffd000-7f71ac000000 ---p 00000000 00:00 0 
7f71ac000000-7f71afffd000 rw-p 00000000 00:00 0 
7f71afffd000-7f71b0000000 ---p 00000000 00:00 0 
7f71b0000000-7f71b0021000 rw-p 00000000 00:00 0 
7f71b0021000-7f71b4000000 ---p 00000000 00:00 0 
7f71b8000000-7f71b8021000 rw-p 00000000 00:00 0 
7f71b8021000-7f71bc000000 ---p 00000000 00:00 0 
7f71bc000000-7f71bfffd000 rw-p 00000000 00:00 0 
7f71bfffd000-7f71c0000000 ---p 00000000 00:00 0 
7f71c0000000-7f71c11ed000 rw-p 00000000 00:00 0 
7f71c11ed000-7f71c4000000 ---p 00000000 00:00 0 
7f71c4000000-7f71c5677000 rw-p 00000000 00:00 0 
7f71c5677000-7f71c8000000 ---p 00000000 00:00 0 
7f71c8000000-7f71c8021000 rw-p 00000000 00:00 0 
7f71c8021000-7f71cc000000 ---p 00000000 00:00 0 
7f71cc000000-7f71cc021000 rw-p 00000000 00:00 0 
7f71cc021000-7f71d0000000 ---p 00000000 00:00 0 
7f71d0000000-7f71d0021000 rw-p 00000000 00:00 0 
7f71d0021000-7f71d4000000 ---p 00000000 00:00 0 
7f71d7cd0000-7f71dc000000 rw-p 00000000 00:00 0 
7f71dc000000-7f71dc021000 rw-p 00000000 00:00 0 
7f71dc021000-7f71e0000000 ---p 00000000 00:00 0 
7f71e0000000-7f71e0021000 rw-p 00000000 00:00 0 
7f71e0021000-7f71e4000000 ---p 00000000 00:00 0 
7f71e4000000-7f71e4021000 rw-p 00000000 00:00 0 
7f71e4021000-7f71e8000000 ---p 00000000 00:00 0 
7f71ec000000-7f71ec021000 rw-p 00000000 00:00 0 
7f71ec021000-7f71f0000000 ---p 00000000 00:00 0 
7f71f0258000-7f71f02f4000 r--s 005b7000 08:07 5251608                    /home/hit_alan/zhoufandi/somefilebetweenlinuxandwindows/dex2jar-2.0/94f61486d48ce33421af35839977cf7e4f0a96e230c0504452542579d292c26d/clientdex2jar.jar
7f71f02f4000-7f71f0390000 r--s 005b7000 08:07 5251608                    /home/hit_alan/zhoufandi/somefilebetweenlinuxandwindows/dex2jar-2.0/94f61486d48ce33421af35839977cf7e4f0a96e230c0504452542579d292c26d/clientdex2jar.jar
7f71f0390000-7f71f0423000 r--s 00560000 08:07 5251604                    /home/hit_alan/zhoufandi/somefilebetweenlinuxandwindows/dex2jar-2.0/94f61486d48ce33421af35839977cf7e4f0a96e230c0504452542579d292c26d/channeldex2jar.jar
7f71f0423000-7f71f04b6000 r--s 00560000 08:07 5251604                    /home/hit_alan/zhoufandi/somefilebetweenlinuxandwindows/dex2jar-2.0/94f61486d48ce33421af35839977cf7e4f0a96e230c0504452542579d292c26d/channeldex2jar.jar
7f71f04b6000-7f71f07b7000 rw-p 00000000 00:00 0 
7f71f07b7000-7f71f0823000 r-xp 00000000 08:07 16257056                   /lib/x86_64-linux-gnu/libpcre.so.3.13.1
7f71f0823000-7f71f0a22000 ---p 0006c000 08:07 16257056                   /lib/x86_64-linux-gnu/libpcre.so.3.13.1
7f71f0a22000-7f71f0a23000 r--p 0006b000 08:07 16257056                   /lib/x86_64-linux-gnu/libpcre.so.3.13.1
7f71f0a23000-7f71f0a24000 rw-p 0006c000 08:07 16257056                   /lib/x86_64-linux-gnu/libpcre.so.3.13.1
7f71f0a24000-7f71f0a2b000 r-xp 00000000 08:07 13631618                   /usr/lib/x86_64-linux-gnu/libffi.so.6.0.4
7f71f0a2b000-7f71f0c2a000 ---p 00007000 08:07 13631618                   /usr/lib/x86_64-linux-gnu/libffi.so.6.0.4
7f71f0c2a000-7f71f0c2b000 r--p 00006000 08:07 13631618                   /usr/lib/x86_64-linux-gnu/libffi.so.6.0.4
7f71f0c2b000-7f71f0c2c000 rw-p 00007000 08:07 13631618                   /usr/lib/x86_64-linux-gnu/libffi.so.6.0.4
7f71f0c2c000-7f71f0c43000 r-xp 00000000 08:07 16253007                   /lib/x86_64-linux-gnu/libresolv-2.21.so
7f71f0c43000-7f71f0e43000 ---p 00017000 08:07 16253007                   /lib/x86_64-linux-gnu/libresolv-2.21.so
7f71f0e43000-7f71f0e45000 r--p 00017000 08:07 16253007                   /lib/x86_64-linux-gnu/libresolv-2.21.so
7f71f0e45000-7f71f0e46000 rw-p 00019000 08:07 16253007                   /lib/x86_64-linux-gnu/libresolv-2.21.so
7f71f0e46000-7f71f0e48000 rw-p 00000000 00:00 0 
7f71f0e48000-7f71f0e69000 r-xp 00000000 08:07 16257131                   /lib/x86_64-linux-gnu/libselinux.so.1
7f71f0e69000-7f71f1068000 ---p 00021000 08:07 16257131                   /lib/x86_64-linux-gnu/libselinux.so.1
7f71f1068000-7f71f1069000 r--p 00020000 08:07 16257131                   /lib/x86_64-linux-gnu/libselinux.so.1
7f71f1069000-7f71f106a000 rw-p 00021000 08:07 16257131                   /lib/x86_64-linux-gnu/libselinux.so.1
7f71f106a000-7f71f106c000 rw-p 00000000 00:00 0 
7f71f106c000-7f71f106f000 r-xp 00000000 08:07 13631893                   /usr/lib/x86_64-linux-gnu/libgmodule-2.0.so.0.4400.1
7f71f106f000-7f71f126e000 ---p 00003000 08:07 13631893                   /usr/lib/x86_64-linux-gnu/libgmodule-2.0.so.0.4400.1
7f71f126e000-7f71f126f000 r--p 00002000 08:07 13631893                   /usr/lib/x86_64-linux-gnu/libgmodule-2.0.so.0.4400.1
7f71f126f000-7f71f1270000 rw-p 00003000 08:07 13631893                   /usr/lib/x86_64-linux-gnu/libgmodule-2.0.so.0.4400.1
7f71f1270000-7f71f137d000 r-xp 00000000 08:07 16257102                   /lib/x86_64-linux-gnu/libglib-2.0.so.0.4400.1
7f71f137d000-7f71f157c000 ---p 0010d000 08:07 16257102                   /lib/x86_64-linux-gnu/libglib-2.0.so.0.4400.1
7f71f157c000-7f71f157d000 r--p 0010c000 08:07 16257102                   /lib/x86_64-linux-gnu/libglib-2.0.so.0.4400.1
7f71f157d000-7f71f157e000 rw-p 0010d000 08:07 16257102                   /lib/x86_64-linux-gnu/libglib-2.0.so.0.4400.1
7f71f157e000-7f71f157f000 rw-p 00000000 00:00 0 
7f71f157f000-7f71f15cf000 r-xp 00000000 08:07 13631853                   /usr/lib/x86_64-linux-gnu/libgobject-2.0.so.0.4400.1
7f71f15cf000-7f71f17cf000 ---p 00050000 08:07 13631853                   /usr/lib/x86_64-linux-gnu/libgobject-2.0.so.0.4400.1
7f71f17cf000-7f71f17d0000 r--p 00050000 08:07 13631853                   /usr/lib/x86_64-linux-gnu/libgobject-2.0.so.0.4400.1
7f71f17d0000-7f71f17d1000 rw-p 00051000 08:07 13631853                   /usr/lib/x86_64-linux-gnu/libgobject-2.0.so.0.4400.1
7f71f17d1000-7f71f1949000 r-xp 00000000 08:07 13631875                   /usr/lib/x86_64-linux-gnu/libgio-2.0.so.0.4400.1
7f71f1949000-7f71f1b49000 ---p 00178000 08:07 13631875                   /usr/lib/x86_64-linux-gnu/libgio-2.0.so.0.4400.1
7f71f1b49000-7f71f1b4d000 r--p 00178000 08:07 13631875                   /usr/lib/x86_64-linux-gnu/libgio-2.0.so.0.4400.1
7f71f1b4d000-7f71f1b4f000 rw-p 0017c000 08:07 13631875                   /usr/lib/x86_64-linux-gnu/libgio-2.0.so.0.4400.1
7f71f1b4f000-7f71f1b51000 rw-p 00000000 00:00 0 
7f71f1b59000-7f71f1b6d000 r--p 00000000 08:07 14421516                   /usr/share/locale-langpack/zh_CN/LC_MESSAGES/libc.mo
7f71f1b6d000-7f71f1b85000 r-xp 00000000 08:07 13642175                   /usr/lib/jvm/java-7-openjdk-amd64/jre/lib/amd64/libnet.so
7f71f1b85000-7f71f1d84000 ---p 00018000 08:07 13642175                   /usr/lib/jvm/java-7-openjdk-amd64/jre/lib/amd64/libnet.so
7f71f1d84000-7f71f1d85000 r--p 00017000 08:07 13642175                   /usr/lib/jvm/java-7-openjdk-amd64/jre/lib/amd64/libnet.so
7f71f1d85000-7f71f1d86000 rw-p 00018000 08:07 13642175                   /usr/lib/jvm/java-7-openjdk-amd64/jre/lib/amd64/libnet.so
7f71f1d86000-7f71f1d97000 r-xp 00000000 08:07 13642136                   /usr/lib/jvm/java-7-openjdk-amd64/jre/lib/amd64/libnio.so
7f71f1d97000-7f71f1f96000 ---p 00011000 08:07 13642136                   /usr/lib/jvm/java-7-openjdk-amd64/jre/lib/amd64/libnio.so
7f71f1f96000-7f71f1f97000 r--p 00010000 08:07 13642136                   /usr/lib/jvm/java-7-openjdk-amd64/jre/lib/amd64/libnio.so
7f71f1f97000-7f71f1f98000 rw-p 00011000 08:07 13642136                   /usr/lib/jvm/java-7-openjdk-amd64/jre/lib/amd64/libnio.so
7f71f1f98000-7f71f1f99000 ---p 00000000 00:00 0 
7f71f1f99000-7f71f2099000 rw-p 00000000 00:00 0 
7f71f2099000-7f71f209c000 ---p 00000000 00:00 0 
7f71f209c000-7f71f219a000 rw-p 00000000 00:00 0 
7f71f219a000-7f71f219d000 ---p 00000000 00:00 0 
7f71f219d000-7f71f229b000 rw-p 00000000 00:00 0 
7f71f229b000-7f71f229e000 ---p 00000000 00:00 0 
7f71f229e000-7f71f239c000 rw-p 00000000 00:00 0 
7f71f239c000-7f71f239f000 ---p 00000000 00:00 0 
7f71f239f000-7f71f249d000 rw-p 00000000 00:00 0 
7f71f249d000-7f71f290a000 r--p 00000000 08:07 13634881                   /usr/lib/locale/locale-archive
7f71f290a000-7f71f290d000 ---p 00000000 00:00 0 
7f71f290d000-7f71f2a0b000 rw-p 00000000 00:00 0 
7f71f2a0b000-7f71f2a0e000 ---p 00000000 00:00 0 
7f71f2a0e000-7f71f2b0c000 rw-p 00000000 00:00 0 
7f71f2b0c000-7f71f2b0d000 ---p 00000000 00:00 0 
7f71f2b0d000-7f71f3a1b000 rw-p 00000000 00:00 0 
7f71f3a1b000-7f71f3bcd000 r--s 01d2f000 08:07 13642124                   /usr/lib/jvm/java-7-openjdk-amd64/jre/lib/rt.jar
7f71f3bcd000-7f71f4000000 rw-p 00000000 00:00 0 
7f71f4000000-7f71f4021000 rw-p 00000000 00:00 0 
7f71f4021000-7f71f8000000 ---p 00000000 00:00 0 
7f71f8002000-7f71f821d000 rw-p 00000000 00:00 0 
7f71f821d000-7f71f821e000 ---p 00000000 00:00 0 
7f71f821e000-7f71f831e000 rw-p 00000000 00:00 0 
7f71f831e000-7f71f831f000 ---p 00000000 00:00 0 
7f71f831f000-7f71f841f000 rw-p 00000000 00:00 0 
7f71f841f000-7f71f8420000 ---p 00000000 00:00 0 
7f71f8420000-7f71f854a000 rw-p 00000000 00:00 0 
7f71f854a000-7f71f87b6000 rw-p 00000000 00:00 0 
7f71f87b6000-7f71f87c1000 rw-p 00000000 00:00 0 
7f71f87c1000-7f71f8809000 rw-p 00000000 00:00 0 
7f71f8809000-7f71f8833000 rw-p 00000000 00:00 0 
7f71f8833000-7f71f8a9e000 rw-p 00000000 00:00 0 
7f71f8a9e000-7f71f8b84000 rw-p 00000000 00:00 0 
7f71f8b84000-7f71f8be9000 ---p 00000000 00:00 0 
7f71f8be9000-7f71f8bea000 rw-p 00000000 00:00 0 
7f71f8bea000-7f71f8e5a000 rwxp 00000000 00:00 0 
7f71f8e5a000-7f71fbbea000 rw-p 00000000 00:00 0 
7f71fbbea000-7f71fbbf2000 r-xp 00000000 08:07 13642144                   /usr/lib/jvm/java-7-openjdk-amd64/jre/lib/amd64/libzip.so
7f71fbbf2000-7f71fbdf1000 ---p 00008000 08:07 13642144                   /usr/lib/jvm/java-7-openjdk-amd64/jre/lib/amd64/libzip.so
7f71fbdf1000-7f71fbdf2000 r--p 00007000 08:07 13642144                   /usr/lib/jvm/java-7-openjdk-amd64/jre/lib/amd64/libzip.so
7f71fbdf2000-7f71fbdf3000 rw-p 00008000 08:07 13642144                   /usr/lib/jvm/java-7-openjdk-amd64/jre/lib/amd64/libzip.so
7f71fbdf3000-7f71fbdff000 r-xp 00000000 08:07 16253008                   /lib/x86_64-linux-gnu/libnss_files-2.21.so
7f71fbdff000-7f71fbffe000 ---p 0000c000 08:07 16253008                   /lib/x86_64-linux-gnu/libnss_files-2.21.so
7f71fbffe000-7f71fbfff000 r--p 0000b000 08:07 16253008                   /lib/x86_64-linux-gnu/libnss_files-2.21.so
7f71fbfff000-7f71fc000000 rw-p 0000c000 08:07 16253008                   /lib/x86_64-linux-gnu/libnss_files-2.21.so
7f71fc000000-7f71ffffd000 rw-p 00000000 00:00 0 
7f71ffffd000-7f7200000000 ---p 00000000 00:00 0 
7f7200004000-7f720000b000 r--s 00000000 08:07 13902402                   /usr/lib/x86_64-linux-gnu/gconv/gconv-modules.cache
7f720000b000-7f7200015000 r--s 000ae000 08:07 13642193                   /usr/lib/jvm/java-7-openjdk-amd64/jre/lib/resources.jar
7f7200015000-7f720001a000 r--s 00036000 08:07 7081023                    /home/hit_alan/zhoufandi/somefilebetweenlinuxandwindows/target/asm-all-5.0.3.jar
7f720001a000-7f7200044000 rw-p 00000000 00:00 0 
7f7200044000-7f7200045000 ---p 00000000 00:00 0 
7f7200045000-7f7200150000 rw-p 00000000 00:00 0 
7f7200150000-7f7200198000 rw-p 00000000 00:00 0 
7f7200198000-7f72001a3000 r-xp 00000000 08:07 16252996                   /lib/x86_64-linux-gnu/libnss_nis-2.21.so
7f72001a3000-7f72003a2000 ---p 0000b000 08:07 16252996                   /lib/x86_64-linux-gnu/libnss_nis-2.21.so
7f72003a2000-7f72003a3000 r--p 0000a000 08:07 16252996                   /lib/x86_64-linux-gnu/libnss_nis-2.21.so
7f72003a3000-7f72003a4000 rw-p 0000b000 08:07 16252996                   /lib/x86_64-linux-gnu/libnss_nis-2.21.so
7f72003a4000-7f72003bb000 r-xp 00000000 08:07 16257004                   /lib/x86_64-linux-gnu/libnsl-2.21.so
7f72003bb000-7f72005ba000 ---p 00017000 08:07 16257004                   /lib/x86_64-linux-gnu/libnsl-2.21.so
7f72005ba000-7f72005bb000 r--p 00016000 08:07 16257004                   /lib/x86_64-linux-gnu/libnsl-2.21.so
7f72005bb000-7f72005bc000 rw-p 00017000 08:07 16257004                   /lib/x86_64-linux-gnu/libnsl-2.21.so
7f72005bc000-7f72005be000 rw-p 00000000 00:00 0 
7f72005be000-7f72005c6000 r-xp 00000000 08:07 16253010                   /lib/x86_64-linux-gnu/libnss_compat-2.21.so
7f72005c6000-7f72007c5000 ---p 00008000 08:07 16253010                   /lib/x86_64-linux-gnu/libnss_compat-2.21.so
7f72007c5000-7f72007c6000 r--p 00007000 08:07 16253010                   /lib/x86_64-linux-gnu/libnss_compat-2.21.so
7f72007c6000-7f72007c7000 rw-p 00008000 08:07 16253010                   /lib/x86_64-linux-gnu/libnss_compat-2.21.so
7f72007c7000-7f72007f4000 r-xp 00000000 08:07 13642157                   /usr/lib/jvm/java-7-openjdk-amd64/jre/lib/amd64/libjava.so
7f72007f4000-7f72009f3000 ---p 0002d000 08:07 13642157                   /usr/lib/jvm/java-7-openjdk-amd64/jre/lib/amd64/libjava.so
7f72009f3000-7f72009f4000 r--p 0002c000 08:07 13642157                   /usr/lib/jvm/java-7-openjdk-amd64/jre/lib/amd64/libjava.so
7f72009f4000-7f72009f6000 rw-p 0002d000 08:07 13642157                   /usr/lib/jvm/java-7-openjdk-amd64/jre/lib/amd64/libjava.so
7f72009f6000-7f7200a05000 r-xp 00000000 08:07 13642171                   /usr/lib/jvm/java-7-openjdk-amd64/jre/lib/amd64/libverify.so
7f7200a05000-7f7200c04000 ---p 0000f000 08:07 13642171                   /usr/lib/jvm/java-7-openjdk-amd64/jre/lib/amd64/libverify.so
7f7200c04000-7f7200c07000 r--p 0000e000 08:07 13642171                   /usr/lib/jvm/java-7-openjdk-amd64/jre/lib/amd64/libverify.so
7f7200c07000-7f7200c08000 rw-p 00011000 08:07 13642171                   /usr/lib/jvm/java-7-openjdk-amd64/jre/lib/amd64/libverify.so
7f7200c08000-7f7200c0f000 r-xp 00000000 08:07 16257005                   /lib/x86_64-linux-gnu/librt-2.21.so
7f7200c0f000-7f7200e0e000 ---p 00007000 08:07 16257005                   /lib/x86_64-linux-gnu/librt-2.21.so
7f7200e0e000-7f7200e0f000 r--p 00006000 08:07 16257005                   /lib/x86_64-linux-gnu/librt-2.21.so
7f7200e0f000-7f7200e10000 rw-p 00007000 08:07 16257005                   /lib/x86_64-linux-gnu/librt-2.21.so
7f7200e10000-7f7200e26000 r-xp 00000000 08:07 16257047                   /lib/x86_64-linux-gnu/libgcc_s.so.1
7f7200e26000-7f7201025000 ---p 00016000 08:07 16257047                   /lib/x86_64-linux-gnu/libgcc_s.so.1
7f7201025000-7f7201026000 rw-p 00015000 08:07 16257047                   /lib/x86_64-linux-gnu/libgcc_s.so.1
7f7201026000-7f720112d000 r-xp 00000000 08:07 16257003                   /lib/x86_64-linux-gnu/libm-2.21.so
7f720112d000-7f720132c000 ---p 00107000 08:07 16257003                   /lib/x86_64-linux-gnu/libm-2.21.so
7f720132c000-7f720132d000 r--p 00106000 08:07 16257003                   /lib/x86_64-linux-gnu/libm-2.21.so
7f720132d000-7f720132e000 rw-p 00107000 08:07 16257003                   /lib/x86_64-linux-gnu/libm-2.21.so
7f720132e000-7f720141e000 r-xp 00000000 08:07 13631543                   /usr/lib/x86_64-linux-gnu/libstdc++.so.6.0.20
7f720141e000-7f720161e000 ---p 000f0000 08:07 13631543                   /usr/lib/x86_64-linux-gnu/libstdc++.so.6.0.20
7f720161e000-7f7201626000 r--p 000f0000 08:07 13631543                   /usr/lib/x86_64-linux-gnu/libstdc++.so.6.0.20
7f7201626000-7f7201628000 rw-p 000f8000 08:07 13631543                   /usr/lib/x86_64-linux-gnu/libstdc++.so.6.0.20
7f7201628000-7f720163d000 rw-p 00000000 00:00 0 
7f720163d000-7f720219d000 r-xp 00000000 08:07 13642163                   /usr/lib/jvm/java-7-openjdk-amd64/jre/lib/amd64/server/libjvm.so
7f720219d000-7f720239d000 ---p 00b60000 08:07 13642163                   /usr/lib/jvm/java-7-openjdk-amd64/jre/lib/amd64/server/libjvm.so
7f720239d000-7f720243c000 r--p 00b60000 08:07 13642163                   /usr/lib/jvm/java-7-openjdk-amd64/jre/lib/amd64/server/libjvm.so
7f720243c000-7f720245f000 rw-p 00bff000 08:07 13642163                   /usr/lib/jvm/java-7-openjdk-amd64/jre/lib/amd64/server/libjvm.so
7f720245f000-7f720248c000 rw-p 00000000 00:00 0 
7f720248c000-7f72024a5000 r-xp 00000000 08:07 16257026                   /lib/x86_64-linux-gnu/libz.so.1.2.8
7f72024a5000-7f72026a5000 ---p 00019000 08:07 16257026                   /lib/x86_64-linux-gnu/libz.so.1.2.8
7f72026a5000-7f72026a6000 r--p 00019000 08:07 16257026                   /lib/x86_64-linux-gnu/libz.so.1.2.8
7f72026a6000-7f72026a7000 rw-p 0001a000 08:07 16257026                   /lib/x86_64-linux-gnu/libz.so.1.2.8
7f72026a7000-7f72026bf000 r-xp 00000000 08:07 16253005                   /lib/x86_64-linux-gnu/libpthread-2.21.so
7f72026bf000-7f72028bf000 ---p 00018000 08:07 16253005                   /lib/x86_64-linux-gnu/libpthread-2.21.so
7f72028bf000-7f72028c0000 r--p 00018000 08:07 16253005                   /lib/x86_64-linux-gnu/libpthread-2.21.so
7f72028c0000-7f72028c1000 rw-p 00019000 08:07 16253005                   /lib/x86_64-linux-gnu/libpthread-2.21.so
7f72028c1000-7f72028c5000 rw-p 00000000 00:00 0 
7f72028c5000-7f72028c8000 r-xp 00000000 08:07 16253001                   /lib/x86_64-linux-gnu/libdl-2.21.so
7f72028c8000-7f7202ac7000 ---p 00003000 08:07 16253001                   /lib/x86_64-linux-gnu/libdl-2.21.so
7f7202ac7000-7f7202ac8000 r--p 00002000 08:07 16253001                   /lib/x86_64-linux-gnu/libdl-2.21.so
7f7202ac8000-7f7202ac9000 rw-p 00003000 08:07 16253001                   /lib/x86_64-linux-gnu/libdl-2.21.so
7f7202ac9000-7f7202c89000 r-xp 00000000 08:07 16257010                   /lib/x86_64-linux-gnu/libc-2.21.so
7f7202c89000-7f7202e89000 ---p 001c0000 08:07 16257010                   /lib/x86_64-linux-gnu/libc-2.21.so
7f7202e89000-7f7202e8d000 r--p 001c0000 08:07 16257010                   /lib/x86_64-linux-gnu/libc-2.21.so
7f7202e8d000-7f7202e8f000 rw-p 001c4000 08:07 16257010                   /lib/x86_64-linux-gnu/libc-2.21.so
7f7202e8f000-7f7202e93000 rw-p 00000000 00:00 0 
7f7202e93000-7f7202ea0000 r-xp 00000000 08:07 13642172                   /usr/lib/jvm/java-7-openjdk-amd64/jre/lib/amd64/jli/libjli.so
7f7202ea0000-7f720309f000 ---p 0000d000 08:07 13642172                   /usr/lib/jvm/java-7-openjdk-amd64/jre/lib/amd64/jli/libjli.so
7f720309f000-7f72030a0000 r--p 0000c000 08:07 13642172                   /usr/lib/jvm/java-7-openjdk-amd64/jre/lib/amd64/jli/libjli.so
7f72030a0000-7f72030a1000 rw-p 0000d000 08:07 13642172                   /usr/lib/jvm/java-7-openjdk-amd64/jre/lib/amd64/jli/libjli.so
7f72030a1000-7f72030c5000 r-xp 00000000 08:07 16253004                   /lib/x86_64-linux-gnu/ld-2.21.so
7f72030c5000-7f72030c6000 rw-p 00000000 00:00 0 
7f72030c6000-7f72030c7000 r--s 00005000 08:07 7081028                    /home/hit_alan/zhoufandi/somefilebetweenlinuxandwindows/target/csvio-1.0.2.jar
7f72030c7000-7f72030c8000 r--s 00008000 08:07 7081026                    /home/hit_alan/zhoufandi/somefilebetweenlinuxandwindows/target/commons-cli-1.1.jar
7f72030c8000-7f72030ca000 r--s 0001d000 08:07 7081025                    /home/hit_alan/zhoufandi/somefilebetweenlinuxandwindows/target/xmlcli-1.2.3.jar
7f72030ca000-7f72030cc000 r--s 0000d000 08:07 7081029                    /home/hit_alan/zhoufandi/somefilebetweenlinuxandwindows/target/commons-logging-1.1.1.jar
7f72030cc000-7f72030d1000 r--s 00034000 08:07 7081024                    /home/hit_alan/zhoufandi/somefilebetweenlinuxandwindows/target/commons-beanutils-1.8.3.jar
7f72030d1000-7f72030dc000 r--s 000b4000 08:07 7081123                    /home/hit_alan/zhoufandi/somefilebetweenlinuxandwindows/target/stigmata-5.0-SNAPSHOT.jar
7f72030dc000-7f72030e0000 r--s 00034000 08:07 13642025                   /usr/lib/jvm/java-7-openjdk-amd64/jre/lib/ext/sunjce_provider.jar
7f72030e0000-7f72030ea000 rw-p 00000000 00:00 0 
7f72030ea000-7f72031a0000 rw-p 00000000 00:00 0 
7f72031a0000-7f72031a3000 ---p 00000000 00:00 0 
7f72031a3000-7f72032a6000 rw-p 00000000 00:00 0 
7f72032a6000-7f72032a8000 r--s 0000b000 08:07 7081027                    /home/hit_alan/zhoufandi/somefilebetweenlinuxandwindows/target/commons-dbutils-1.4.jar
7f72032a8000-7f72032a9000 r--s 00002000 08:07 13642027                   /usr/lib/jvm/java-7-openjdk-amd64/jre/lib/ext/dnsns.jar
7f72032a9000-7f72032ab000 r--s 00012000 08:07 13642022                   /usr/lib/jvm/java-7-openjdk-amd64/jre/lib/ext/zipfs.jar
7f72032ab000-7f72032af000 r--s 0003c000 08:07 13642026                   /usr/lib/jvm/java-7-openjdk-amd64/jre/lib/ext/sunpkcs11.jar
7f72032af000-7f72032b2000 r--s 0000f000 08:07 13642024                   /usr/lib/jvm/java-7-openjdk-amd64/jre/lib/ext/icedtea-sound.jar
7f72032b2000-7f72032b6000 r--s 00085000 08:07 13642023                   /usr/lib/jvm/java-7-openjdk-amd64/jre/lib/ext/localedata.jar
7f72032b6000-7f72032b8000 r--s 00006000 08:07 14028198                   /usr/share/java/java-atk-wrapper.jar
7f72032b8000-7f72032c0000 rw-s 00000000 08:07 5251602                    /tmp/hsperfdata_hit_alan/22454
7f72032c0000-7f72032c1000 rw-p 00000000 00:00 0 
7f72032c1000-7f72032c2000 ---p 00000000 00:00 0 
7f72032c2000-7f72032c4000 rw-p 00000000 00:00 0 
7f72032c4000-7f72032c5000 r--p 00023000 08:07 16253004                   /lib/x86_64-linux-gnu/ld-2.21.so
7f72032c5000-7f72032c6000 rw-p 00024000 08:07 16253004                   /lib/x86_64-linux-gnu/ld-2.21.so
7f72032c6000-7f72032c7000 rw-p 00000000 00:00 0 
7ffff894d000-7ffff896f000 rw-p 00000000 00:00 0                          [stack]
7ffff8978000-7ffff897a000 r--p 00000000 00:00 0                          [vvar]
7ffff897a000-7ffff897c000 r-xp 00000000 00:00 0                          [vdso]
ffffffffff600000-ffffffffff601000 r-xp 00000000 00:00 0                  [vsyscall]

VM Arguments:
java_command: stigmata-5.0-SNAPSHOT.jar -f xml -b cvfv compare ../dex2jar-2.0/94f61486d48ce33421af35839977cf7e4f0a96e230c0504452542579d292c26d/channeldex2jar.jar ../dex2jar-2.0/94f61486d48ce33421af35839977cf7e4f0a96e230c0504452542579d292c26d/clientdex2jar.jar
Launcher Type: SUN_STANDARD

Environment Variables:
JAVA_HOME=/usr/lib/jvm/java-7-openjdk-amd64
PATH=/home/hit_alan/bin:/home/hit_alan/.gvm/vertx/current/bin:/home/hit_alan/.gvm/springboot/current/bin:/home/hit_alan/.gvm/lazybones/current/bin:/home/hit_alan/.gvm/jbake/current/bin:/home/hit_alan/.gvm/groovyserv/current/bin:/home/hit_alan/.gvm/groovy/current/bin:/home/hit_alan/.gvm/griffon/current/bin:/home/hit_alan/.gvm/grails/current/bin:/home/hit_alan/.gvm/gradle/current/bin:/home/hit_alan/.gvm/glide/current/bin:/home/hit_alan/.gvm/gaiden/current/bin:/home/hit_alan/.gvm/crash/current/bin:/home/hit_alan/.gvm/asciidoctorj/current/bin:/home/hit_alan/bin:/usr/local/sbin:/usr/local/bin:/usr/sbin:/usr/bin:/sbin:/bin:/usr/games:/usr/local/games:/usr/gradle-2.4/bin:/usr/grails-3.0.2/bin:/home/hit_alan/softwares/adt-bundle-linux-x86_64-20140624/sdk/platform-tools:/home/hit_alan/softwares/adt-bundle-linux-x86_64-20140624/sdk/tools:/usr/gradle-2.4/bin:/usr/grails-3.0.2/bin:/home/hit_alan/softwares/adt-bundle-linux-x86_64-20140624/sdk/platform-tools:/home/hit_alan/softwares/adt-bundle-linux-x86_64-20140624/sdk/tools
SHELL=/bin/bash
DISPLAY=:0

Signal Handlers:
SIGSEGV: [libjvm.so+0x992590], sa_mask[0]=0x7ffbfeff, sa_flags=0x10000004
SIGBUS: [libjvm.so+0x992590], sa_mask[0]=0x7ffbfeff, sa_flags=0x10000004
SIGFPE: [libjvm.so+0x7fec60], sa_mask[0]=0x7ffbfeff, sa_flags=0x10000004
SIGPIPE: [libjvm.so+0x7fec60], sa_mask[0]=0x7ffbfeff, sa_flags=0x10000004
SIGXFSZ: [libjvm.so+0x7fec60], sa_mask[0]=0x7ffbfeff, sa_flags=0x10000004
SIGILL: [libjvm.so+0x7fec60], sa_mask[0]=0x7ffbfeff, sa_flags=0x10000004
SIGUSR1: SIG_DFL, sa_mask[0]=0x00000000, sa_flags=0x00000000
SIGUSR2: [libjvm.so+0x7feae0], sa_mask[0]=0x00000004, sa_flags=0x10000004
SIGHUP: [libjvm.so+0x7fece0], sa_mask[0]=0x7ffbfeff, sa_flags=0x10000004
SIGINT: [libjvm.so+0x7fece0], sa_mask[0]=0x7ffbfeff, sa_flags=0x10000004
SIGTERM: [libjvm.so+0x7fece0], sa_mask[0]=0x7ffbfeff, sa_flags=0x10000004
SIGQUIT: [libjvm.so+0x7fece0], sa_mask[0]=0x7ffbfeff, sa_flags=0x10000004
SIGTRAP: SIG_DFL, sa_mask[0]=0x00000000, sa_flags=0x00000000


---------------  S Y S T E M  ---------------

OS:Ubuntu 15.04 (vivid)
uname:Linux 3.19.0-66-generic #74-Ubuntu SMP Tue Jul 19 15:07:04 UTC 2016 x86_64
libc:glibc 2.21 NPTL 2.21 
rlimit: STACK 8192k, CORE 0k, NPROC 31638, NOFILE 65536, AS infinity
load average:59.62 25.97 12.57

/proc/meminfo:
MemTotal:        8121832 kB
MemFree:         1559344 kB
MemAvailable:    1527776 kB
Buffers:            3556 kB
Cached:           193660 kB
SwapCached:            0 kB
Active:          5542380 kB
Inactive:         183040 kB
Active(anon):    5530120 kB
Inactive(anon):   118956 kB
Active(file):      12260 kB
Inactive(file):    64084 kB
Unevictable:         184 kB
Mlocked:             184 kB
SwapTotal:             0 kB
SwapFree:              0 kB
Dirty:              1652 kB
Writeback:             0 kB
AnonPages:       5530476 kB
Mapped:           764952 kB
Shmem:            120852 kB
Slab:              72196 kB
SReclaimable:      29452 kB
SUnreclaim:        42744 kB
KernelStack:       14080 kB
PageTables:        58016 kB
NFS_Unstable:          0 kB
Bounce:                0 kB
WritebackTmp:          0 kB
CommitLimit:     4060916 kB
Committed_AS:   11954992 kB
VmallocTotal:   34359738367 kB
VmallocUsed:      115244 kB
VmallocChunk:   34359527116 kB
HardwareCorrupted:     0 kB
AnonHugePages:   3330048 kB
CmaTotal:              0 kB
CmaFree:               0 kB
HugePages_Total:       0
HugePages_Free:        0
HugePages_Rsvd:        0
HugePages_Surp:        0
Hugepagesize:       2048 kB
DirectMap4k:      181524 kB
DirectMap2M:     6055936 kB
DirectMap1G:     3145728 kB


CPU:total 4 (4 cores per cpu, 1 threads per core) family 6 model 60 stepping 3, cmov, cx8, fxsr, mmx, sse, sse2, sse3, ssse3, sse4.1, sse4.2, popcnt, avx, avx2, aes, erms, tsc, tscinvbit

/proc/cpuinfo:
processor	: 0
vendor_id	: GenuineIntel
cpu family	: 6
model		: 60
model name	: Intel(R) Core(TM) i5-4590 CPU @ 3.30GHz
stepping	: 3
microcode	: 0x1d
cpu MHz		: 3500.578
cache size	: 6144 KB
physical id	: 0
siblings	: 4
core id		: 0
cpu cores	: 4
apicid		: 0
initial apicid	: 0
fpu		: yes
fpu_exception	: yes
cpuid level	: 13
wp		: yes
flags		: fpu vme de pse tsc msr pae mce cx8 apic sep mtrr pge mca cmov pat pse36 clflush dts acpi mmx fxsr sse sse2 ss ht tm pbe syscall nx pdpe1gb rdtscp lm constant_tsc arch_perfmon pebs bts rep_good nopl xtopology nonstop_tsc aperfmperf eagerfpu pni pclmulqdq dtes64 monitor ds_cpl vmx smx est tm2 ssse3 fma cx16 xtpr pdcm pcid sse4_1 sse4_2 x2apic movbe popcnt tsc_deadline_timer aes xsave avx f16c rdrand lahf_lm abm ida arat epb pln pts dtherm tpr_shadow vnmi flexpriority ept vpid fsgsbase tsc_adjust bmi1 avx2 smep bmi2 erms invpcid xsaveopt
bugs		:
bogomips	: 6584.61
clflush size	: 64
cache_alignment	: 64
address sizes	: 39 bits physical, 48 bits virtual
power management:

processor	: 1
vendor_id	: GenuineIntel
cpu family	: 6
model		: 60
model name	: Intel(R) Core(TM) i5-4590 CPU @ 3.30GHz
stepping	: 3
microcode	: 0x1d
cpu MHz		: 3499.933
cache size	: 6144 KB
physical id	: 0
siblings	: 4
core id		: 1
cpu cores	: 4
apicid		: 2
initial apicid	: 2
fpu		: yes
fpu_exception	: yes
cpuid level	: 13
wp		: yes
flags		: fpu vme de pse tsc msr pae mce cx8 apic sep mtrr pge mca cmov pat pse36 clflush dts acpi mmx fxsr sse sse2 ss ht tm pbe syscall nx pdpe1gb rdtscp lm constant_tsc arch_perfmon pebs bts rep_good nopl xtopology nonstop_tsc aperfmperf eagerfpu pni pclmulqdq dtes64 monitor ds_cpl vmx smx est tm2 ssse3 fma cx16 xtpr pdcm pcid sse4_1 sse4_2 x2apic movbe popcnt tsc_deadline_timer aes xsave avx f16c rdrand lahf_lm abm ida arat epb pln pts dtherm tpr_shadow vnmi flexpriority ept vpid fsgsbase tsc_adjust bmi1 avx2 smep bmi2 erms invpcid xsaveopt
bugs		:
bogomips	: 6584.61
clflush size	: 64
cache_alignment	: 64
address sizes	: 39 bits physical, 48 bits virtual
power management:

processor	: 2
vendor_id	: GenuineIntel
cpu family	: 6
model		: 60
model name	: Intel(R) Core(TM) i5-4590 CPU @ 3.30GHz
stepping	: 3
microcode	: 0x1d
cpu MHz		: 3500.320
cache size	: 6144 KB
physical id	: 0
siblings	: 4
core id		: 2
cpu cores	: 4
apicid		: 4
initial apicid	: 4
fpu		: yes
fpu_exception	: yes
cpuid level	: 13
wp		: yes
flags		: fpu vme de pse tsc msr pae mce cx8 apic sep mtrr pge mca cmov pat pse36 clflush dts acpi mmx fxsr sse sse2 ss ht tm pbe syscall nx pdpe1gb rdtscp lm constant_tsc arch_perfmon pebs bts rep_good nopl xtopology nonstop_tsc aperfmperf eagerfpu pni pclmulqdq dtes64 monitor ds_cpl vmx smx est tm2 ssse3 fma cx16 xtpr pdcm pcid sse4_1 sse4_2 x2apic movbe popcnt tsc_deadline_timer aes xsave avx f16c rdrand lahf_lm abm ida arat epb pln pts dtherm tpr_shadow vnmi flexpriority ept vpid fsgsbase tsc_adjust bmi1 avx2 smep bmi2 erms invpcid xsaveopt
bugs		:
bogomips	: 6584.61
clflush size	: 64
cache_alignment	: 64
address sizes	: 39 bits physical, 48 bits virtual
power management:

processor	: 3
vendor_id	: GenuineIntel
cpu family	: 6
model		: 60
model name	: Intel(R) Core(TM) i5-4590 CPU @ 3.30GHz
stepping	: 3
microcode	: 0x1d
cpu MHz		: 3499.933
cache size	: 6144 KB
physical id	: 0
siblings	: 4
core id		: 3
cpu cores	: 4
apicid		: 6
initial apicid	: 6
fpu		: yes
fpu_exception	: yes
cpuid level	: 13
wp		: yes
flags		: fpu vme de pse tsc msr pae mce cx8 apic sep mtrr pge mca cmov pat pse36 clflush dts acpi mmx fxsr sse sse2 ss ht tm pbe syscall nx pdpe1gb rdtscp lm constant_tsc arch_perfmon pebs bts rep_good nopl xtopology nonstop_tsc aperfmperf eagerfpu pni pclmulqdq dtes64 monitor ds_cpl vmx smx est tm2 ssse3 fma cx16 xtpr pdcm pcid sse4_1 sse4_2 x2apic movbe popcnt tsc_deadline_timer aes xsave avx f16c rdrand lahf_lm abm ida arat epb pln pts dtherm tpr_shadow vnmi flexpriority ept vpid fsgsbase tsc_adjust bmi1 avx2 smep bmi2 erms invpcid xsaveopt
bugs		:
bogomips	: 6584.61
clflush size	: 64
cache_alignment	: 64
address sizes	: 39 bits physical, 48 bits virtual
power management:



Memory: 4k page, physical 8121832k(1559344k free), swap 0k(0k free)

vm_info: OpenJDK 64-Bit Server VM (24.95-b01) for linux-amd64 JRE (1.7.0_95-b00), built on Jan 21 2016 03:41:02 by "buildd" with gcc 4.9.2

time: Mon Sep 26 12:57:59 2016
elapsed time: 366 seconds

