#
# There is insufficient memory for the Java Runtime Environment to continue.
# Native memory allocation (malloc) failed to allocate 238026752 bytes for committing reserved memory.
# Possible reasons:
#   The system is out of physical RAM or swap space
#   In 32 bit mode, the process size limit was hit
# Possible solutions:
#   Reduce memory load on the system
#   Increase physical memory or swap space
#   Check if swap backing store is full
#   Use 64 bit Java on a 64 bit OS
#   Decrease Java heap size (-Xmx/-Xms)
#   Decrease number of Java threads
#   Decrease Java thread stack sizes (-Xss)
#   Set larger code cache with -XX:ReservedCodeCacheSize=
# This output file may be truncated or incomplete.
#
#  Out of Memory Error (os_linux.cpp:2827), pid=28850, tid=140177437107968
#
# JRE version: OpenJDK Runtime Environment (7.0_95) (build 1.7.0_95-b00)
# Java VM: OpenJDK 64-Bit Server VM (24.95-b01 mixed mode linux-amd64 compressed oops)
# Derivative: IcedTea 2.6.4
# Distribution: Ubuntu 15.04, package 7u95-2.6.4-0ubuntu0.15.04.1
# Failed to write core dump. Core dumps have been disabled. To enable core dumping, try "ulimit -c unlimited" before starting Java again
#

---------------  T H R E A D  ---------------

Current thread (0x00007f7da013d000):  VMThread [stack: 0x00007f7d9a482000,0x00007f7d9a583000] [id=28856]

Stack: [0x00007f7d9a482000,0x00007f7d9a583000],  sp=0x00007f7d9a5814e0,  free space=1021k
Native frames: (J=compiled Java code, j=interpreted, Vv=VM code, C=native code)
V  [libjvm.so+0x991aa6]
V  [libjvm.so+0x4934c2]
V  [libjvm.so+0x80371b]
V  [libjvm.so+0x7fddfe]
V  [libjvm.so+0x871c0b]
V  [libjvm.so+0x872ac3]
V  [libjvm.so+0x8731db]
V  [libjvm.so+0x86eb41]
V  [libjvm.so+0x86f3b8]
V  [libjvm.so+0x826a73]
V  [libjvm.so+0x993372]
V  [libjvm.so+0x9977f7]
V  [libjvm.so+0x995f6b]
V  [libjvm.so+0x996616]
V  [libjvm.so+0x996ae1]
V  [libjvm.so+0x800642]

VM_Operation (0x00007f7da6c14610): ParallelGCFailedAllocation, mode: safepoint, requested by thread 0x00007f7da000a000


---------------  P R O C E S S  ---------------

Java Threads: ( => current thread )
  0x00007f7da0178000 JavaThread "Service Thread" daemon [_thread_blocked, id=28862, stack(0x00007f7d99a0f000,0x00007f7d99b10000)]
  0x00007f7da0175800 JavaThread "C2 CompilerThread1" daemon [_thread_blocked, id=28861, stack(0x00007f7d99b10000,0x00007f7d99c11000)]
  0x00007f7da0172800 JavaThread "C2 CompilerThread0" daemon [_thread_blocked, id=28860, stack(0x00007f7d99c11000,0x00007f7d99d12000)]
  0x00007f7da0170000 JavaThread "Signal Dispatcher" daemon [_thread_blocked, id=28859, stack(0x00007f7d99d12000,0x00007f7d99e13000)]
  0x00007f7da0143800 JavaThread "Finalizer" daemon [_thread_blocked, id=28858, stack(0x00007f7d9a280000,0x00007f7d9a381000)]
  0x00007f7da0141000 JavaThread "Reference Handler" daemon [_thread_blocked, id=28857, stack(0x00007f7d9a381000,0x00007f7d9a482000)]
  0x00007f7da000a000 JavaThread "main" [_thread_blocked, id=28851, stack(0x00007f7da6b15000,0x00007f7da6c16000)]

Other Threads:
=>0x00007f7da013d000 VMThread [stack: 0x00007f7d9a482000,0x00007f7d9a583000] [id=28856]
  0x00007f7da0182800 WatcherThread [stack: 0x00007f7d9990e000,0x00007f7d99a0f000] [id=28863]

VM state:at safepoint (normal execution)

VM Mutex/Monitor currently owned by a thread:  ([mutex/lock_event])
[0x00007f7da0006430] Threads_lock - owner thread: 0x00007f7da013d000
[0x00007f7da0006930] Heap_lock - owner thread: 0x00007f7da000a000

Heap
 PSYoungGen      total 425472K, used 32K [0x00000007d6a80000, 0x00000007f1d00000, 0x0000000800000000)
  eden space 407040K, 0% used [0x00000007d6a80000,0x00000007d6a80000,0x00000007ef800000)
  from space 18432K, 0% used [0x00000007ef800000,0x00000007ef808000,0x00000007f0a00000)
  to   space 17408K, 0% used [0x00000007f0a00000,0x00000007f0a00000,0x00000007f1b00000)
 ParOldGen       total 84480K, used 35268K [0x0000000784000000, 0x0000000789280000, 0x00000007d6a80000)
  object space 84480K, 41% used [0x0000000784000000,0x00000007862712f0,0x0000000789280000)
 PSPermGen       total 21504K, used 7623K [0x0000000779a00000, 0x000000077af00000, 0x0000000784000000)
  object space 21504K, 35% used [0x0000000779a00000,0x000000077a171ce0,0x000000077af00000)

Card table byte_map: [0x00007f7d9c187000,0x00007f7d9c5bb000] byte_map_base: 0x00007f7d985ba000

Polling page: 0x00007f7da6c36000

Code Cache  [0x00007f7d9c5bb000, 0x00007f7d9c82b000, 0x00007f7d9f5bb000)
 total_blobs=583 nmethods=328 adapters=208 free_code_cache=47911Kb largest_free_block=49035200

Compilation events (10 events):
Event: 7.681 Thread 0x00007f7da0175800 nmethod 338 0x00007f7d9c6f0d50 code [0x00007f7d9c6f0ea0, 0x00007f7d9c6f0f18]
Event: 7.686 Thread 0x00007f7da0172800 nmethod 333 0x00007f7d9c638e10 code [0x00007f7d9c638fa0, 0x00007f7d9c6396d0]
Event: 8.620 Thread 0x00007f7da0175800  339             com.github.stigmata.printer.xml.ComparisonPairXmlPrinter::printComparisonPair (154 bytes)
Event: 8.626 Thread 0x00007f7da0175800 nmethod 339 0x00007f7d9c6f3950 code [0x00007f7d9c6f3ba0, 0x00007f7d9c6f45b0]
Event: 15.343 Thread 0x00007f7da0172800  340             java.lang.Integer::intValue (5 bytes)
Event: 15.343 Thread 0x00007f7da0172800 nmethod 340 0x00007f7d9c638c10 code [0x00007f7d9c638d40, 0x00007f7d9c638d98]
Event: 22.502 Thread 0x00007f7da0172800  341             java.lang.Integer::equals (29 bytes)
Event: 22.502 Thread 0x00007f7da0172800 nmethod 341 0x00007f7d9c6f5dd0 code [0x00007f7d9c6f5f20, 0x00007f7d9c6f5fd8]
Event: 24.509 Thread 0x00007f7da0172800  342             com.github.stigmata.birthmarks.comparators.PlainBirthmarkComparator::compare (119 bytes)
Event: 24.516 Thread 0x00007f7da0172800 nmethod 342 0x00007f7d9c6e7710 code [0x00007f7d9c6e7900, 0x00007f7d9c6e82f8]

GC Heap History (10 events):
Event: 5.641 GC heap after
Heap after GC invocations=6 (full 0):
 PSYoungGen      total 139264K, used 11249K [0x00000007d6a80000, 0x00000007e0280000, 0x0000000800000000)
  eden space 127488K, 0% used [0x00000007d6a80000,0x00000007d6a80000,0x00000007de700000)
  from space 11776K, 95% used [0x00000007df400000,0x00000007dfefc780,0x00000007dff80000)
  to   space 13312K, 0% used [0x00000007de700000,0x00000007de700000,0x00000007df400000)
 ParOldGen       total 84480K, used 15079K [0x0000000784000000, 0x0000000789280000, 0x00000007d6a80000)
  object space 84480K, 17% used [0x0000000784000000,0x0000000784eb9de8,0x0000000789280000)
 PSPermGen       total 21504K, used 7585K [0x0000000779a00000, 0x000000077af00000, 0x0000000784000000)
  object space 21504K, 35% used [0x0000000779a00000,0x000000077a1687f8,0x000000077af00000)
}
Event: 7.537 GC heap before
{Heap before GC invocations=7 (full 0):
 PSYoungGen      total 139264K, used 138737K [0x00000007d6a80000, 0x00000007e0280000, 0x0000000800000000)
  eden space 127488K, 100% used [0x00000007d6a80000,0x00000007de700000,0x00000007de700000)
  from space 11776K, 95% used [0x00000007df400000,0x00000007dfefc780,0x00000007dff80000)
  to   space 13312K, 0% used [0x00000007de700000,0x00000007de700000,0x00000007df400000)
 ParOldGen       total 84480K, used 15079K [0x0000000784000000, 0x0000000789280000, 0x00000007d6a80000)
  object space 84480K, 17% used [0x0000000784000000,0x0000000784eb9de8,0x0000000789280000)
 PSPermGen       total 21504K, used 7622K [0x0000000779a00000, 0x000000077af00000, 0x0000000784000000)
  object space 21504K, 35% used [0x0000000779a00000,0x000000077a171ae8,0x000000077af00000)
Event: 7.655 GC heap after
Heap after GC invocations=7 (full 0):
 PSYoungGen      total 140800K, used 13282K [0x00000007d6a80000, 0x00000007e8780000, 0x0000000800000000)
  eden space 127488K, 0% used [0x00000007d6a80000,0x00000007d6a80000,0x00000007de700000)
  from space 13312K, 99% used [0x00000007de700000,0x00000007df3f8a58,0x00000007df400000)
  to   space 18432K, 0% used [0x00000007e7580000,0x00000007e7580000,0x00000007e8780000)
 ParOldGen       total 84480K, used 22106K [0x0000000784000000, 0x0000000789280000, 0x00000007d6a80000)
  object space 84480K, 26% used [0x0000000784000000,0x0000000785596a48,0x0000000789280000)
 PSPermGen       total 21504K, used 7622K [0x0000000779a00000, 0x000000077af00000, 0x0000000784000000)
  object space 21504K, 35% used [0x0000000779a00000,0x000000077a171ae8,0x000000077af00000)
}
Event: 13.137 GC heap before
{Heap before GC invocations=8 (full 0):
 PSYoungGen      total 140800K, used 140770K [0x00000007d6a80000, 0x00000007e8780000, 0x0000000800000000)
  eden space 127488K, 100% used [0x00000007d6a80000,0x00000007de700000,0x00000007de700000)
  from space 13312K, 99% used [0x00000007de700000,0x00000007df3f8a58,0x00000007df400000)
  to   space 18432K, 0% used [0x00000007e7580000,0x00000007e7580000,0x00000007e8780000)
 ParOldGen       total 84480K, used 22106K [0x0000000784000000, 0x0000000789280000, 0x00000007d6a80000)
  object space 84480K, 26% used [0x0000000784000000,0x0000000785596a48,0x0000000789280000)
 PSPermGen       total 21504K, used 7622K [0x0000000779a00000, 0x000000077af00000, 0x0000000784000000)
  object space 21504K, 35% used [0x0000000779a00000,0x000000077a171b08,0x000000077af00000)
Event: 13.156 GC heap after
Heap after GC invocations=8 (full 0):
 PSYoungGen      total 272384K, used 11038K [0x00000007d6a80000, 0x00000007e8680000, 0x0000000800000000)
  eden space 254976K, 0% used [0x00000007d6a80000,0x00000007d6a80000,0x00000007e6380000)
  from space 17408K, 63% used [0x00000007e7580000,0x00000007e80478c0,0x00000007e8680000)
  to   space 17920K, 0% used [0x00000007e6380000,0x00000007e6380000,0x00000007e7500000)
 ParOldGen       total 84480K, used 24034K [0x0000000784000000, 0x0000000789280000, 0x00000007d6a80000)
  object space 84480K, 28% used [0x0000000784000000,0x0000000785778828,0x0000000789280000)
 PSPermGen       total 21504K, used 7622K [0x0000000779a00000, 0x000000077af00000, 0x0000000784000000)
  object space 21504K, 35% used [0x0000000779a00000,0x000000077a171b08,0x000000077af00000)
}
Event: 22.110 GC heap before
{Heap before GC invocations=9 (full 0):
 PSYoungGen      total 272384K, used 266014K [0x00000007d6a80000, 0x00000007e8680000, 0x0000000800000000)
  eden space 254976K, 100% used [0x00000007d6a80000,0x00000007e6380000,0x00000007e6380000)
  from space 17408K, 63% used [0x00000007e7580000,0x00000007e80478c0,0x00000007e8680000)
  to   space 17920K, 0% used [0x00000007e6380000,0x00000007e6380000,0x00000007e7500000)
 ParOldGen       total 84480K, used 24034K [0x0000000784000000, 0x0000000789280000, 0x00000007d6a80000)
  object space 84480K, 28% used [0x0000000784000000,0x0000000785778828,0x0000000789280000)
 PSPermGen       total 21504K, used 7623K [0x0000000779a00000, 0x000000077af00000, 0x0000000784000000)
  object space 21504K, 35% used [0x0000000779a00000,0x000000077a171ca0,0x000000077af00000)
Event: 22.129 GC heap after
Heap after GC invocations=9 (full 0):
 PSYoungGen      total 272896K, used 7519K [0x00000007d6a80000, 0x00000007f1b00000, 0x0000000800000000)
  eden space 254976K, 0% used [0x00000007d6a80000,0x00000007d6a80000,0x00000007e6380000)
  from space 17920K, 41% used [0x00000007e6380000,0x00000007e6ad7cb0,0x00000007e7500000)
  to   space 17408K, 0% used [0x00000007f0a00000,0x00000007f0a00000,0x00000007f1b00000)
 ParOldGen       total 84480K, used 27643K [0x0000000784000000, 0x0000000789280000, 0x00000007d6a80000)
  object space 84480K, 32% used [0x0000000784000000,0x0000000785afedf0,0x0000000789280000)
 PSPermGen       total 21504K, used 7623K [0x0000000779a00000, 0x000000077af00000, 0x0000000784000000)
  object space 21504K, 35% used [0x0000000779a00000,0x000000077a171ca0,0x000000077af00000)
}
Event: 31.003 GC heap before
{Heap before GC invocations=10 (full 0):
 PSYoungGen      total 272896K, used 262495K [0x00000007d6a80000, 0x00000007f1b00000, 0x0000000800000000)
  eden space 254976K, 100% used [0x00000007d6a80000,0x00000007e6380000,0x00000007e6380000)
  from space 17920K, 41% used [0x00000007e6380000,0x00000007e6ad7cb0,0x00000007e7500000)
  to   space 17408K, 0% used [0x00000007f0a00000,0x00000007f0a00000,0x00000007f1b00000)
 ParOldGen       total 84480K, used 27643K [0x0000000784000000, 0x0000000789280000, 0x00000007d6a80000)
  object space 84480K, 32% used [0x0000000784000000,0x0000000785afedf0,0x0000000789280000)
 PSPermGen       total 21504K, used 7623K [0x0000000779a00000, 0x000000077af00000, 0x0000000784000000)
  object space 21504K, 35% used [0x0000000779a00000,0x000000077a171ce0,0x000000077af00000)
Event: 31.010 GC heap after
Heap after GC invocations=10 (full 0):
 PSYoungGen      total 424448K, used 64K [0x00000007d6a80000, 0x00000007f1d00000, 0x0000000800000000)
  eden space 407040K, 0% used [0x00000007d6a80000,0x00000007d6a80000,0x00000007ef800000)
  from space 17408K, 0% used [0x00000007f0a00000,0x00000007f0a10000,0x00000007f1b00000)
  to   space 18432K, 0% used [0x00000007ef800000,0x00000007ef800000,0x00000007f0a00000)
 ParOldGen       total 84480K, used 35260K [0x0000000784000000, 0x0000000789280000, 0x00000007d6a80000)
  object space 84480K, 41% used [0x0000000784000000,0x000000078626f2f0,0x0000000789280000)
 PSPermGen       total 21504K, used 7623K [0x0000000779a00000, 0x000000077af00000, 0x0000000784000000)
  object space 21504K, 35% used [0x0000000779a00000,0x000000077a171ce0,0x000000077af00000)
}
Event: 43.538 GC heap before
{Heap before GC invocations=11 (full 0):
 PSYoungGen      total 424448K, used 407104K [0x00000007d6a80000, 0x00000007f1d00000, 0x0000000800000000)
  eden space 407040K, 100% used [0x00000007d6a80000,0x00000007ef800000,0x00000007ef800000)
  from space 17408K, 0% used [0x00000007f0a00000,0x00000007f0a10000,0x00000007f1b00000)
  to   space 18432K, 0% used [0x00000007ef800000,0x00000007ef800000,0x00000007f0a00000)
 ParOldGen       total 84480K, used 35260K [0x0000000784000000, 0x0000000789280000, 0x00000007d6a80000)
  object space 84480K, 41% used [0x0000000784000000,0x000000078626f2f0,0x0000000789280000)
 PSPermGen       total 21504K, used 7623K [0x0000000779a00000, 0x000000077af00000, 0x0000000784000000)
  object space 21504K, 35% used [0x0000000779a00000,0x000000077a171ce0,0x000000077af00000)

Deoptimization events (10 events):
Event: 6.382 Thread 0x00007f7da000a000 Uncommon trap: reason=unstable_if action=reinterpret pc=0x00007f7d9c643494 method=java.lang.CharacterDataLatin1.toUpperCase(I)I @ 12
Event: 6.383 Thread 0x00007f7da000a000 Uncommon trap: reason=unstable_if action=reinterpret pc=0x00007f7d9c6c91d4 method=java.util.HashMap.get(Ljava/lang/Object;)Ljava/lang/Object; @ 17
Event: 6.384 Thread 0x00007f7da000a000 Uncommon trap: reason=unstable_if action=reinterpret pc=0x00007f7d9c63ca30 method=java.util.Hashtable.get(Ljava/lang/Object;)Ljava/lang/Object; @ 37
Event: 6.384 Thread 0x00007f7da000a000 Uncommon trap: reason=unstable_if action=reinterpret pc=0x00007f7d9c6e6e0c method=java.util.HashMap$HashIterator.<init>(Ljava/util/HashMap;)V @ 56
Event: 6.822 Thread 0x00007f7da000a000 Uncommon trap: reason=unstable_if action=reinterpret pc=0x00007f7d9c6ac110 method=com.github.stigmata.birthmarks.comparators.PlainBirthmarkComparator.compare(Lcom/github/stigmata/Birthmark;Lcom/github/stigmata/Birthmark;Lcom/github/stigmata/BirthmarkConte
Event: 8.395 Thread 0x00007f7da000a000 Uncommon trap: reason=unstable_if action=reinterpret pc=0x00007f7d9c6eeb84 method=com.github.stigmata.printer.xml.ComparisonPairXmlPrinter.printComparisonPair(Ljava/io/PrintWriter;Lcom/github/stigmata/ComparisonPair;)V @ 63
Event: 24.507 Thread 0x00007f7da000a000 Uncommon trap: reason=bimorphic action=maybe_recompile pc=0x00007f7d9c6eb14c method=com.github.stigmata.birthmarks.cvfv.TypeAndValueBirthmarkElement.equals(Ljava/lang/Object;)Z @ 64
Event: 24.507 Thread 0x00007f7da000a000 Uncommon trap: reason=bimorphic action=maybe_recompile pc=0x00007f7d9c6eb14c method=com.github.stigmata.birthmarks.cvfv.TypeAndValueBirthmarkElement.equals(Ljava/lang/Object;)Z @ 64
Event: 24.508 Thread 0x00007f7da000a000 Uncommon trap: reason=bimorphic action=maybe_recompile pc=0x00007f7d9c6eb14c method=com.github.stigmata.birthmarks.cvfv.TypeAndValueBirthmarkElement.equals(Ljava/lang/Object;)Z @ 64
Event: 24.508 Thread 0x00007f7da000a000 Uncommon trap: reason=bimorphic action=maybe_recompile pc=0x00007f7d9c6eb14c method=com.github.stigmata.birthmarks.cvfv.TypeAndValueBirthmarkElement.equals(Ljava/lang/Object;)Z @ 64

Internal exceptions (10 events):
Event: 2.178 Thread 0x00007f7da000a000 Threw 0x00000007d73d0d50 at /build/openjdk-7-3x2aMC/openjdk-7-7u95-2.6.4/build/openjdk/hotspot/src/share/vm/prims/jvm.cpp:1322
Event: 2.179 Thread 0x00007f7da000a000 Threw 0x00000007d73d4950 at /build/openjdk-7-3x2aMC/openjdk-7-7u95-2.6.4/build/openjdk/hotspot/src/share/vm/prims/jvm.cpp:1322
Event: 2.192 Thread 0x00007f7da000a000 Threw 0x00000007d73d7f48 at /build/openjdk-7-3x2aMC/openjdk-7-7u95-2.6.4/build/openjdk/hotspot/src/share/vm/prims/jvm.cpp:1322
Event: 2.193 Thread 0x00007f7da000a000 Threw 0x00000007d73df580 at /build/openjdk-7-3x2aMC/openjdk-7-7u95-2.6.4/build/openjdk/hotspot/src/share/vm/prims/jvm.cpp:1322
Event: 2.194 Thread 0x00007f7da000a000 Threw 0x00000007d73e37b0 at /build/openjdk-7-3x2aMC/openjdk-7-7u95-2.6.4/build/openjdk/hotspot/src/share/vm/prims/jvm.cpp:1322
Event: 2.194 Thread 0x00007f7da000a000 Threw 0x00000007d73eb330 at /build/openjdk-7-3x2aMC/openjdk-7-7u95-2.6.4/build/openjdk/hotspot/src/share/vm/prims/jvm.cpp:1322
Event: 6.383 Thread 0x00007f7da000a000 Threw 0x00000007dd52d858 at /build/openjdk-7-3x2aMC/openjdk-7-7u95-2.6.4/build/openjdk/hotspot/src/share/vm/prims/jvm.cpp:1322
Event: 6.383 Thread 0x00007f7da000a000 Threw 0x00000007dd533420 at /build/openjdk-7-3x2aMC/openjdk-7-7u95-2.6.4/build/openjdk/hotspot/src/share/vm/prims/jvm.cpp:1322
Event: 6.384 Thread 0x00007f7da000a000 Threw 0x00000007dd548740 at /build/openjdk-7-3x2aMC/openjdk-7-7u95-2.6.4/build/openjdk/hotspot/src/share/vm/prims/jvm.cpp:1322
Event: 6.384 Thread 0x00007f7da000a000 Threw 0x00000007dd54c840 at /build/openjdk-7-3x2aMC/openjdk-7-7u95-2.6.4/build/openjdk/hotspot/src/share/vm/prims/jvm.cpp:1322

Events (10 events):
Event: 24.508 Thread 0x00007f7da000a000 Uncommon trap: trap_request=0xffffffc6 fr.pc=0x00007f7d9c6eb14c
Event: 24.508 Thread 0x00007f7da000a000 DEOPT PACKING pc=0x00007f7d9c6eb14c sp=0x00007f7da6c14710
Event: 24.508 Thread 0x00007f7da000a000 DEOPT UNPACKING pc=0x00007f7d9c5f4445 sp=0x00007f7da6c14638 mode 2
Event: 24.508 Thread 0x00007f7da000a000 Uncommon trap: trap_request=0xffffffc6 fr.pc=0x00007f7d9c6eb14c
Event: 24.508 Thread 0x00007f7da000a000 DEOPT PACKING pc=0x00007f7d9c6eb14c sp=0x00007f7da6c14710
Event: 24.508 Thread 0x00007f7da000a000 DEOPT UNPACKING pc=0x00007f7d9c5f4445 sp=0x00007f7da6c14638 mode 2
Event: 24.516 Thread 0x00007f7da0172800 flushing nmethod 0x00007f7d9c65f950
Event: 31.003 Executing VM operation: ParallelGCFailedAllocation
Event: 31.010 Executing VM operation: ParallelGCFailedAllocation done
Event: 43.538 Executing VM operation: ParallelGCFailedAllocation


Dynamic libraries:
00400000-00401000 r-xp 00000000 08:07 13641842                           /usr/lib/jvm/java-7-openjdk-amd64/jre/bin/java
00600000-00601000 r--p 00000000 08:07 13641842                           /usr/lib/jvm/java-7-openjdk-amd64/jre/bin/java
00601000-00602000 rw-p 00001000 08:07 13641842                           /usr/lib/jvm/java-7-openjdk-amd64/jre/bin/java
008be000-008df000 rw-p 00000000 00:00 0                                  [heap]
779a00000-77af00000 rw-p 00000000 00:00 0 
77af00000-784000000 rw-p 00000000 00:00 0 
784000000-789280000 rw-p 00000000 00:00 0 
789280000-7d6a80000 rw-p 00000000 00:00 0 
7d6a80000-7f1d00000 rw-p 00000000 00:00 0 
7f7d48000000-7f7d4bffc000 rw-p 00000000 00:00 0 
7f7d4bffc000-7f7d4c000000 ---p 00000000 00:00 0 
7f7d4c000000-7f7d4d9e1000 rw-p 00000000 00:00 0 
7f7d4d9e1000-7f7d50000000 ---p 00000000 00:00 0 
7f7d50000000-7f7d53fff000 rw-p 00000000 00:00 0 
7f7d53fff000-7f7d54000000 ---p 00000000 00:00 0 
7f7d54000000-7f7d57ffe000 rw-p 00000000 00:00 0 
7f7d57ffe000-7f7d58000000 ---p 00000000 00:00 0 
7f7d58000000-7f7d58021000 rw-p 00000000 00:00 0 
7f7d58021000-7f7d5c000000 ---p 00000000 00:00 0 
7f7d5c000000-7f7d5c021000 rw-p 00000000 00:00 0 
7f7d5c021000-7f7d60000000 ---p 00000000 00:00 0 
7f7d60000000-7f7d611ed000 rw-p 00000000 00:00 0 
7f7d611ed000-7f7d64000000 ---p 00000000 00:00 0 
7f7d64000000-7f7d65258000 rw-p 00000000 00:00 0 
7f7d65258000-7f7d68000000 ---p 00000000 00:00 0 
7f7d68000000-7f7d68021000 rw-p 00000000 00:00 0 
7f7d68021000-7f7d6c000000 ---p 00000000 00:00 0 
7f7d6c000000-7f7d6c021000 rw-p 00000000 00:00 0 
7f7d6c021000-7f7d70000000 ---p 00000000 00:00 0 
7f7d70000000-7f7d70021000 rw-p 00000000 00:00 0 
7f7d70021000-7f7d74000000 ---p 00000000 00:00 0 
7f7d77cd0000-7f7d7c000000 rw-p 00000000 00:00 0 
7f7d7c000000-7f7d7c021000 rw-p 00000000 00:00 0 
7f7d7c021000-7f7d80000000 ---p 00000000 00:00 0 
7f7d80000000-7f7d80021000 rw-p 00000000 00:00 0 
7f7d80021000-7f7d84000000 ---p 00000000 00:00 0 
7f7d84000000-7f7d84021000 rw-p 00000000 00:00 0 
7f7d84021000-7f7d88000000 ---p 00000000 00:00 0 
7f7d8c000000-7f7d8c021000 rw-p 00000000 00:00 0 
7f7d8c021000-7f7d90000000 ---p 00000000 00:00 0 
7f7d93c4e000-7f7d93cff000 r--s 00770000 08:07 5246105                    /home/hit_alan/zhoufandi/somefilebetweenlinuxandwindows/dex2jar-2.0/5c5290153f55903727c2c87e0cd0d2825fc9eb8ad8a49d8ba719e0466c237825/clientdex2jar.jar
7f7d93cff000-7f7d94000000 rw-p 00000000 00:00 0 
7f7d94000000-7f7d94021000 rw-p 00000000 00:00 0 
7f7d94021000-7f7d98000000 ---p 00000000 00:00 0 
7f7d9807c000-7f7d9812d000 r--s 00770000 08:07 5246105                    /home/hit_alan/zhoufandi/somefilebetweenlinuxandwindows/dex2jar-2.0/5c5290153f55903727c2c87e0cd0d2825fc9eb8ad8a49d8ba719e0466c237825/clientdex2jar.jar
7f7d9812d000-7f7d98199000 r-xp 00000000 08:07 16257056                   /lib/x86_64-linux-gnu/libpcre.so.3.13.1
7f7d98199000-7f7d98398000 ---p 0006c000 08:07 16257056                   /lib/x86_64-linux-gnu/libpcre.so.3.13.1
7f7d98398000-7f7d98399000 r--p 0006b000 08:07 16257056                   /lib/x86_64-linux-gnu/libpcre.so.3.13.1
7f7d98399000-7f7d9839a000 rw-p 0006c000 08:07 16257056                   /lib/x86_64-linux-gnu/libpcre.so.3.13.1
7f7d9839a000-7f7d983a1000 r-xp 00000000 08:07 13631618                   /usr/lib/x86_64-linux-gnu/libffi.so.6.0.4
7f7d983a1000-7f7d985a0000 ---p 00007000 08:07 13631618                   /usr/lib/x86_64-linux-gnu/libffi.so.6.0.4
7f7d985a0000-7f7d985a1000 r--p 00006000 08:07 13631618                   /usr/lib/x86_64-linux-gnu/libffi.so.6.0.4
7f7d985a1000-7f7d985a2000 rw-p 00007000 08:07 13631618                   /usr/lib/x86_64-linux-gnu/libffi.so.6.0.4
7f7d985a2000-7f7d985b9000 r-xp 00000000 08:07 16253007                   /lib/x86_64-linux-gnu/libresolv-2.21.so
7f7d985b9000-7f7d987b9000 ---p 00017000 08:07 16253007                   /lib/x86_64-linux-gnu/libresolv-2.21.so
7f7d987b9000-7f7d987bb000 r--p 00017000 08:07 16253007                   /lib/x86_64-linux-gnu/libresolv-2.21.so
7f7d987bb000-7f7d987bc000 rw-p 00019000 08:07 16253007                   /lib/x86_64-linux-gnu/libresolv-2.21.so
7f7d987bc000-7f7d987be000 rw-p 00000000 00:00 0 
7f7d987be000-7f7d987df000 r-xp 00000000 08:07 16257131                   /lib/x86_64-linux-gnu/libselinux.so.1
7f7d987df000-7f7d989de000 ---p 00021000 08:07 16257131                   /lib/x86_64-linux-gnu/libselinux.so.1
7f7d989de000-7f7d989df000 r--p 00020000 08:07 16257131                   /lib/x86_64-linux-gnu/libselinux.so.1
7f7d989df000-7f7d989e0000 rw-p 00021000 08:07 16257131                   /lib/x86_64-linux-gnu/libselinux.so.1
7f7d989e0000-7f7d989e2000 rw-p 00000000 00:00 0 
7f7d989e2000-7f7d989e5000 r-xp 00000000 08:07 13631893                   /usr/lib/x86_64-linux-gnu/libgmodule-2.0.so.0.4400.1
7f7d989e5000-7f7d98be4000 ---p 00003000 08:07 13631893                   /usr/lib/x86_64-linux-gnu/libgmodule-2.0.so.0.4400.1
7f7d98be4000-7f7d98be5000 r--p 00002000 08:07 13631893                   /usr/lib/x86_64-linux-gnu/libgmodule-2.0.so.0.4400.1
7f7d98be5000-7f7d98be6000 rw-p 00003000 08:07 13631893                   /usr/lib/x86_64-linux-gnu/libgmodule-2.0.so.0.4400.1
7f7d98be6000-7f7d98cf3000 r-xp 00000000 08:07 16257102                   /lib/x86_64-linux-gnu/libglib-2.0.so.0.4400.1
7f7d98cf3000-7f7d98ef2000 ---p 0010d000 08:07 16257102                   /lib/x86_64-linux-gnu/libglib-2.0.so.0.4400.1
7f7d98ef2000-7f7d98ef3000 r--p 0010c000 08:07 16257102                   /lib/x86_64-linux-gnu/libglib-2.0.so.0.4400.1
7f7d98ef3000-7f7d98ef4000 rw-p 0010d000 08:07 16257102                   /lib/x86_64-linux-gnu/libglib-2.0.so.0.4400.1
7f7d98ef4000-7f7d98ef5000 rw-p 00000000 00:00 0 
7f7d98ef5000-7f7d98f45000 r-xp 00000000 08:07 13631853                   /usr/lib/x86_64-linux-gnu/libgobject-2.0.so.0.4400.1
7f7d98f45000-7f7d99145000 ---p 00050000 08:07 13631853                   /usr/lib/x86_64-linux-gnu/libgobject-2.0.so.0.4400.1
7f7d99145000-7f7d99146000 r--p 00050000 08:07 13631853                   /usr/lib/x86_64-linux-gnu/libgobject-2.0.so.0.4400.1
7f7d99146000-7f7d99147000 rw-p 00051000 08:07 13631853                   /usr/lib/x86_64-linux-gnu/libgobject-2.0.so.0.4400.1
7f7d99147000-7f7d992bf000 r-xp 00000000 08:07 13631875                   /usr/lib/x86_64-linux-gnu/libgio-2.0.so.0.4400.1
7f7d992bf000-7f7d994bf000 ---p 00178000 08:07 13631875                   /usr/lib/x86_64-linux-gnu/libgio-2.0.so.0.4400.1
7f7d994bf000-7f7d994c3000 r--p 00178000 08:07 13631875                   /usr/lib/x86_64-linux-gnu/libgio-2.0.so.0.4400.1
7f7d994c3000-7f7d994c5000 rw-p 0017c000 08:07 13631875                   /usr/lib/x86_64-linux-gnu/libgio-2.0.so.0.4400.1
7f7d994c5000-7f7d994c7000 rw-p 00000000 00:00 0 
7f7d994c7000-7f7d994db000 r--p 00000000 08:07 14421516                   /usr/share/locale-langpack/zh_CN/LC_MESSAGES/libc.mo
7f7d994db000-7f7d994e3000 r--s 00043000 08:07 5246118                    /home/hit_alan/zhoufandi/somefilebetweenlinuxandwindows/dex2jar-2.0/5c5290153f55903727c2c87e0cd0d2825fc9eb8ad8a49d8ba719e0466c237825/channeldex2jar.jar
7f7d994e3000-7f7d994fb000 r-xp 00000000 08:07 13642175                   /usr/lib/jvm/java-7-openjdk-amd64/jre/lib/amd64/libnet.so
7f7d994fb000-7f7d996fa000 ---p 00018000 08:07 13642175                   /usr/lib/jvm/java-7-openjdk-amd64/jre/lib/amd64/libnet.so
7f7d996fa000-7f7d996fb000 r--p 00017000 08:07 13642175                   /usr/lib/jvm/java-7-openjdk-amd64/jre/lib/amd64/libnet.so
7f7d996fb000-7f7d996fc000 rw-p 00018000 08:07 13642175                   /usr/lib/jvm/java-7-openjdk-amd64/jre/lib/amd64/libnet.so
7f7d996fc000-7f7d9970d000 r-xp 00000000 08:07 13642136                   /usr/lib/jvm/java-7-openjdk-amd64/jre/lib/amd64/libnio.so
7f7d9970d000-7f7d9990c000 ---p 00011000 08:07 13642136                   /usr/lib/jvm/java-7-openjdk-amd64/jre/lib/amd64/libnio.so
7f7d9990c000-7f7d9990d000 r--p 00010000 08:07 13642136                   /usr/lib/jvm/java-7-openjdk-amd64/jre/lib/amd64/libnio.so
7f7d9990d000-7f7d9990e000 rw-p 00011000 08:07 13642136                   /usr/lib/jvm/java-7-openjdk-amd64/jre/lib/amd64/libnio.so
7f7d9990e000-7f7d9990f000 ---p 00000000 00:00 0 
7f7d9990f000-7f7d99a0f000 rw-p 00000000 00:00 0 
7f7d99a0f000-7f7d99a12000 ---p 00000000 00:00 0 
7f7d99a12000-7f7d99b10000 rw-p 00000000 00:00 0 
7f7d99b10000-7f7d99b13000 ---p 00000000 00:00 0 
7f7d99b13000-7f7d99c11000 rw-p 00000000 00:00 0 
7f7d99c11000-7f7d99c14000 ---p 00000000 00:00 0 
7f7d99c14000-7f7d99d12000 rw-p 00000000 00:00 0 
7f7d99d12000-7f7d99d15000 ---p 00000000 00:00 0 
7f7d99d15000-7f7d99e13000 rw-p 00000000 00:00 0 
7f7d99e13000-7f7d9a280000 r--p 00000000 08:07 13634881                   /usr/lib/locale/locale-archive
7f7d9a280000-7f7d9a283000 ---p 00000000 00:00 0 
7f7d9a283000-7f7d9a381000 rw-p 00000000 00:00 0 
7f7d9a381000-7f7d9a384000 ---p 00000000 00:00 0 
7f7d9a384000-7f7d9a482000 rw-p 00000000 00:00 0 
7f7d9a482000-7f7d9a483000 ---p 00000000 00:00 0 
7f7d9a483000-7f7d9b492000 rw-p 00000000 00:00 0 
7f7d9b492000-7f7d9b644000 r--s 01d2f000 08:07 13642124                   /usr/lib/jvm/java-7-openjdk-amd64/jre/lib/rt.jar
7f7d9b644000-7f7d9baed000 rw-p 00000000 00:00 0 
7f7d9baed000-7f7d9baee000 ---p 00000000 00:00 0 
7f7d9baee000-7f7d9bbee000 rw-p 00000000 00:00 0 
7f7d9bbee000-7f7d9bbef000 ---p 00000000 00:00 0 
7f7d9bbef000-7f7d9bcef000 rw-p 00000000 00:00 0 
7f7d9bcef000-7f7d9bcf0000 ---p 00000000 00:00 0 
7f7d9bcf0000-7f7d9bdf0000 rw-p 00000000 00:00 0 
7f7d9bdf0000-7f7d9bdf1000 ---p 00000000 00:00 0 
7f7d9bdf1000-7f7d9bf1b000 rw-p 00000000 00:00 0 
7f7d9bf1b000-7f7d9c187000 rw-p 00000000 00:00 0 
7f7d9c187000-7f7d9c192000 rw-p 00000000 00:00 0 
7f7d9c192000-7f7d9c1da000 rw-p 00000000 00:00 0 
7f7d9c1da000-7f7d9c204000 rw-p 00000000 00:00 0 
7f7d9c204000-7f7d9c46f000 rw-p 00000000 00:00 0 
7f7d9c46f000-7f7d9c549000 rw-p 00000000 00:00 0 
7f7d9c549000-7f7d9c5ba000 rw-p 00000000 00:00 0 
7f7d9c5ba000-7f7d9c5bb000 rw-p 00000000 00:00 0 
7f7d9c5bb000-7f7d9c82b000 rwxp 00000000 00:00 0 
7f7d9c82b000-7f7d9f5bb000 rw-p 00000000 00:00 0 
7f7d9f5bb000-7f7d9f5c3000 r-xp 00000000 08:07 13642144                   /usr/lib/jvm/java-7-openjdk-amd64/jre/lib/amd64/libzip.so
7f7d9f5c3000-7f7d9f7c2000 ---p 00008000 08:07 13642144                   /usr/lib/jvm/java-7-openjdk-amd64/jre/lib/amd64/libzip.so
7f7d9f7c2000-7f7d9f7c3000 r--p 00007000 08:07 13642144                   /usr/lib/jvm/java-7-openjdk-amd64/jre/lib/amd64/libzip.so
7f7d9f7c3000-7f7d9f7c4000 rw-p 00008000 08:07 13642144                   /usr/lib/jvm/java-7-openjdk-amd64/jre/lib/amd64/libzip.so
7f7d9f7c4000-7f7d9f7d0000 r-xp 00000000 08:07 16253008                   /lib/x86_64-linux-gnu/libnss_files-2.21.so
7f7d9f7d0000-7f7d9f9cf000 ---p 0000c000 08:07 16253008                   /lib/x86_64-linux-gnu/libnss_files-2.21.so
7f7d9f9cf000-7f7d9f9d0000 r--p 0000b000 08:07 16253008                   /lib/x86_64-linux-gnu/libnss_files-2.21.so
7f7d9f9d0000-7f7d9f9d1000 rw-p 0000c000 08:07 16253008                   /lib/x86_64-linux-gnu/libnss_files-2.21.so
7f7d9f9d1000-7f7d9f9dc000 r-xp 00000000 08:07 16252996                   /lib/x86_64-linux-gnu/libnss_nis-2.21.so
7f7d9f9dc000-7f7d9fbdb000 ---p 0000b000 08:07 16252996                   /lib/x86_64-linux-gnu/libnss_nis-2.21.so
7f7d9fbdb000-7f7d9fbdc000 r--p 0000a000 08:07 16252996                   /lib/x86_64-linux-gnu/libnss_nis-2.21.so
7f7d9fbdc000-7f7d9fbdd000 rw-p 0000b000 08:07 16252996                   /lib/x86_64-linux-gnu/libnss_nis-2.21.so
7f7d9fbdd000-7f7d9fbf4000 r-xp 00000000 08:07 16257004                   /lib/x86_64-linux-gnu/libnsl-2.21.so
7f7d9fbf4000-7f7d9fdf3000 ---p 00017000 08:07 16257004                   /lib/x86_64-linux-gnu/libnsl-2.21.so
7f7d9fdf3000-7f7d9fdf4000 r--p 00016000 08:07 16257004                   /lib/x86_64-linux-gnu/libnsl-2.21.so
7f7d9fdf4000-7f7d9fdf5000 rw-p 00017000 08:07 16257004                   /lib/x86_64-linux-gnu/libnsl-2.21.so
7f7d9fdf5000-7f7d9fdf7000 rw-p 00000000 00:00 0 
7f7d9fdf7000-7f7d9fdff000 r-xp 00000000 08:07 16253010                   /lib/x86_64-linux-gnu/libnss_compat-2.21.so
7f7d9fdff000-7f7d9fffe000 ---p 00008000 08:07 16253010                   /lib/x86_64-linux-gnu/libnss_compat-2.21.so
7f7d9fffe000-7f7d9ffff000 r--p 00007000 08:07 16253010                   /lib/x86_64-linux-gnu/libnss_compat-2.21.so
7f7d9ffff000-7f7da0000000 rw-p 00008000 08:07 16253010                   /lib/x86_64-linux-gnu/libnss_compat-2.21.so
7f7da0000000-7f7da3ffe000 rw-p 00000000 00:00 0 
7f7da3ffe000-7f7da4000000 ---p 00000000 00:00 0 
7f7da4005000-7f7da400c000 r--s 00000000 08:07 13902402                   /usr/lib/x86_64-linux-gnu/gconv/gconv-modules.cache
7f7da400c000-7f7da4016000 r--s 000ae000 08:07 13642193                   /usr/lib/jvm/java-7-openjdk-amd64/jre/lib/resources.jar
7f7da4016000-7f7da401b000 r--s 00036000 08:07 7081023                    /home/hit_alan/zhoufandi/somefilebetweenlinuxandwindows/target/asm-all-5.0.3.jar
7f7da401b000-7f7da40f4000 rw-p 00000000 00:00 0 
7f7da40f4000-7f7da413c000 rw-p 00000000 00:00 0 
7f7da413c000-7f7da4169000 r-xp 00000000 08:07 13642157                   /usr/lib/jvm/java-7-openjdk-amd64/jre/lib/amd64/libjava.so
7f7da4169000-7f7da4368000 ---p 0002d000 08:07 13642157                   /usr/lib/jvm/java-7-openjdk-amd64/jre/lib/amd64/libjava.so
7f7da4368000-7f7da4369000 r--p 0002c000 08:07 13642157                   /usr/lib/jvm/java-7-openjdk-amd64/jre/lib/amd64/libjava.so
7f7da4369000-7f7da436b000 rw-p 0002d000 08:07 13642157                   /usr/lib/jvm/java-7-openjdk-amd64/jre/lib/amd64/libjava.so
7f7da436b000-7f7da437a000 r-xp 00000000 08:07 13642171                   /usr/lib/jvm/java-7-openjdk-amd64/jre/lib/amd64/libverify.so
7f7da437a000-7f7da4579000 ---p 0000f000 08:07 13642171                   /usr/lib/jvm/java-7-openjdk-amd64/jre/lib/amd64/libverify.so
7f7da4579000-7f7da457c000 r--p 0000e000 08:07 13642171                   /usr/lib/jvm/java-7-openjdk-amd64/jre/lib/amd64/libverify.so
7f7da457c000-7f7da457d000 rw-p 00011000 08:07 13642171                   /usr/lib/jvm/java-7-openjdk-amd64/jre/lib/amd64/libverify.so
7f7da457d000-7f7da4584000 r-xp 00000000 08:07 16257005                   /lib/x86_64-linux-gnu/librt-2.21.so
7f7da4584000-7f7da4783000 ---p 00007000 08:07 16257005                   /lib/x86_64-linux-gnu/librt-2.21.so
7f7da4783000-7f7da4784000 r--p 00006000 08:07 16257005                   /lib/x86_64-linux-gnu/librt-2.21.so
7f7da4784000-7f7da4785000 rw-p 00007000 08:07 16257005                   /lib/x86_64-linux-gnu/librt-2.21.so
7f7da4785000-7f7da479b000 r-xp 00000000 08:07 16257047                   /lib/x86_64-linux-gnu/libgcc_s.so.1
7f7da479b000-7f7da499a000 ---p 00016000 08:07 16257047                   /lib/x86_64-linux-gnu/libgcc_s.so.1
7f7da499a000-7f7da499b000 rw-p 00015000 08:07 16257047                   /lib/x86_64-linux-gnu/libgcc_s.so.1
7f7da499b000-7f7da4aa2000 r-xp 00000000 08:07 16257003                   /lib/x86_64-linux-gnu/libm-2.21.so
7f7da4aa2000-7f7da4ca1000 ---p 00107000 08:07 16257003                   /lib/x86_64-linux-gnu/libm-2.21.so
7f7da4ca1000-7f7da4ca2000 r--p 00106000 08:07 16257003                   /lib/x86_64-linux-gnu/libm-2.21.so
7f7da4ca2000-7f7da4ca3000 rw-p 00107000 08:07 16257003                   /lib/x86_64-linux-gnu/libm-2.21.so
7f7da4ca3000-7f7da4d93000 r-xp 00000000 08:07 13631543                   /usr/lib/x86_64-linux-gnu/libstdc++.so.6.0.20
7f7da4d93000-7f7da4f93000 ---p 000f0000 08:07 13631543                   /usr/lib/x86_64-linux-gnu/libstdc++.so.6.0.20
7f7da4f93000-7f7da4f9b000 r--p 000f0000 08:07 13631543                   /usr/lib/x86_64-linux-gnu/libstdc++.so.6.0.20
7f7da4f9b000-7f7da4f9d000 rw-p 000f8000 08:07 13631543                   /usr/lib/x86_64-linux-gnu/libstdc++.so.6.0.20
7f7da4f9d000-7f7da4fb2000 rw-p 00000000 00:00 0 
7f7da4fb2000-7f7da5b12000 r-xp 00000000 08:07 13642163                   /usr/lib/jvm/java-7-openjdk-amd64/jre/lib/amd64/server/libjvm.so
7f7da5b12000-7f7da5d12000 ---p 00b60000 08:07 13642163                   /usr/lib/jvm/java-7-openjdk-amd64/jre/lib/amd64/server/libjvm.so
7f7da5d12000-7f7da5db1000 r--p 00b60000 08:07 13642163                   /usr/lib/jvm/java-7-openjdk-amd64/jre/lib/amd64/server/libjvm.so
7f7da5db1000-7f7da5dd4000 rw-p 00bff000 08:07 13642163                   /usr/lib/jvm/java-7-openjdk-amd64/jre/lib/amd64/server/libjvm.so
7f7da5dd4000-7f7da5e01000 rw-p 00000000 00:00 0 
7f7da5e01000-7f7da5e1a000 r-xp 00000000 08:07 16257026                   /lib/x86_64-linux-gnu/libz.so.1.2.8
7f7da5e1a000-7f7da601a000 ---p 00019000 08:07 16257026                   /lib/x86_64-linux-gnu/libz.so.1.2.8
7f7da601a000-7f7da601b000 r--p 00019000 08:07 16257026                   /lib/x86_64-linux-gnu/libz.so.1.2.8
7f7da601b000-7f7da601c000 rw-p 0001a000 08:07 16257026                   /lib/x86_64-linux-gnu/libz.so.1.2.8
7f7da601c000-7f7da6034000 r-xp 00000000 08:07 16253005                   /lib/x86_64-linux-gnu/libpthread-2.21.so
7f7da6034000-7f7da6234000 ---p 00018000 08:07 16253005                   /lib/x86_64-linux-gnu/libpthread-2.21.so
7f7da6234000-7f7da6235000 r--p 00018000 08:07 16253005                   /lib/x86_64-linux-gnu/libpthread-2.21.so
7f7da6235000-7f7da6236000 rw-p 00019000 08:07 16253005                   /lib/x86_64-linux-gnu/libpthread-2.21.so
7f7da6236000-7f7da623a000 rw-p 00000000 00:00 0 
7f7da623a000-7f7da623d000 r-xp 00000000 08:07 16253001                   /lib/x86_64-linux-gnu/libdl-2.21.so
7f7da623d000-7f7da643c000 ---p 00003000 08:07 16253001                   /lib/x86_64-linux-gnu/libdl-2.21.so
7f7da643c000-7f7da643d000 r--p 00002000 08:07 16253001                   /lib/x86_64-linux-gnu/libdl-2.21.so
7f7da643d000-7f7da643e000 rw-p 00003000 08:07 16253001                   /lib/x86_64-linux-gnu/libdl-2.21.so
7f7da643e000-7f7da65fe000 r-xp 00000000 08:07 16257010                   /lib/x86_64-linux-gnu/libc-2.21.so
7f7da65fe000-7f7da67fe000 ---p 001c0000 08:07 16257010                   /lib/x86_64-linux-gnu/libc-2.21.so
7f7da67fe000-7f7da6802000 r--p 001c0000 08:07 16257010                   /lib/x86_64-linux-gnu/libc-2.21.so
7f7da6802000-7f7da6804000 rw-p 001c4000 08:07 16257010                   /lib/x86_64-linux-gnu/libc-2.21.so
7f7da6804000-7f7da6808000 rw-p 00000000 00:00 0 
7f7da6808000-7f7da6815000 r-xp 00000000 08:07 13642172                   /usr/lib/jvm/java-7-openjdk-amd64/jre/lib/amd64/jli/libjli.so
7f7da6815000-7f7da6a14000 ---p 0000d000 08:07 13642172                   /usr/lib/jvm/java-7-openjdk-amd64/jre/lib/amd64/jli/libjli.so
7f7da6a14000-7f7da6a15000 r--p 0000c000 08:07 13642172                   /usr/lib/jvm/java-7-openjdk-amd64/jre/lib/amd64/jli/libjli.so
7f7da6a15000-7f7da6a16000 rw-p 0000d000 08:07 13642172                   /usr/lib/jvm/java-7-openjdk-amd64/jre/lib/amd64/jli/libjli.so
7f7da6a16000-7f7da6a3a000 r-xp 00000000 08:07 16253004                   /lib/x86_64-linux-gnu/ld-2.21.so
7f7da6a3a000-7f7da6a3b000 rw-p 00000000 00:00 0 
7f7da6a3b000-7f7da6a3c000 r--s 00005000 08:07 7081028                    /home/hit_alan/zhoufandi/somefilebetweenlinuxandwindows/target/csvio-1.0.2.jar
7f7da6a3c000-7f7da6a3d000 r--s 00008000 08:07 7081026                    /home/hit_alan/zhoufandi/somefilebetweenlinuxandwindows/target/commons-cli-1.1.jar
7f7da6a3d000-7f7da6a3f000 r--s 0001d000 08:07 7081025                    /home/hit_alan/zhoufandi/somefilebetweenlinuxandwindows/target/xmlcli-1.2.3.jar
7f7da6a3f000-7f7da6a41000 r--s 0000d000 08:07 7081029                    /home/hit_alan/zhoufandi/somefilebetweenlinuxandwindows/target/commons-logging-1.1.1.jar
7f7da6a41000-7f7da6a46000 r--s 00034000 08:07 7081024                    /home/hit_alan/zhoufandi/somefilebetweenlinuxandwindows/target/commons-beanutils-1.8.3.jar
7f7da6a46000-7f7da6a51000 r--s 000b4000 08:07 7081123                    /home/hit_alan/zhoufandi/somefilebetweenlinuxandwindows/target/stigmata-5.0-SNAPSHOT.jar
7f7da6a51000-7f7da6a55000 r--s 00034000 08:07 13642025                   /usr/lib/jvm/java-7-openjdk-amd64/jre/lib/ext/sunjce_provider.jar
7f7da6a55000-7f7da6a5f000 rw-p 00000000 00:00 0 
7f7da6a5f000-7f7da6b15000 rw-p 00000000 00:00 0 
7f7da6b15000-7f7da6b18000 ---p 00000000 00:00 0 
7f7da6b18000-7f7da6c1b000 rw-p 00000000 00:00 0 
7f7da6c1b000-7f7da6c1d000 r--s 0000b000 08:07 7081027                    /home/hit_alan/zhoufandi/somefilebetweenlinuxandwindows/target/commons-dbutils-1.4.jar
7f7da6c1d000-7f7da6c1e000 r--s 00002000 08:07 13642027                   /usr/lib/jvm/java-7-openjdk-amd64/jre/lib/ext/dnsns.jar
7f7da6c1e000-7f7da6c20000 r--s 00012000 08:07 13642022                   /usr/lib/jvm/java-7-openjdk-amd64/jre/lib/ext/zipfs.jar
7f7da6c20000-7f7da6c24000 r--s 0003c000 08:07 13642026                   /usr/lib/jvm/java-7-openjdk-amd64/jre/lib/ext/sunpkcs11.jar
7f7da6c24000-7f7da6c27000 r--s 0000f000 08:07 13642024                   /usr/lib/jvm/java-7-openjdk-amd64/jre/lib/ext/icedtea-sound.jar
7f7da6c27000-7f7da6c2b000 r--s 00085000 08:07 13642023                   /usr/lib/jvm/java-7-openjdk-amd64/jre/lib/ext/localedata.jar
7f7da6c2b000-7f7da6c2d000 r--s 00006000 08:07 14028198                   /usr/share/java/java-atk-wrapper.jar
7f7da6c2d000-7f7da6c35000 rw-s 00000000 08:07 4994148                    /tmp/hsperfdata_hit_alan/28850
7f7da6c35000-7f7da6c36000 rw-p 00000000 00:00 0 
7f7da6c36000-7f7da6c37000 ---p 00000000 00:00 0 
7f7da6c37000-7f7da6c39000 rw-p 00000000 00:00 0 
7f7da6c39000-7f7da6c3a000 r--p 00023000 08:07 16253004                   /lib/x86_64-linux-gnu/ld-2.21.so
7f7da6c3a000-7f7da6c3b000 rw-p 00024000 08:07 16253004                   /lib/x86_64-linux-gnu/ld-2.21.so
7f7da6c3b000-7f7da6c3c000 rw-p 00000000 00:00 0 
7fffb339f000-7fffb33c1000 rw-p 00000000 00:00 0                          [stack]
7fffb33d9000-7fffb33db000 r--p 00000000 00:00 0                          [vvar]
7fffb33db000-7fffb33dd000 r-xp 00000000 00:00 0                          [vdso]
ffffffffff600000-ffffffffff601000 r-xp 00000000 00:00 0                  [vsyscall]

VM Arguments:
java_command: stigmata-5.0-SNAPSHOT.jar -f xml -b cvfv compare ../dex2jar-2.0/5c5290153f55903727c2c87e0cd0d2825fc9eb8ad8a49d8ba719e0466c237825/channeldex2jar.jar ../dex2jar-2.0/5c5290153f55903727c2c87e0cd0d2825fc9eb8ad8a49d8ba719e0466c237825/clientdex2jar.jar
Launcher Type: SUN_STANDARD

Environment Variables:
JAVA_HOME=/usr/lib/jvm/java-7-openjdk-amd64
PATH=/home/hit_alan/.gvm/vertx/current/bin:/home/hit_alan/.gvm/springboot/current/bin:/home/hit_alan/.gvm/lazybones/current/bin:/home/hit_alan/.gvm/jbake/current/bin:/home/hit_alan/.gvm/groovyserv/current/bin:/home/hit_alan/.gvm/groovy/current/bin:/home/hit_alan/.gvm/griffon/current/bin:/home/hit_alan/.gvm/grails/current/bin:/home/hit_alan/.gvm/gradle/current/bin:/home/hit_alan/.gvm/glide/current/bin:/home/hit_alan/.gvm/gaiden/current/bin:/home/hit_alan/.gvm/crash/current/bin:/home/hit_alan/.gvm/asciidoctorj/current/bin:/home/hit_alan/bin:/usr/local/sbin:/usr/local/bin:/usr/sbin:/usr/bin:/sbin:/bin:/usr/games:/usr/local/games:/usr/gradle-2.4/bin:/usr/grails-3.0.2/bin:/home/hit_alan/softwares/adt-bundle-linux-x86_64-20140624/sdk/platform-tools:/home/hit_alan/softwares/adt-bundle-linux-x86_64-20140624/sdk/tools
SHELL=/bin/bash
DISPLAY=:0

Signal Handlers:
SIGSEGV: [libjvm.so+0x992590], sa_mask[0]=0x7ffbfeff, sa_flags=0x10000004
SIGBUS: [libjvm.so+0x992590], sa_mask[0]=0x7ffbfeff, sa_flags=0x10000004
SIGFPE: [libjvm.so+0x7fec60], sa_mask[0]=0x7ffbfeff, sa_flags=0x10000004
SIGPIPE: [libjvm.so+0x7fec60], sa_mask[0]=0x7ffbfeff, sa_flags=0x10000004
SIGXFSZ: [libjvm.so+0x7fec60], sa_mask[0]=0x7ffbfeff, sa_flags=0x10000004
SIGILL: [libjvm.so+0x7fec60], sa_mask[0]=0x7ffbfeff, sa_flags=0x10000004
SIGUSR1: SIG_DFL, sa_mask[0]=0x00000000, sa_flags=0x00000000
SIGUSR2: [libjvm.so+0x7feae0], sa_mask[0]=0x00000004, sa_flags=0x10000004
SIGHUP: [libjvm.so+0x7fece0], sa_mask[0]=0x7ffbfeff, sa_flags=0x10000004
SIGINT: [libjvm.so+0x7fece0], sa_mask[0]=0x7ffbfeff, sa_flags=0x10000004
SIGTERM: [libjvm.so+0x7fece0], sa_mask[0]=0x7ffbfeff, sa_flags=0x10000004
SIGQUIT: [libjvm.so+0x7fece0], sa_mask[0]=0x7ffbfeff, sa_flags=0x10000004
SIGTRAP: SIG_DFL, sa_mask[0]=0x00000000, sa_flags=0x00000000


---------------  S Y S T E M  ---------------

OS:Ubuntu 15.04 (vivid)
uname:Linux 3.19.0-66-generic #74-Ubuntu SMP Tue Jul 19 15:07:04 UTC 2016 x86_64
libc:glibc 2.21 NPTL 2.21 
rlimit: STACK 8192k, CORE 0k, NPROC 31638, NOFILE 65536, AS infinity
load average:35.78 27.99 13.24

/proc/meminfo:
MemTotal:        8121832 kB
MemFree:          170380 kB
MemAvailable:     140208 kB
Buffers:            3328 kB
Cached:           134268 kB
SwapCached:            0 kB
Active:          7593696 kB
Inactive:         106768 kB
Active(anon):    7572360 kB
Inactive(anon):    85048 kB
Active(file):      21336 kB
Inactive(file):    21720 kB
Unevictable:         192 kB
Mlocked:             192 kB
SwapTotal:             0 kB
SwapFree:              0 kB
Dirty:               232 kB
Writeback:           160 kB
AnonPages:       7563332 kB
Mapped:            89852 kB
Shmem:             94300 kB
Slab:             109696 kB
SReclaimable:      65532 kB
SUnreclaim:        44164 kB
KernelStack:       16064 kB
PageTables:        66504 kB
NFS_Unstable:          0 kB
Bounce:                0 kB
WritebackTmp:          0 kB
CommitLimit:     4060916 kB
Committed_AS:   12790324 kB
VmallocTotal:   34359738367 kB
VmallocUsed:      111952 kB
VmallocChunk:   34359561980 kB
HardwareCorrupted:     0 kB
AnonHugePages:   2961408 kB
CmaTotal:              0 kB
CmaFree:               0 kB
HugePages_Total:       0
HugePages_Free:        0
HugePages_Rsvd:        0
HugePages_Surp:        0
Hugepagesize:       2048 kB
DirectMap4k:      539924 kB
DirectMap2M:     7794688 kB
DirectMap1G:     1048576 kB


CPU:total 4 (4 cores per cpu, 1 threads per core) family 6 model 60 stepping 3, cmov, cx8, fxsr, mmx, sse, sse2, sse3, ssse3, sse4.1, sse4.2, popcnt, avx, avx2, aes, erms, tsc, tscinvbit

/proc/cpuinfo:
processor	: 0
vendor_id	: GenuineIntel
cpu family	: 6
model		: 60
model name	: Intel(R) Core(TM) i5-4590 CPU @ 3.30GHz
stepping	: 3
microcode	: 0x1d
cpu MHz		: 3499.933
cache size	: 6144 KB
physical id	: 0
siblings	: 4
core id		: 0
cpu cores	: 4
apicid		: 0
initial apicid	: 0
fpu		: yes
fpu_exception	: yes
cpuid level	: 13
wp		: yes
flags		: fpu vme de pse tsc msr pae mce cx8 apic sep mtrr pge mca cmov pat pse36 clflush dts acpi mmx fxsr sse sse2 ss ht tm pbe syscall nx pdpe1gb rdtscp lm constant_tsc arch_perfmon pebs bts rep_good nopl xtopology nonstop_tsc aperfmperf eagerfpu pni pclmulqdq dtes64 monitor ds_cpl vmx smx est tm2 ssse3 fma cx16 xtpr pdcm pcid sse4_1 sse4_2 x2apic movbe popcnt tsc_deadline_timer aes xsave avx f16c rdrand lahf_lm abm ida arat epb pln pts dtherm tpr_shadow vnmi flexpriority ept vpid fsgsbase tsc_adjust bmi1 avx2 smep bmi2 erms invpcid xsaveopt
bugs		:
bogomips	: 6584.50
clflush size	: 64
cache_alignment	: 64
address sizes	: 39 bits physical, 48 bits virtual
power management:

processor	: 1
vendor_id	: GenuineIntel
cpu family	: 6
model		: 60
model name	: Intel(R) Core(TM) i5-4590 CPU @ 3.30GHz
stepping	: 3
microcode	: 0x1d
cpu MHz		: 3499.933
cache size	: 6144 KB
physical id	: 0
siblings	: 4
core id		: 1
cpu cores	: 4
apicid		: 2
initial apicid	: 2
fpu		: yes
fpu_exception	: yes
cpuid level	: 13
wp		: yes
flags		: fpu vme de pse tsc msr pae mce cx8 apic sep mtrr pge mca cmov pat pse36 clflush dts acpi mmx fxsr sse sse2 ss ht tm pbe syscall nx pdpe1gb rdtscp lm constant_tsc arch_perfmon pebs bts rep_good nopl xtopology nonstop_tsc aperfmperf eagerfpu pni pclmulqdq dtes64 monitor ds_cpl vmx smx est tm2 ssse3 fma cx16 xtpr pdcm pcid sse4_1 sse4_2 x2apic movbe popcnt tsc_deadline_timer aes xsave avx f16c rdrand lahf_lm abm ida arat epb pln pts dtherm tpr_shadow vnmi flexpriority ept vpid fsgsbase tsc_adjust bmi1 avx2 smep bmi2 erms invpcid xsaveopt
bugs		:
bogomips	: 6584.50
clflush size	: 64
cache_alignment	: 64
address sizes	: 39 bits physical, 48 bits virtual
power management:

processor	: 2
vendor_id	: GenuineIntel
cpu family	: 6
model		: 60
model name	: Intel(R) Core(TM) i5-4590 CPU @ 3.30GHz
stepping	: 3
microcode	: 0x1d
cpu MHz		: 3499.933
cache size	: 6144 KB
physical id	: 0
siblings	: 4
core id		: 2
cpu cores	: 4
apicid		: 4
initial apicid	: 4
fpu		: yes
fpu_exception	: yes
cpuid level	: 13
wp		: yes
flags		: fpu vme de pse tsc msr pae mce cx8 apic sep mtrr pge mca cmov pat pse36 clflush dts acpi mmx fxsr sse sse2 ss ht tm pbe syscall nx pdpe1gb rdtscp lm constant_tsc arch_perfmon pebs bts rep_good nopl xtopology nonstop_tsc aperfmperf eagerfpu pni pclmulqdq dtes64 monitor ds_cpl vmx smx est tm2 ssse3 fma cx16 xtpr pdcm pcid sse4_1 sse4_2 x2apic movbe popcnt tsc_deadline_timer aes xsave avx f16c rdrand lahf_lm abm ida arat epb pln pts dtherm tpr_shadow vnmi flexpriority ept vpid fsgsbase tsc_adjust bmi1 avx2 smep bmi2 erms invpcid xsaveopt
bugs		:
bogomips	: 6584.50
clflush size	: 64
cache_alignment	: 64
address sizes	: 39 bits physical, 48 bits virtual
power management:

processor	: 3
vendor_id	: GenuineIntel
cpu family	: 6
model		: 60
model name	: Intel(R) Core(TM) i5-4590 CPU @ 3.30GHz
stepping	: 3
microcode	: 0x1d
cpu MHz		: 3499.933
cache size	: 6144 KB
physical id	: 0
siblings	: 4
core id		: 3
cpu cores	: 4
apicid		: 6
initial apicid	: 6
fpu		: yes
fpu_exception	: yes
cpuid level	: 13
wp		: yes
flags		: fpu vme de pse tsc msr pae mce cx8 apic sep mtrr pge mca cmov pat pse36 clflush dts acpi mmx fxsr sse sse2 ss ht tm pbe syscall nx pdpe1gb rdtscp lm constant_tsc arch_perfmon pebs bts rep_good nopl xtopology nonstop_tsc aperfmperf eagerfpu pni pclmulqdq dtes64 monitor ds_cpl vmx smx est tm2 ssse3 fma cx16 xtpr pdcm pcid sse4_1 sse4_2 x2apic movbe popcnt tsc_deadline_timer aes xsave avx f16c rdrand lahf_lm abm ida arat epb pln pts dtherm tpr_shadow vnmi flexpriority ept vpid fsgsbase tsc_adjust bmi1 avx2 smep bmi2 erms invpcid xsaveopt
bugs		:
bogomips	: 6584.50
clflush size	: 64
cache_alignment	: 64
address sizes	: 39 bits physical, 48 bits virtual
power management:



Memory: 4k page, physical 8121832k(170188k free), swap 0k(0k free)

vm_info: OpenJDK 64-Bit Server VM (24.95-b01) for linux-amd64 JRE (1.7.0_95-b00), built on Jan 21 2016 03:41:02 by "buildd" with gcc 4.9.2

time: Tue Sep  6 07:34:28 2016
elapsed time: 44 seconds

