#
# There is insufficient memory for the Java Runtime Environment to continue.
# Native memory allocation (malloc) failed to allocate 231735296 bytes for committing reserved memory.
# Possible reasons:
#   The system is out of physical RAM or swap space
#   In 32 bit mode, the process size limit was hit
# Possible solutions:
#   Reduce memory load on the system
#   Increase physical memory or swap space
#   Check if swap backing store is full
#   Use 64 bit Java on a 64 bit OS
#   Decrease Java heap size (-Xmx/-Xms)
#   Decrease number of Java threads
#   Decrease Java thread stack sizes (-Xss)
#   Set larger code cache with -XX:ReservedCodeCacheSize=
# This output file may be truncated or incomplete.
#
#  Out of Memory Error (os_linux.cpp:2827), pid=3202, tid=140451614869248
#
# JRE version: OpenJDK Runtime Environment (7.0_95) (build 1.7.0_95-b00)
# Java VM: OpenJDK 64-Bit Server VM (24.95-b01 mixed mode linux-amd64 compressed oops)
# Derivative: IcedTea 2.6.4
# Distribution: Ubuntu 15.04, package 7u95-2.6.4-0ubuntu0.15.04.1
# Failed to write core dump. Core dumps have been disabled. To enable core dumping, try "ulimit -c unlimited" before starting Java again
#

---------------  T H R E A D  ---------------

Current thread (0x00007fbd7813d000):  VMThread [stack: 0x00007fbd708cc000,0x00007fbd709cd000] [id=3208]

Stack: [0x00007fbd708cc000,0x00007fbd709cd000],  sp=0x00007fbd709cb4e0,  free space=1021k
Native frames: (J=compiled Java code, j=interpreted, Vv=VM code, C=native code)
V  [libjvm.so+0x991aa6]
V  [libjvm.so+0x4934c2]
V  [libjvm.so+0x80371b]
V  [libjvm.so+0x7fddfe]
V  [libjvm.so+0x871c0b]
V  [libjvm.so+0x872ac3]
V  [libjvm.so+0x8731db]
V  [libjvm.so+0x86eb41]
V  [libjvm.so+0x86f3b8]
V  [libjvm.so+0x826a73]
V  [libjvm.so+0x993372]
V  [libjvm.so+0x9977f7]
V  [libjvm.so+0x995f6b]
V  [libjvm.so+0x996616]
V  [libjvm.so+0x996ae1]
V  [libjvm.so+0x800642]

VM_Operation (0x00007fbd813de630): ParallelGCFailedAllocation, mode: safepoint, requested by thread 0x00007fbd7800a000


---------------  P R O C E S S  ---------------

Java Threads: ( => current thread )
  0x00007fbd78178000 JavaThread "Service Thread" daemon [_thread_blocked, id=3215, stack(0x00007fbd53dfe000,0x00007fbd53eff000)]
  0x00007fbd78175800 JavaThread "C2 CompilerThread1" daemon [_thread_blocked, id=3214, stack(0x00007fbd53eff000,0x00007fbd54000000)]
  0x00007fbd78172800 JavaThread "C2 CompilerThread0" daemon [_thread_blocked, id=3213, stack(0x00007fbd7005b000,0x00007fbd7015c000)]
  0x00007fbd78170000 JavaThread "Signal Dispatcher" daemon [_thread_blocked, id=3212, stack(0x00007fbd7015c000,0x00007fbd7025d000)]
  0x00007fbd78143800 JavaThread "Finalizer" daemon [_thread_blocked, id=3210, stack(0x00007fbd706ca000,0x00007fbd707cb000)]
  0x00007fbd78141000 JavaThread "Reference Handler" daemon [_thread_blocked, id=3209, stack(0x00007fbd707cb000,0x00007fbd708cc000)]
  0x00007fbd7800a000 JavaThread "main" [_thread_blocked, id=3203, stack(0x00007fbd812df000,0x00007fbd813e0000)]

Other Threads:
=>0x00007fbd7813d000 VMThread [stack: 0x00007fbd708cc000,0x00007fbd709cd000] [id=3208]
  0x00007fbd78182800 WatcherThread [stack: 0x00007fbd53cfd000,0x00007fbd53dfe000] [id=3216]

VM state:at safepoint (normal execution)

VM Mutex/Monitor currently owned by a thread:  ([mutex/lock_event])
[0x00007fbd78006430] Threads_lock - owner thread: 0x00007fbd7813d000
[0x00007fbd78006930] Heap_lock - owner thread: 0x00007fbd7800a000

Heap
 PSYoungGen      total 427008K, used 96K [0x00000007d6a80000, 0x00000007f2300000, 0x0000000800000000)
  eden space 403968K, 0% used [0x00000007d6a80000,0x00000007d6a80000,0x00000007ef500000)
  from space 23040K, 0% used [0x00000007ef500000,0x00000007ef518000,0x00000007f0b80000)
  to   space 22016K, 0% used [0x00000007f0b80000,0x00000007f0b80000,0x00000007f2100000)
 ParOldGen       total 84480K, used 42141K [0x0000000784000000, 0x0000000789280000, 0x00000007d6a80000)
  object space 84480K, 49% used [0x0000000784000000,0x0000000786927538,0x0000000789280000)
 PSPermGen       total 21504K, used 7655K [0x0000000779a00000, 0x000000077af00000, 0x0000000784000000)
  object space 21504K, 35% used [0x0000000779a00000,0x000000077a179f98,0x000000077af00000)

Card table byte_map: [0x00007fbd7da8d000,0x00007fbd7dec1000] byte_map_base: 0x00007fbd79ec0000

Polling page: 0x00007fbd81400000

Code Cache  [0x00007fbd75000000, 0x00007fbd75270000, 0x00007fbd78000000)
 total_blobs=616 nmethods=361 adapters=208 free_code_cache=47631Kb largest_free_block=48749440

Compilation events (10 events):
Event: 3.753 Thread 0x00007fbd78175800 nmethod 369 0x00007fbd7517d510 code [0x00007fbd7517d720, 0x00007fbd7517e538]
Event: 3.825 Thread 0x00007fbd78172800  371             com.github.stigmata.birthmarks.comparators.PlainBirthmarkComparator::compare (119 bytes)
Event: 3.838 Thread 0x00007fbd78172800 nmethod 371 0x00007fbd7517edd0 code [0x00007fbd7517f000, 0x00007fbd75180178]
Event: 17.527 Thread 0x00007fbd78175800  372             com.github.stigmata.birthmarks.comparators.PlainBirthmarkComparator::compare (119 bytes)
Event: 17.527 Thread 0x00007fbd78172800  373             com.github.stigmata.birthmarks.cvfv.TypeAndValueBirthmarkElement::equals (70 bytes)
Event: 17.554 Thread 0x00007fbd78172800 nmethod 373 0x00007fbd75180a10 code [0x00007fbd75180b80, 0x00007fbd75180dd8]
Event: 17.554 Thread 0x00007fbd78172800  374             java.lang.Integer::intValue (5 bytes)
Event: 17.554 Thread 0x00007fbd78172800 nmethod 374 0x00007fbd7517bbd0 code [0x00007fbd7517bd00, 0x00007fbd7517bd58]
Event: 17.559 Thread 0x00007fbd78175800 nmethod 372 0x00007fbd75180f50 code [0x00007fbd75181160, 0x00007fbd75181bd8]
Event: 24.650 Thread 0x00007fbd78172800  375             java.lang.Enum::ordinal (5 bytes)

GC Heap History (10 events):
Event: 2.594 GC heap after
Heap after GC invocations=6 (full 0):
 PSYoungGen      total 138752K, used 11747K [0x00000007d6a80000, 0x00000007e0380000, 0x0000000800000000)
  eden space 126976K, 0% used [0x00000007d6a80000,0x00000007d6a80000,0x00000007de680000)
  from space 11776K, 99% used [0x00000007df400000,0x00000007dff78de8,0x00000007dff80000)
  to   space 13824K, 0% used [0x00000007de680000,0x00000007de680000,0x00000007df400000)
 ParOldGen       total 84480K, used 16071K [0x0000000784000000, 0x0000000789280000, 0x00000007d6a80000)
  object space 84480K, 19% used [0x0000000784000000,0x0000000784fb1c58,0x0000000789280000)
 PSPermGen       total 21504K, used 7598K [0x0000000779a00000, 0x000000077af00000, 0x0000000784000000)
  object space 21504K, 35% used [0x0000000779a00000,0x000000077a16b9f0,0x000000077af00000)
}
Event: 3.023 GC heap before
{Heap before GC invocations=7 (full 0):
 PSYoungGen      total 138752K, used 138723K [0x00000007d6a80000, 0x00000007e0380000, 0x0000000800000000)
  eden space 126976K, 100% used [0x00000007d6a80000,0x00000007de680000,0x00000007de680000)
  from space 11776K, 99% used [0x00000007df400000,0x00000007dff78de8,0x00000007dff80000)
  to   space 13824K, 0% used [0x00000007de680000,0x00000007de680000,0x00000007df400000)
 ParOldGen       total 84480K, used 16071K [0x0000000784000000, 0x0000000789280000, 0x00000007d6a80000)
  object space 84480K, 19% used [0x0000000784000000,0x0000000784fb1c58,0x0000000789280000)
 PSPermGen       total 21504K, used 7602K [0x0000000779a00000, 0x000000077af00000, 0x0000000784000000)
  object space 21504K, 35% used [0x0000000779a00000,0x000000077a16cb20,0x000000077af00000)
Event: 3.066 GC heap after
Heap after GC invocations=7 (full 0):
 PSYoungGen      total 140800K, used 13810K [0x00000007d6a80000, 0x00000007e8c80000, 0x0000000800000000)
  eden space 126976K, 0% used [0x00000007d6a80000,0x00000007d6a80000,0x00000007de680000)
  from space 13824K, 99% used [0x00000007de680000,0x00000007df3fcad0,0x00000007df400000)
  to   space 21504K, 0% used [0x00000007e7780000,0x00000007e7780000,0x00000007e8c80000)
 ParOldGen       total 84480K, used 27218K [0x0000000784000000, 0x0000000789280000, 0x00000007d6a80000)
  object space 84480K, 32% used [0x0000000784000000,0x0000000785a949d8,0x0000000789280000)
 PSPermGen       total 21504K, used 7602K [0x0000000779a00000, 0x000000077af00000, 0x0000000784000000)
  object space 21504K, 35% used [0x0000000779a00000,0x000000077a16cb20,0x000000077af00000)
}
Event: 4.567 GC heap before
{Heap before GC invocations=8 (full 0):
 PSYoungGen      total 140800K, used 140786K [0x00000007d6a80000, 0x00000007e8c80000, 0x0000000800000000)
  eden space 126976K, 100% used [0x00000007d6a80000,0x00000007de680000,0x00000007de680000)
  from space 13824K, 99% used [0x00000007de680000,0x00000007df3fcad0,0x00000007df400000)
  to   space 21504K, 0% used [0x00000007e7780000,0x00000007e7780000,0x00000007e8c80000)
 ParOldGen       total 84480K, used 27218K [0x0000000784000000, 0x0000000789280000, 0x00000007d6a80000)
  object space 84480K, 32% used [0x0000000784000000,0x0000000785a949d8,0x0000000789280000)
 PSPermGen       total 21504K, used 7655K [0x0000000779a00000, 0x000000077af00000, 0x0000000784000000)
  object space 21504K, 35% used [0x0000000779a00000,0x000000077a179dc0,0x000000077af00000)
Event: 4.583 GC heap after
Heap after GC invocations=8 (full 0):
 PSYoungGen      total 274432K, used 16673K [0x00000007d6a80000, 0x00000007e8e80000, 0x0000000800000000)
  eden space 252928K, 0% used [0x00000007d6a80000,0x00000007d6a80000,0x00000007e6180000)
  from space 21504K, 77% used [0x00000007e7780000,0x00000007e87c8578,0x00000007e8c80000)
  to   space 22528K, 0% used [0x00000007e6180000,0x00000007e6180000,0x00000007e7780000)
 ParOldGen       total 84480K, used 28482K [0x0000000784000000, 0x0000000789280000, 0x00000007d6a80000)
  object space 84480K, 33% used [0x0000000784000000,0x0000000785bd0b18,0x0000000789280000)
 PSPermGen       total 21504K, used 7655K [0x0000000779a00000, 0x000000077af00000, 0x0000000784000000)
  object space 21504K, 35% used [0x0000000779a00000,0x000000077a179dc0,0x000000077af00000)
}
Event: 9.997 GC heap before
{Heap before GC invocations=9 (full 0):
 PSYoungGen      total 274432K, used 269601K [0x00000007d6a80000, 0x00000007e8e80000, 0x0000000800000000)
  eden space 252928K, 100% used [0x00000007d6a80000,0x00000007e6180000,0x00000007e6180000)
  from space 21504K, 77% used [0x00000007e7780000,0x00000007e87c8578,0x00000007e8c80000)
  to   space 22528K, 0% used [0x00000007e6180000,0x00000007e6180000,0x00000007e7780000)
 ParOldGen       total 84480K, used 28482K [0x0000000784000000, 0x0000000789280000, 0x00000007d6a80000)
  object space 84480K, 33% used [0x0000000784000000,0x0000000785bd0b18,0x0000000789280000)
 PSPermGen       total 21504K, used 7655K [0x0000000779a00000, 0x000000077af00000, 0x0000000784000000)
  object space 21504K, 35% used [0x0000000779a00000,0x000000077a179dc0,0x000000077af00000)
Event: 10.034 GC heap after
Heap after GC invocations=9 (full 0):
 PSYoungGen      total 275456K, used 8823K [0x00000007d6a80000, 0x00000007f2100000, 0x0000000800000000)
  eden space 252928K, 0% used [0x00000007d6a80000,0x00000007d6a80000,0x00000007e6180000)
  from space 22528K, 39% used [0x00000007e6180000,0x00000007e6a1de80,0x00000007e7780000)
  to   space 22016K, 0% used [0x00000007f0b80000,0x00000007f0b80000,0x00000007f2100000)
 ParOldGen       total 84480K, used 35378K [0x0000000784000000, 0x0000000789280000, 0x00000007d6a80000)
  object space 84480K, 41% used [0x0000000784000000,0x000000078628cab0,0x0000000789280000)
 PSPermGen       total 21504K, used 7655K [0x0000000779a00000, 0x000000077af00000, 0x0000000784000000)
  object space 21504K, 35% used [0x0000000779a00000,0x000000077a179dc0,0x000000077af00000)
}
Event: 15.277 GC heap before
{Heap before GC invocations=10 (full 0):
 PSYoungGen      total 275456K, used 261751K [0x00000007d6a80000, 0x00000007f2100000, 0x0000000800000000)
  eden space 252928K, 100% used [0x00000007d6a80000,0x00000007e6180000,0x00000007e6180000)
  from space 22528K, 39% used [0x00000007e6180000,0x00000007e6a1de80,0x00000007e7780000)
  to   space 22016K, 0% used [0x00000007f0b80000,0x00000007f0b80000,0x00000007f2100000)
 ParOldGen       total 84480K, used 35378K [0x0000000784000000, 0x0000000789280000, 0x00000007d6a80000)
  object space 84480K, 41% used [0x0000000784000000,0x000000078628cab0,0x0000000789280000)
 PSPermGen       total 21504K, used 7655K [0x0000000779a00000, 0x000000077af00000, 0x0000000784000000)
  object space 21504K, 35% used [0x0000000779a00000,0x000000077a179dc0,0x000000077af00000)
Event: 15.283 GC heap after
Heap after GC invocations=10 (full 0):
 PSYoungGen      total 425984K, used 64K [0x00000007d6a80000, 0x00000007f2300000, 0x0000000800000000)
  eden space 403968K, 0% used [0x00000007d6a80000,0x00000007d6a80000,0x00000007ef500000)
  from space 22016K, 0% used [0x00000007f0b80000,0x00000007f0b90000,0x00000007f2100000)
  to   space 23040K, 0% used [0x00000007ef500000,0x00000007ef500000,0x00000007f0b80000)
 ParOldGen       total 84480K, used 42117K [0x0000000784000000, 0x0000000789280000, 0x00000007d6a80000)
  object space 84480K, 49% used [0x0000000784000000,0x0000000786921538,0x0000000789280000)
 PSPermGen       total 21504K, used 7655K [0x0000000779a00000, 0x000000077af00000, 0x0000000784000000)
  object space 21504K, 35% used [0x0000000779a00000,0x000000077a179dc0,0x000000077af00000)
}
Event: 28.278 GC heap before
{Heap before GC invocations=11 (full 0):
 PSYoungGen      total 425984K, used 404032K [0x00000007d6a80000, 0x00000007f2300000, 0x0000000800000000)
  eden space 403968K, 100% used [0x00000007d6a80000,0x00000007ef500000,0x00000007ef500000)
  from space 22016K, 0% used [0x00000007f0b80000,0x00000007f0b90000,0x00000007f2100000)
  to   space 23040K, 0% used [0x00000007ef500000,0x00000007ef500000,0x00000007f0b80000)
 ParOldGen       total 84480K, used 42117K [0x0000000784000000, 0x0000000789280000, 0x00000007d6a80000)
  object space 84480K, 49% used [0x0000000784000000,0x0000000786921538,0x0000000789280000)
 PSPermGen       total 21504K, used 7655K [0x0000000779a00000, 0x000000077af00000, 0x0000000784000000)
  object space 21504K, 35% used [0x0000000779a00000,0x000000077a179f98,0x000000077af00000)

Deoptimization events (10 events):
Event: 4.584 Thread 0x00007fbd78143800 Uncommon trap: reason=bimorphic action=maybe_recompile pc=0x00007fbd75150a00 method=java.lang.System$2.invokeFinalize(Ljava/lang/Object;)V @ 1
Event: 4.584 Thread 0x00007fbd78143800 Uncommon trap: reason=unstable_if action=reinterpret pc=0x00007fbd75150a3c method=java.lang.ref.Finalizer.remove()V @ 10
Event: 4.584 Thread 0x00007fbd78143800 Uncommon trap: reason=unstable_if action=reinterpret pc=0x00007fbd7509e71c method=java.lang.ref.Finalizer.remove()V @ 10
Event: 10.034 Thread 0x00007fbd78143800 Uncommon trap: reason=bimorphic action=maybe_recompile pc=0x00007fbd750927b4 method=java.lang.System$2.invokeFinalize(Ljava/lang/Object;)V @ 1
Event: 10.034 Thread 0x00007fbd78143800 Uncommon trap: reason=bimorphic action=maybe_recompile pc=0x00007fbd750927b4 method=java.lang.System$2.invokeFinalize(Ljava/lang/Object;)V @ 1
Event: 10.034 Thread 0x00007fbd78143800 Uncommon trap: reason=bimorphic action=maybe_recompile pc=0x00007fbd750927b4 method=java.lang.System$2.invokeFinalize(Ljava/lang/Object;)V @ 1
Event: 17.408 Thread 0x00007fbd7800a000 Uncommon trap: reason=bimorphic action=maybe_recompile pc=0x00007fbd75180010 method=com.github.stigmata.birthmarks.cvfv.TypeAndValueBirthmarkElement.equals(Ljava/lang/Object;)Z @ 64
Event: 17.444 Thread 0x00007fbd7800a000 Uncommon trap: reason=bimorphic action=maybe_recompile pc=0x00007fbd75180010 method=com.github.stigmata.birthmarks.cvfv.TypeAndValueBirthmarkElement.equals(Ljava/lang/Object;)Z @ 64
Event: 17.444 Thread 0x00007fbd7800a000 Uncommon trap: reason=bimorphic action=maybe_recompile pc=0x00007fbd75180010 method=com.github.stigmata.birthmarks.cvfv.TypeAndValueBirthmarkElement.equals(Ljava/lang/Object;)Z @ 64
Event: 17.444 Thread 0x00007fbd7800a000 Uncommon trap: reason=bimorphic action=maybe_recompile pc=0x00007fbd75180010 method=com.github.stigmata.birthmarks.cvfv.TypeAndValueBirthmarkElement.equals(Ljava/lang/Object;)Z @ 64

Internal exceptions (10 events):
Event: 0.855 Thread 0x00007fbd7800a000 Threw 0x00000007d8421590 at /build/openjdk-7-3x2aMC/openjdk-7-7u95-2.6.4/build/openjdk/hotspot/src/share/vm/prims/jvm.cpp:1322
Event: 0.856 Thread 0x00007fbd7800a000 Threw 0x00000007d8425a18 at /build/openjdk-7-3x2aMC/openjdk-7-7u95-2.6.4/build/openjdk/hotspot/src/share/vm/prims/jvm.cpp:1322
Event: 0.859 Thread 0x00007fbd7800a000 Threw 0x00000007d8455440 at /build/openjdk-7-3x2aMC/openjdk-7-7u95-2.6.4/build/openjdk/hotspot/src/share/vm/prims/jvm.cpp:1322
Event: 2.490 Thread 0x00007fbd7800a000 Implicit null exception at 0x00007fbd75081d58 to 0x00007fbd75081d96
Event: 3.235 Thread 0x00007fbd7800a000 Threw 0x00000007d9418810 at /build/openjdk-7-3x2aMC/openjdk-7-7u95-2.6.4/build/openjdk/hotspot/src/share/vm/prims/jvm.cpp:1322
Event: 3.235 Thread 0x00007fbd7800a000 Threw 0x00000007d941e3d8 at /build/openjdk-7-3x2aMC/openjdk-7-7u95-2.6.4/build/openjdk/hotspot/src/share/vm/prims/jvm.cpp:1322
Event: 3.236 Thread 0x00007fbd7800a000 Threw 0x00000007d94336f8 at /build/openjdk-7-3x2aMC/openjdk-7-7u95-2.6.4/build/openjdk/hotspot/src/share/vm/prims/jvm.cpp:1322
Event: 3.240 Thread 0x00007fbd7800a000 Threw 0x00000007d94377f8 at /build/openjdk-7-3x2aMC/openjdk-7-7u95-2.6.4/build/openjdk/hotspot/src/share/vm/prims/jvm.cpp:1322
Event: 3.733 Thread 0x00007fbd7800a000 Implicit null exception at 0x00007fbd75166268 to 0x00007fbd751668b9
Event: 3.733 Thread 0x00007fbd7800a000 Implicit null exception at 0x00007fbd75152bcc to 0x00007fbd75152c8d

Events (10 events):
Event: 17.444 Thread 0x00007fbd7800a000 Uncommon trap: trap_request=0xffffffc6 fr.pc=0x00007fbd75180010
Event: 17.444 Thread 0x00007fbd7800a000 DEOPT PACKING pc=0x00007fbd75180010 sp=0x00007fbd813de730
Event: 17.444 Thread 0x00007fbd7800a000 DEOPT UNPACKING pc=0x00007fbd75039445 sp=0x00007fbd813de658 mode 2
Event: 17.444 Thread 0x00007fbd7800a000 Uncommon trap: trap_request=0xffffffc6 fr.pc=0x00007fbd75180010
Event: 17.444 Thread 0x00007fbd7800a000 DEOPT PACKING pc=0x00007fbd75180010 sp=0x00007fbd813de730
Event: 17.444 Thread 0x00007fbd7800a000 DEOPT UNPACKING pc=0x00007fbd75039445 sp=0x00007fbd813de658 mode 2
Event: 17.444 Thread 0x00007fbd7800a000 Uncommon trap: trap_request=0xffffffc6 fr.pc=0x00007fbd75180010
Event: 17.444 Thread 0x00007fbd7800a000 DEOPT PACKING pc=0x00007fbd75180010 sp=0x00007fbd813de730
Event: 17.444 Thread 0x00007fbd7800a000 DEOPT UNPACKING pc=0x00007fbd75039445 sp=0x00007fbd813de658 mode 2
Event: 28.250 Executing VM operation: ParallelGCFailedAllocation


Dynamic libraries:
00400000-00401000 r-xp 00000000 08:07 13641842                           /usr/lib/jvm/java-7-openjdk-amd64/jre/bin/java
00600000-00601000 r--p 00000000 08:07 13641842                           /usr/lib/jvm/java-7-openjdk-amd64/jre/bin/java
00601000-00602000 rw-p 00001000 08:07 13641842                           /usr/lib/jvm/java-7-openjdk-amd64/jre/bin/java
00813000-00834000 rw-p 00000000 00:00 0                                  [heap]
779a00000-77af00000 rw-p 00000000 00:00 0 
77af00000-784000000 rw-p 00000000 00:00 0 
784000000-789280000 rw-p 00000000 00:00 0 
789280000-7d6a80000 rw-p 00000000 00:00 0 
7d6a80000-7f2300000 rw-p 00000000 00:00 0 
7fbd28000000-7fbd2bffc000 rw-p 00000000 00:00 0 
7fbd2bffc000-7fbd2c000000 ---p 00000000 00:00 0 
7fbd2c000000-7fbd2df44000 rw-p 00000000 00:00 0 
7fbd2df44000-7fbd30000000 ---p 00000000 00:00 0 
7fbd30000000-7fbd33fff000 rw-p 00000000 00:00 0 
7fbd33fff000-7fbd34000000 ---p 00000000 00:00 0 
7fbd34000000-7fbd37ffd000 rw-p 00000000 00:00 0 
7fbd37ffd000-7fbd38000000 ---p 00000000 00:00 0 
7fbd38000000-7fbd38021000 rw-p 00000000 00:00 0 
7fbd38021000-7fbd3c000000 ---p 00000000 00:00 0 
7fbd3c000000-7fbd3fffc000 rw-p 00000000 00:00 0 
7fbd3fffc000-7fbd40000000 ---p 00000000 00:00 0 
7fbd40000000-7fbd40db6000 rw-p 00000000 00:00 0 
7fbd40db6000-7fbd44000000 ---p 00000000 00:00 0 
7fbd44000000-7fbd44021000 rw-p 00000000 00:00 0 
7fbd44021000-7fbd48000000 ---p 00000000 00:00 0 
7fbd48000000-7fbd49292000 rw-p 00000000 00:00 0 
7fbd49292000-7fbd4c000000 ---p 00000000 00:00 0 
7fbd4c000000-7fbd4c021000 rw-p 00000000 00:00 0 
7fbd4c021000-7fbd50000000 ---p 00000000 00:00 0 
7fbd52075000-7fbd520f6000 r--s 0048b000 08:07 5247347                    /home/hit_alan/zhoufandi/somefilebetweenlinuxandwindows/dex2jar-2.0/ea56bfa199e67ccb4f9a1a143956c37a1c7c5628aa4c217b193f561b036d2c4b/clientdex2jar.jar
7fbd520f6000-7fbd52156000 r--s 0041b000 08:07 5247341                    /home/hit_alan/zhoufandi/somefilebetweenlinuxandwindows/dex2jar-2.0/ea56bfa199e67ccb4f9a1a143956c37a1c7c5628aa4c217b193f561b036d2c4b/channeldex2jar.jar
7fbd52156000-7fbd521b6000 r--s 0041b000 08:07 5247341                    /home/hit_alan/zhoufandi/somefilebetweenlinuxandwindows/dex2jar-2.0/ea56bfa199e67ccb4f9a1a143956c37a1c7c5628aa4c217b193f561b036d2c4b/channeldex2jar.jar
7fbd52237000-7fbd52538000 rw-p 00000000 00:00 0 
7fbd52538000-7fbd525a4000 r-xp 00000000 08:07 16257056                   /lib/x86_64-linux-gnu/libpcre.so.3.13.1
7fbd525a4000-7fbd527a3000 ---p 0006c000 08:07 16257056                   /lib/x86_64-linux-gnu/libpcre.so.3.13.1
7fbd527a3000-7fbd527a4000 r--p 0006b000 08:07 16257056                   /lib/x86_64-linux-gnu/libpcre.so.3.13.1
7fbd527a4000-7fbd527a5000 rw-p 0006c000 08:07 16257056                   /lib/x86_64-linux-gnu/libpcre.so.3.13.1
7fbd527a5000-7fbd527ac000 r-xp 00000000 08:07 13631618                   /usr/lib/x86_64-linux-gnu/libffi.so.6.0.4
7fbd527ac000-7fbd529ab000 ---p 00007000 08:07 13631618                   /usr/lib/x86_64-linux-gnu/libffi.so.6.0.4
7fbd529ab000-7fbd529ac000 r--p 00006000 08:07 13631618                   /usr/lib/x86_64-linux-gnu/libffi.so.6.0.4
7fbd529ac000-7fbd529ad000 rw-p 00007000 08:07 13631618                   /usr/lib/x86_64-linux-gnu/libffi.so.6.0.4
7fbd529ad000-7fbd529c4000 r-xp 00000000 08:07 16253007                   /lib/x86_64-linux-gnu/libresolv-2.21.so
7fbd529c4000-7fbd52bc4000 ---p 00017000 08:07 16253007                   /lib/x86_64-linux-gnu/libresolv-2.21.so
7fbd52bc4000-7fbd52bc6000 r--p 00017000 08:07 16253007                   /lib/x86_64-linux-gnu/libresolv-2.21.so
7fbd52bc6000-7fbd52bc7000 rw-p 00019000 08:07 16253007                   /lib/x86_64-linux-gnu/libresolv-2.21.so
7fbd52bc7000-7fbd52bc9000 rw-p 00000000 00:00 0 
7fbd52bc9000-7fbd52bea000 r-xp 00000000 08:07 16257131                   /lib/x86_64-linux-gnu/libselinux.so.1
7fbd52bea000-7fbd52de9000 ---p 00021000 08:07 16257131                   /lib/x86_64-linux-gnu/libselinux.so.1
7fbd52de9000-7fbd52dea000 r--p 00020000 08:07 16257131                   /lib/x86_64-linux-gnu/libselinux.so.1
7fbd52dea000-7fbd52deb000 rw-p 00021000 08:07 16257131                   /lib/x86_64-linux-gnu/libselinux.so.1
7fbd52deb000-7fbd52ded000 rw-p 00000000 00:00 0 
7fbd52ded000-7fbd52df0000 r-xp 00000000 08:07 13631893                   /usr/lib/x86_64-linux-gnu/libgmodule-2.0.so.0.4400.1
7fbd52df0000-7fbd52fef000 ---p 00003000 08:07 13631893                   /usr/lib/x86_64-linux-gnu/libgmodule-2.0.so.0.4400.1
7fbd52fef000-7fbd52ff0000 r--p 00002000 08:07 13631893                   /usr/lib/x86_64-linux-gnu/libgmodule-2.0.so.0.4400.1
7fbd52ff0000-7fbd52ff1000 rw-p 00003000 08:07 13631893                   /usr/lib/x86_64-linux-gnu/libgmodule-2.0.so.0.4400.1
7fbd52ff1000-7fbd530fe000 r-xp 00000000 08:07 16257102                   /lib/x86_64-linux-gnu/libglib-2.0.so.0.4400.1
7fbd530fe000-7fbd532fd000 ---p 0010d000 08:07 16257102                   /lib/x86_64-linux-gnu/libglib-2.0.so.0.4400.1
7fbd532fd000-7fbd532fe000 r--p 0010c000 08:07 16257102                   /lib/x86_64-linux-gnu/libglib-2.0.so.0.4400.1
7fbd532fe000-7fbd532ff000 rw-p 0010d000 08:07 16257102                   /lib/x86_64-linux-gnu/libglib-2.0.so.0.4400.1
7fbd532ff000-7fbd53300000 rw-p 00000000 00:00 0 
7fbd53300000-7fbd53350000 r-xp 00000000 08:07 13631853                   /usr/lib/x86_64-linux-gnu/libgobject-2.0.so.0.4400.1
7fbd53350000-7fbd53550000 ---p 00050000 08:07 13631853                   /usr/lib/x86_64-linux-gnu/libgobject-2.0.so.0.4400.1
7fbd53550000-7fbd53551000 r--p 00050000 08:07 13631853                   /usr/lib/x86_64-linux-gnu/libgobject-2.0.so.0.4400.1
7fbd53551000-7fbd53552000 rw-p 00051000 08:07 13631853                   /usr/lib/x86_64-linux-gnu/libgobject-2.0.so.0.4400.1
7fbd53552000-7fbd536ca000 r-xp 00000000 08:07 13631875                   /usr/lib/x86_64-linux-gnu/libgio-2.0.so.0.4400.1
7fbd536ca000-7fbd538ca000 ---p 00178000 08:07 13631875                   /usr/lib/x86_64-linux-gnu/libgio-2.0.so.0.4400.1
7fbd538ca000-7fbd538ce000 r--p 00178000 08:07 13631875                   /usr/lib/x86_64-linux-gnu/libgio-2.0.so.0.4400.1
7fbd538ce000-7fbd538d0000 rw-p 0017c000 08:07 13631875                   /usr/lib/x86_64-linux-gnu/libgio-2.0.so.0.4400.1
7fbd538d0000-7fbd538d2000 rw-p 00000000 00:00 0 
7fbd538d2000-7fbd538ea000 r-xp 00000000 08:07 13642175                   /usr/lib/jvm/java-7-openjdk-amd64/jre/lib/amd64/libnet.so
7fbd538ea000-7fbd53ae9000 ---p 00018000 08:07 13642175                   /usr/lib/jvm/java-7-openjdk-amd64/jre/lib/amd64/libnet.so
7fbd53ae9000-7fbd53aea000 r--p 00017000 08:07 13642175                   /usr/lib/jvm/java-7-openjdk-amd64/jre/lib/amd64/libnet.so
7fbd53aea000-7fbd53aeb000 rw-p 00018000 08:07 13642175                   /usr/lib/jvm/java-7-openjdk-amd64/jre/lib/amd64/libnet.so
7fbd53aeb000-7fbd53afc000 r-xp 00000000 08:07 13642136                   /usr/lib/jvm/java-7-openjdk-amd64/jre/lib/amd64/libnio.so
7fbd53afc000-7fbd53cfb000 ---p 00011000 08:07 13642136                   /usr/lib/jvm/java-7-openjdk-amd64/jre/lib/amd64/libnio.so
7fbd53cfb000-7fbd53cfc000 r--p 00010000 08:07 13642136                   /usr/lib/jvm/java-7-openjdk-amd64/jre/lib/amd64/libnio.so
7fbd53cfc000-7fbd53cfd000 rw-p 00011000 08:07 13642136                   /usr/lib/jvm/java-7-openjdk-amd64/jre/lib/amd64/libnio.so
7fbd53cfd000-7fbd53cfe000 ---p 00000000 00:00 0 
7fbd53cfe000-7fbd53dfe000 rw-p 00000000 00:00 0 
7fbd53dfe000-7fbd53e01000 ---p 00000000 00:00 0 
7fbd53e01000-7fbd53eff000 rw-p 00000000 00:00 0 
7fbd53eff000-7fbd53f02000 ---p 00000000 00:00 0 
7fbd53f02000-7fbd54000000 rw-p 00000000 00:00 0 
7fbd54000000-7fbd54021000 rw-p 00000000 00:00 0 
7fbd54021000-7fbd58000000 ---p 00000000 00:00 0 
7fbd58000000-7fbd58021000 rw-p 00000000 00:00 0 
7fbd58021000-7fbd5c000000 ---p 00000000 00:00 0 
7fbd5c000000-7fbd5c021000 rw-p 00000000 00:00 0 
7fbd5c021000-7fbd60000000 ---p 00000000 00:00 0 
7fbd60000000-7fbd60021000 rw-p 00000000 00:00 0 
7fbd60021000-7fbd64000000 ---p 00000000 00:00 0 
7fbd64000000-7fbd64021000 rw-p 00000000 00:00 0 
7fbd64021000-7fbd68000000 ---p 00000000 00:00 0 
7fbd68000000-7fbd68021000 rw-p 00000000 00:00 0 
7fbd68021000-7fbd6c000000 ---p 00000000 00:00 0 
7fbd6c000000-7fbd6c021000 rw-p 00000000 00:00 0 
7fbd6c021000-7fbd70000000 ---p 00000000 00:00 0 
7fbd7005b000-7fbd7005e000 ---p 00000000 00:00 0 
7fbd7005e000-7fbd7015c000 rw-p 00000000 00:00 0 
7fbd7015c000-7fbd7015f000 ---p 00000000 00:00 0 
7fbd7015f000-7fbd7025d000 rw-p 00000000 00:00 0 
7fbd7025d000-7fbd706ca000 r--p 00000000 08:07 13634881                   /usr/lib/locale/locale-archive
7fbd706ca000-7fbd706cd000 ---p 00000000 00:00 0 
7fbd706cd000-7fbd707cb000 rw-p 00000000 00:00 0 
7fbd707cb000-7fbd707ce000 ---p 00000000 00:00 0 
7fbd707ce000-7fbd708cc000 rw-p 00000000 00:00 0 
7fbd708cc000-7fbd708cd000 ---p 00000000 00:00 0 
7fbd708cd000-7fbd75000000 rw-p 00000000 00:00 0 
7fbd75000000-7fbd75270000 rwxp 00000000 00:00 0 
7fbd75270000-7fbd7bffe000 rw-p 00000000 00:00 0 
7fbd7bffe000-7fbd7c000000 ---p 00000000 00:00 0 
7fbd7c041000-7fbd7c048000 r--s 00000000 08:07 13902402                   /usr/lib/x86_64-linux-gnu/gconv/gconv-modules.cache
7fbd7c048000-7fbd7c05c000 r--p 00000000 08:07 14421516                   /usr/share/locale-langpack/zh_CN/LC_MESSAGES/libc.mo
7fbd7c05c000-7fbd7c066000 r--s 000ae000 08:07 13642193                   /usr/lib/jvm/java-7-openjdk-amd64/jre/lib/resources.jar
7fbd7c066000-7fbd7c06b000 r--s 00036000 08:07 7081023                    /home/hit_alan/zhoufandi/somefilebetweenlinuxandwindows/target/asm-all-5.0.3.jar
7fbd7c06b000-7fbd7ccc0000 rw-p 00000000 00:00 0 
7fbd7ccc0000-7fbd7ce72000 r--s 01d2f000 08:07 13642124                   /usr/lib/jvm/java-7-openjdk-amd64/jre/lib/rt.jar
7fbd7ce72000-7fbd7d3a0000 rw-p 00000000 00:00 0 
7fbd7d3a0000-7fbd7d3a1000 ---p 00000000 00:00 0 
7fbd7d3a1000-7fbd7d4a1000 rw-p 00000000 00:00 0 
7fbd7d4a1000-7fbd7d4a2000 ---p 00000000 00:00 0 
7fbd7d4a2000-7fbd7d5a2000 rw-p 00000000 00:00 0 
7fbd7d5a2000-7fbd7d5a3000 ---p 00000000 00:00 0 
7fbd7d5a3000-7fbd7d6a3000 rw-p 00000000 00:00 0 
7fbd7d6a3000-7fbd7d6a4000 ---p 00000000 00:00 0 
7fbd7d6a4000-7fbd7d7af000 rw-p 00000000 00:00 0 
7fbd7d7af000-7fbd7d7f7000 rw-p 00000000 00:00 0 
7fbd7d7f7000-7fbd7d821000 rw-p 00000000 00:00 0 
7fbd7d821000-7fbd7da8d000 rw-p 00000000 00:00 0 
7fbd7da8d000-7fbd7da98000 rw-p 00000000 00:00 0 
7fbd7da98000-7fbd7dae0000 rw-p 00000000 00:00 0 
7fbd7dae0000-7fbd7db0a000 rw-p 00000000 00:00 0 
7fbd7db0a000-7fbd7dd75000 rw-p 00000000 00:00 0 
7fbd7dd75000-7fbd7de52000 rw-p 00000000 00:00 0 
7fbd7de52000-7fbd7dec0000 rw-p 00000000 00:00 0 
7fbd7dec0000-7fbd7dec1000 rw-p 00000000 00:00 0 
7fbd7dec1000-7fbd7dec9000 r-xp 00000000 08:07 13642144                   /usr/lib/jvm/java-7-openjdk-amd64/jre/lib/amd64/libzip.so
7fbd7dec9000-7fbd7e0c8000 ---p 00008000 08:07 13642144                   /usr/lib/jvm/java-7-openjdk-amd64/jre/lib/amd64/libzip.so
7fbd7e0c8000-7fbd7e0c9000 r--p 00007000 08:07 13642144                   /usr/lib/jvm/java-7-openjdk-amd64/jre/lib/amd64/libzip.so
7fbd7e0c9000-7fbd7e0ca000 rw-p 00008000 08:07 13642144                   /usr/lib/jvm/java-7-openjdk-amd64/jre/lib/amd64/libzip.so
7fbd7e0ca000-7fbd7e0d6000 r-xp 00000000 08:07 16253008                   /lib/x86_64-linux-gnu/libnss_files-2.21.so
7fbd7e0d6000-7fbd7e2d5000 ---p 0000c000 08:07 16253008                   /lib/x86_64-linux-gnu/libnss_files-2.21.so
7fbd7e2d5000-7fbd7e2d6000 r--p 0000b000 08:07 16253008                   /lib/x86_64-linux-gnu/libnss_files-2.21.so
7fbd7e2d6000-7fbd7e2d7000 rw-p 0000c000 08:07 16253008                   /lib/x86_64-linux-gnu/libnss_files-2.21.so
7fbd7e2d7000-7fbd7e2e2000 r-xp 00000000 08:07 16252996                   /lib/x86_64-linux-gnu/libnss_nis-2.21.so
7fbd7e2e2000-7fbd7e4e1000 ---p 0000b000 08:07 16252996                   /lib/x86_64-linux-gnu/libnss_nis-2.21.so
7fbd7e4e1000-7fbd7e4e2000 r--p 0000a000 08:07 16252996                   /lib/x86_64-linux-gnu/libnss_nis-2.21.so
7fbd7e4e2000-7fbd7e4e3000 rw-p 0000b000 08:07 16252996                   /lib/x86_64-linux-gnu/libnss_nis-2.21.so
7fbd7e4e3000-7fbd7e4fa000 r-xp 00000000 08:07 16257004                   /lib/x86_64-linux-gnu/libnsl-2.21.so
7fbd7e4fa000-7fbd7e6f9000 ---p 00017000 08:07 16257004                   /lib/x86_64-linux-gnu/libnsl-2.21.so
7fbd7e6f9000-7fbd7e6fa000 r--p 00016000 08:07 16257004                   /lib/x86_64-linux-gnu/libnsl-2.21.so
7fbd7e6fa000-7fbd7e6fb000 rw-p 00017000 08:07 16257004                   /lib/x86_64-linux-gnu/libnsl-2.21.so
7fbd7e6fb000-7fbd7e6fd000 rw-p 00000000 00:00 0 
7fbd7e6fd000-7fbd7e705000 r-xp 00000000 08:07 16253010                   /lib/x86_64-linux-gnu/libnss_compat-2.21.so
7fbd7e705000-7fbd7e904000 ---p 00008000 08:07 16253010                   /lib/x86_64-linux-gnu/libnss_compat-2.21.so
7fbd7e904000-7fbd7e905000 r--p 00007000 08:07 16253010                   /lib/x86_64-linux-gnu/libnss_compat-2.21.so
7fbd7e905000-7fbd7e906000 rw-p 00008000 08:07 16253010                   /lib/x86_64-linux-gnu/libnss_compat-2.21.so
7fbd7e906000-7fbd7e933000 r-xp 00000000 08:07 13642157                   /usr/lib/jvm/java-7-openjdk-amd64/jre/lib/amd64/libjava.so
7fbd7e933000-7fbd7eb32000 ---p 0002d000 08:07 13642157                   /usr/lib/jvm/java-7-openjdk-amd64/jre/lib/amd64/libjava.so
7fbd7eb32000-7fbd7eb33000 r--p 0002c000 08:07 13642157                   /usr/lib/jvm/java-7-openjdk-amd64/jre/lib/amd64/libjava.so
7fbd7eb33000-7fbd7eb35000 rw-p 0002d000 08:07 13642157                   /usr/lib/jvm/java-7-openjdk-amd64/jre/lib/amd64/libjava.so
7fbd7eb35000-7fbd7eb44000 r-xp 00000000 08:07 13642171                   /usr/lib/jvm/java-7-openjdk-amd64/jre/lib/amd64/libverify.so
7fbd7eb44000-7fbd7ed43000 ---p 0000f000 08:07 13642171                   /usr/lib/jvm/java-7-openjdk-amd64/jre/lib/amd64/libverify.so
7fbd7ed43000-7fbd7ed46000 r--p 0000e000 08:07 13642171                   /usr/lib/jvm/java-7-openjdk-amd64/jre/lib/amd64/libverify.so
7fbd7ed46000-7fbd7ed47000 rw-p 00011000 08:07 13642171                   /usr/lib/jvm/java-7-openjdk-amd64/jre/lib/amd64/libverify.so
7fbd7ed47000-7fbd7ed4e000 r-xp 00000000 08:07 16257005                   /lib/x86_64-linux-gnu/librt-2.21.so
7fbd7ed4e000-7fbd7ef4d000 ---p 00007000 08:07 16257005                   /lib/x86_64-linux-gnu/librt-2.21.so
7fbd7ef4d000-7fbd7ef4e000 r--p 00006000 08:07 16257005                   /lib/x86_64-linux-gnu/librt-2.21.so
7fbd7ef4e000-7fbd7ef4f000 rw-p 00007000 08:07 16257005                   /lib/x86_64-linux-gnu/librt-2.21.so
7fbd7ef4f000-7fbd7ef65000 r-xp 00000000 08:07 16257047                   /lib/x86_64-linux-gnu/libgcc_s.so.1
7fbd7ef65000-7fbd7f164000 ---p 00016000 08:07 16257047                   /lib/x86_64-linux-gnu/libgcc_s.so.1
7fbd7f164000-7fbd7f165000 rw-p 00015000 08:07 16257047                   /lib/x86_64-linux-gnu/libgcc_s.so.1
7fbd7f165000-7fbd7f26c000 r-xp 00000000 08:07 16257003                   /lib/x86_64-linux-gnu/libm-2.21.so
7fbd7f26c000-7fbd7f46b000 ---p 00107000 08:07 16257003                   /lib/x86_64-linux-gnu/libm-2.21.so
7fbd7f46b000-7fbd7f46c000 r--p 00106000 08:07 16257003                   /lib/x86_64-linux-gnu/libm-2.21.so
7fbd7f46c000-7fbd7f46d000 rw-p 00107000 08:07 16257003                   /lib/x86_64-linux-gnu/libm-2.21.so
7fbd7f46d000-7fbd7f55d000 r-xp 00000000 08:07 13631543                   /usr/lib/x86_64-linux-gnu/libstdc++.so.6.0.20
7fbd7f55d000-7fbd7f75d000 ---p 000f0000 08:07 13631543                   /usr/lib/x86_64-linux-gnu/libstdc++.so.6.0.20
7fbd7f75d000-7fbd7f765000 r--p 000f0000 08:07 13631543                   /usr/lib/x86_64-linux-gnu/libstdc++.so.6.0.20
7fbd7f765000-7fbd7f767000 rw-p 000f8000 08:07 13631543                   /usr/lib/x86_64-linux-gnu/libstdc++.so.6.0.20
7fbd7f767000-7fbd7f77c000 rw-p 00000000 00:00 0 
7fbd7f77c000-7fbd802dc000 r-xp 00000000 08:07 13642163                   /usr/lib/jvm/java-7-openjdk-amd64/jre/lib/amd64/server/libjvm.so
7fbd802dc000-7fbd804dc000 ---p 00b60000 08:07 13642163                   /usr/lib/jvm/java-7-openjdk-amd64/jre/lib/amd64/server/libjvm.so
7fbd804dc000-7fbd8057b000 r--p 00b60000 08:07 13642163                   /usr/lib/jvm/java-7-openjdk-amd64/jre/lib/amd64/server/libjvm.so
7fbd8057b000-7fbd8059e000 rw-p 00bff000 08:07 13642163                   /usr/lib/jvm/java-7-openjdk-amd64/jre/lib/amd64/server/libjvm.so
7fbd8059e000-7fbd805cb000 rw-p 00000000 00:00 0 
7fbd805cb000-7fbd805e4000 r-xp 00000000 08:07 16257026                   /lib/x86_64-linux-gnu/libz.so.1.2.8
7fbd805e4000-7fbd807e4000 ---p 00019000 08:07 16257026                   /lib/x86_64-linux-gnu/libz.so.1.2.8
7fbd807e4000-7fbd807e5000 r--p 00019000 08:07 16257026                   /lib/x86_64-linux-gnu/libz.so.1.2.8
7fbd807e5000-7fbd807e6000 rw-p 0001a000 08:07 16257026                   /lib/x86_64-linux-gnu/libz.so.1.2.8
7fbd807e6000-7fbd807fe000 r-xp 00000000 08:07 16253005                   /lib/x86_64-linux-gnu/libpthread-2.21.so
7fbd807fe000-7fbd809fe000 ---p 00018000 08:07 16253005                   /lib/x86_64-linux-gnu/libpthread-2.21.so
7fbd809fe000-7fbd809ff000 r--p 00018000 08:07 16253005                   /lib/x86_64-linux-gnu/libpthread-2.21.so
7fbd809ff000-7fbd80a00000 rw-p 00019000 08:07 16253005                   /lib/x86_64-linux-gnu/libpthread-2.21.so
7fbd80a00000-7fbd80a04000 rw-p 00000000 00:00 0 
7fbd80a04000-7fbd80a07000 r-xp 00000000 08:07 16253001                   /lib/x86_64-linux-gnu/libdl-2.21.so
7fbd80a07000-7fbd80c06000 ---p 00003000 08:07 16253001                   /lib/x86_64-linux-gnu/libdl-2.21.so
7fbd80c06000-7fbd80c07000 r--p 00002000 08:07 16253001                   /lib/x86_64-linux-gnu/libdl-2.21.so
7fbd80c07000-7fbd80c08000 rw-p 00003000 08:07 16253001                   /lib/x86_64-linux-gnu/libdl-2.21.so
7fbd80c08000-7fbd80dc8000 r-xp 00000000 08:07 16257010                   /lib/x86_64-linux-gnu/libc-2.21.so
7fbd80dc8000-7fbd80fc8000 ---p 001c0000 08:07 16257010                   /lib/x86_64-linux-gnu/libc-2.21.so
7fbd80fc8000-7fbd80fcc000 r--p 001c0000 08:07 16257010                   /lib/x86_64-linux-gnu/libc-2.21.so
7fbd80fcc000-7fbd80fce000 rw-p 001c4000 08:07 16257010                   /lib/x86_64-linux-gnu/libc-2.21.so
7fbd80fce000-7fbd80fd2000 rw-p 00000000 00:00 0 
7fbd80fd2000-7fbd80fdf000 r-xp 00000000 08:07 13642172                   /usr/lib/jvm/java-7-openjdk-amd64/jre/lib/amd64/jli/libjli.so
7fbd80fdf000-7fbd811de000 ---p 0000d000 08:07 13642172                   /usr/lib/jvm/java-7-openjdk-amd64/jre/lib/amd64/jli/libjli.so
7fbd811de000-7fbd811df000 r--p 0000c000 08:07 13642172                   /usr/lib/jvm/java-7-openjdk-amd64/jre/lib/amd64/jli/libjli.so
7fbd811df000-7fbd811e0000 rw-p 0000d000 08:07 13642172                   /usr/lib/jvm/java-7-openjdk-amd64/jre/lib/amd64/jli/libjli.so
7fbd811e0000-7fbd81204000 r-xp 00000000 08:07 16253004                   /lib/x86_64-linux-gnu/ld-2.21.so
7fbd81204000-7fbd81205000 rw-p 00000000 00:00 0 
7fbd81205000-7fbd81206000 r--s 00005000 08:07 7081028                    /home/hit_alan/zhoufandi/somefilebetweenlinuxandwindows/target/csvio-1.0.2.jar
7fbd81206000-7fbd81207000 r--s 00008000 08:07 7081026                    /home/hit_alan/zhoufandi/somefilebetweenlinuxandwindows/target/commons-cli-1.1.jar
7fbd81207000-7fbd81209000 r--s 0001d000 08:07 7081025                    /home/hit_alan/zhoufandi/somefilebetweenlinuxandwindows/target/xmlcli-1.2.3.jar
7fbd81209000-7fbd8120b000 r--s 0000d000 08:07 7081029                    /home/hit_alan/zhoufandi/somefilebetweenlinuxandwindows/target/commons-logging-1.1.1.jar
7fbd8120b000-7fbd81210000 r--s 00034000 08:07 7081024                    /home/hit_alan/zhoufandi/somefilebetweenlinuxandwindows/target/commons-beanutils-1.8.3.jar
7fbd81210000-7fbd8121b000 r--s 000b4000 08:07 7081123                    /home/hit_alan/zhoufandi/somefilebetweenlinuxandwindows/target/stigmata-5.0-SNAPSHOT.jar
7fbd8121b000-7fbd8121f000 r--s 00034000 08:07 13642025                   /usr/lib/jvm/java-7-openjdk-amd64/jre/lib/ext/sunjce_provider.jar
7fbd8121f000-7fbd81229000 rw-p 00000000 00:00 0 
7fbd81229000-7fbd812df000 rw-p 00000000 00:00 0 
7fbd812df000-7fbd812e2000 ---p 00000000 00:00 0 
7fbd812e2000-7fbd813e5000 rw-p 00000000 00:00 0 
7fbd813e5000-7fbd813e7000 r--s 0000b000 08:07 7081027                    /home/hit_alan/zhoufandi/somefilebetweenlinuxandwindows/target/commons-dbutils-1.4.jar
7fbd813e7000-7fbd813e8000 r--s 00002000 08:07 13642027                   /usr/lib/jvm/java-7-openjdk-amd64/jre/lib/ext/dnsns.jar
7fbd813e8000-7fbd813ea000 r--s 00012000 08:07 13642022                   /usr/lib/jvm/java-7-openjdk-amd64/jre/lib/ext/zipfs.jar
7fbd813ea000-7fbd813ee000 r--s 0003c000 08:07 13642026                   /usr/lib/jvm/java-7-openjdk-amd64/jre/lib/ext/sunpkcs11.jar
7fbd813ee000-7fbd813f1000 r--s 0000f000 08:07 13642024                   /usr/lib/jvm/java-7-openjdk-amd64/jre/lib/ext/icedtea-sound.jar
7fbd813f1000-7fbd813f5000 r--s 00085000 08:07 13642023                   /usr/lib/jvm/java-7-openjdk-amd64/jre/lib/ext/localedata.jar
7fbd813f5000-7fbd813f7000 r--s 00006000 08:07 14028198                   /usr/share/java/java-atk-wrapper.jar
7fbd813f7000-7fbd813ff000 rw-s 00000000 08:07 5247335                    /tmp/hsperfdata_hit_alan/3202
7fbd813ff000-7fbd81400000 rw-p 00000000 00:00 0 
7fbd81400000-7fbd81401000 ---p 00000000 00:00 0 
7fbd81401000-7fbd81403000 rw-p 00000000 00:00 0 
7fbd81403000-7fbd81404000 r--p 00023000 08:07 16253004                   /lib/x86_64-linux-gnu/ld-2.21.so
7fbd81404000-7fbd81405000 rw-p 00024000 08:07 16253004                   /lib/x86_64-linux-gnu/ld-2.21.so
7fbd81405000-7fbd81406000 rw-p 00000000 00:00 0 
7fff285e2000-7fff28604000 rw-p 00000000 00:00 0                          [stack]
7fff28687000-7fff28689000 r--p 00000000 00:00 0                          [vvar]
7fff28689000-7fff2868b000 r-xp 00000000 00:00 0                          [vdso]
ffffffffff600000-ffffffffff601000 r-xp 00000000 00:00 0                  [vsyscall]

VM Arguments:
java_command: stigmata-5.0-SNAPSHOT.jar -f xml -b cvfv compare ../dex2jar-2.0/ea56bfa199e67ccb4f9a1a143956c37a1c7c5628aa4c217b193f561b036d2c4b/channeldex2jar.jar ../dex2jar-2.0/ea56bfa199e67ccb4f9a1a143956c37a1c7c5628aa4c217b193f561b036d2c4b/clientdex2jar.jar
Launcher Type: SUN_STANDARD

Environment Variables:
JAVA_HOME=/usr/lib/jvm/java-7-openjdk-amd64
PATH=/home/hit_alan/bin:/home/hit_alan/.gvm/vertx/current/bin:/home/hit_alan/.gvm/springboot/current/bin:/home/hit_alan/.gvm/lazybones/current/bin:/home/hit_alan/.gvm/jbake/current/bin:/home/hit_alan/.gvm/groovyserv/current/bin:/home/hit_alan/.gvm/groovy/current/bin:/home/hit_alan/.gvm/griffon/current/bin:/home/hit_alan/.gvm/grails/current/bin:/home/hit_alan/.gvm/gradle/current/bin:/home/hit_alan/.gvm/glide/current/bin:/home/hit_alan/.gvm/gaiden/current/bin:/home/hit_alan/.gvm/crash/current/bin:/home/hit_alan/.gvm/asciidoctorj/current/bin:/home/hit_alan/bin:/usr/local/sbin:/usr/local/bin:/usr/sbin:/usr/bin:/sbin:/bin:/usr/games:/usr/local/games:/usr/gradle-2.4/bin:/usr/grails-3.0.2/bin:/home/hit_alan/softwares/adt-bundle-linux-x86_64-20140624/sdk/platform-tools:/home/hit_alan/softwares/adt-bundle-linux-x86_64-20140624/sdk/tools:/usr/gradle-2.4/bin:/usr/grails-3.0.2/bin:/home/hit_alan/softwares/adt-bundle-linux-x86_64-20140624/sdk/platform-tools:/home/hit_alan/softwares/adt-bundle-linux-x86_64-20140624/sdk/tools
SHELL=/bin/bash
DISPLAY=:0

Signal Handlers:
SIGSEGV: [libjvm.so+0x992590], sa_mask[0]=0x7ffbfeff, sa_flags=0x10000004
SIGBUS: [libjvm.so+0x992590], sa_mask[0]=0x7ffbfeff, sa_flags=0x10000004
SIGFPE: [libjvm.so+0x7fec60], sa_mask[0]=0x7ffbfeff, sa_flags=0x10000004
SIGPIPE: [libjvm.so+0x7fec60], sa_mask[0]=0x7ffbfeff, sa_flags=0x10000004
SIGXFSZ: [libjvm.so+0x7fec60], sa_mask[0]=0x7ffbfeff, sa_flags=0x10000004
SIGILL: [libjvm.so+0x7fec60], sa_mask[0]=0x7ffbfeff, sa_flags=0x10000004
SIGUSR1: SIG_DFL, sa_mask[0]=0x00000000, sa_flags=0x00000000
SIGUSR2: [libjvm.so+0x7feae0], sa_mask[0]=0x00000004, sa_flags=0x10000004
SIGHUP: [libjvm.so+0x7fece0], sa_mask[0]=0x7ffbfeff, sa_flags=0x10000004
SIGINT: [libjvm.so+0x7fece0], sa_mask[0]=0x7ffbfeff, sa_flags=0x10000004
SIGTERM: [libjvm.so+0x7fece0], sa_mask[0]=0x7ffbfeff, sa_flags=0x10000004
SIGQUIT: [libjvm.so+0x7fece0], sa_mask[0]=0x7ffbfeff, sa_flags=0x10000004
SIGTRAP: SIG_DFL, sa_mask[0]=0x00000000, sa_flags=0x00000000


---------------  S Y S T E M  ---------------

OS:Ubuntu 15.04 (vivid)
uname:Linux 3.19.0-66-generic #74-Ubuntu SMP Tue Jul 19 15:07:04 UTC 2016 x86_64
libc:glibc 2.21 NPTL 2.21 
rlimit: STACK 8192k, CORE 0k, NPROC 31638, NOFILE 65536, AS infinity
load average:18.34 8.35 5.40

/proc/meminfo:
MemTotal:        8121832 kB
MemFree:          153216 kB
MemAvailable:     135120 kB
Buffers:            2120 kB
Cached:           182180 kB
SwapCached:            0 kB
Active:          7569568 kB
Inactive:         140492 kB
Active(anon):    7531404 kB
Inactive(anon):   103784 kB
Active(file):      38164 kB
Inactive(file):    36708 kB
Unevictable:         192 kB
Mlocked:             192 kB
SwapTotal:             0 kB
SwapFree:              0 kB
Dirty:               352 kB
Writeback:         20348 kB
AnonPages:       7526040 kB
Mapped:           132772 kB
Shmem:            109340 kB
Slab:             101816 kB
SReclaimable:      57868 kB
SUnreclaim:        43948 kB
KernelStack:       14176 kB
PageTables:        63352 kB
NFS_Unstable:          0 kB
Bounce:                0 kB
WritebackTmp:          0 kB
CommitLimit:     4060916 kB
Committed_AS:   13152804 kB
VmallocTotal:   34359738367 kB
VmallocUsed:      113800 kB
VmallocChunk:   34359576708 kB
HardwareCorrupted:     0 kB
AnonHugePages:   3579904 kB
CmaTotal:              0 kB
CmaFree:               0 kB
HugePages_Total:       0
HugePages_Free:        0
HugePages_Rsvd:        0
HugePages_Surp:        0
Hugepagesize:       2048 kB
DirectMap4k:      394516 kB
DirectMap2M:     7940096 kB
DirectMap1G:     1048576 kB


CPU:total 4 (4 cores per cpu, 1 threads per core) family 6 model 60 stepping 3, cmov, cx8, fxsr, mmx, sse, sse2, sse3, ssse3, sse4.1, sse4.2, popcnt, avx, avx2, aes, erms, tsc, tscinvbit

/proc/cpuinfo:
processor	: 0
vendor_id	: GenuineIntel
cpu family	: 6
model		: 60
model name	: Intel(R) Core(TM) i5-4590 CPU @ 3.30GHz
stepping	: 3
microcode	: 0x1d
cpu MHz		: 3499.933
cache size	: 6144 KB
physical id	: 0
siblings	: 4
core id		: 0
cpu cores	: 4
apicid		: 0
initial apicid	: 0
fpu		: yes
fpu_exception	: yes
cpuid level	: 13
wp		: yes
flags		: fpu vme de pse tsc msr pae mce cx8 apic sep mtrr pge mca cmov pat pse36 clflush dts acpi mmx fxsr sse sse2 ss ht tm pbe syscall nx pdpe1gb rdtscp lm constant_tsc arch_perfmon pebs bts rep_good nopl xtopology nonstop_tsc aperfmperf eagerfpu pni pclmulqdq dtes64 monitor ds_cpl vmx smx est tm2 ssse3 fma cx16 xtpr pdcm pcid sse4_1 sse4_2 x2apic movbe popcnt tsc_deadline_timer aes xsave avx f16c rdrand lahf_lm abm ida arat epb pln pts dtherm tpr_shadow vnmi flexpriority ept vpid fsgsbase tsc_adjust bmi1 avx2 smep bmi2 erms invpcid xsaveopt
bugs		:
bogomips	: 6584.26
clflush size	: 64
cache_alignment	: 64
address sizes	: 39 bits physical, 48 bits virtual
power management:

processor	: 1
vendor_id	: GenuineIntel
cpu family	: 6
model		: 60
model name	: Intel(R) Core(TM) i5-4590 CPU @ 3.30GHz
stepping	: 3
microcode	: 0x1d
cpu MHz		: 3531.644
cache size	: 6144 KB
physical id	: 0
siblings	: 4
core id		: 1
cpu cores	: 4
apicid		: 2
initial apicid	: 2
fpu		: yes
fpu_exception	: yes
cpuid level	: 13
wp		: yes
flags		: fpu vme de pse tsc msr pae mce cx8 apic sep mtrr pge mca cmov pat pse36 clflush dts acpi mmx fxsr sse sse2 ss ht tm pbe syscall nx pdpe1gb rdtscp lm constant_tsc arch_perfmon pebs bts rep_good nopl xtopology nonstop_tsc aperfmperf eagerfpu pni pclmulqdq dtes64 monitor ds_cpl vmx smx est tm2 ssse3 fma cx16 xtpr pdcm pcid sse4_1 sse4_2 x2apic movbe popcnt tsc_deadline_timer aes xsave avx f16c rdrand lahf_lm abm ida arat epb pln pts dtherm tpr_shadow vnmi flexpriority ept vpid fsgsbase tsc_adjust bmi1 avx2 smep bmi2 erms invpcid xsaveopt
bugs		:
bogomips	: 6584.26
clflush size	: 64
cache_alignment	: 64
address sizes	: 39 bits physical, 48 bits virtual
power management:

processor	: 2
vendor_id	: GenuineIntel
cpu family	: 6
model		: 60
model name	: Intel(R) Core(TM) i5-4590 CPU @ 3.30GHz
stepping	: 3
microcode	: 0x1d
cpu MHz		: 3499.933
cache size	: 6144 KB
physical id	: 0
siblings	: 4
core id		: 2
cpu cores	: 4
apicid		: 4
initial apicid	: 4
fpu		: yes
fpu_exception	: yes
cpuid level	: 13
wp		: yes
flags		: fpu vme de pse tsc msr pae mce cx8 apic sep mtrr pge mca cmov pat pse36 clflush dts acpi mmx fxsr sse sse2 ss ht tm pbe syscall nx pdpe1gb rdtscp lm constant_tsc arch_perfmon pebs bts rep_good nopl xtopology nonstop_tsc aperfmperf eagerfpu pni pclmulqdq dtes64 monitor ds_cpl vmx smx est tm2 ssse3 fma cx16 xtpr pdcm pcid sse4_1 sse4_2 x2apic movbe popcnt tsc_deadline_timer aes xsave avx f16c rdrand lahf_lm abm ida arat epb pln pts dtherm tpr_shadow vnmi flexpriority ept vpid fsgsbase tsc_adjust bmi1 avx2 smep bmi2 erms invpcid xsaveopt
bugs		:
bogomips	: 6584.26
clflush size	: 64
cache_alignment	: 64
address sizes	: 39 bits physical, 48 bits virtual
power management:

processor	: 3
vendor_id	: GenuineIntel
cpu family	: 6
model		: 60
model name	: Intel(R) Core(TM) i5-4590 CPU @ 3.30GHz
stepping	: 3
microcode	: 0x1d
cpu MHz		: 3521.074
cache size	: 6144 KB
physical id	: 0
siblings	: 4
core id		: 3
cpu cores	: 4
apicid		: 6
initial apicid	: 6
fpu		: yes
fpu_exception	: yes
cpuid level	: 13
wp		: yes
flags		: fpu vme de pse tsc msr pae mce cx8 apic sep mtrr pge mca cmov pat pse36 clflush dts acpi mmx fxsr sse sse2 ss ht tm pbe syscall nx pdpe1gb rdtscp lm constant_tsc arch_perfmon pebs bts rep_good nopl xtopology nonstop_tsc aperfmperf eagerfpu pni pclmulqdq dtes64 monitor ds_cpl vmx smx est tm2 ssse3 fma cx16 xtpr pdcm pcid sse4_1 sse4_2 x2apic movbe popcnt tsc_deadline_timer aes xsave avx f16c rdrand lahf_lm abm ida arat epb pln pts dtherm tpr_shadow vnmi flexpriority ept vpid fsgsbase tsc_adjust bmi1 avx2 smep bmi2 erms invpcid xsaveopt
bugs		:
bogomips	: 6584.26
clflush size	: 64
cache_alignment	: 64
address sizes	: 39 bits physical, 48 bits virtual
power management:



Memory: 4k page, physical 8121832k(153216k free), swap 0k(0k free)

vm_info: OpenJDK 64-Bit Server VM (24.95-b01) for linux-amd64 JRE (1.7.0_95-b00), built on Jan 21 2016 03:41:02 by "buildd" with gcc 4.9.2

time: Wed Sep 28 09:24:44 2016
elapsed time: 31 seconds

