#
# There is insufficient memory for the Java Runtime Environment to continue.
# Native memory allocation (malloc) failed to allocate 88604672 bytes for committing reserved memory.
# Possible reasons:
#   The system is out of physical RAM or swap space
#   In 32 bit mode, the process size limit was hit
# Possible solutions:
#   Reduce memory load on the system
#   Increase physical memory or swap space
#   Check if swap backing store is full
#   Use 64 bit Java on a 64 bit OS
#   Decrease Java heap size (-Xmx/-Xms)
#   Decrease number of Java threads
#   Decrease Java thread stack sizes (-Xss)
#   Set larger code cache with -XX:ReservedCodeCacheSize=
# This output file may be truncated or incomplete.
#
#  Out of Memory Error (os_linux.cpp:2827), pid=949, tid=140651320571648
#
# JRE version: OpenJDK Runtime Environment (7.0_95) (build 1.7.0_95-b00)
# Java VM: OpenJDK 64-Bit Server VM (24.95-b01 mixed mode linux-amd64 compressed oops)
# Derivative: IcedTea 2.6.4
# Distribution: Ubuntu 15.04, package 7u95-2.6.4-0ubuntu0.15.04.1
# Failed to write core dump. Core dumps have been disabled. To enable core dumping, try "ulimit -c unlimited" before starting Java again
#

---------------  T H R E A D  ---------------

Current thread (0x00007febf813d000):  VMThread [stack: 0x00007febefeff000,0x00007febf0000000] [id=960]

Stack: [0x00007febefeff000,0x00007febf0000000],  sp=0x00007febefffe4e0,  free space=1021k
Native frames: (J=compiled Java code, j=interpreted, Vv=VM code, C=native code)
V  [libjvm.so+0x991aa6]
V  [libjvm.so+0x4934c2]
V  [libjvm.so+0x80371b]
V  [libjvm.so+0x7fddfe]
V  [libjvm.so+0x871c0b]
V  [libjvm.so+0x872ac3]
V  [libjvm.so+0x8731db]
V  [libjvm.so+0x86eb41]
V  [libjvm.so+0x86f3b8]
V  [libjvm.so+0x826a73]
V  [libjvm.so+0x993372]
V  [libjvm.so+0x9977f7]
V  [libjvm.so+0x995f6b]
V  [libjvm.so+0x996616]
V  [libjvm.so+0x996ae1]
V  [libjvm.so+0x800642]

VM_Operation (0x00007fec007556c0): ParallelGCFailedAllocation, mode: safepoint, requested by thread 0x00007febf800a000


---------------  P R O C E S S  ---------------

Java Threads: ( => current thread )
  0x00007febf8176000 JavaThread "Service Thread" daemon [_thread_blocked, id=969, stack(0x00007febef48c000,0x00007febef58d000)]
  0x00007febf8173800 JavaThread "C2 CompilerThread1" daemon [_thread_blocked, id=968, stack(0x00007febef58d000,0x00007febef68e000)]
  0x00007febf8170800 JavaThread "C2 CompilerThread0" daemon [_thread_blocked, id=967, stack(0x00007febef68e000,0x00007febef78f000)]
  0x00007febf816e000 JavaThread "Signal Dispatcher" daemon [_thread_blocked, id=966, stack(0x00007febef78f000,0x00007febef890000)]
  0x00007febf8143800 JavaThread "Finalizer" daemon [_thread_blocked, id=965, stack(0x00007febefcfd000,0x00007febefdfe000)]
  0x00007febf8141000 JavaThread "Reference Handler" daemon [_thread_blocked, id=962, stack(0x00007febefdfe000,0x00007febefeff000)]
  0x00007febf800a000 JavaThread "main" [_thread_blocked, id=950, stack(0x00007fec00656000,0x00007fec00757000)]

Other Threads:
=>0x00007febf813d000 VMThread [stack: 0x00007febefeff000,0x00007febf0000000] [id=960]
  0x00007febf8188800 WatcherThread [stack: 0x00007febef38b000,0x00007febef48c000] [id=970]

VM state:at safepoint (normal execution)

VM Mutex/Monitor currently owned by a thread:  ([mutex/lock_event])
[0x00007febf8006430] Threads_lock - owner thread: 0x00007febf813d000
[0x00007febf8006930] Heap_lock - owner thread: 0x00007febf800a000

Heap
 PSYoungGen      total 490496K, used 64K [0x00000007d6a80000, 0x00000007fa880000, 0x0000000800000000)
  eden space 462336K, 0% used [0x00000007d6a80000,0x00000007d6a80000,0x00000007f2e00000)
  from space 28160K, 0% used [0x00000007f8d00000,0x00000007f8d10000,0x00000007fa880000)
  to   space 29184K, 0% used [0x00000007f6f80000,0x00000007f6f80000,0x00000007f8c00000)
 ParOldGen       total 84480K, used 59057K [0x0000000784000000, 0x0000000789280000, 0x00000007d6a80000)
  object space 84480K, 69% used [0x0000000784000000,0x00000007879ac460,0x0000000789280000)
 PSPermGen       total 21504K, used 7660K [0x0000000779a00000, 0x000000077af00000, 0x0000000784000000)
  object space 21504K, 35% used [0x0000000779a00000,0x000000077a17b150,0x000000077af00000)

Card table byte_map: [0x00007febfce04000,0x00007febfd238000] byte_map_base: 0x00007febf9237000

Polling page: 0x00007fec00777000

Code Cache  [0x00007febf5000000, 0x00007febf5270000, 0x00007febf8000000)
 total_blobs=735 nmethods=480 adapters=208 free_code_cache=47283Kb largest_free_block=48380736

Compilation events (10 events):
Event: 7.425 Thread 0x00007febf8173800 nmethod 491 0x00007febf51d5ad0 code [0x00007febf51d5c40, 0x00007febf51d5f98]
Event: 7.426 Thread 0x00007febf8170800 nmethod 490% 0x00007febf51d4910 code [0x00007febf51d4ae0, 0x00007febf51d5718]
Event: 7.426 Thread 0x00007febf8173800  492             com.github.stigmata.birthmarks.comparators.PlainBirthmarkComparator::compare (119 bytes)
Event: 7.439 Thread 0x00007febf8173800 nmethod 492 0x00007febf51d7990 code [0x00007febf51d7bc0, 0x00007febf51d8d38]
Event: 7.651 Thread 0x00007febf8170800  493             com.github.stigmata.birthmarks.comparators.PlainBirthmarkComparator::compare (119 bytes)
Event: 7.658 Thread 0x00007febf8170800 nmethod 493 0x00007febf51d6550 code [0x00007febf51d6740, 0x00007febf51d7118]
Event: 8.271 Thread 0x00007febf8173800  494             java.lang.Integer::intValue (5 bytes)
Event: 8.272 Thread 0x00007febf8173800 nmethod 494 0x00007febf51ca910 code [0x00007febf51caa40, 0x00007febf51caa98]
Event: 10.044 Thread 0x00007febf8173800  495             java.lang.Integer::equals (29 bytes)
Event: 10.044 Thread 0x00007febf8173800 nmethod 495 0x00007febf51d6290 code [0x00007febf51d63e0, 0x00007febf51d6498]

GC Heap History (10 events):
Event: 72.759 GC heap after
Heap after GC invocations=13 (full 0):
 PSYoungGen      total 560128K, used 64K [0x00000007d6a80000, 0x00000007fe280000, 0x0000000800000000)
  eden space 559616K, 0% used [0x00000007d6a80000,0x00000007d6a80000,0x00000007f8d00000)
  from space 512K, 12% used [0x00000007fa800000,0x00000007fa810000,0x00000007fa880000)
  to   space 30720K, 0% used [0x00000007fc480000,0x00000007fc480000,0x00000007fe280000)
 ParOldGen       total 84480K, used 58961K [0x0000000784000000, 0x0000000789280000, 0x00000007d6a80000)
  object space 84480K, 69% used [0x0000000784000000,0x0000000787994760,0x0000000789280000)
 PSPermGen       total 21504K, used 7659K [0x0000000779a00000, 0x000000077af00000, 0x0000000784000000)
  object space 21504K, 35% used [0x0000000779a00000,0x000000077a17af10,0x000000077af00000)
}
Event: 86.386 GC heap before
{Heap before GC invocations=14 (full 0):
 PSYoungGen      total 560128K, used 559680K [0x00000007d6a80000, 0x00000007fe280000, 0x0000000800000000)
  eden space 559616K, 100% used [0x00000007d6a80000,0x00000007f8d00000,0x00000007f8d00000)
  from space 512K, 12% used [0x00000007fa800000,0x00000007fa810000,0x00000007fa880000)
  to   space 30720K, 0% used [0x00000007fc480000,0x00000007fc480000,0x00000007fe280000)
 ParOldGen       total 84480K, used 58961K [0x0000000784000000, 0x0000000789280000, 0x00000007d6a80000)
  object space 84480K, 69% used [0x0000000784000000,0x0000000787994760,0x0000000789280000)
 PSPermGen       total 21504K, used 7659K [0x0000000779a00000, 0x000000077af00000, 0x0000000784000000)
  object space 21504K, 35% used [0x0000000779a00000,0x000000077a17af10,0x000000077af00000)
Event: 86.386 GC heap after
Heap after GC invocations=14 (full 0):
 PSYoungGen      total 534016K, used 64K [0x00000007d6a80000, 0x00000007fc500000, 0x0000000800000000)
  eden space 533504K, 0% used [0x00000007d6a80000,0x00000007d6a80000,0x00000007f7380000)
  from space 512K, 12% used [0x00000007fc480000,0x00000007fc490000,0x00000007fc500000)
  to   space 30720K, 0% used [0x00000007f8900000,0x00000007f8900000,0x00000007fa700000)
 ParOldGen       total 84480K, used 58985K [0x0000000784000000, 0x0000000789280000, 0x00000007d6a80000)
  object space 84480K, 69% used [0x0000000784000000,0x000000078799a760,0x0000000789280000)
 PSPermGen       total 21504K, used 7659K [0x0000000779a00000, 0x000000077af00000, 0x0000000784000000)
  object space 21504K, 35% used [0x0000000779a00000,0x000000077a17af10,0x000000077af00000)
}
Event: 99.513 GC heap before
{Heap before GC invocations=15 (full 0):
 PSYoungGen      total 534016K, used 533568K [0x00000007d6a80000, 0x00000007fc500000, 0x0000000800000000)
  eden space 533504K, 100% used [0x00000007d6a80000,0x00000007f7380000,0x00000007f7380000)
  from space 512K, 12% used [0x00000007fc480000,0x00000007fc490000,0x00000007fc500000)
  to   space 30720K, 0% used [0x00000007f8900000,0x00000007f8900000,0x00000007fa700000)
 ParOldGen       total 84480K, used 58985K [0x0000000784000000, 0x0000000789280000, 0x00000007d6a80000)
  object space 84480K, 69% used [0x0000000784000000,0x000000078799a760,0x0000000789280000)
 PSPermGen       total 21504K, used 7659K [0x0000000779a00000, 0x000000077af00000, 0x0000000784000000)
  object space 21504K, 35% used [0x0000000779a00000,0x000000077a17af10,0x000000077af00000)
Event: 99.513 GC heap after
Heap after GC invocations=15 (full 0):
 PSYoungGen      total 539136K, used 64K [0x00000007d6a80000, 0x00000007fc500000, 0x0000000800000000)
  eden space 508416K, 0% used [0x00000007d6a80000,0x00000007d6a80000,0x00000007f5b00000)
  from space 30720K, 0% used [0x00000007f8900000,0x00000007f8910000,0x00000007fa700000)
  to   space 29696K, 0% used [0x00000007fa800000,0x00000007fa800000,0x00000007fc500000)
 ParOldGen       total 84480K, used 59001K [0x0000000784000000, 0x0000000789280000, 0x00000007d6a80000)
  object space 84480K, 69% used [0x0000000784000000,0x000000078799e760,0x0000000789280000)
 PSPermGen       total 21504K, used 7659K [0x0000000779a00000, 0x000000077af00000, 0x0000000784000000)
  object space 21504K, 35% used [0x0000000779a00000,0x000000077a17af10,0x000000077af00000)
}
Event: 114.596 GC heap before
{Heap before GC invocations=16 (full 0):
 PSYoungGen      total 539136K, used 508480K [0x00000007d6a80000, 0x00000007fc500000, 0x0000000800000000)
  eden space 508416K, 100% used [0x00000007d6a80000,0x00000007f5b00000,0x00000007f5b00000)
  from space 30720K, 0% used [0x00000007f8900000,0x00000007f8910000,0x00000007fa700000)
  to   space 29696K, 0% used [0x00000007fa800000,0x00000007fa800000,0x00000007fc500000)
 ParOldGen       total 84480K, used 59001K [0x0000000784000000, 0x0000000789280000, 0x00000007d6a80000)
  object space 84480K, 69% used [0x0000000784000000,0x000000078799e760,0x0000000789280000)
 PSPermGen       total 21504K, used 7660K [0x0000000779a00000, 0x000000077af00000, 0x0000000784000000)
  object space 21504K, 35% used [0x0000000779a00000,0x000000077a17b150,0x000000077af00000)
Event: 114.600 GC heap after
Heap after GC invocations=16 (full 0):
 PSYoungGen      total 485376K, used 64K [0x00000007d6a80000, 0x00000007fa880000, 0x0000000800000000)
  eden space 484864K, 0% used [0x00000007d6a80000,0x00000007d6a80000,0x00000007f4400000)
  from space 512K, 12% used [0x00000007fa800000,0x00000007fa810000,0x00000007fa880000)
  to   space 29184K, 0% used [0x00000007f6f80000,0x00000007f6f80000,0x00000007f8c00000)
 ParOldGen       total 84480K, used 59017K [0x0000000784000000, 0x0000000789280000, 0x00000007d6a80000)
  object space 84480K, 69% used [0x0000000784000000,0x00000007879a2760,0x0000000789280000)
 PSPermGen       total 21504K, used 7660K [0x0000000779a00000, 0x000000077af00000, 0x0000000784000000)
  object space 21504K, 35% used [0x0000000779a00000,0x000000077a17b150,0x000000077af00000)
}
Event: 128.315 GC heap before
{Heap before GC invocations=17 (full 0):
 PSYoungGen      total 485376K, used 484928K [0x00000007d6a80000, 0x00000007fa880000, 0x0000000800000000)
  eden space 484864K, 100% used [0x00000007d6a80000,0x00000007f4400000,0x00000007f4400000)
  from space 512K, 12% used [0x00000007fa800000,0x00000007fa810000,0x00000007fa880000)
  to   space 29184K, 0% used [0x00000007f6f80000,0x00000007f6f80000,0x00000007f8c00000)
 ParOldGen       total 84480K, used 59017K [0x0000000784000000, 0x0000000789280000, 0x00000007d6a80000)
  object space 84480K, 69% used [0x0000000784000000,0x00000007879a2760,0x0000000789280000)
 PSPermGen       total 21504K, used 7660K [0x0000000779a00000, 0x000000077af00000, 0x0000000784000000)
  object space 21504K, 35% used [0x0000000779a00000,0x000000077a17b150,0x000000077af00000)
Event: 128.780 GC heap after
Heap after GC invocations=17 (full 0):
 PSYoungGen      total 491520K, used 96K [0x00000007d6a80000, 0x00000007fa880000, 0x0000000800000000)
  eden space 462336K, 0% used [0x00000007d6a80000,0x00000007d6a80000,0x00000007f2e00000)
  from space 29184K, 0% used [0x00000007f6f80000,0x00000007f6f98000,0x00000007f8c00000)
  to   space 28160K, 0% used [0x00000007f8d00000,0x00000007f8d00000,0x00000007fa880000)
 ParOldGen       total 84480K, used 59033K [0x0000000784000000, 0x0000000789280000, 0x00000007d6a80000)
  object space 84480K, 69% used [0x0000000784000000,0x00000007879a6460,0x0000000789280000)
 PSPermGen       total 21504K, used 7660K [0x0000000779a00000, 0x000000077af00000, 0x0000000784000000)
  object space 21504K, 35% used [0x0000000779a00000,0x000000077a17b150,0x000000077af00000)
}
Event: 143.434 GC heap before
{Heap before GC invocations=18 (full 0):
 PSYoungGen      total 491520K, used 462432K [0x00000007d6a80000, 0x00000007fa880000, 0x0000000800000000)
  eden space 462336K, 100% used [0x00000007d6a80000,0x00000007f2e00000,0x00000007f2e00000)
  from space 29184K, 0% used [0x00000007f6f80000,0x00000007f6f98000,0x00000007f8c00000)
  to   space 28160K, 0% used [0x00000007f8d00000,0x00000007f8d00000,0x00000007fa880000)
 ParOldGen       total 84480K, used 59033K [0x0000000784000000, 0x0000000789280000, 0x00000007d6a80000)
  object space 84480K, 69% used [0x0000000784000000,0x00000007879a6460,0x0000000789280000)
 PSPermGen       total 21504K, used 7660K [0x0000000779a00000, 0x000000077af00000, 0x0000000784000000)
  object space 21504K, 35% used [0x0000000779a00000,0x000000077a17b150,0x000000077af00000)

Deoptimization events (10 events):
Event: 6.128 Thread 0x00007febf8143800 Uncommon trap: reason=bimorphic action=maybe_recompile pc=0x00007febf50b0ec8 method=java.lang.System$2.invokeFinalize(Ljava/lang/Object;)V @ 1
Event: 6.128 Thread 0x00007febf8143800 Uncommon trap: reason=bimorphic action=maybe_recompile pc=0x00007febf50b231c method=java.lang.System$2.invokeFinalize(Ljava/lang/Object;)V @ 1
Event: 7.110 Thread 0x00007febf800a000 Uncommon trap: reason=unstable_if action=reinterpret pc=0x00007febf50ea388 method=com.github.stigmata.birthmarks.comparators.PlainBirthmarkComparator.compare(Lcom/github/stigmata/Birthmark;Lcom/github/stigmata/Birthmark;Lcom/github/stigmata/BirthmarkConte
Event: 7.415 Thread 0x00007febf800a000 Uncommon trap: reason=unstable_if action=reinterpret pc=0x00007febf51d222c method=com.github.stigmata.birthmarks.cvfv.TypeAndValueBirthmarkElement.equals(Ljava/lang/Object;)Z @ 30
Event: 7.415 Thread 0x00007febf800a000 Uncommon trap: reason=unstable_if action=reinterpret pc=0x00007febf51caf70 method=com.github.stigmata.birthmarks.cvfv.TypeAndValueBirthmarkElement.equals(Ljava/lang/Object;)Z @ 30
Event: 7.648 Thread 0x00007febf800a000 Uncommon trap: reason=bimorphic action=maybe_recompile pc=0x00007febf51d8bb8 method=com.github.stigmata.birthmarks.cvfv.TypeAndValueBirthmarkElement.equals(Ljava/lang/Object;)Z @ 64
Event: 7.648 Thread 0x00007febf800a000 Uncommon trap: reason=bimorphic action=maybe_recompile pc=0x00007febf51d8bb8 method=com.github.stigmata.birthmarks.cvfv.TypeAndValueBirthmarkElement.equals(Ljava/lang/Object;)Z @ 64
Event: 7.651 Thread 0x00007febf800a000 Uncommon trap: reason=bimorphic action=maybe_recompile pc=0x00007febf51d8bb8 method=com.github.stigmata.birthmarks.cvfv.TypeAndValueBirthmarkElement.equals(Ljava/lang/Object;)Z @ 64
Event: 7.651 Thread 0x00007febf800a000 Uncommon trap: reason=bimorphic action=maybe_recompile pc=0x00007febf51d8bb8 method=com.github.stigmata.birthmarks.cvfv.TypeAndValueBirthmarkElement.equals(Ljava/lang/Object;)Z @ 64
Event: 7.654 Thread 0x00007febf800a000 Uncommon trap: reason=bimorphic action=maybe_recompile pc=0x00007febf51d5f14 method=com.github.stigmata.birthmarks.cvfv.TypeAndValueBirthmarkElement.equals(Ljava/lang/Object;)Z @ 64

Internal exceptions (10 events):
Event: 0.966 Thread 0x00007febf800a000 Threw 0x00000007d6fd1ba8 at /build/openjdk-7-3x2aMC/openjdk-7-7u95-2.6.4/build/openjdk/hotspot/src/share/vm/prims/jvm.cpp:1322
Event: 0.968 Thread 0x00007febf800a000 Threw 0x00000007d700d700 at /build/openjdk-7-3x2aMC/openjdk-7-7u95-2.6.4/build/openjdk/hotspot/src/share/vm/prims/jvm.cpp:1322
Event: 1.902 Thread 0x00007febf800a000 Implicit null exception at 0x00007febf50f02b7 to 0x00007febf50f0f49
Event: 2.870 Thread 0x00007febf800a000 Implicit null exception at 0x00007febf5138458 to 0x00007febf5138496
Event: 3.852 Thread 0x00007febf800a000 Threw 0x00000007dfcb0978 at /build/openjdk-7-3x2aMC/openjdk-7-7u95-2.6.4/build/openjdk/hotspot/src/share/vm/prims/jvm.cpp:1322
Event: 3.853 Thread 0x00007febf800a000 Threw 0x00000007dfcb6540 at /build/openjdk-7-3x2aMC/openjdk-7-7u95-2.6.4/build/openjdk/hotspot/src/share/vm/prims/jvm.cpp:1322
Event: 3.853 Thread 0x00007febf800a000 Threw 0x00000007dfccb848 at /build/openjdk-7-3x2aMC/openjdk-7-7u95-2.6.4/build/openjdk/hotspot/src/share/vm/prims/jvm.cpp:1322
Event: 3.854 Thread 0x00007febf800a000 Threw 0x00000007dfccf948 at /build/openjdk-7-3x2aMC/openjdk-7-7u95-2.6.4/build/openjdk/hotspot/src/share/vm/prims/jvm.cpp:1322
Event: 7.415 Thread 0x00007febf800a000 Implicit null exception at 0x00007febf51d1cbb to 0x00007febf51d21f5
Event: 7.415 Thread 0x00007febf800a000 Implicit null exception at 0x00007febf51cadae to 0x00007febf51caf5a

Events (10 events):
Event: 72.759 Executing VM operation: ParallelGCFailedAllocation done
Event: 86.386 Executing VM operation: ParallelGCFailedAllocation
Event: 86.386 Executing VM operation: ParallelGCFailedAllocation done
Event: 99.513 Executing VM operation: ParallelGCFailedAllocation
Event: 99.513 Executing VM operation: ParallelGCFailedAllocation done
Event: 114.566 Executing VM operation: ParallelGCFailedAllocation
Event: 114.600 Executing VM operation: ParallelGCFailedAllocation done
Event: 128.315 Executing VM operation: ParallelGCFailedAllocation
Event: 128.892 Executing VM operation: ParallelGCFailedAllocation done
Event: 143.040 Executing VM operation: ParallelGCFailedAllocation


Dynamic libraries:
00400000-00401000 r-xp 00000000 08:07 13641842                           /usr/lib/jvm/java-7-openjdk-amd64/jre/bin/java
00600000-00601000 r--p 00000000 08:07 13641842                           /usr/lib/jvm/java-7-openjdk-amd64/jre/bin/java
00601000-00602000 rw-p 00001000 08:07 13641842                           /usr/lib/jvm/java-7-openjdk-amd64/jre/bin/java
0122d000-0124e000 rw-p 00000000 00:00 0                                  [heap]
779a00000-77af00000 rw-p 00000000 00:00 0 
77af00000-784000000 rw-p 00000000 00:00 0 
784000000-789280000 rw-p 00000000 00:00 0 
789280000-7d6a80000 rw-p 00000000 00:00 0 
7d6a80000-7fa880000 rw-p 00000000 00:00 0 
7ffd00000-800000000 ---p 00000000 00:00 0 
7feb94000000-7feb97505000 rw-p 00000000 00:00 0 
7feb97505000-7feb98000000 ---p 00000000 00:00 0 
7feb9c000000-7feb9fffc000 rw-p 00000000 00:00 0 
7feb9fffc000-7feba0000000 ---p 00000000 00:00 0 
7feba0000000-7feba3fff000 rw-p 00000000 00:00 0 
7feba3fff000-7feba4000000 ---p 00000000 00:00 0 
7feba4000000-7feba7ff9000 rw-p 00000000 00:00 0 
7feba7ff9000-7feba8000000 ---p 00000000 00:00 0 
7feba8000000-7febabffc000 rw-p 00000000 00:00 0 
7febabffc000-7febac000000 ---p 00000000 00:00 0 
7febac000000-7febafffd000 rw-p 00000000 00:00 0 
7febafffd000-7febb0000000 ---p 00000000 00:00 0 
7febb0000000-7febb3ffc000 rw-p 00000000 00:00 0 
7febb3ffc000-7febb4000000 ---p 00000000 00:00 0 
7febb4000000-7febb4021000 rw-p 00000000 00:00 0 
7febb4021000-7febb8000000 ---p 00000000 00:00 0 
7febb8000000-7febb8021000 rw-p 00000000 00:00 0 
7febb8021000-7febbc000000 ---p 00000000 00:00 0 
7febbc000000-7febbd7ad000 rw-p 00000000 00:00 0 
7febbd7ad000-7febc0000000 ---p 00000000 00:00 0 
7febc0000000-7febc14dd000 rw-p 00000000 00:00 0 
7febc14dd000-7febc4000000 ---p 00000000 00:00 0 
7febc4000000-7febc4021000 rw-p 00000000 00:00 0 
7febc4021000-7febc8000000 ---p 00000000 00:00 0 
7febc8000000-7febc8021000 rw-p 00000000 00:00 0 
7febc8021000-7febcc000000 ---p 00000000 00:00 0 
7febcc000000-7febcc021000 rw-p 00000000 00:00 0 
7febcc021000-7febd0000000 ---p 00000000 00:00 0 
7febd3cd0000-7febd8000000 rw-p 00000000 00:00 0 
7febd8000000-7febd8021000 rw-p 00000000 00:00 0 
7febd8021000-7febdc000000 ---p 00000000 00:00 0 
7febdc000000-7febdc021000 rw-p 00000000 00:00 0 
7febdc021000-7febe0000000 ---p 00000000 00:00 0 
7febe0000000-7febe0021000 rw-p 00000000 00:00 0 
7febe0021000-7febe4000000 ---p 00000000 00:00 0 
7febe8000000-7febe8021000 rw-p 00000000 00:00 0 
7febe8021000-7febec000000 ---p 00000000 00:00 0 
7febed6d5000-7febed781000 r--s 0068a000 08:07 5246075                    /home/hit_alan/zhoufandi/somefilebetweenlinuxandwindows/dex2jar-2.0/10dbc84eb9bf650c838b82437797c4af3e5de361a6c5ac18ee17f4f72cffb9c7/clientdex2jar.jar
7febed781000-7febed82d000 r--s 0068a000 08:07 5246075                    /home/hit_alan/zhoufandi/somefilebetweenlinuxandwindows/dex2jar-2.0/10dbc84eb9bf650c838b82437797c4af3e5de361a6c5ac18ee17f4f72cffb9c7/clientdex2jar.jar
7febed82d000-7febed8c5000 r--s 005c7000 08:07 5246073                    /home/hit_alan/zhoufandi/somefilebetweenlinuxandwindows/dex2jar-2.0/10dbc84eb9bf650c838b82437797c4af3e5de361a6c5ac18ee17f4f72cffb9c7/channeldex2jar.jar
7febed8c5000-7febedbc6000 rw-p 00000000 00:00 0 
7febedbc6000-7febedc32000 r-xp 00000000 08:07 16257056                   /lib/x86_64-linux-gnu/libpcre.so.3.13.1
7febedc32000-7febede31000 ---p 0006c000 08:07 16257056                   /lib/x86_64-linux-gnu/libpcre.so.3.13.1
7febede31000-7febede32000 r--p 0006b000 08:07 16257056                   /lib/x86_64-linux-gnu/libpcre.so.3.13.1
7febede32000-7febede33000 rw-p 0006c000 08:07 16257056                   /lib/x86_64-linux-gnu/libpcre.so.3.13.1
7febede33000-7febede3a000 r-xp 00000000 08:07 13631618                   /usr/lib/x86_64-linux-gnu/libffi.so.6.0.4
7febede3a000-7febee039000 ---p 00007000 08:07 13631618                   /usr/lib/x86_64-linux-gnu/libffi.so.6.0.4
7febee039000-7febee03a000 r--p 00006000 08:07 13631618                   /usr/lib/x86_64-linux-gnu/libffi.so.6.0.4
7febee03a000-7febee03b000 rw-p 00007000 08:07 13631618                   /usr/lib/x86_64-linux-gnu/libffi.so.6.0.4
7febee03b000-7febee052000 r-xp 00000000 08:07 16253007                   /lib/x86_64-linux-gnu/libresolv-2.21.so
7febee052000-7febee252000 ---p 00017000 08:07 16253007                   /lib/x86_64-linux-gnu/libresolv-2.21.so
7febee252000-7febee254000 r--p 00017000 08:07 16253007                   /lib/x86_64-linux-gnu/libresolv-2.21.so
7febee254000-7febee255000 rw-p 00019000 08:07 16253007                   /lib/x86_64-linux-gnu/libresolv-2.21.so
7febee255000-7febee257000 rw-p 00000000 00:00 0 
7febee257000-7febee278000 r-xp 00000000 08:07 16257131                   /lib/x86_64-linux-gnu/libselinux.so.1
7febee278000-7febee477000 ---p 00021000 08:07 16257131                   /lib/x86_64-linux-gnu/libselinux.so.1
7febee477000-7febee478000 r--p 00020000 08:07 16257131                   /lib/x86_64-linux-gnu/libselinux.so.1
7febee478000-7febee479000 rw-p 00021000 08:07 16257131                   /lib/x86_64-linux-gnu/libselinux.so.1
7febee479000-7febee47b000 rw-p 00000000 00:00 0 
7febee47b000-7febee47e000 r-xp 00000000 08:07 13631893                   /usr/lib/x86_64-linux-gnu/libgmodule-2.0.so.0.4400.1
7febee47e000-7febee67d000 ---p 00003000 08:07 13631893                   /usr/lib/x86_64-linux-gnu/libgmodule-2.0.so.0.4400.1
7febee67d000-7febee67e000 r--p 00002000 08:07 13631893                   /usr/lib/x86_64-linux-gnu/libgmodule-2.0.so.0.4400.1
7febee67e000-7febee67f000 rw-p 00003000 08:07 13631893                   /usr/lib/x86_64-linux-gnu/libgmodule-2.0.so.0.4400.1
7febee67f000-7febee78c000 r-xp 00000000 08:07 16257102                   /lib/x86_64-linux-gnu/libglib-2.0.so.0.4400.1
7febee78c000-7febee98b000 ---p 0010d000 08:07 16257102                   /lib/x86_64-linux-gnu/libglib-2.0.so.0.4400.1
7febee98b000-7febee98c000 r--p 0010c000 08:07 16257102                   /lib/x86_64-linux-gnu/libglib-2.0.so.0.4400.1
7febee98c000-7febee98d000 rw-p 0010d000 08:07 16257102                   /lib/x86_64-linux-gnu/libglib-2.0.so.0.4400.1
7febee98d000-7febee98e000 rw-p 00000000 00:00 0 
7febee98e000-7febee9de000 r-xp 00000000 08:07 13631853                   /usr/lib/x86_64-linux-gnu/libgobject-2.0.so.0.4400.1
7febee9de000-7febeebde000 ---p 00050000 08:07 13631853                   /usr/lib/x86_64-linux-gnu/libgobject-2.0.so.0.4400.1
7febeebde000-7febeebdf000 r--p 00050000 08:07 13631853                   /usr/lib/x86_64-linux-gnu/libgobject-2.0.so.0.4400.1
7febeebdf000-7febeebe0000 rw-p 00051000 08:07 13631853                   /usr/lib/x86_64-linux-gnu/libgobject-2.0.so.0.4400.1
7febeebe0000-7febeed58000 r-xp 00000000 08:07 13631875                   /usr/lib/x86_64-linux-gnu/libgio-2.0.so.0.4400.1
7febeed58000-7febeef58000 ---p 00178000 08:07 13631875                   /usr/lib/x86_64-linux-gnu/libgio-2.0.so.0.4400.1
7febeef58000-7febeef5c000 r--p 00178000 08:07 13631875                   /usr/lib/x86_64-linux-gnu/libgio-2.0.so.0.4400.1
7febeef5c000-7febeef5e000 rw-p 0017c000 08:07 13631875                   /usr/lib/x86_64-linux-gnu/libgio-2.0.so.0.4400.1
7febeef5e000-7febeef60000 rw-p 00000000 00:00 0 
7febeef60000-7febeef78000 r-xp 00000000 08:07 13642175                   /usr/lib/jvm/java-7-openjdk-amd64/jre/lib/amd64/libnet.so
7febeef78000-7febef177000 ---p 00018000 08:07 13642175                   /usr/lib/jvm/java-7-openjdk-amd64/jre/lib/amd64/libnet.so
7febef177000-7febef178000 r--p 00017000 08:07 13642175                   /usr/lib/jvm/java-7-openjdk-amd64/jre/lib/amd64/libnet.so
7febef178000-7febef179000 rw-p 00018000 08:07 13642175                   /usr/lib/jvm/java-7-openjdk-amd64/jre/lib/amd64/libnet.so
7febef179000-7febef18a000 r-xp 00000000 08:07 13642136                   /usr/lib/jvm/java-7-openjdk-amd64/jre/lib/amd64/libnio.so
7febef18a000-7febef389000 ---p 00011000 08:07 13642136                   /usr/lib/jvm/java-7-openjdk-amd64/jre/lib/amd64/libnio.so
7febef389000-7febef38a000 r--p 00010000 08:07 13642136                   /usr/lib/jvm/java-7-openjdk-amd64/jre/lib/amd64/libnio.so
7febef38a000-7febef38b000 rw-p 00011000 08:07 13642136                   /usr/lib/jvm/java-7-openjdk-amd64/jre/lib/amd64/libnio.so
7febef38b000-7febef38c000 ---p 00000000 00:00 0 
7febef38c000-7febef48c000 rw-p 00000000 00:00 0 
7febef48c000-7febef48f000 ---p 00000000 00:00 0 
7febef48f000-7febef58d000 rw-p 00000000 00:00 0 
7febef58d000-7febef590000 ---p 00000000 00:00 0 
7febef590000-7febef68e000 rw-p 00000000 00:00 0 
7febef68e000-7febef691000 ---p 00000000 00:00 0 
7febef691000-7febef78f000 rw-p 00000000 00:00 0 
7febef78f000-7febef792000 ---p 00000000 00:00 0 
7febef792000-7febef890000 rw-p 00000000 00:00 0 
7febef890000-7febefcfd000 r--p 00000000 08:07 13634881                   /usr/lib/locale/locale-archive
7febefcfd000-7febefd00000 ---p 00000000 00:00 0 
7febefd00000-7febefdfe000 rw-p 00000000 00:00 0 
7febefdfe000-7febefe01000 ---p 00000000 00:00 0 
7febefe01000-7febefeff000 rw-p 00000000 00:00 0 
7febefeff000-7febeff00000 ---p 00000000 00:00 0 
7febeff00000-7febf0000000 rw-p 00000000 00:00 0 
7febf0000000-7febf0021000 rw-p 00000000 00:00 0 
7febf0021000-7febf4000000 ---p 00000000 00:00 0 
7febf4010000-7febf40a8000 r--s 005c7000 08:07 5246073                    /home/hit_alan/zhoufandi/somefilebetweenlinuxandwindows/dex2jar-2.0/10dbc84eb9bf650c838b82437797c4af3e5de361a6c5ac18ee17f4f72cffb9c7/channeldex2jar.jar
7febf40a8000-7febf5000000 rw-p 00000000 00:00 0 
7febf5000000-7febf5270000 rwxp 00000000 00:00 0 
7febf5270000-7febfbff9000 rw-p 00000000 00:00 0 
7febfbff9000-7febfc000000 ---p 00000000 00:00 0 
7febfc00d000-7febfc014000 r--s 00000000 08:07 13902402                   /usr/lib/x86_64-linux-gnu/gconv/gconv-modules.cache
7febfc014000-7febfc028000 r--p 00000000 08:07 14421516                   /usr/share/locale-langpack/zh_CN/LC_MESSAGES/libc.mo
7febfc028000-7febfc032000 r--s 000ae000 08:07 13642193                   /usr/lib/jvm/java-7-openjdk-amd64/jre/lib/resources.jar
7febfc032000-7febfc037000 r--s 00036000 08:07 7081023                    /home/hit_alan/zhoufandi/somefilebetweenlinuxandwindows/target/asm-all-5.0.3.jar
7febfc037000-7febfc1e9000 r--s 01d2f000 08:07 13642124                   /usr/lib/jvm/java-7-openjdk-amd64/jre/lib/rt.jar
7febfc1e9000-7febfc717000 rw-p 00000000 00:00 0 
7febfc717000-7febfc718000 ---p 00000000 00:00 0 
7febfc718000-7febfc818000 rw-p 00000000 00:00 0 
7febfc818000-7febfc819000 ---p 00000000 00:00 0 
7febfc819000-7febfc919000 rw-p 00000000 00:00 0 
7febfc919000-7febfc91a000 ---p 00000000 00:00 0 
7febfc91a000-7febfca1a000 rw-p 00000000 00:00 0 
7febfca1a000-7febfca1b000 ---p 00000000 00:00 0 
7febfca1b000-7febfcb26000 rw-p 00000000 00:00 0 
7febfcb26000-7febfcb6e000 rw-p 00000000 00:00 0 
7febfcb6e000-7febfcb98000 rw-p 00000000 00:00 0 
7febfcb98000-7febfce04000 rw-p 00000000 00:00 0 
7febfce04000-7febfce0f000 rw-p 00000000 00:00 0 
7febfce0f000-7febfce57000 rw-p 00000000 00:00 0 
7febfce57000-7febfce81000 rw-p 00000000 00:00 0 
7febfce81000-7febfd0ec000 rw-p 00000000 00:00 0 
7febfd0ec000-7febfd20c000 rw-p 00000000 00:00 0 
7febfd20c000-7febfd237000 ---p 00000000 00:00 0 
7febfd237000-7febfd238000 rw-p 00000000 00:00 0 
7febfd238000-7febfd240000 r-xp 00000000 08:07 13642144                   /usr/lib/jvm/java-7-openjdk-amd64/jre/lib/amd64/libzip.so
7febfd240000-7febfd43f000 ---p 00008000 08:07 13642144                   /usr/lib/jvm/java-7-openjdk-amd64/jre/lib/amd64/libzip.so
7febfd43f000-7febfd440000 r--p 00007000 08:07 13642144                   /usr/lib/jvm/java-7-openjdk-amd64/jre/lib/amd64/libzip.so
7febfd440000-7febfd441000 rw-p 00008000 08:07 13642144                   /usr/lib/jvm/java-7-openjdk-amd64/jre/lib/amd64/libzip.so
7febfd441000-7febfd44d000 r-xp 00000000 08:07 16253008                   /lib/x86_64-linux-gnu/libnss_files-2.21.so
7febfd44d000-7febfd64c000 ---p 0000c000 08:07 16253008                   /lib/x86_64-linux-gnu/libnss_files-2.21.so
7febfd64c000-7febfd64d000 r--p 0000b000 08:07 16253008                   /lib/x86_64-linux-gnu/libnss_files-2.21.so
7febfd64d000-7febfd64e000 rw-p 0000c000 08:07 16253008                   /lib/x86_64-linux-gnu/libnss_files-2.21.so
7febfd64e000-7febfd659000 r-xp 00000000 08:07 16252996                   /lib/x86_64-linux-gnu/libnss_nis-2.21.so
7febfd659000-7febfd858000 ---p 0000b000 08:07 16252996                   /lib/x86_64-linux-gnu/libnss_nis-2.21.so
7febfd858000-7febfd859000 r--p 0000a000 08:07 16252996                   /lib/x86_64-linux-gnu/libnss_nis-2.21.so
7febfd859000-7febfd85a000 rw-p 0000b000 08:07 16252996                   /lib/x86_64-linux-gnu/libnss_nis-2.21.so
7febfd85a000-7febfd871000 r-xp 00000000 08:07 16257004                   /lib/x86_64-linux-gnu/libnsl-2.21.so
7febfd871000-7febfda70000 ---p 00017000 08:07 16257004                   /lib/x86_64-linux-gnu/libnsl-2.21.so
7febfda70000-7febfda71000 r--p 00016000 08:07 16257004                   /lib/x86_64-linux-gnu/libnsl-2.21.so
7febfda71000-7febfda72000 rw-p 00017000 08:07 16257004                   /lib/x86_64-linux-gnu/libnsl-2.21.so
7febfda72000-7febfda74000 rw-p 00000000 00:00 0 
7febfda74000-7febfda7c000 r-xp 00000000 08:07 16253010                   /lib/x86_64-linux-gnu/libnss_compat-2.21.so
7febfda7c000-7febfdc7b000 ---p 00008000 08:07 16253010                   /lib/x86_64-linux-gnu/libnss_compat-2.21.so
7febfdc7b000-7febfdc7c000 r--p 00007000 08:07 16253010                   /lib/x86_64-linux-gnu/libnss_compat-2.21.so
7febfdc7c000-7febfdc7d000 rw-p 00008000 08:07 16253010                   /lib/x86_64-linux-gnu/libnss_compat-2.21.so
7febfdc7d000-7febfdcaa000 r-xp 00000000 08:07 13642157                   /usr/lib/jvm/java-7-openjdk-amd64/jre/lib/amd64/libjava.so
7febfdcaa000-7febfdea9000 ---p 0002d000 08:07 13642157                   /usr/lib/jvm/java-7-openjdk-amd64/jre/lib/amd64/libjava.so
7febfdea9000-7febfdeaa000 r--p 0002c000 08:07 13642157                   /usr/lib/jvm/java-7-openjdk-amd64/jre/lib/amd64/libjava.so
7febfdeaa000-7febfdeac000 rw-p 0002d000 08:07 13642157                   /usr/lib/jvm/java-7-openjdk-amd64/jre/lib/amd64/libjava.so
7febfdeac000-7febfdebb000 r-xp 00000000 08:07 13642171                   /usr/lib/jvm/java-7-openjdk-amd64/jre/lib/amd64/libverify.so
7febfdebb000-7febfe0ba000 ---p 0000f000 08:07 13642171                   /usr/lib/jvm/java-7-openjdk-amd64/jre/lib/amd64/libverify.so
7febfe0ba000-7febfe0bd000 r--p 0000e000 08:07 13642171                   /usr/lib/jvm/java-7-openjdk-amd64/jre/lib/amd64/libverify.so
7febfe0bd000-7febfe0be000 rw-p 00011000 08:07 13642171                   /usr/lib/jvm/java-7-openjdk-amd64/jre/lib/amd64/libverify.so
7febfe0be000-7febfe0c5000 r-xp 00000000 08:07 16257005                   /lib/x86_64-linux-gnu/librt-2.21.so
7febfe0c5000-7febfe2c4000 ---p 00007000 08:07 16257005                   /lib/x86_64-linux-gnu/librt-2.21.so
7febfe2c4000-7febfe2c5000 r--p 00006000 08:07 16257005                   /lib/x86_64-linux-gnu/librt-2.21.so
7febfe2c5000-7febfe2c6000 rw-p 00007000 08:07 16257005                   /lib/x86_64-linux-gnu/librt-2.21.so
7febfe2c6000-7febfe2dc000 r-xp 00000000 08:07 16257047                   /lib/x86_64-linux-gnu/libgcc_s.so.1
7febfe2dc000-7febfe4db000 ---p 00016000 08:07 16257047                   /lib/x86_64-linux-gnu/libgcc_s.so.1
7febfe4db000-7febfe4dc000 rw-p 00015000 08:07 16257047                   /lib/x86_64-linux-gnu/libgcc_s.so.1
7febfe4dc000-7febfe5e3000 r-xp 00000000 08:07 16257003                   /lib/x86_64-linux-gnu/libm-2.21.so
7febfe5e3000-7febfe7e2000 ---p 00107000 08:07 16257003                   /lib/x86_64-linux-gnu/libm-2.21.so
7febfe7e2000-7febfe7e3000 r--p 00106000 08:07 16257003                   /lib/x86_64-linux-gnu/libm-2.21.so
7febfe7e3000-7febfe7e4000 rw-p 00107000 08:07 16257003                   /lib/x86_64-linux-gnu/libm-2.21.so
7febfe7e4000-7febfe8d4000 r-xp 00000000 08:07 13631543                   /usr/lib/x86_64-linux-gnu/libstdc++.so.6.0.20
7febfe8d4000-7febfead4000 ---p 000f0000 08:07 13631543                   /usr/lib/x86_64-linux-gnu/libstdc++.so.6.0.20
7febfead4000-7febfeadc000 r--p 000f0000 08:07 13631543                   /usr/lib/x86_64-linux-gnu/libstdc++.so.6.0.20
7febfeadc000-7febfeade000 rw-p 000f8000 08:07 13631543                   /usr/lib/x86_64-linux-gnu/libstdc++.so.6.0.20
7febfeade000-7febfeaf3000 rw-p 00000000 00:00 0 
7febfeaf3000-7febff653000 r-xp 00000000 08:07 13642163                   /usr/lib/jvm/java-7-openjdk-amd64/jre/lib/amd64/server/libjvm.so
7febff653000-7febff853000 ---p 00b60000 08:07 13642163                   /usr/lib/jvm/java-7-openjdk-amd64/jre/lib/amd64/server/libjvm.so
7febff853000-7febff8f2000 r--p 00b60000 08:07 13642163                   /usr/lib/jvm/java-7-openjdk-amd64/jre/lib/amd64/server/libjvm.so
7febff8f2000-7febff915000 rw-p 00bff000 08:07 13642163                   /usr/lib/jvm/java-7-openjdk-amd64/jre/lib/amd64/server/libjvm.so
7febff915000-7febff942000 rw-p 00000000 00:00 0 
7febff942000-7febff95b000 r-xp 00000000 08:07 16257026                   /lib/x86_64-linux-gnu/libz.so.1.2.8
7febff95b000-7febffb5b000 ---p 00019000 08:07 16257026                   /lib/x86_64-linux-gnu/libz.so.1.2.8
7febffb5b000-7febffb5c000 r--p 00019000 08:07 16257026                   /lib/x86_64-linux-gnu/libz.so.1.2.8
7febffb5c000-7febffb5d000 rw-p 0001a000 08:07 16257026                   /lib/x86_64-linux-gnu/libz.so.1.2.8
7febffb5d000-7febffb75000 r-xp 00000000 08:07 16253005                   /lib/x86_64-linux-gnu/libpthread-2.21.so
7febffb75000-7febffd75000 ---p 00018000 08:07 16253005                   /lib/x86_64-linux-gnu/libpthread-2.21.so
7febffd75000-7febffd76000 r--p 00018000 08:07 16253005                   /lib/x86_64-linux-gnu/libpthread-2.21.so
7febffd76000-7febffd77000 rw-p 00019000 08:07 16253005                   /lib/x86_64-linux-gnu/libpthread-2.21.so
7febffd77000-7febffd7b000 rw-p 00000000 00:00 0 
7febffd7b000-7febffd7e000 r-xp 00000000 08:07 16253001                   /lib/x86_64-linux-gnu/libdl-2.21.so
7febffd7e000-7febfff7d000 ---p 00003000 08:07 16253001                   /lib/x86_64-linux-gnu/libdl-2.21.so
7febfff7d000-7febfff7e000 r--p 00002000 08:07 16253001                   /lib/x86_64-linux-gnu/libdl-2.21.so
7febfff7e000-7febfff7f000 rw-p 00003000 08:07 16253001                   /lib/x86_64-linux-gnu/libdl-2.21.so
7febfff7f000-7fec0013f000 r-xp 00000000 08:07 16257010                   /lib/x86_64-linux-gnu/libc-2.21.so
7fec0013f000-7fec0033f000 ---p 001c0000 08:07 16257010                   /lib/x86_64-linux-gnu/libc-2.21.so
7fec0033f000-7fec00343000 r--p 001c0000 08:07 16257010                   /lib/x86_64-linux-gnu/libc-2.21.so
7fec00343000-7fec00345000 rw-p 001c4000 08:07 16257010                   /lib/x86_64-linux-gnu/libc-2.21.so
7fec00345000-7fec00349000 rw-p 00000000 00:00 0 
7fec00349000-7fec00356000 r-xp 00000000 08:07 13642172                   /usr/lib/jvm/java-7-openjdk-amd64/jre/lib/amd64/jli/libjli.so
7fec00356000-7fec00555000 ---p 0000d000 08:07 13642172                   /usr/lib/jvm/java-7-openjdk-amd64/jre/lib/amd64/jli/libjli.so
7fec00555000-7fec00556000 r--p 0000c000 08:07 13642172                   /usr/lib/jvm/java-7-openjdk-amd64/jre/lib/amd64/jli/libjli.so
7fec00556000-7fec00557000 rw-p 0000d000 08:07 13642172                   /usr/lib/jvm/java-7-openjdk-amd64/jre/lib/amd64/jli/libjli.so
7fec00557000-7fec0057b000 r-xp 00000000 08:07 16253004                   /lib/x86_64-linux-gnu/ld-2.21.so
7fec0057b000-7fec0057c000 rw-p 00000000 00:00 0 
7fec0057c000-7fec0057d000 r--s 00005000 08:07 7081028                    /home/hit_alan/zhoufandi/somefilebetweenlinuxandwindows/target/csvio-1.0.2.jar
7fec0057d000-7fec0057e000 r--s 00008000 08:07 7081026                    /home/hit_alan/zhoufandi/somefilebetweenlinuxandwindows/target/commons-cli-1.1.jar
7fec0057e000-7fec00580000 r--s 0001d000 08:07 7081025                    /home/hit_alan/zhoufandi/somefilebetweenlinuxandwindows/target/xmlcli-1.2.3.jar
7fec00580000-7fec00582000 r--s 0000d000 08:07 7081029                    /home/hit_alan/zhoufandi/somefilebetweenlinuxandwindows/target/commons-logging-1.1.1.jar
7fec00582000-7fec00587000 r--s 00034000 08:07 7081024                    /home/hit_alan/zhoufandi/somefilebetweenlinuxandwindows/target/commons-beanutils-1.8.3.jar
7fec00587000-7fec00592000 r--s 000b4000 08:07 7081123                    /home/hit_alan/zhoufandi/somefilebetweenlinuxandwindows/target/stigmata-5.0-SNAPSHOT.jar
7fec00592000-7fec00596000 r--s 00034000 08:07 13642025                   /usr/lib/jvm/java-7-openjdk-amd64/jre/lib/ext/sunjce_provider.jar
7fec00596000-7fec005a0000 rw-p 00000000 00:00 0 
7fec005a0000-7fec00656000 rw-p 00000000 00:00 0 
7fec00656000-7fec00659000 ---p 00000000 00:00 0 
7fec00659000-7fec0075c000 rw-p 00000000 00:00 0 
7fec0075c000-7fec0075e000 r--s 0000b000 08:07 7081027                    /home/hit_alan/zhoufandi/somefilebetweenlinuxandwindows/target/commons-dbutils-1.4.jar
7fec0075e000-7fec0075f000 r--s 00002000 08:07 13642027                   /usr/lib/jvm/java-7-openjdk-amd64/jre/lib/ext/dnsns.jar
7fec0075f000-7fec00761000 r--s 00012000 08:07 13642022                   /usr/lib/jvm/java-7-openjdk-amd64/jre/lib/ext/zipfs.jar
7fec00761000-7fec00765000 r--s 0003c000 08:07 13642026                   /usr/lib/jvm/java-7-openjdk-amd64/jre/lib/ext/sunpkcs11.jar
7fec00765000-7fec00768000 r--s 0000f000 08:07 13642024                   /usr/lib/jvm/java-7-openjdk-amd64/jre/lib/ext/icedtea-sound.jar
7fec00768000-7fec0076c000 r--s 00085000 08:07 13642023                   /usr/lib/jvm/java-7-openjdk-amd64/jre/lib/ext/localedata.jar
7fec0076c000-7fec0076e000 r--s 00006000 08:07 14028198                   /usr/share/java/java-atk-wrapper.jar
7fec0076e000-7fec00776000 rw-s 00000000 08:07 4984213                    /tmp/hsperfdata_hit_alan/949
7fec00776000-7fec00777000 rw-p 00000000 00:00 0 
7fec00777000-7fec00778000 ---p 00000000 00:00 0 
7fec00778000-7fec0077a000 rw-p 00000000 00:00 0 
7fec0077a000-7fec0077b000 r--p 00023000 08:07 16253004                   /lib/x86_64-linux-gnu/ld-2.21.so
7fec0077b000-7fec0077c000 rw-p 00024000 08:07 16253004                   /lib/x86_64-linux-gnu/ld-2.21.so
7fec0077c000-7fec0077d000 rw-p 00000000 00:00 0 
7ffc486d2000-7ffc486f4000 rw-p 00000000 00:00 0                          [stack]
7ffc4874b000-7ffc4874d000 r--p 00000000 00:00 0                          [vvar]
7ffc4874d000-7ffc4874f000 r-xp 00000000 00:00 0                          [vdso]
ffffffffff600000-ffffffffff601000 r-xp 00000000 00:00 0                  [vsyscall]

VM Arguments:
java_command: stigmata-5.0-SNAPSHOT.jar -f xml -b cvfv compare ../dex2jar-2.0/10dbc84eb9bf650c838b82437797c4af3e5de361a6c5ac18ee17f4f72cffb9c7/channeldex2jar.jar ../dex2jar-2.0/10dbc84eb9bf650c838b82437797c4af3e5de361a6c5ac18ee17f4f72cffb9c7/clientdex2jar.jar
Launcher Type: SUN_STANDARD

Environment Variables:
JAVA_HOME=/usr/lib/jvm/java-7-openjdk-amd64
PATH=/home/hit_alan/.gvm/vertx/current/bin:/home/hit_alan/.gvm/springboot/current/bin:/home/hit_alan/.gvm/lazybones/current/bin:/home/hit_alan/.gvm/jbake/current/bin:/home/hit_alan/.gvm/groovyserv/current/bin:/home/hit_alan/.gvm/groovy/current/bin:/home/hit_alan/.gvm/griffon/current/bin:/home/hit_alan/.gvm/grails/current/bin:/home/hit_alan/.gvm/gradle/current/bin:/home/hit_alan/.gvm/glide/current/bin:/home/hit_alan/.gvm/gaiden/current/bin:/home/hit_alan/.gvm/crash/current/bin:/home/hit_alan/.gvm/asciidoctorj/current/bin:/home/hit_alan/bin:/usr/local/sbin:/usr/local/bin:/usr/sbin:/usr/bin:/sbin:/bin:/usr/games:/usr/local/games:/usr/gradle-2.4/bin:/usr/grails-3.0.2/bin:/home/hit_alan/softwares/adt-bundle-linux-x86_64-20140624/sdk/platform-tools:/home/hit_alan/softwares/adt-bundle-linux-x86_64-20140624/sdk/tools
SHELL=/bin/bash
DISPLAY=:0

Signal Handlers:
SIGSEGV: [libjvm.so+0x992590], sa_mask[0]=0x7ffbfeff, sa_flags=0x10000004
SIGBUS: [libjvm.so+0x992590], sa_mask[0]=0x7ffbfeff, sa_flags=0x10000004
SIGFPE: [libjvm.so+0x7fec60], sa_mask[0]=0x7ffbfeff, sa_flags=0x10000004
SIGPIPE: [libjvm.so+0x7fec60], sa_mask[0]=0x7ffbfeff, sa_flags=0x10000004
SIGXFSZ: [libjvm.so+0x7fec60], sa_mask[0]=0x7ffbfeff, sa_flags=0x10000004
SIGILL: [libjvm.so+0x7fec60], sa_mask[0]=0x7ffbfeff, sa_flags=0x10000004
SIGUSR1: SIG_DFL, sa_mask[0]=0x00000000, sa_flags=0x00000000
SIGUSR2: [libjvm.so+0x7feae0], sa_mask[0]=0x00000004, sa_flags=0x10000004
SIGHUP: [libjvm.so+0x7fece0], sa_mask[0]=0x7ffbfeff, sa_flags=0x10000004
SIGINT: [libjvm.so+0x7fece0], sa_mask[0]=0x7ffbfeff, sa_flags=0x10000004
SIGTERM: [libjvm.so+0x7fece0], sa_mask[0]=0x7ffbfeff, sa_flags=0x10000004
SIGQUIT: [libjvm.so+0x7fece0], sa_mask[0]=0x7ffbfeff, sa_flags=0x10000004
SIGTRAP: SIG_DFL, sa_mask[0]=0x00000000, sa_flags=0x00000000


---------------  S Y S T E M  ---------------

OS:Ubuntu 15.04 (vivid)
uname:Linux 3.19.0-66-generic #74-Ubuntu SMP Tue Jul 19 15:07:04 UTC 2016 x86_64
libc:glibc 2.21 NPTL 2.21 
rlimit: STACK 8192k, CORE 0k, NPROC 31638, NOFILE 65536, AS infinity
load average:20.40 7.58 3.58

/proc/meminfo:
MemTotal:        8121832 kB
MemFree:          602916 kB
MemAvailable:     598764 kB
Buffers:            2172 kB
Cached:           457296 kB
SwapCached:            0 kB
Active:          6811464 kB
Inactive:         431092 kB
Active(anon):    6803712 kB
Inactive(anon):   343824 kB
Active(file):       7752 kB
Inactive(file):    87268 kB
Unevictable:         944 kB
Mlocked:             944 kB
SwapTotal:             0 kB
SwapFree:              0 kB
Dirty:             23952 kB
Writeback:             0 kB
AnonPages:       6784484 kB
Mapped:           328396 kB
Shmem:            364020 kB
Slab:             118992 kB
SReclaimable:      65608 kB
SUnreclaim:        53384 kB
KernelStack:       13584 kB
PageTables:        66804 kB
NFS_Unstable:          0 kB
Bounce:                0 kB
WritebackTmp:          0 kB
CommitLimit:     4060916 kB
Committed_AS:   12220692 kB
VmallocTotal:   34359738367 kB
VmallocUsed:      113140 kB
VmallocChunk:   34359525524 kB
HardwareCorrupted:     0 kB
AnonHugePages:   2381824 kB
CmaTotal:              0 kB
CmaFree:               0 kB
HugePages_Total:       0
HugePages_Free:        0
HugePages_Rsvd:        0
HugePages_Surp:        0
Hugepagesize:       2048 kB
DirectMap4k:      580884 kB
DirectMap2M:     7753728 kB
DirectMap1G:     1048576 kB


CPU:total 4 (4 cores per cpu, 1 threads per core) family 6 model 60 stepping 3, cmov, cx8, fxsr, mmx, sse, sse2, sse3, ssse3, sse4.1, sse4.2, popcnt, avx, avx2, aes, erms, tsc, tscinvbit

/proc/cpuinfo:
processor	: 0
vendor_id	: GenuineIntel
cpu family	: 6
model		: 60
model name	: Intel(R) Core(TM) i5-4590 CPU @ 3.30GHz
stepping	: 3
microcode	: 0x1d
cpu MHz		: 3499.933
cache size	: 6144 KB
physical id	: 0
siblings	: 4
core id		: 0
cpu cores	: 4
apicid		: 0
initial apicid	: 0
fpu		: yes
fpu_exception	: yes
cpuid level	: 13
wp		: yes
flags		: fpu vme de pse tsc msr pae mce cx8 apic sep mtrr pge mca cmov pat pse36 clflush dts acpi mmx fxsr sse sse2 ss ht tm pbe syscall nx pdpe1gb rdtscp lm constant_tsc arch_perfmon pebs bts rep_good nopl xtopology nonstop_tsc aperfmperf eagerfpu pni pclmulqdq dtes64 monitor ds_cpl vmx smx est tm2 ssse3 fma cx16 xtpr pdcm pcid sse4_1 sse4_2 x2apic movbe popcnt tsc_deadline_timer aes xsave avx f16c rdrand lahf_lm abm ida arat epb pln pts dtherm tpr_shadow vnmi flexpriority ept vpid fsgsbase tsc_adjust bmi1 avx2 smep bmi2 erms invpcid xsaveopt
bugs		:
bogomips	: 6584.56
clflush size	: 64
cache_alignment	: 64
address sizes	: 39 bits physical, 48 bits virtual
power management:

processor	: 1
vendor_id	: GenuineIntel
cpu family	: 6
model		: 60
model name	: Intel(R) Core(TM) i5-4590 CPU @ 3.30GHz
stepping	: 3
microcode	: 0x1d
cpu MHz		: 3499.933
cache size	: 6144 KB
physical id	: 0
siblings	: 4
core id		: 1
cpu cores	: 4
apicid		: 2
initial apicid	: 2
fpu		: yes
fpu_exception	: yes
cpuid level	: 13
wp		: yes
flags		: fpu vme de pse tsc msr pae mce cx8 apic sep mtrr pge mca cmov pat pse36 clflush dts acpi mmx fxsr sse sse2 ss ht tm pbe syscall nx pdpe1gb rdtscp lm constant_tsc arch_perfmon pebs bts rep_good nopl xtopology nonstop_tsc aperfmperf eagerfpu pni pclmulqdq dtes64 monitor ds_cpl vmx smx est tm2 ssse3 fma cx16 xtpr pdcm pcid sse4_1 sse4_2 x2apic movbe popcnt tsc_deadline_timer aes xsave avx f16c rdrand lahf_lm abm ida arat epb pln pts dtherm tpr_shadow vnmi flexpriority ept vpid fsgsbase tsc_adjust bmi1 avx2 smep bmi2 erms invpcid xsaveopt
bugs		:
bogomips	: 6584.56
clflush size	: 64
cache_alignment	: 64
address sizes	: 39 bits physical, 48 bits virtual
power management:

processor	: 2
vendor_id	: GenuineIntel
cpu family	: 6
model		: 60
model name	: Intel(R) Core(TM) i5-4590 CPU @ 3.30GHz
stepping	: 3
microcode	: 0x1d
cpu MHz		: 3499.933
cache size	: 6144 KB
physical id	: 0
siblings	: 4
core id		: 2
cpu cores	: 4
apicid		: 4
initial apicid	: 4
fpu		: yes
fpu_exception	: yes
cpuid level	: 13
wp		: yes
flags		: fpu vme de pse tsc msr pae mce cx8 apic sep mtrr pge mca cmov pat pse36 clflush dts acpi mmx fxsr sse sse2 ss ht tm pbe syscall nx pdpe1gb rdtscp lm constant_tsc arch_perfmon pebs bts rep_good nopl xtopology nonstop_tsc aperfmperf eagerfpu pni pclmulqdq dtes64 monitor ds_cpl vmx smx est tm2 ssse3 fma cx16 xtpr pdcm pcid sse4_1 sse4_2 x2apic movbe popcnt tsc_deadline_timer aes xsave avx f16c rdrand lahf_lm abm ida arat epb pln pts dtherm tpr_shadow vnmi flexpriority ept vpid fsgsbase tsc_adjust bmi1 avx2 smep bmi2 erms invpcid xsaveopt
bugs		:
bogomips	: 6584.56
clflush size	: 64
cache_alignment	: 64
address sizes	: 39 bits physical, 48 bits virtual
power management:

processor	: 3
vendor_id	: GenuineIntel
cpu family	: 6
model		: 60
model name	: Intel(R) Core(TM) i5-4590 CPU @ 3.30GHz
stepping	: 3
microcode	: 0x1d
cpu MHz		: 3499.933
cache size	: 6144 KB
physical id	: 0
siblings	: 4
core id		: 3
cpu cores	: 4
apicid		: 6
initial apicid	: 6
fpu		: yes
fpu_exception	: yes
cpuid level	: 13
wp		: yes
flags		: fpu vme de pse tsc msr pae mce cx8 apic sep mtrr pge mca cmov pat pse36 clflush dts acpi mmx fxsr sse sse2 ss ht tm pbe syscall nx pdpe1gb rdtscp lm constant_tsc arch_perfmon pebs bts rep_good nopl xtopology nonstop_tsc aperfmperf eagerfpu pni pclmulqdq dtes64 monitor ds_cpl vmx smx est tm2 ssse3 fma cx16 xtpr pdcm pcid sse4_1 sse4_2 x2apic movbe popcnt tsc_deadline_timer aes xsave avx f16c rdrand lahf_lm abm ida arat epb pln pts dtherm tpr_shadow vnmi flexpriority ept vpid fsgsbase tsc_adjust bmi1 avx2 smep bmi2 erms invpcid xsaveopt
bugs		:
bogomips	: 6584.56
clflush size	: 64
cache_alignment	: 64
address sizes	: 39 bits physical, 48 bits virtual
power management:



Memory: 4k page, physical 8121832k(602916k free), swap 0k(0k free)

vm_info: OpenJDK 64-Bit Server VM (24.95-b01) for linux-amd64 JRE (1.7.0_95-b00), built on Jan 21 2016 03:41:02 by "buildd" with gcc 4.9.2

time: Sun Sep  4 07:43:30 2016
elapsed time: 164 seconds

