#
# There is insufficient memory for the Java Runtime Environment to continue.
# Native memory allocation (malloc) failed to allocate 112721920 bytes for committing reserved memory.
# Possible reasons:
#   The system is out of physical RAM or swap space
#   In 32 bit mode, the process size limit was hit
# Possible solutions:
#   Reduce memory load on the system
#   Increase physical memory or swap space
#   Check if swap backing store is full
#   Use 64 bit Java on a 64 bit OS
#   Decrease Java heap size (-Xmx/-Xms)
#   Decrease number of Java threads
#   Decrease Java thread stack sizes (-Xss)
#   Set larger code cache with -XX:ReservedCodeCacheSize=
# This output file may be truncated or incomplete.
#
#  Out of Memory Error (os_linux.cpp:2827), pid=31494, tid=140624752580352
#
# JRE version: OpenJDK Runtime Environment (7.0_95) (build 1.7.0_95-b00)
# Java VM: OpenJDK 64-Bit Server VM (24.95-b01 mixed mode linux-amd64 compressed oops)
# Derivative: IcedTea 2.6.4
# Distribution: Ubuntu 15.04, package 7u95-2.6.4-0ubuntu0.15.04.1
# Failed to write core dump. Core dumps have been disabled. To enable core dumping, try "ulimit -c unlimited" before starting Java again
#

---------------  T H R E A D  ---------------

Current thread (0x00007fe5c813d000):  VMThread [stack: 0x00007fe5c05c9000,0x00007fe5c06ca000] [id=31500]

Stack: [0x00007fe5c05c9000,0x00007fe5c06ca000],  sp=0x00007fe5c06c84e0,  free space=1021k
Native frames: (J=compiled Java code, j=interpreted, Vv=VM code, C=native code)
V  [libjvm.so+0x991aa6]
V  [libjvm.so+0x4934c2]
V  [libjvm.so+0x80371b]
V  [libjvm.so+0x7fddfe]
V  [libjvm.so+0x871c0b]
V  [libjvm.so+0x872ac3]
V  [libjvm.so+0x8731db]
V  [libjvm.so+0x86eb41]
V  [libjvm.so+0x86f3b8]
V  [libjvm.so+0x826a73]
V  [libjvm.so+0x993372]
V  [libjvm.so+0x9977f7]
V  [libjvm.so+0x995f6b]
V  [libjvm.so+0x996616]
V  [libjvm.so+0x996ae1]
V  [libjvm.so+0x800642]

VM_Operation (0x00007fe5d10a4610): ParallelGCFailedAllocation, mode: safepoint, requested by thread 0x00007fe5c800a000


---------------  P R O C E S S  ---------------

Java Threads: ( => current thread )
  0x00007fe5c8178000 JavaThread "Service Thread" daemon [_thread_blocked, id=31506, stack(0x00007fe5aba92000,0x00007fe5abb93000)]
  0x00007fe5c8175800 JavaThread "C2 CompilerThread1" daemon [_thread_blocked, id=31505, stack(0x00007fe5c00c4000,0x00007fe5c01c5000)]
  0x00007fe5c8172800 JavaThread "C2 CompilerThread0" daemon [_thread_blocked, id=31504, stack(0x00007fe5c01c5000,0x00007fe5c02c6000)]
  0x00007fe5c8170000 JavaThread "Signal Dispatcher" daemon [_thread_blocked, id=31503, stack(0x00007fe5c02c6000,0x00007fe5c03c7000)]
  0x00007fe5c8143800 JavaThread "Finalizer" daemon [_thread_blocked, id=31502, stack(0x00007fe5c03c7000,0x00007fe5c04c8000)]
  0x00007fe5c8141000 JavaThread "Reference Handler" daemon [_thread_blocked, id=31501, stack(0x00007fe5c04c8000,0x00007fe5c05c9000)]
  0x00007fe5c800a000 JavaThread "main" [_thread_blocked, id=31495, stack(0x00007fe5d0fa5000,0x00007fe5d10a6000)]

Other Threads:
=>0x00007fe5c813d000 VMThread [stack: 0x00007fe5c05c9000,0x00007fe5c06ca000] [id=31500]
  0x00007fe5c8182800 WatcherThread [stack: 0x00007fe5ab991000,0x00007fe5aba92000] [id=31507]

VM state:at safepoint (normal execution)

VM Mutex/Monitor currently owned by a thread:  ([mutex/lock_event])
[0x00007fe5c8006430] Threads_lock - owner thread: 0x00007fe5c813d000
[0x00007fe5c8006930] Heap_lock - owner thread: 0x00007fe5c800a000

Heap
 PSYoungGen      total 538624K, used 2776K [0x00000007d6a80000, 0x00000007f9480000, 0x0000000800000000)
  eden space 509952K, 0% used [0x00000007d6a80000,0x00000007d6a80000,0x00000007f5c80000)
  from space 28672K, 9% used [0x00000007f5c80000,0x00000007f5f361a8,0x00000007f7880000)
  to   space 28160K, 0% used [0x00000007f7900000,0x00000007f7900000,0x00000007f9480000)
 ParOldGen       total 84480K, used 45060K [0x0000000784000000, 0x0000000789280000, 0x00000007d6a80000)
  object space 84480K, 53% used [0x0000000784000000,0x0000000786c01250,0x0000000789280000)
 PSPermGen       total 21504K, used 7659K [0x0000000779a00000, 0x000000077af00000, 0x0000000784000000)
  object space 21504K, 35% used [0x0000000779a00000,0x000000077a17ae38,0x000000077af00000)

Card table byte_map: [0x00007fe5cd753000,0x00007fe5cdb87000] byte_map_base: 0x00007fe5c9b86000

Polling page: 0x00007fe5d10c6000

Code Cache  [0x00007fe5c5000000, 0x00007fe5c5270000, 0x00007fe5c8000000)
 total_blobs=734 nmethods=479 adapters=208 free_code_cache=47206Kb largest_free_block=48306304

Compilation events (10 events):
Event: 135.730 Thread 0x00007fe5c8172800  487             com.github.stigmata.birthmarks.cvfv.TypeAndValueBirthmarkElement::equals (70 bytes)
Event: 135.731 Thread 0x00007fe5c8172800 nmethod 487 0x00007fe5c51e05d0 code [0x00007fe5c51e0720, 0x00007fe5c51e0918]
Event: 136.121 Thread 0x00007fe5c8172800  488             java.lang.Integer::intValue (5 bytes)
Event: 136.122 Thread 0x00007fe5c8172800 nmethod 488 0x00007fe5c519e1d0 code [0x00007fe5c519e300, 0x00007fe5c519e358]
Event: 137.397 Thread 0x00007fe5c8172800  489             java.lang.ref.Reference::clear (6 bytes)
Event: 137.397 Thread 0x00007fe5c8172800 nmethod 489 0x00007fe5c51cad90 code [0x00007fe5c51caec0, 0x00007fe5c51caf18]
Event: 137.397 Thread 0x00007fe5c8172800  490 % !         java.lang.ref.Finalizer$FinalizerThread::run @ 33 (55 bytes)
Event: 137.403 Thread 0x00007fe5c8172800 nmethod 490% 0x00007fe5c51ebbd0 code [0x00007fe5c51ebd80, 0x00007fe5c51ec4e8]
Event: 137.950 Thread 0x00007fe5c8175800  491             java.lang.Integer::equals (29 bytes)
Event: 137.951 Thread 0x00007fe5c8175800 nmethod 491 0x00007fe5c51de790 code [0x00007fe5c51de8e0, 0x00007fe5c51de998]

GC Heap History (10 events):
Event: 133.152 GC heap after
Heap after GC invocations=4 (full 0):
 PSYoungGen      total 134144K, used 5093K [0x00000007d6a80000, 0x00000007df280000, 0x0000000800000000)
  eden space 129024K, 0% used [0x00000007d6a80000,0x00000007d6a80000,0x00000007de880000)
  from space 5120K, 99% used [0x00000007ded80000,0x00000007df2796e0,0x00000007df280000)
  to   space 5120K, 0% used [0x00000007de880000,0x00000007de880000,0x00000007ded80000)
 ParOldGen       total 84480K, used 16512K [0x0000000784000000, 0x0000000789280000, 0x00000007d6a80000)
  object space 84480K, 19% used [0x0000000784000000,0x0000000785020178,0x0000000789280000)
 PSPermGen       total 21504K, used 7594K [0x0000000779a00000, 0x000000077af00000, 0x0000000784000000)
  object space 21504K, 35% used [0x0000000779a00000,0x000000077a16a8e8,0x000000077af00000)
}
Event: 133.824 GC heap before
{Heap before GC invocations=5 (full 0):
 PSYoungGen      total 134144K, used 134117K [0x00000007d6a80000, 0x00000007df280000, 0x0000000800000000)
  eden space 129024K, 100% used [0x00000007d6a80000,0x00000007de880000,0x00000007de880000)
  from space 5120K, 99% used [0x00000007ded80000,0x00000007df2796e0,0x00000007df280000)
  to   space 5120K, 0% used [0x00000007de880000,0x00000007de880000,0x00000007ded80000)
 ParOldGen       total 84480K, used 16512K [0x0000000784000000, 0x0000000789280000, 0x00000007d6a80000)
  object space 84480K, 19% used [0x0000000784000000,0x0000000785020178,0x0000000789280000)
 PSPermGen       total 21504K, used 7600K [0x0000000779a00000, 0x000000077af00000, 0x0000000784000000)
  object space 21504K, 35% used [0x0000000779a00000,0x000000077a16c060,0x000000077af00000)
Event: 133.837 GC heap after
Heap after GC invocations=5 (full 0):
 PSYoungGen      total 134144K, used 5106K [0x00000007d6a80000, 0x00000007e8d80000, 0x0000000800000000)
  eden space 129024K, 0% used [0x00000007d6a80000,0x00000007d6a80000,0x00000007de880000)
  from space 5120K, 99% used [0x00000007de880000,0x00000007ded7c9a0,0x00000007ded80000)
  to   space 19968K, 0% used [0x00000007e7a00000,0x00000007e7a00000,0x00000007e8d80000)
 ParOldGen       total 84480K, used 31029K [0x0000000784000000, 0x0000000789280000, 0x00000007d6a80000)
  object space 84480K, 36% used [0x0000000784000000,0x0000000785e4d570,0x0000000789280000)
 PSPermGen       total 21504K, used 7600K [0x0000000779a00000, 0x000000077af00000, 0x0000000784000000)
  object space 21504K, 35% used [0x0000000779a00000,0x000000077a16c060,0x000000077af00000)
}
Event: 134.800 GC heap before
{Heap before GC invocations=6 (full 0):
 PSYoungGen      total 134144K, used 134130K [0x00000007d6a80000, 0x00000007e8d80000, 0x0000000800000000)
  eden space 129024K, 100% used [0x00000007d6a80000,0x00000007de880000,0x00000007de880000)
  from space 5120K, 99% used [0x00000007de880000,0x00000007ded7c9a0,0x00000007ded80000)
  to   space 19968K, 0% used [0x00000007e7a00000,0x00000007e7a00000,0x00000007e8d80000)
 ParOldGen       total 84480K, used 31029K [0x0000000784000000, 0x0000000789280000, 0x00000007d6a80000)
  object space 84480K, 36% used [0x0000000784000000,0x0000000785e4d570,0x0000000789280000)
 PSPermGen       total 21504K, used 7622K [0x0000000779a00000, 0x000000077af00000, 0x0000000784000000)
  object space 21504K, 35% used [0x0000000779a00000,0x000000077a171bd0,0x000000077af00000)
Event: 134.819 GC heap after
Heap after GC invocations=6 (full 0):
 PSYoungGen      total 274944K, used 18578K [0x00000007d6a80000, 0x00000007e9380000, 0x0000000800000000)
  eden space 254976K, 0% used [0x00000007d6a80000,0x00000007d6a80000,0x00000007e6380000)
  from space 19968K, 93% used [0x00000007e7a00000,0x00000007e8c24928,0x00000007e8d80000)
  to   space 23040K, 0% used [0x00000007e6380000,0x00000007e6380000,0x00000007e7a00000)
 ParOldGen       total 84480K, used 31029K [0x0000000784000000, 0x0000000789280000, 0x00000007d6a80000)
  object space 84480K, 36% used [0x0000000784000000,0x0000000785e4d570,0x0000000789280000)
 PSPermGen       total 21504K, used 7622K [0x0000000779a00000, 0x000000077af00000, 0x0000000784000000)
  object space 21504K, 35% used [0x0000000779a00000,0x000000077a171bd0,0x000000077af00000)
}
Event: 137.370 GC heap before
{Heap before GC invocations=7 (full 0):
 PSYoungGen      total 274944K, used 273554K [0x00000007d6a80000, 0x00000007e9380000, 0x0000000800000000)
  eden space 254976K, 100% used [0x00000007d6a80000,0x00000007e6380000,0x00000007e6380000)
  from space 19968K, 93% used [0x00000007e7a00000,0x00000007e8c24928,0x00000007e8d80000)
  to   space 23040K, 0% used [0x00000007e6380000,0x00000007e6380000,0x00000007e7a00000)
 ParOldGen       total 84480K, used 31029K [0x0000000784000000, 0x0000000789280000, 0x00000007d6a80000)
  object space 84480K, 36% used [0x0000000784000000,0x0000000785e4d570,0x0000000789280000)
 PSPermGen       total 21504K, used 7658K [0x0000000779a00000, 0x000000077af00000, 0x0000000784000000)
  object space 21504K, 35% used [0x0000000779a00000,0x000000077a17ab48,0x000000077af00000)
Event: 137.390 GC heap after
Heap after GC invocations=7 (full 0):
 PSYoungGen      total 278016K, used 23010K [0x00000007d6a80000, 0x00000007f9580000, 0x0000000800000000)
  eden space 254976K, 0% used [0x00000007d6a80000,0x00000007d6a80000,0x00000007e6380000)
  from space 23040K, 99% used [0x00000007e6380000,0x00000007e79f8928,0x00000007e7a00000)
  to   space 29184K, 0% used [0x00000007f7900000,0x00000007f7900000,0x00000007f9580000)
 ParOldGen       total 84480K, used 35994K [0x0000000784000000, 0x0000000789280000, 0x00000007d6a80000)
  object space 84480K, 42% used [0x0000000784000000,0x0000000786326818,0x0000000789280000)
 PSPermGen       total 21504K, used 7658K [0x0000000779a00000, 0x000000077af00000, 0x0000000784000000)
  object space 21504K, 35% used [0x0000000779a00000,0x000000077a17ab48,0x000000077af00000)
}
Event: 141.503 GC heap before
{Heap before GC invocations=8 (full 0):
 PSYoungGen      total 278016K, used 277986K [0x00000007d6a80000, 0x00000007f9580000, 0x0000000800000000)
  eden space 254976K, 100% used [0x00000007d6a80000,0x00000007e6380000,0x00000007e6380000)
  from space 23040K, 99% used [0x00000007e6380000,0x00000007e79f8928,0x00000007e7a00000)
  to   space 29184K, 0% used [0x00000007f7900000,0x00000007f7900000,0x00000007f9580000)
 ParOldGen       total 84480K, used 35994K [0x0000000784000000, 0x0000000789280000, 0x00000007d6a80000)
  object space 84480K, 42% used [0x0000000784000000,0x0000000786326818,0x0000000789280000)
 PSPermGen       total 21504K, used 7658K [0x0000000779a00000, 0x000000077af00000, 0x0000000784000000)
  object space 21504K, 35% used [0x0000000779a00000,0x000000077a17ab68,0x000000077af00000)
Event: 142.366 GC heap after
Heap after GC invocations=8 (full 0):
 PSYoungGen      total 538112K, used 17449K [0x00000007d6a80000, 0x00000007f9480000, 0x0000000800000000)
  eden space 509952K, 0% used [0x00000007d6a80000,0x00000007d6a80000,0x00000007f5c80000)
  from space 28160K, 61% used [0x00000007f7900000,0x00000007f8a0a590,0x00000007f9480000)
  to   space 28672K, 0% used [0x00000007f5c80000,0x00000007f5c80000,0x00000007f7880000)
 ParOldGen       total 84480K, used 37463K [0x0000000784000000, 0x0000000789280000, 0x00000007d6a80000)
  object space 84480K, 44% used [0x0000000784000000,0x0000000786495d00,0x0000000789280000)
 PSPermGen       total 21504K, used 7658K [0x0000000779a00000, 0x000000077af00000, 0x0000000784000000)
  object space 21504K, 35% used [0x0000000779a00000,0x000000077a17ab68,0x000000077af00000)
}
Event: 164.674 GC heap before
{Heap before GC invocations=9 (full 0):
 PSYoungGen      total 538112K, used 527401K [0x00000007d6a80000, 0x00000007f9480000, 0x0000000800000000)
  eden space 509952K, 100% used [0x00000007d6a80000,0x00000007f5c80000,0x00000007f5c80000)
  from space 28160K, 61% used [0x00000007f7900000,0x00000007f8a0a590,0x00000007f9480000)
  to   space 28672K, 0% used [0x00000007f5c80000,0x00000007f5c80000,0x00000007f7880000)
 ParOldGen       total 84480K, used 37463K [0x0000000784000000, 0x0000000789280000, 0x00000007d6a80000)
  object space 84480K, 44% used [0x0000000784000000,0x0000000786495d00,0x0000000789280000)
 PSPermGen       total 21504K, used 7659K [0x0000000779a00000, 0x000000077af00000, 0x0000000784000000)
  object space 21504K, 35% used [0x0000000779a00000,0x000000077a17ae38,0x000000077af00000)

Deoptimization events (10 events):
Event: 135.719 Thread 0x00007fe5c800a000 Uncommon trap: reason=bimorphic action=maybe_recompile pc=0x00007fe5c51ea620 method=com.github.stigmata.birthmarks.cvfv.TypeAndValueBirthmarkElement.equals(Ljava/lang/Object;)Z @ 64
Event: 135.720 Thread 0x00007fe5c800a000 Uncommon trap: reason=bimorphic action=maybe_recompile pc=0x00007fe5c51ea620 method=com.github.stigmata.birthmarks.cvfv.TypeAndValueBirthmarkElement.equals(Ljava/lang/Object;)Z @ 64
Event: 135.720 Thread 0x00007fe5c800a000 Uncommon trap: reason=bimorphic action=maybe_recompile pc=0x00007fe5c51ea620 method=com.github.stigmata.birthmarks.cvfv.TypeAndValueBirthmarkElement.equals(Ljava/lang/Object;)Z @ 64
Event: 135.720 Thread 0x00007fe5c800a000 Uncommon trap: reason=bimorphic action=maybe_recompile pc=0x00007fe5c51dee90 method=com.github.stigmata.birthmarks.cvfv.TypeAndValueBirthmarkElement.equals(Ljava/lang/Object;)Z @ 64
Event: 137.393 Thread 0x00007fe5c8143800 Uncommon trap: reason=unstable_if action=reinterpret pc=0x00007fe5c50dcc30 method=java.lang.ref.Finalizer.remove()V @ 10
Event: 137.394 Thread 0x00007fe5c8143800 Uncommon trap: reason=bimorphic action=maybe_recompile pc=0x00007fe5c50dc040 method=java.lang.System$2.invokeFinalize(Ljava/lang/Object;)V @ 1
Event: 137.394 Thread 0x00007fe5c8143800 Uncommon trap: reason=bimorphic action=maybe_recompile pc=0x00007fe5c50dc040 method=java.lang.System$2.invokeFinalize(Ljava/lang/Object;)V @ 1
Event: 137.394 Thread 0x00007fe5c8143800 Uncommon trap: reason=bimorphic action=maybe_recompile pc=0x00007fe5c50dc040 method=java.lang.System$2.invokeFinalize(Ljava/lang/Object;)V @ 1
Event: 137.394 Thread 0x00007fe5c8143800 Uncommon trap: reason=bimorphic action=maybe_recompile pc=0x00007fe5c50dc040 method=java.lang.System$2.invokeFinalize(Ljava/lang/Object;)V @ 1
Event: 137.394 Thread 0x00007fe5c8143800 Uncommon trap: reason=bimorphic action=maybe_recompile pc=0x00007fe5c50db7b4 method=java.lang.System$2.invokeFinalize(Ljava/lang/Object;)V @ 1

Internal exceptions (10 events):
Event: 1.054 Thread 0x00007fe5c800a000 Threw 0x00000007d7224a48 at /build/openjdk-7-3x2aMC/openjdk-7-7u95-2.6.4/build/openjdk/hotspot/src/share/vm/prims/jvm.cpp:1322
Event: 1.055 Thread 0x00007fe5c800a000 Threw 0x00000007d7228b88 at /build/openjdk-7-3x2aMC/openjdk-7-7u95-2.6.4/build/openjdk/hotspot/src/share/vm/prims/jvm.cpp:1322
Event: 1.056 Thread 0x00007fe5c800a000 Threw 0x00000007d722fc00 at /build/openjdk-7-3x2aMC/openjdk-7-7u95-2.6.4/build/openjdk/hotspot/src/share/vm/prims/jvm.cpp:1322
Event: 1.058 Thread 0x00007fe5c800a000 Threw 0x00000007d72674d0 at /build/openjdk-7-3x2aMC/openjdk-7-7u95-2.6.4/build/openjdk/hotspot/src/share/vm/prims/jvm.cpp:1322
Event: 133.845 Thread 0x00007fe5c800a000 Implicit null exception at 0x00007fe5c51069d8 to 0x00007fe5c5106a16
Event: 135.244 Thread 0x00007fe5c800a000 Threw 0x00000007de789e68 at /build/openjdk-7-3x2aMC/openjdk-7-7u95-2.6.4/build/openjdk/hotspot/src/share/vm/prims/jvm.cpp:1322
Event: 135.259 Thread 0x00007fe5c800a000 Threw 0x00000007de78fa30 at /build/openjdk-7-3x2aMC/openjdk-7-7u95-2.6.4/build/openjdk/hotspot/src/share/vm/prims/jvm.cpp:1322
Event: 135.304 Thread 0x00007fe5c800a000 Threw 0x00000007de7a4d38 at /build/openjdk-7-3x2aMC/openjdk-7-7u95-2.6.4/build/openjdk/hotspot/src/share/vm/prims/jvm.cpp:1322
Event: 135.305 Thread 0x00007fe5c800a000 Threw 0x00000007de7a8e38 at /build/openjdk-7-3x2aMC/openjdk-7-7u95-2.6.4/build/openjdk/hotspot/src/share/vm/prims/jvm.cpp:1322
Event: 135.564 Thread 0x00007fe5c800a000 Implicit null exception at 0x00007fe5c51e4af1 to 0x00007fe5c51e56d1

Events (10 events):
Event: 137.394 Executing VM operation: RevokeBias done
Event: 137.394 Executing VM operation: RevokeBias
Event: 137.394 Executing VM operation: RevokeBias done
Event: 137.394 Executing VM operation: RevokeBias
Event: 137.394 Executing VM operation: RevokeBias done
Event: 137.394 Executing VM operation: BulkRevokeBias
Event: 137.394 Executing VM operation: BulkRevokeBias done
Event: 141.492 Executing VM operation: ParallelGCFailedAllocation
Event: 142.666 Executing VM operation: ParallelGCFailedAllocation done
Event: 164.387 Executing VM operation: ParallelGCFailedAllocation


Dynamic libraries:
00400000-00401000 r-xp 00000000 08:07 13641842                           /usr/lib/jvm/java-7-openjdk-amd64/jre/bin/java
00600000-00601000 r--p 00000000 08:07 13641842                           /usr/lib/jvm/java-7-openjdk-amd64/jre/bin/java
00601000-00602000 rw-p 00001000 08:07 13641842                           /usr/lib/jvm/java-7-openjdk-amd64/jre/bin/java
0150d000-0152e000 rw-p 00000000 00:00 0                                  [heap]
779a00000-77af00000 rw-p 00000000 00:00 0 
77af00000-784000000 rw-p 00000000 00:00 0 
784000000-789280000 rw-p 00000000 00:00 0 
789280000-7d6a80000 rw-p 00000000 00:00 0 
7d6a80000-7f9480000 rw-p 00000000 00:00 0 
7fe570000000-7fe573ffe000 rw-p 00000000 00:00 0 
7fe573ffe000-7fe574000000 ---p 00000000 00:00 0 
7fe574000000-7fe576268000 rw-p 00000000 00:00 0 
7fe576268000-7fe578000000 ---p 00000000 00:00 0 
7fe578000000-7fe57fffe000 rw-p 00000000 00:00 0 
7fe57fffe000-7fe580000000 ---p 00000000 00:00 0 
7fe580000000-7fe583ffd000 rw-p 00000000 00:00 0 
7fe583ffd000-7fe584000000 ---p 00000000 00:00 0 
7fe584000000-7fe587ffc000 rw-p 00000000 00:00 0 
7fe587ffc000-7fe588000000 ---p 00000000 00:00 0 
7fe588000000-7fe588021000 rw-p 00000000 00:00 0 
7fe588021000-7fe58c000000 ---p 00000000 00:00 0 
7fe58c000000-7fe58fffd000 rw-p 00000000 00:00 0 
7fe58fffd000-7fe590000000 ---p 00000000 00:00 0 
7fe590000000-7fe590fcb000 rw-p 00000000 00:00 0 
7fe590fcb000-7fe594000000 ---p 00000000 00:00 0 
7fe594000000-7fe594021000 rw-p 00000000 00:00 0 
7fe594021000-7fe598000000 ---p 00000000 00:00 0 
7fe598000000-7fe598021000 rw-p 00000000 00:00 0 
7fe598021000-7fe59c000000 ---p 00000000 00:00 0 
7fe59c000000-7fe59d1fc000 rw-p 00000000 00:00 0 
7fe59d1fc000-7fe5a0000000 ---p 00000000 00:00 0 
7fe5a0000000-7fe5a0021000 rw-p 00000000 00:00 0 
7fe5a0021000-7fe5a4000000 ---p 00000000 00:00 0 
7fe5a4000000-7fe5a4021000 rw-p 00000000 00:00 0 
7fe5a4021000-7fe5a8000000 ---p 00000000 00:00 0 
7fe5a9ce8000-7fe5a9d89000 r--s 005b7000 08:07 5246090                    /home/hit_alan/zhoufandi/somefilebetweenlinuxandwindows/dex2jar-2.0/09bf322674413a49aff785e718c00293cef235764819ec3f53c0077c1446a7af/clientdex2jar.jar
7fe5a9d89000-7fe5a9e2a000 r--s 005b7000 08:07 5246090                    /home/hit_alan/zhoufandi/somefilebetweenlinuxandwindows/dex2jar-2.0/09bf322674413a49aff785e718c00293cef235764819ec3f53c0077c1446a7af/clientdex2jar.jar
7fe5a9e2a000-7fe5a9ecb000 r--s 00607000 08:07 5246089                    /home/hit_alan/zhoufandi/somefilebetweenlinuxandwindows/dex2jar-2.0/09bf322674413a49aff785e718c00293cef235764819ec3f53c0077c1446a7af/channeldex2jar.jar
7fe5a9ecb000-7fe5aa1cc000 rw-p 00000000 00:00 0 
7fe5aa1cc000-7fe5aa238000 r-xp 00000000 08:07 16257056                   /lib/x86_64-linux-gnu/libpcre.so.3.13.1
7fe5aa238000-7fe5aa437000 ---p 0006c000 08:07 16257056                   /lib/x86_64-linux-gnu/libpcre.so.3.13.1
7fe5aa437000-7fe5aa438000 r--p 0006b000 08:07 16257056                   /lib/x86_64-linux-gnu/libpcre.so.3.13.1
7fe5aa438000-7fe5aa439000 rw-p 0006c000 08:07 16257056                   /lib/x86_64-linux-gnu/libpcre.so.3.13.1
7fe5aa439000-7fe5aa440000 r-xp 00000000 08:07 13631618                   /usr/lib/x86_64-linux-gnu/libffi.so.6.0.4
7fe5aa440000-7fe5aa63f000 ---p 00007000 08:07 13631618                   /usr/lib/x86_64-linux-gnu/libffi.so.6.0.4
7fe5aa63f000-7fe5aa640000 r--p 00006000 08:07 13631618                   /usr/lib/x86_64-linux-gnu/libffi.so.6.0.4
7fe5aa640000-7fe5aa641000 rw-p 00007000 08:07 13631618                   /usr/lib/x86_64-linux-gnu/libffi.so.6.0.4
7fe5aa641000-7fe5aa658000 r-xp 00000000 08:07 16253007                   /lib/x86_64-linux-gnu/libresolv-2.21.so
7fe5aa658000-7fe5aa858000 ---p 00017000 08:07 16253007                   /lib/x86_64-linux-gnu/libresolv-2.21.so
7fe5aa858000-7fe5aa85a000 r--p 00017000 08:07 16253007                   /lib/x86_64-linux-gnu/libresolv-2.21.so
7fe5aa85a000-7fe5aa85b000 rw-p 00019000 08:07 16253007                   /lib/x86_64-linux-gnu/libresolv-2.21.so
7fe5aa85b000-7fe5aa85d000 rw-p 00000000 00:00 0 
7fe5aa85d000-7fe5aa87e000 r-xp 00000000 08:07 16257131                   /lib/x86_64-linux-gnu/libselinux.so.1
7fe5aa87e000-7fe5aaa7d000 ---p 00021000 08:07 16257131                   /lib/x86_64-linux-gnu/libselinux.so.1
7fe5aaa7d000-7fe5aaa7e000 r--p 00020000 08:07 16257131                   /lib/x86_64-linux-gnu/libselinux.so.1
7fe5aaa7e000-7fe5aaa7f000 rw-p 00021000 08:07 16257131                   /lib/x86_64-linux-gnu/libselinux.so.1
7fe5aaa7f000-7fe5aaa81000 rw-p 00000000 00:00 0 
7fe5aaa81000-7fe5aaa84000 r-xp 00000000 08:07 13631893                   /usr/lib/x86_64-linux-gnu/libgmodule-2.0.so.0.4400.1
7fe5aaa84000-7fe5aac83000 ---p 00003000 08:07 13631893                   /usr/lib/x86_64-linux-gnu/libgmodule-2.0.so.0.4400.1
7fe5aac83000-7fe5aac84000 r--p 00002000 08:07 13631893                   /usr/lib/x86_64-linux-gnu/libgmodule-2.0.so.0.4400.1
7fe5aac84000-7fe5aac85000 rw-p 00003000 08:07 13631893                   /usr/lib/x86_64-linux-gnu/libgmodule-2.0.so.0.4400.1
7fe5aac85000-7fe5aad92000 r-xp 00000000 08:07 16257102                   /lib/x86_64-linux-gnu/libglib-2.0.so.0.4400.1
7fe5aad92000-7fe5aaf91000 ---p 0010d000 08:07 16257102                   /lib/x86_64-linux-gnu/libglib-2.0.so.0.4400.1
7fe5aaf91000-7fe5aaf92000 r--p 0010c000 08:07 16257102                   /lib/x86_64-linux-gnu/libglib-2.0.so.0.4400.1
7fe5aaf92000-7fe5aaf93000 rw-p 0010d000 08:07 16257102                   /lib/x86_64-linux-gnu/libglib-2.0.so.0.4400.1
7fe5aaf93000-7fe5aaf94000 rw-p 00000000 00:00 0 
7fe5aaf94000-7fe5aafe4000 r-xp 00000000 08:07 13631853                   /usr/lib/x86_64-linux-gnu/libgobject-2.0.so.0.4400.1
7fe5aafe4000-7fe5ab1e4000 ---p 00050000 08:07 13631853                   /usr/lib/x86_64-linux-gnu/libgobject-2.0.so.0.4400.1
7fe5ab1e4000-7fe5ab1e5000 r--p 00050000 08:07 13631853                   /usr/lib/x86_64-linux-gnu/libgobject-2.0.so.0.4400.1
7fe5ab1e5000-7fe5ab1e6000 rw-p 00051000 08:07 13631853                   /usr/lib/x86_64-linux-gnu/libgobject-2.0.so.0.4400.1
7fe5ab1e6000-7fe5ab35e000 r-xp 00000000 08:07 13631875                   /usr/lib/x86_64-linux-gnu/libgio-2.0.so.0.4400.1
7fe5ab35e000-7fe5ab55e000 ---p 00178000 08:07 13631875                   /usr/lib/x86_64-linux-gnu/libgio-2.0.so.0.4400.1
7fe5ab55e000-7fe5ab562000 r--p 00178000 08:07 13631875                   /usr/lib/x86_64-linux-gnu/libgio-2.0.so.0.4400.1
7fe5ab562000-7fe5ab564000 rw-p 0017c000 08:07 13631875                   /usr/lib/x86_64-linux-gnu/libgio-2.0.so.0.4400.1
7fe5ab564000-7fe5ab566000 rw-p 00000000 00:00 0 
7fe5ab566000-7fe5ab57e000 r-xp 00000000 08:07 13642175                   /usr/lib/jvm/java-7-openjdk-amd64/jre/lib/amd64/libnet.so
7fe5ab57e000-7fe5ab77d000 ---p 00018000 08:07 13642175                   /usr/lib/jvm/java-7-openjdk-amd64/jre/lib/amd64/libnet.so
7fe5ab77d000-7fe5ab77e000 r--p 00017000 08:07 13642175                   /usr/lib/jvm/java-7-openjdk-amd64/jre/lib/amd64/libnet.so
7fe5ab77e000-7fe5ab77f000 rw-p 00018000 08:07 13642175                   /usr/lib/jvm/java-7-openjdk-amd64/jre/lib/amd64/libnet.so
7fe5ab77f000-7fe5ab790000 r-xp 00000000 08:07 13642136                   /usr/lib/jvm/java-7-openjdk-amd64/jre/lib/amd64/libnio.so
7fe5ab790000-7fe5ab98f000 ---p 00011000 08:07 13642136                   /usr/lib/jvm/java-7-openjdk-amd64/jre/lib/amd64/libnio.so
7fe5ab98f000-7fe5ab990000 r--p 00010000 08:07 13642136                   /usr/lib/jvm/java-7-openjdk-amd64/jre/lib/amd64/libnio.so
7fe5ab990000-7fe5ab991000 rw-p 00011000 08:07 13642136                   /usr/lib/jvm/java-7-openjdk-amd64/jre/lib/amd64/libnio.so
7fe5ab991000-7fe5ab992000 ---p 00000000 00:00 0 
7fe5ab992000-7fe5aba92000 rw-p 00000000 00:00 0 
7fe5aba92000-7fe5aba95000 ---p 00000000 00:00 0 
7fe5aba95000-7fe5abb93000 rw-p 00000000 00:00 0 
7fe5abb93000-7fe5ac000000 r--p 00000000 08:07 13634881                   /usr/lib/locale/locale-archive
7fe5ac000000-7fe5ac021000 rw-p 00000000 00:00 0 
7fe5ac021000-7fe5b0000000 ---p 00000000 00:00 0 
7fe5b0000000-7fe5b0021000 rw-p 00000000 00:00 0 
7fe5b0021000-7fe5b4000000 ---p 00000000 00:00 0 
7fe5b4000000-7fe5b4021000 rw-p 00000000 00:00 0 
7fe5b4021000-7fe5b8000000 ---p 00000000 00:00 0 
7fe5b8000000-7fe5b8021000 rw-p 00000000 00:00 0 
7fe5b8021000-7fe5bc000000 ---p 00000000 00:00 0 
7fe5bc000000-7fe5bc021000 rw-p 00000000 00:00 0 
7fe5bc021000-7fe5c0000000 ---p 00000000 00:00 0 
7fe5c0023000-7fe5c00c4000 r--s 00607000 08:07 5246089                    /home/hit_alan/zhoufandi/somefilebetweenlinuxandwindows/dex2jar-2.0/09bf322674413a49aff785e718c00293cef235764819ec3f53c0077c1446a7af/channeldex2jar.jar
7fe5c00c4000-7fe5c00c7000 ---p 00000000 00:00 0 
7fe5c00c7000-7fe5c01c5000 rw-p 00000000 00:00 0 
7fe5c01c5000-7fe5c01c8000 ---p 00000000 00:00 0 
7fe5c01c8000-7fe5c02c6000 rw-p 00000000 00:00 0 
7fe5c02c6000-7fe5c02c9000 ---p 00000000 00:00 0 
7fe5c02c9000-7fe5c03c7000 rw-p 00000000 00:00 0 
7fe5c03c7000-7fe5c03ca000 ---p 00000000 00:00 0 
7fe5c03ca000-7fe5c04c8000 rw-p 00000000 00:00 0 
7fe5c04c8000-7fe5c04cb000 ---p 00000000 00:00 0 
7fe5c04cb000-7fe5c05c9000 rw-p 00000000 00:00 0 
7fe5c05c9000-7fe5c05ca000 ---p 00000000 00:00 0 
7fe5c05ca000-7fe5c5000000 rw-p 00000000 00:00 0 
7fe5c5000000-7fe5c5270000 rwxp 00000000 00:00 0 
7fe5c5270000-7fe5cbffb000 rw-p 00000000 00:00 0 
7fe5cbffb000-7fe5cc000000 ---p 00000000 00:00 0 
7fe5cc00a000-7fe5cc011000 r--s 00000000 08:07 13902402                   /usr/lib/x86_64-linux-gnu/gconv/gconv-modules.cache
7fe5cc011000-7fe5cc025000 r--p 00000000 08:07 14421516                   /usr/share/locale-langpack/zh_CN/LC_MESSAGES/libc.mo
7fe5cc025000-7fe5cc02f000 r--s 000ae000 08:07 13642193                   /usr/lib/jvm/java-7-openjdk-amd64/jre/lib/resources.jar
7fe5cc02f000-7fe5cc034000 r--s 00036000 08:07 7081023                    /home/hit_alan/zhoufandi/somefilebetweenlinuxandwindows/target/asm-all-5.0.3.jar
7fe5cc034000-7fe5cc986000 rw-p 00000000 00:00 0 
7fe5cc986000-7fe5ccb38000 r--s 01d2f000 08:07 13642124                   /usr/lib/jvm/java-7-openjdk-amd64/jre/lib/rt.jar
7fe5ccb38000-7fe5cd066000 rw-p 00000000 00:00 0 
7fe5cd066000-7fe5cd067000 ---p 00000000 00:00 0 
7fe5cd067000-7fe5cd167000 rw-p 00000000 00:00 0 
7fe5cd167000-7fe5cd168000 ---p 00000000 00:00 0 
7fe5cd168000-7fe5cd268000 rw-p 00000000 00:00 0 
7fe5cd268000-7fe5cd269000 ---p 00000000 00:00 0 
7fe5cd269000-7fe5cd369000 rw-p 00000000 00:00 0 
7fe5cd369000-7fe5cd36a000 ---p 00000000 00:00 0 
7fe5cd36a000-7fe5cd475000 rw-p 00000000 00:00 0 
7fe5cd475000-7fe5cd4bd000 rw-p 00000000 00:00 0 
7fe5cd4bd000-7fe5cd4e7000 rw-p 00000000 00:00 0 
7fe5cd4e7000-7fe5cd753000 rw-p 00000000 00:00 0 
7fe5cd753000-7fe5cd75e000 rw-p 00000000 00:00 0 
7fe5cd75e000-7fe5cd7a6000 rw-p 00000000 00:00 0 
7fe5cd7a6000-7fe5cd7d0000 rw-p 00000000 00:00 0 
7fe5cd7d0000-7fe5cda3b000 rw-p 00000000 00:00 0 
7fe5cda3b000-7fe5cdb51000 rw-p 00000000 00:00 0 
7fe5cdb51000-7fe5cdb86000 rw-p 00000000 00:00 0 
7fe5cdb86000-7fe5cdb87000 rw-p 00000000 00:00 0 
7fe5cdb87000-7fe5cdb8f000 r-xp 00000000 08:07 13642144                   /usr/lib/jvm/java-7-openjdk-amd64/jre/lib/amd64/libzip.so
7fe5cdb8f000-7fe5cdd8e000 ---p 00008000 08:07 13642144                   /usr/lib/jvm/java-7-openjdk-amd64/jre/lib/amd64/libzip.so
7fe5cdd8e000-7fe5cdd8f000 r--p 00007000 08:07 13642144                   /usr/lib/jvm/java-7-openjdk-amd64/jre/lib/amd64/libzip.so
7fe5cdd8f000-7fe5cdd90000 rw-p 00008000 08:07 13642144                   /usr/lib/jvm/java-7-openjdk-amd64/jre/lib/amd64/libzip.so
7fe5cdd90000-7fe5cdd9c000 r-xp 00000000 08:07 16253008                   /lib/x86_64-linux-gnu/libnss_files-2.21.so
7fe5cdd9c000-7fe5cdf9b000 ---p 0000c000 08:07 16253008                   /lib/x86_64-linux-gnu/libnss_files-2.21.so
7fe5cdf9b000-7fe5cdf9c000 r--p 0000b000 08:07 16253008                   /lib/x86_64-linux-gnu/libnss_files-2.21.so
7fe5cdf9c000-7fe5cdf9d000 rw-p 0000c000 08:07 16253008                   /lib/x86_64-linux-gnu/libnss_files-2.21.so
7fe5cdf9d000-7fe5cdfa8000 r-xp 00000000 08:07 16252996                   /lib/x86_64-linux-gnu/libnss_nis-2.21.so
7fe5cdfa8000-7fe5ce1a7000 ---p 0000b000 08:07 16252996                   /lib/x86_64-linux-gnu/libnss_nis-2.21.so
7fe5ce1a7000-7fe5ce1a8000 r--p 0000a000 08:07 16252996                   /lib/x86_64-linux-gnu/libnss_nis-2.21.so
7fe5ce1a8000-7fe5ce1a9000 rw-p 0000b000 08:07 16252996                   /lib/x86_64-linux-gnu/libnss_nis-2.21.so
7fe5ce1a9000-7fe5ce1c0000 r-xp 00000000 08:07 16257004                   /lib/x86_64-linux-gnu/libnsl-2.21.so
7fe5ce1c0000-7fe5ce3bf000 ---p 00017000 08:07 16257004                   /lib/x86_64-linux-gnu/libnsl-2.21.so
7fe5ce3bf000-7fe5ce3c0000 r--p 00016000 08:07 16257004                   /lib/x86_64-linux-gnu/libnsl-2.21.so
7fe5ce3c0000-7fe5ce3c1000 rw-p 00017000 08:07 16257004                   /lib/x86_64-linux-gnu/libnsl-2.21.so
7fe5ce3c1000-7fe5ce3c3000 rw-p 00000000 00:00 0 
7fe5ce3c3000-7fe5ce3cb000 r-xp 00000000 08:07 16253010                   /lib/x86_64-linux-gnu/libnss_compat-2.21.so
7fe5ce3cb000-7fe5ce5ca000 ---p 00008000 08:07 16253010                   /lib/x86_64-linux-gnu/libnss_compat-2.21.so
7fe5ce5ca000-7fe5ce5cb000 r--p 00007000 08:07 16253010                   /lib/x86_64-linux-gnu/libnss_compat-2.21.so
7fe5ce5cb000-7fe5ce5cc000 rw-p 00008000 08:07 16253010                   /lib/x86_64-linux-gnu/libnss_compat-2.21.so
7fe5ce5cc000-7fe5ce5f9000 r-xp 00000000 08:07 13642157                   /usr/lib/jvm/java-7-openjdk-amd64/jre/lib/amd64/libjava.so
7fe5ce5f9000-7fe5ce7f8000 ---p 0002d000 08:07 13642157                   /usr/lib/jvm/java-7-openjdk-amd64/jre/lib/amd64/libjava.so
7fe5ce7f8000-7fe5ce7f9000 r--p 0002c000 08:07 13642157                   /usr/lib/jvm/java-7-openjdk-amd64/jre/lib/amd64/libjava.so
7fe5ce7f9000-7fe5ce7fb000 rw-p 0002d000 08:07 13642157                   /usr/lib/jvm/java-7-openjdk-amd64/jre/lib/amd64/libjava.so
7fe5ce7fb000-7fe5ce80a000 r-xp 00000000 08:07 13642171                   /usr/lib/jvm/java-7-openjdk-amd64/jre/lib/amd64/libverify.so
7fe5ce80a000-7fe5cea09000 ---p 0000f000 08:07 13642171                   /usr/lib/jvm/java-7-openjdk-amd64/jre/lib/amd64/libverify.so
7fe5cea09000-7fe5cea0c000 r--p 0000e000 08:07 13642171                   /usr/lib/jvm/java-7-openjdk-amd64/jre/lib/amd64/libverify.so
7fe5cea0c000-7fe5cea0d000 rw-p 00011000 08:07 13642171                   /usr/lib/jvm/java-7-openjdk-amd64/jre/lib/amd64/libverify.so
7fe5cea0d000-7fe5cea14000 r-xp 00000000 08:07 16257005                   /lib/x86_64-linux-gnu/librt-2.21.so
7fe5cea14000-7fe5cec13000 ---p 00007000 08:07 16257005                   /lib/x86_64-linux-gnu/librt-2.21.so
7fe5cec13000-7fe5cec14000 r--p 00006000 08:07 16257005                   /lib/x86_64-linux-gnu/librt-2.21.so
7fe5cec14000-7fe5cec15000 rw-p 00007000 08:07 16257005                   /lib/x86_64-linux-gnu/librt-2.21.so
7fe5cec15000-7fe5cec2b000 r-xp 00000000 08:07 16257047                   /lib/x86_64-linux-gnu/libgcc_s.so.1
7fe5cec2b000-7fe5cee2a000 ---p 00016000 08:07 16257047                   /lib/x86_64-linux-gnu/libgcc_s.so.1
7fe5cee2a000-7fe5cee2b000 rw-p 00015000 08:07 16257047                   /lib/x86_64-linux-gnu/libgcc_s.so.1
7fe5cee2b000-7fe5cef32000 r-xp 00000000 08:07 16257003                   /lib/x86_64-linux-gnu/libm-2.21.so
7fe5cef32000-7fe5cf131000 ---p 00107000 08:07 16257003                   /lib/x86_64-linux-gnu/libm-2.21.so
7fe5cf131000-7fe5cf132000 r--p 00106000 08:07 16257003                   /lib/x86_64-linux-gnu/libm-2.21.so
7fe5cf132000-7fe5cf133000 rw-p 00107000 08:07 16257003                   /lib/x86_64-linux-gnu/libm-2.21.so
7fe5cf133000-7fe5cf223000 r-xp 00000000 08:07 13631543                   /usr/lib/x86_64-linux-gnu/libstdc++.so.6.0.20
7fe5cf223000-7fe5cf423000 ---p 000f0000 08:07 13631543                   /usr/lib/x86_64-linux-gnu/libstdc++.so.6.0.20
7fe5cf423000-7fe5cf42b000 r--p 000f0000 08:07 13631543                   /usr/lib/x86_64-linux-gnu/libstdc++.so.6.0.20
7fe5cf42b000-7fe5cf42d000 rw-p 000f8000 08:07 13631543                   /usr/lib/x86_64-linux-gnu/libstdc++.so.6.0.20
7fe5cf42d000-7fe5cf442000 rw-p 00000000 00:00 0 
7fe5cf442000-7fe5cffa2000 r-xp 00000000 08:07 13642163                   /usr/lib/jvm/java-7-openjdk-amd64/jre/lib/amd64/server/libjvm.so
7fe5cffa2000-7fe5d01a2000 ---p 00b60000 08:07 13642163                   /usr/lib/jvm/java-7-openjdk-amd64/jre/lib/amd64/server/libjvm.so
7fe5d01a2000-7fe5d0241000 r--p 00b60000 08:07 13642163                   /usr/lib/jvm/java-7-openjdk-amd64/jre/lib/amd64/server/libjvm.so
7fe5d0241000-7fe5d0264000 rw-p 00bff000 08:07 13642163                   /usr/lib/jvm/java-7-openjdk-amd64/jre/lib/amd64/server/libjvm.so
7fe5d0264000-7fe5d0291000 rw-p 00000000 00:00 0 
7fe5d0291000-7fe5d02aa000 r-xp 00000000 08:07 16257026                   /lib/x86_64-linux-gnu/libz.so.1.2.8
7fe5d02aa000-7fe5d04aa000 ---p 00019000 08:07 16257026                   /lib/x86_64-linux-gnu/libz.so.1.2.8
7fe5d04aa000-7fe5d04ab000 r--p 00019000 08:07 16257026                   /lib/x86_64-linux-gnu/libz.so.1.2.8
7fe5d04ab000-7fe5d04ac000 rw-p 0001a000 08:07 16257026                   /lib/x86_64-linux-gnu/libz.so.1.2.8
7fe5d04ac000-7fe5d04c4000 r-xp 00000000 08:07 16253005                   /lib/x86_64-linux-gnu/libpthread-2.21.so
7fe5d04c4000-7fe5d06c4000 ---p 00018000 08:07 16253005                   /lib/x86_64-linux-gnu/libpthread-2.21.so
7fe5d06c4000-7fe5d06c5000 r--p 00018000 08:07 16253005                   /lib/x86_64-linux-gnu/libpthread-2.21.so
7fe5d06c5000-7fe5d06c6000 rw-p 00019000 08:07 16253005                   /lib/x86_64-linux-gnu/libpthread-2.21.so
7fe5d06c6000-7fe5d06ca000 rw-p 00000000 00:00 0 
7fe5d06ca000-7fe5d06cd000 r-xp 00000000 08:07 16253001                   /lib/x86_64-linux-gnu/libdl-2.21.so
7fe5d06cd000-7fe5d08cc000 ---p 00003000 08:07 16253001                   /lib/x86_64-linux-gnu/libdl-2.21.so
7fe5d08cc000-7fe5d08cd000 r--p 00002000 08:07 16253001                   /lib/x86_64-linux-gnu/libdl-2.21.so
7fe5d08cd000-7fe5d08ce000 rw-p 00003000 08:07 16253001                   /lib/x86_64-linux-gnu/libdl-2.21.so
7fe5d08ce000-7fe5d0a8e000 r-xp 00000000 08:07 16257010                   /lib/x86_64-linux-gnu/libc-2.21.so
7fe5d0a8e000-7fe5d0c8e000 ---p 001c0000 08:07 16257010                   /lib/x86_64-linux-gnu/libc-2.21.so
7fe5d0c8e000-7fe5d0c92000 r--p 001c0000 08:07 16257010                   /lib/x86_64-linux-gnu/libc-2.21.so
7fe5d0c92000-7fe5d0c94000 rw-p 001c4000 08:07 16257010                   /lib/x86_64-linux-gnu/libc-2.21.so
7fe5d0c94000-7fe5d0c98000 rw-p 00000000 00:00 0 
7fe5d0c98000-7fe5d0ca5000 r-xp 00000000 08:07 13642172                   /usr/lib/jvm/java-7-openjdk-amd64/jre/lib/amd64/jli/libjli.so
7fe5d0ca5000-7fe5d0ea4000 ---p 0000d000 08:07 13642172                   /usr/lib/jvm/java-7-openjdk-amd64/jre/lib/amd64/jli/libjli.so
7fe5d0ea4000-7fe5d0ea5000 r--p 0000c000 08:07 13642172                   /usr/lib/jvm/java-7-openjdk-amd64/jre/lib/amd64/jli/libjli.so
7fe5d0ea5000-7fe5d0ea6000 rw-p 0000d000 08:07 13642172                   /usr/lib/jvm/java-7-openjdk-amd64/jre/lib/amd64/jli/libjli.so
7fe5d0ea6000-7fe5d0eca000 r-xp 00000000 08:07 16253004                   /lib/x86_64-linux-gnu/ld-2.21.so
7fe5d0eca000-7fe5d0ecb000 rw-p 00000000 00:00 0 
7fe5d0ecb000-7fe5d0ecc000 r--s 00005000 08:07 7081028                    /home/hit_alan/zhoufandi/somefilebetweenlinuxandwindows/target/csvio-1.0.2.jar
7fe5d0ecc000-7fe5d0ecd000 r--s 00008000 08:07 7081026                    /home/hit_alan/zhoufandi/somefilebetweenlinuxandwindows/target/commons-cli-1.1.jar
7fe5d0ecd000-7fe5d0ecf000 r--s 0001d000 08:07 7081025                    /home/hit_alan/zhoufandi/somefilebetweenlinuxandwindows/target/xmlcli-1.2.3.jar
7fe5d0ecf000-7fe5d0ed1000 r--s 0000d000 08:07 7081029                    /home/hit_alan/zhoufandi/somefilebetweenlinuxandwindows/target/commons-logging-1.1.1.jar
7fe5d0ed1000-7fe5d0ed6000 r--s 00034000 08:07 7081024                    /home/hit_alan/zhoufandi/somefilebetweenlinuxandwindows/target/commons-beanutils-1.8.3.jar
7fe5d0ed6000-7fe5d0ee1000 r--s 000b4000 08:07 7081123                    /home/hit_alan/zhoufandi/somefilebetweenlinuxandwindows/target/stigmata-5.0-SNAPSHOT.jar
7fe5d0ee1000-7fe5d0ee5000 r--s 00034000 08:07 13642025                   /usr/lib/jvm/java-7-openjdk-amd64/jre/lib/ext/sunjce_provider.jar
7fe5d0ee5000-7fe5d0eef000 rw-p 00000000 00:00 0 
7fe5d0eef000-7fe5d0fa5000 rw-p 00000000 00:00 0 
7fe5d0fa5000-7fe5d0fa8000 ---p 00000000 00:00 0 
7fe5d0fa8000-7fe5d10ab000 rw-p 00000000 00:00 0 
7fe5d10ab000-7fe5d10ad000 r--s 0000b000 08:07 7081027                    /home/hit_alan/zhoufandi/somefilebetweenlinuxandwindows/target/commons-dbutils-1.4.jar
7fe5d10ad000-7fe5d10ae000 r--s 00002000 08:07 13642027                   /usr/lib/jvm/java-7-openjdk-amd64/jre/lib/ext/dnsns.jar
7fe5d10ae000-7fe5d10b0000 r--s 00012000 08:07 13642022                   /usr/lib/jvm/java-7-openjdk-amd64/jre/lib/ext/zipfs.jar
7fe5d10b0000-7fe5d10b4000 r--s 0003c000 08:07 13642026                   /usr/lib/jvm/java-7-openjdk-amd64/jre/lib/ext/sunpkcs11.jar
7fe5d10b4000-7fe5d10b7000 r--s 0000f000 08:07 13642024                   /usr/lib/jvm/java-7-openjdk-amd64/jre/lib/ext/icedtea-sound.jar
7fe5d10b7000-7fe5d10bb000 r--s 00085000 08:07 13642023                   /usr/lib/jvm/java-7-openjdk-amd64/jre/lib/ext/localedata.jar
7fe5d10bb000-7fe5d10bd000 r--s 00006000 08:07 14028198                   /usr/share/java/java-atk-wrapper.jar
7fe5d10bd000-7fe5d10c5000 rw-s 00000000 08:07 4991378                    /tmp/hsperfdata_hit_alan/31494
7fe5d10c5000-7fe5d10c6000 rw-p 00000000 00:00 0 
7fe5d10c6000-7fe5d10c7000 ---p 00000000 00:00 0 
7fe5d10c7000-7fe5d10c9000 rw-p 00000000 00:00 0 
7fe5d10c9000-7fe5d10ca000 r--p 00023000 08:07 16253004                   /lib/x86_64-linux-gnu/ld-2.21.so
7fe5d10ca000-7fe5d10cb000 rw-p 00024000 08:07 16253004                   /lib/x86_64-linux-gnu/ld-2.21.so
7fe5d10cb000-7fe5d10cc000 rw-p 00000000 00:00 0 
7ffc4f6cc000-7ffc4f6ee000 rw-p 00000000 00:00 0                          [stack]
7ffc4f72f000-7ffc4f731000 r--p 00000000 00:00 0                          [vvar]
7ffc4f731000-7ffc4f733000 r-xp 00000000 00:00 0                          [vdso]
ffffffffff600000-ffffffffff601000 r-xp 00000000 00:00 0                  [vsyscall]

VM Arguments:
java_command: stigmata-5.0-SNAPSHOT.jar -f xml -b cvfv compare ../dex2jar-2.0/09bf322674413a49aff785e718c00293cef235764819ec3f53c0077c1446a7af/channeldex2jar.jar ../dex2jar-2.0/09bf322674413a49aff785e718c00293cef235764819ec3f53c0077c1446a7af/clientdex2jar.jar
Launcher Type: SUN_STANDARD

Environment Variables:
JAVA_HOME=/usr/lib/jvm/java-7-openjdk-amd64
PATH=/home/hit_alan/bin:/home/hit_alan/.gvm/vertx/current/bin:/home/hit_alan/.gvm/springboot/current/bin:/home/hit_alan/.gvm/lazybones/current/bin:/home/hit_alan/.gvm/jbake/current/bin:/home/hit_alan/.gvm/groovyserv/current/bin:/home/hit_alan/.gvm/groovy/current/bin:/home/hit_alan/.gvm/griffon/current/bin:/home/hit_alan/.gvm/grails/current/bin:/home/hit_alan/.gvm/gradle/current/bin:/home/hit_alan/.gvm/glide/current/bin:/home/hit_alan/.gvm/gaiden/current/bin:/home/hit_alan/.gvm/crash/current/bin:/home/hit_alan/.gvm/asciidoctorj/current/bin:/home/hit_alan/bin:/usr/local/sbin:/usr/local/bin:/usr/sbin:/usr/bin:/sbin:/bin:/usr/games:/usr/local/games:/usr/gradle-2.4/bin:/usr/grails-3.0.2/bin:/home/hit_alan/softwares/adt-bundle-linux-x86_64-20140624/sdk/platform-tools:/home/hit_alan/softwares/adt-bundle-linux-x86_64-20140624/sdk/tools:/usr/gradle-2.4/bin:/usr/grails-3.0.2/bin:/home/hit_alan/softwares/adt-bundle-linux-x86_64-20140624/sdk/platform-tools:/home/hit_alan/softwares/adt-bundle-linux-x86_64-20140624/sdk/tools
SHELL=/bin/bash
DISPLAY=:0

Signal Handlers:
SIGSEGV: [libjvm.so+0x992590], sa_mask[0]=0x7ffbfeff, sa_flags=0x10000004
SIGBUS: [libjvm.so+0x992590], sa_mask[0]=0x7ffbfeff, sa_flags=0x10000004
SIGFPE: [libjvm.so+0x7fec60], sa_mask[0]=0x7ffbfeff, sa_flags=0x10000004
SIGPIPE: [libjvm.so+0x7fec60], sa_mask[0]=0x7ffbfeff, sa_flags=0x10000004
SIGXFSZ: [libjvm.so+0x7fec60], sa_mask[0]=0x7ffbfeff, sa_flags=0x10000004
SIGILL: [libjvm.so+0x7fec60], sa_mask[0]=0x7ffbfeff, sa_flags=0x10000004
SIGUSR1: SIG_DFL, sa_mask[0]=0x00000000, sa_flags=0x00000000
SIGUSR2: [libjvm.so+0x7feae0], sa_mask[0]=0x00000004, sa_flags=0x10000004
SIGHUP: [libjvm.so+0x7fece0], sa_mask[0]=0x7ffbfeff, sa_flags=0x10000004
SIGINT: [libjvm.so+0x7fece0], sa_mask[0]=0x7ffbfeff, sa_flags=0x10000004
SIGTERM: [libjvm.so+0x7fece0], sa_mask[0]=0x7ffbfeff, sa_flags=0x10000004
SIGQUIT: [libjvm.so+0x7fece0], sa_mask[0]=0x7ffbfeff, sa_flags=0x10000004
SIGTRAP: SIG_DFL, sa_mask[0]=0x00000000, sa_flags=0x00000000


---------------  S Y S T E M  ---------------

OS:Ubuntu 15.04 (vivid)
uname:Linux 3.19.0-66-generic #74-Ubuntu SMP Tue Jul 19 15:07:04 UTC 2016 x86_64
libc:glibc 2.21 NPTL 2.21 
rlimit: STACK 8192k, CORE 0k, NPROC 31638, NOFILE 65536, AS infinity
load average:43.10 22.84 9.89

/proc/meminfo:
MemTotal:        8121832 kB
MemFree:          346576 kB
MemAvailable:     315824 kB
Buffers:            2548 kB
Cached:           479384 kB
SwapCached:            0 kB
Active:          7072820 kB
Inactive:         461516 kB
Active(anon):    7054136 kB
Inactive(anon):   407952 kB
Active(file):      18684 kB
Inactive(file):    53564 kB
Unevictable:         336 kB
Mlocked:             336 kB
SwapTotal:             0 kB
SwapFree:              0 kB
Dirty:               292 kB
Writeback:             0 kB
AnonPages:       7052804 kB
Mapped:           287876 kB
Shmem:            409620 kB
Slab:              79696 kB
SReclaimable:      35184 kB
SUnreclaim:        44512 kB
KernelStack:       18448 kB
PageTables:        74056 kB
NFS_Unstable:          0 kB
Bounce:                0 kB
WritebackTmp:          0 kB
CommitLimit:     4060916 kB
Committed_AS:   18519800 kB
VmallocTotal:   34359738367 kB
VmallocUsed:      112368 kB
VmallocChunk:   34359516100 kB
HardwareCorrupted:     0 kB
AnonHugePages:   4096000 kB
CmaTotal:              0 kB
CmaFree:               0 kB
HugePages_Total:       0
HugePages_Free:        0
HugePages_Rsvd:        0
HugePages_Surp:        0
Hugepagesize:       2048 kB
DirectMap4k:      195860 kB
DirectMap2M:     7090176 kB
DirectMap1G:     2097152 kB


CPU:total 4 (4 cores per cpu, 1 threads per core) family 6 model 60 stepping 3, cmov, cx8, fxsr, mmx, sse, sse2, sse3, ssse3, sse4.1, sse4.2, popcnt, avx, avx2, aes, erms, tsc, tscinvbit

/proc/cpuinfo:
processor	: 0
vendor_id	: GenuineIntel
cpu family	: 6
model		: 60
model name	: Intel(R) Core(TM) i5-4590 CPU @ 3.30GHz
stepping	: 3
microcode	: 0x1d
cpu MHz		: 3567.609
cache size	: 6144 KB
physical id	: 0
siblings	: 4
core id		: 0
cpu cores	: 4
apicid		: 0
initial apicid	: 0
fpu		: yes
fpu_exception	: yes
cpuid level	: 13
wp		: yes
flags		: fpu vme de pse tsc msr pae mce cx8 apic sep mtrr pge mca cmov pat pse36 clflush dts acpi mmx fxsr sse sse2 ss ht tm pbe syscall nx pdpe1gb rdtscp lm constant_tsc arch_perfmon pebs bts rep_good nopl xtopology nonstop_tsc aperfmperf eagerfpu pni pclmulqdq dtes64 monitor ds_cpl vmx smx est tm2 ssse3 fma cx16 xtpr pdcm pcid sse4_1 sse4_2 x2apic movbe popcnt tsc_deadline_timer aes xsave avx f16c rdrand lahf_lm abm ida arat epb pln pts dtherm tpr_shadow vnmi flexpriority ept vpid fsgsbase tsc_adjust bmi1 avx2 smep bmi2 erms invpcid xsaveopt
bugs		:
bogomips	: 6584.68
clflush size	: 64
cache_alignment	: 64
address sizes	: 39 bits physical, 48 bits virtual
power management:

processor	: 1
vendor_id	: GenuineIntel
cpu family	: 6
model		: 60
model name	: Intel(R) Core(TM) i5-4590 CPU @ 3.30GHz
stepping	: 3
microcode	: 0x1d
cpu MHz		: 3590.941
cache size	: 6144 KB
physical id	: 0
siblings	: 4
core id		: 1
cpu cores	: 4
apicid		: 2
initial apicid	: 2
fpu		: yes
fpu_exception	: yes
cpuid level	: 13
wp		: yes
flags		: fpu vme de pse tsc msr pae mce cx8 apic sep mtrr pge mca cmov pat pse36 clflush dts acpi mmx fxsr sse sse2 ss ht tm pbe syscall nx pdpe1gb rdtscp lm constant_tsc arch_perfmon pebs bts rep_good nopl xtopology nonstop_tsc aperfmperf eagerfpu pni pclmulqdq dtes64 monitor ds_cpl vmx smx est tm2 ssse3 fma cx16 xtpr pdcm pcid sse4_1 sse4_2 x2apic movbe popcnt tsc_deadline_timer aes xsave avx f16c rdrand lahf_lm abm ida arat epb pln pts dtherm tpr_shadow vnmi flexpriority ept vpid fsgsbase tsc_adjust bmi1 avx2 smep bmi2 erms invpcid xsaveopt
bugs		:
bogomips	: 6584.68
clflush size	: 64
cache_alignment	: 64
address sizes	: 39 bits physical, 48 bits virtual
power management:

processor	: 2
vendor_id	: GenuineIntel
cpu family	: 6
model		: 60
model name	: Intel(R) Core(TM) i5-4590 CPU @ 3.30GHz
stepping	: 3
microcode	: 0x1d
cpu MHz		: 3592.617
cache size	: 6144 KB
physical id	: 0
siblings	: 4
core id		: 2
cpu cores	: 4
apicid		: 4
initial apicid	: 4
fpu		: yes
fpu_exception	: yes
cpuid level	: 13
wp		: yes
flags		: fpu vme de pse tsc msr pae mce cx8 apic sep mtrr pge mca cmov pat pse36 clflush dts acpi mmx fxsr sse sse2 ss ht tm pbe syscall nx pdpe1gb rdtscp lm constant_tsc arch_perfmon pebs bts rep_good nopl xtopology nonstop_tsc aperfmperf eagerfpu pni pclmulqdq dtes64 monitor ds_cpl vmx smx est tm2 ssse3 fma cx16 xtpr pdcm pcid sse4_1 sse4_2 x2apic movbe popcnt tsc_deadline_timer aes xsave avx f16c rdrand lahf_lm abm ida arat epb pln pts dtherm tpr_shadow vnmi flexpriority ept vpid fsgsbase tsc_adjust bmi1 avx2 smep bmi2 erms invpcid xsaveopt
bugs		:
bogomips	: 6584.68
clflush size	: 64
cache_alignment	: 64
address sizes	: 39 bits physical, 48 bits virtual
power management:

processor	: 3
vendor_id	: GenuineIntel
cpu family	: 6
model		: 60
model name	: Intel(R) Core(TM) i5-4590 CPU @ 3.30GHz
stepping	: 3
microcode	: 0x1d
cpu MHz		: 3500.449
cache size	: 6144 KB
physical id	: 0
siblings	: 4
core id		: 3
cpu cores	: 4
apicid		: 6
initial apicid	: 6
fpu		: yes
fpu_exception	: yes
cpuid level	: 13
wp		: yes
flags		: fpu vme de pse tsc msr pae mce cx8 apic sep mtrr pge mca cmov pat pse36 clflush dts acpi mmx fxsr sse sse2 ss ht tm pbe syscall nx pdpe1gb rdtscp lm constant_tsc arch_perfmon pebs bts rep_good nopl xtopology nonstop_tsc aperfmperf eagerfpu pni pclmulqdq dtes64 monitor ds_cpl vmx smx est tm2 ssse3 fma cx16 xtpr pdcm pcid sse4_1 sse4_2 x2apic movbe popcnt tsc_deadline_timer aes xsave avx f16c rdrand lahf_lm abm ida arat epb pln pts dtherm tpr_shadow vnmi flexpriority ept vpid fsgsbase tsc_adjust bmi1 avx2 smep bmi2 erms invpcid xsaveopt
bugs		:
bogomips	: 6584.68
clflush size	: 64
cache_alignment	: 64
address sizes	: 39 bits physical, 48 bits virtual
power management:



Memory: 4k page, physical 8121832k(346576k free), swap 0k(0k free)

vm_info: OpenJDK 64-Bit Server VM (24.95-b01) for linux-amd64 JRE (1.7.0_95-b00), built on Jan 21 2016 03:41:02 by "buildd" with gcc 4.9.2

time: Sat Oct  8 13:35:23 2016
elapsed time: 174 seconds

