#
# There is insufficient memory for the Java Runtime Environment to continue.
# Native memory allocation (malloc) failed to allocate 240123904 bytes for committing reserved memory.
# Possible reasons:
#   The system is out of physical RAM or swap space
#   In 32 bit mode, the process size limit was hit
# Possible solutions:
#   Reduce memory load on the system
#   Increase physical memory or swap space
#   Check if swap backing store is full
#   Use 64 bit Java on a 64 bit OS
#   Decrease Java heap size (-Xmx/-Xms)
#   Decrease number of Java threads
#   Decrease Java thread stack sizes (-Xss)
#   Set larger code cache with -XX:ReservedCodeCacheSize=
# This output file may be truncated or incomplete.
#
#  Out of Memory Error (os_linux.cpp:2827), pid=4590, tid=140626384291584
#
# JRE version: OpenJDK Runtime Environment (7.0_95) (build 1.7.0_95-b00)
# Java VM: OpenJDK 64-Bit Server VM (24.95-b01 mixed mode linux-amd64 compressed oops)
# Derivative: IcedTea 2.6.4
# Distribution: Ubuntu 15.04, package 7u95-2.6.4-0ubuntu0.15.04.1
# Failed to write core dump. Core dumps have been disabled. To enable core dumping, try "ulimit -c unlimited" before starting Java again
#

---------------  T H R E A D  ---------------

Current thread (0x00007fe62c13d000):  VMThread [stack: 0x00007fe6219e8000,0x00007fe621ae9000] [id=4629]

Stack: [0x00007fe6219e8000,0x00007fe621ae9000],  sp=0x00007fe621ae74e0,  free space=1021k
Native frames: (J=compiled Java code, j=interpreted, Vv=VM code, C=native code)
V  [libjvm.so+0x991aa6]
V  [libjvm.so+0x4934c2]
V  [libjvm.so+0x80371b]
V  [libjvm.so+0x7fddfe]
V  [libjvm.so+0x871c0b]
V  [libjvm.so+0x872ac3]
V  [libjvm.so+0x8731db]
V  [libjvm.so+0x86eb41]
V  [libjvm.so+0x86f3b8]
V  [libjvm.so+0x826a73]
V  [libjvm.so+0x993372]
V  [libjvm.so+0x9977f7]
V  [libjvm.so+0x995f6b]
V  [libjvm.so+0x996616]
V  [libjvm.so+0x996ae1]
V  [libjvm.so+0x800642]

VM_Operation (0x00007fe632492520): ParallelGCFailedAllocation, mode: safepoint, requested by thread 0x00007fe62c00a000


---------------  P R O C E S S  ---------------

Java Threads: ( => current thread )
  0x00007fe62c176000 JavaThread "Service Thread" daemon [_thread_blocked, id=4642, stack(0x00007fe620f75000,0x00007fe621076000)]
  0x00007fe62c173800 JavaThread "C2 CompilerThread1" daemon [_thread_blocked, id=4641, stack(0x00007fe621076000,0x00007fe621177000)]
  0x00007fe62c170800 JavaThread "C2 CompilerThread0" daemon [_thread_blocked, id=4640, stack(0x00007fe621177000,0x00007fe621278000)]
  0x00007fe62c16e800 JavaThread "Signal Dispatcher" daemon [_thread_blocked, id=4638, stack(0x00007fe621278000,0x00007fe621379000)]
  0x00007fe62c143800 JavaThread "Finalizer" daemon [_thread_blocked, id=4634, stack(0x00007fe6217e6000,0x00007fe6218e7000)]
  0x00007fe62c141000 JavaThread "Reference Handler" daemon [_thread_blocked, id=4632, stack(0x00007fe6218e7000,0x00007fe6219e8000)]
  0x00007fe62c00a000 JavaThread "main" [_thread_blocked, id=4612, stack(0x00007fe632393000,0x00007fe632494000)]

Other Threads:
=>0x00007fe62c13d000 VMThread [stack: 0x00007fe6219e8000,0x00007fe621ae9000] [id=4629]
  0x00007fe62c188800 WatcherThread [stack: 0x00007fe620e74000,0x00007fe620f75000] [id=4643]

VM state:at safepoint (normal execution)

VM Mutex/Monitor currently owned by a thread:  ([mutex/lock_event])
[0x00007fe62c006430] Threads_lock - owner thread: 0x00007fe62c13d000
[0x00007fe62c006930] Heap_lock - owner thread: 0x00007fe62c00a000

Heap
 PSYoungGen      total 424448K, used 96K [0x00000007d6a80000, 0x00000007f1b00000, 0x0000000800000000)
  eden space 407040K, 0% used [0x00000007d6a80000,0x00000007d6a80000,0x00000007ef800000)
  from space 17408K, 0% used [0x00000007ef800000,0x00000007ef818000,0x00000007f0900000)
  to   space 16384K, 0% used [0x00000007f0900000,0x00000007f0900000,0x00000007f1900000)
 ParOldGen       total 84480K, used 23399K [0x0000000784000000, 0x0000000789280000, 0x00000007d6a80000)
  object space 84480K, 27% used [0x0000000784000000,0x00000007856d9c90,0x0000000789280000)
 PSPermGen       total 21504K, used 7636K [0x0000000779a00000, 0x000000077af00000, 0x0000000784000000)
  object space 21504K, 35% used [0x0000000779a00000,0x000000077a175228,0x000000077af00000)

Card table byte_map: [0x00007fe627b3e000,0x00007fe627f72000] byte_map_base: 0x00007fe623f71000

Polling page: 0x00007fe6324b4000

Code Cache  [0x00007fe627f72000, 0x00007fe6281e2000, 0x00007fe62af72000)
 total_blobs=593 nmethods=338 adapters=208 free_code_cache=47829Kb largest_free_block=48890944

Compilation events (10 events):
Event: 13.153 Thread 0x00007fe62c170800 nmethod 346 0x00007fe6280d0210 code [0x00007fe6280d0360, 0x00007fe6280d03d8]
Event: 13.153 Thread 0x00007fe62c170800  347             java.lang.ref.Reference::clear (6 bytes)
Event: 13.154 Thread 0x00007fe62c170800 nmethod 347 0x00007fe6280d0010 code [0x00007fe6280d0140, 0x00007fe6280d0198]
Event: 13.156 Thread 0x00007fe62c173800 nmethod 341 0x00007fe6280ce910 code [0x00007fe6280ceaa0, 0x00007fe6280cf1d0]
Event: 14.702 Thread 0x00007fe62c170800  348 % !         java.lang.ref.Finalizer$FinalizerThread::run @ 33 (55 bytes)
Event: 14.703 Thread 0x00007fe62c170800 nmethod 348% 0x00007fe6280ce490 code [0x00007fe6280ce600, 0x00007fe6280ce778]
Event: 16.590 Thread 0x00007fe62c170800  349             java.lang.Integer::intValue (5 bytes)
Event: 16.590 Thread 0x00007fe62c170800 nmethod 349 0x00007fe6280ce290 code [0x00007fe6280ce3c0, 0x00007fe6280ce418]
Event: 16.615 Thread 0x00007fe62c170800  350             java.lang.Integer::equals (29 bytes)
Event: 16.616 Thread 0x00007fe62c170800 nmethod 350 0x00007fe6280cca10 code [0x00007fe6280ccb60, 0x00007fe6280ccc18]

GC Heap History (10 events):
Event: 12.034 GC heap after
Heap after GC invocations=6 (full 0):
 PSYoungGen      total 140288K, used 12055K [0x00000007d6a80000, 0x00000007e0480000, 0x0000000800000000)
  eden space 127488K, 0% used [0x00000007d6a80000,0x00000007d6a80000,0x00000007de700000)
  from space 12800K, 94% used [0x00000007df500000,0x00000007e00c5c80,0x00000007e0180000)
  to   space 14336K, 0% used [0x00000007de700000,0x00000007de700000,0x00000007df500000)
 ParOldGen       total 84480K, used 14806K [0x0000000784000000, 0x0000000789280000, 0x00000007d6a80000)
  object space 84480K, 17% used [0x0000000784000000,0x0000000784e75a00,0x0000000789280000)
 PSPermGen       total 21504K, used 7598K [0x0000000779a00000, 0x000000077af00000, 0x0000000784000000)
  object space 21504K, 35% used [0x0000000779a00000,0x000000077a16bb38,0x000000077af00000)
}
Event: 13.117 GC heap before
{Heap before GC invocations=7 (full 0):
 PSYoungGen      total 140288K, used 139543K [0x00000007d6a80000, 0x00000007e0480000, 0x0000000800000000)
  eden space 127488K, 100% used [0x00000007d6a80000,0x00000007de700000,0x00000007de700000)
  from space 12800K, 94% used [0x00000007df500000,0x00000007e00c5c80,0x00000007e0180000)
  to   space 14336K, 0% used [0x00000007de700000,0x00000007de700000,0x00000007df500000)
 ParOldGen       total 84480K, used 14806K [0x0000000784000000, 0x0000000789280000, 0x00000007d6a80000)
  object space 84480K, 17% used [0x0000000784000000,0x0000000784e75a00,0x0000000789280000)
 PSPermGen       total 21504K, used 7635K [0x0000000779a00000, 0x000000077af00000, 0x0000000784000000)
  object space 21504K, 35% used [0x0000000779a00000,0x000000077a174fc8,0x000000077af00000)
Event: 13.133 GC heap after
Heap after GC invocations=7 (full 0):
 PSYoungGen      total 141824K, used 14072K [0x00000007d6a80000, 0x00000007e8380000, 0x0000000800000000)
  eden space 127488K, 0% used [0x00000007d6a80000,0x00000007d6a80000,0x00000007de700000)
  from space 14336K, 98% used [0x00000007de700000,0x00000007df4be0c8,0x00000007df500000)
  to   space 16384K, 0% used [0x00000007e7380000,0x00000007e7380000,0x00000007e8380000)
 ParOldGen       total 84480K, used 16535K [0x0000000784000000, 0x0000000789280000, 0x00000007d6a80000)
  object space 84480K, 19% used [0x0000000784000000,0x0000000785025f40,0x0000000789280000)
 PSPermGen       total 21504K, used 7635K [0x0000000779a00000, 0x000000077af00000, 0x0000000784000000)
  object space 21504K, 35% used [0x0000000779a00000,0x000000077a174fc8,0x000000077af00000)
}
Event: 14.695 GC heap before
{Heap before GC invocations=8 (full 0):
 PSYoungGen      total 141824K, used 141560K [0x00000007d6a80000, 0x00000007e8380000, 0x0000000800000000)
  eden space 127488K, 100% used [0x00000007d6a80000,0x00000007de700000,0x00000007de700000)
  from space 14336K, 98% used [0x00000007de700000,0x00000007df4be0c8,0x00000007df500000)
  to   space 16384K, 0% used [0x00000007e7380000,0x00000007e7380000,0x00000007e8380000)
 ParOldGen       total 84480K, used 16535K [0x0000000784000000, 0x0000000789280000, 0x00000007d6a80000)
  object space 84480K, 19% used [0x0000000784000000,0x0000000785025f40,0x0000000789280000)
 PSPermGen       total 21504K, used 7636K [0x0000000779a00000, 0x000000077af00000, 0x0000000784000000)
  object space 21504K, 35% used [0x0000000779a00000,0x000000077a175208,0x000000077af00000)
Event: 14.699 GC heap after
Heap after GC invocations=8 (full 0):
 PSYoungGen      total 270336K, used 8260K [0x00000007d6a80000, 0x00000007e8280000, 0x0000000800000000)
  eden space 254976K, 0% used [0x00000007d6a80000,0x00000007d6a80000,0x00000007e6380000)
  from space 15360K, 53% used [0x00000007e7380000,0x00000007e7b911f8,0x00000007e8280000)
  to   space 15872K, 0% used [0x00000007e6380000,0x00000007e6380000,0x00000007e7300000)
 ParOldGen       total 84480K, used 17998K [0x0000000784000000, 0x0000000789280000, 0x00000007d6a80000)
  object space 84480K, 21% used [0x0000000784000000,0x0000000785193a60,0x0000000789280000)
 PSPermGen       total 21504K, used 7636K [0x0000000779a00000, 0x000000077af00000, 0x0000000784000000)
  object space 21504K, 35% used [0x0000000779a00000,0x000000077a175208,0x000000077af00000)
}
Event: 17.840 GC heap before
{Heap before GC invocations=9 (full 0):
 PSYoungGen      total 270336K, used 263236K [0x00000007d6a80000, 0x00000007e8280000, 0x0000000800000000)
  eden space 254976K, 100% used [0x00000007d6a80000,0x00000007e6380000,0x00000007e6380000)
  from space 15360K, 53% used [0x00000007e7380000,0x00000007e7b911f8,0x00000007e8280000)
  to   space 15872K, 0% used [0x00000007e6380000,0x00000007e6380000,0x00000007e7300000)
 ParOldGen       total 84480K, used 17998K [0x0000000784000000, 0x0000000789280000, 0x00000007d6a80000)
  object space 84480K, 21% used [0x0000000784000000,0x0000000785193a60,0x0000000789280000)
 PSPermGen       total 21504K, used 7636K [0x0000000779a00000, 0x000000077af00000, 0x0000000784000000)
  object space 21504K, 35% used [0x0000000779a00000,0x000000077a175228,0x000000077af00000)
Event: 17.845 GC heap after
Heap after GC invocations=9 (full 0):
 PSYoungGen      total 270848K, used 1400K [0x00000007d6a80000, 0x00000007f1900000, 0x0000000800000000)
  eden space 254976K, 0% used [0x00000007d6a80000,0x00000007d6a80000,0x00000007e6380000)
  from space 15872K, 8% used [0x00000007e6380000,0x00000007e64de1a8,0x00000007e7300000)
  to   space 16384K, 0% used [0x00000007f0900000,0x00000007f0900000,0x00000007f1900000)
 ParOldGen       total 84480K, used 22006K [0x0000000784000000, 0x0000000789280000, 0x00000007d6a80000)
  object space 84480K, 26% used [0x0000000784000000,0x000000078557d920,0x0000000789280000)
 PSPermGen       total 21504K, used 7636K [0x0000000779a00000, 0x000000077af00000, 0x0000000784000000)
  object space 21504K, 35% used [0x0000000779a00000,0x000000077a175228,0x000000077af00000)
}
Event: 21.027 GC heap before
{Heap before GC invocations=10 (full 0):
 PSYoungGen      total 270848K, used 256376K [0x00000007d6a80000, 0x00000007f1900000, 0x0000000800000000)
  eden space 254976K, 100% used [0x00000007d6a80000,0x00000007e6380000,0x00000007e6380000)
  from space 15872K, 8% used [0x00000007e6380000,0x00000007e64de1a8,0x00000007e7300000)
  to   space 16384K, 0% used [0x00000007f0900000,0x00000007f0900000,0x00000007f1900000)
 ParOldGen       total 84480K, used 22006K [0x0000000784000000, 0x0000000789280000, 0x00000007d6a80000)
  object space 84480K, 26% used [0x0000000784000000,0x000000078557d920,0x0000000789280000)
 PSPermGen       total 21504K, used 7636K [0x0000000779a00000, 0x000000077af00000, 0x0000000784000000)
  object space 21504K, 35% used [0x0000000779a00000,0x000000077a175228,0x000000077af00000)
Event: 21.029 GC heap after
Heap after GC invocations=10 (full 0):
 PSYoungGen      total 423424K, used 32K [0x00000007d6a80000, 0x00000007f1b00000, 0x0000000800000000)
  eden space 407040K, 0% used [0x00000007d6a80000,0x00000007d6a80000,0x00000007ef800000)
  from space 16384K, 0% used [0x00000007f0900000,0x00000007f0908000,0x00000007f1900000)
  to   space 17408K, 0% used [0x00000007ef800000,0x00000007ef800000,0x00000007f0900000)
 ParOldGen       total 84480K, used 23375K [0x0000000784000000, 0x0000000789280000, 0x00000007d6a80000)
  object space 84480K, 27% used [0x0000000784000000,0x00000007856d3c90,0x0000000789280000)
 PSPermGen       total 21504K, used 7636K [0x0000000779a00000, 0x000000077af00000, 0x0000000784000000)
  object space 21504K, 35% used [0x0000000779a00000,0x000000077a175228,0x000000077af00000)
}
Event: 26.497 GC heap before
{Heap before GC invocations=11 (full 0):
 PSYoungGen      total 423424K, used 407072K [0x00000007d6a80000, 0x00000007f1b00000, 0x0000000800000000)
  eden space 407040K, 100% used [0x00000007d6a80000,0x00000007ef800000,0x00000007ef800000)
  from space 16384K, 0% used [0x00000007f0900000,0x00000007f0908000,0x00000007f1900000)
  to   space 17408K, 0% used [0x00000007ef800000,0x00000007ef800000,0x00000007f0900000)
 ParOldGen       total 84480K, used 23375K [0x0000000784000000, 0x0000000789280000, 0x00000007d6a80000)
  object space 84480K, 27% used [0x0000000784000000,0x00000007856d3c90,0x0000000789280000)
 PSPermGen       total 21504K, used 7636K [0x0000000779a00000, 0x000000077af00000, 0x0000000784000000)
  object space 21504K, 35% used [0x0000000779a00000,0x000000077a175228,0x000000077af00000)

Deoptimization events (10 events):
Event: 12.390 Thread 0x00007fe62c00a000 Uncommon trap: reason=class_check action=maybe_recompile pc=0x00007fe6280be220 method=com.github.stigmata.birthmarks.cvfv.TypeAndValueBirthmarkElement.equals(Ljava/lang/Object;)Z @ 64
Event: 12.390 Thread 0x00007fe62c00a000 Uncommon trap: reason=class_check action=maybe_recompile pc=0x00007fe627ffeea8 method=com.github.stigmata.birthmarks.cvfv.TypeAndValueBirthmarkElement.equals(Ljava/lang/Object;)Z @ 64
Event: 12.390 Thread 0x00007fe62c00a000 Uncommon trap: reason=class_check action=maybe_recompile pc=0x00007fe6280be220 method=com.github.stigmata.birthmarks.cvfv.TypeAndValueBirthmarkElement.equals(Ljava/lang/Object;)Z @ 64
Event: 12.390 Thread 0x00007fe62c00a000 Uncommon trap: reason=class_check action=maybe_recompile pc=0x00007fe627ffeea8 method=com.github.stigmata.birthmarks.cvfv.TypeAndValueBirthmarkElement.equals(Ljava/lang/Object;)Z @ 64
Event: 12.390 Thread 0x00007fe62c00a000 Uncommon trap: reason=class_check action=maybe_recompile pc=0x00007fe6280be220 method=com.github.stigmata.birthmarks.cvfv.TypeAndValueBirthmarkElement.equals(Ljava/lang/Object;)Z @ 64
Event: 12.499 Thread 0x00007fe62c00a000 Uncommon trap: reason=bimorphic action=maybe_recompile pc=0x00007fe6280ca4b4 method=com.github.stigmata.birthmarks.cvfv.TypeAndValueBirthmarkElement.equals(Ljava/lang/Object;)Z @ 64
Event: 12.499 Thread 0x00007fe62c00a000 Uncommon trap: reason=bimorphic action=maybe_recompile pc=0x00007fe6280ca4b4 method=com.github.stigmata.birthmarks.cvfv.TypeAndValueBirthmarkElement.equals(Ljava/lang/Object;)Z @ 64
Event: 12.499 Thread 0x00007fe62c00a000 Uncommon trap: reason=bimorphic action=maybe_recompile pc=0x00007fe6280ca4b4 method=com.github.stigmata.birthmarks.cvfv.TypeAndValueBirthmarkElement.equals(Ljava/lang/Object;)Z @ 64
Event: 12.499 Thread 0x00007fe62c00a000 Uncommon trap: reason=bimorphic action=maybe_recompile pc=0x00007fe6280ca4b4 method=com.github.stigmata.birthmarks.cvfv.TypeAndValueBirthmarkElement.equals(Ljava/lang/Object;)Z @ 64
Event: 12.564 Thread 0x00007fe62c00a000 Uncommon trap: reason=unstable_if action=reinterpret pc=0x00007fe628000280 method=com.github.stigmata.printer.xml.ComparisonPairXmlPrinter.printComparisonPair(Ljava/io/PrintWriter;Lcom/github/stigmata/ComparisonPair;)V @ 135

Internal exceptions (10 events):
Event: 10.372 Thread 0x00007fe62c00a000 Threw 0x00000007d7a89458 at /build/openjdk-7-3x2aMC/openjdk-7-7u95-2.6.4/build/openjdk/hotspot/src/share/vm/prims/jvm.cpp:1322
Event: 10.374 Thread 0x00007fe62c00a000 Threw 0x00000007d7a8cfb0 at /build/openjdk-7-3x2aMC/openjdk-7-7u95-2.6.4/build/openjdk/hotspot/src/share/vm/prims/jvm.cpp:1322
Event: 10.375 Thread 0x00007fe62c00a000 Threw 0x00000007d7a910f0 at /build/openjdk-7-3x2aMC/openjdk-7-7u95-2.6.4/build/openjdk/hotspot/src/share/vm/prims/jvm.cpp:1322
Event: 10.376 Thread 0x00007fe62c00a000 Threw 0x00000007d7a99f88 at /build/openjdk-7-3x2aMC/openjdk-7-7u95-2.6.4/build/openjdk/hotspot/src/share/vm/prims/jvm.cpp:1322
Event: 10.376 Thread 0x00007fe62c00a000 Threw 0x00000007d7aa56b0 at /build/openjdk-7-3x2aMC/openjdk-7-7u95-2.6.4/build/openjdk/hotspot/src/share/vm/prims/jvm.cpp:1322
Event: 12.148 Thread 0x00007fe62c00a000 Threw 0x00000007d9ea2220 at /build/openjdk-7-3x2aMC/openjdk-7-7u95-2.6.4/build/openjdk/hotspot/src/share/vm/prims/jvm.cpp:1322
Event: 12.149 Thread 0x00007fe62c00a000 Threw 0x00000007d9ea7de8 at /build/openjdk-7-3x2aMC/openjdk-7-7u95-2.6.4/build/openjdk/hotspot/src/share/vm/prims/jvm.cpp:1322
Event: 12.149 Thread 0x00007fe62c00a000 Threw 0x00000007d9ebd108 at /build/openjdk-7-3x2aMC/openjdk-7-7u95-2.6.4/build/openjdk/hotspot/src/share/vm/prims/jvm.cpp:1322
Event: 12.150 Thread 0x00007fe62c00a000 Threw 0x00000007d9ec1208 at /build/openjdk-7-3x2aMC/openjdk-7-7u95-2.6.4/build/openjdk/hotspot/src/share/vm/prims/jvm.cpp:1322
Event: 12.277 Thread 0x00007fe62c00a000 Implicit null exception at 0x00007fe628002d24 to 0x00007fe628003e6d

Events (10 events):
Event: 13.139 Executing VM operation: BulkRevokeBias done
Event: 13.153 Thread 0x00007fe62c170800 flushing nmethod 0x00007fe62801b190
Event: 13.153 Thread 0x00007fe62c170800 flushing nmethod 0x00007fe628026890
Event: 14.695 Executing VM operation: ParallelGCFailedAllocation
Event: 14.699 Executing VM operation: ParallelGCFailedAllocation done
Event: 17.839 Executing VM operation: ParallelGCFailedAllocation
Event: 17.845 Executing VM operation: ParallelGCFailedAllocation done
Event: 21.027 Executing VM operation: ParallelGCFailedAllocation
Event: 21.029 Executing VM operation: ParallelGCFailedAllocation done
Event: 26.497 Executing VM operation: ParallelGCFailedAllocation


Dynamic libraries:
00400000-00401000 r-xp 00000000 08:07 13641842                           /usr/lib/jvm/java-7-openjdk-amd64/jre/bin/java
00600000-00601000 r--p 00000000 08:07 13641842                           /usr/lib/jvm/java-7-openjdk-amd64/jre/bin/java
00601000-00602000 rw-p 00001000 08:07 13641842                           /usr/lib/jvm/java-7-openjdk-amd64/jre/bin/java
01808000-01829000 rw-p 00000000 00:00 0                                  [heap]
779a00000-77af00000 rw-p 00000000 00:00 0 
77af00000-784000000 rw-p 00000000 00:00 0 
784000000-789280000 rw-p 00000000 00:00 0 
789280000-7d6a80000 rw-p 00000000 00:00 0 
7d6a80000-7f1b00000 rw-p 00000000 00:00 0 
7fe5e0000000-7fe5e3ffd000 rw-p 00000000 00:00 0 
7fe5e3ffd000-7fe5e4000000 ---p 00000000 00:00 0 
7fe5e4000000-7fe5e67ad000 rw-p 00000000 00:00 0 
7fe5e67ad000-7fe5e8000000 ---p 00000000 00:00 0 
7fe5e8000000-7fe5ebffc000 rw-p 00000000 00:00 0 
7fe5ebffc000-7fe5ec000000 ---p 00000000 00:00 0 
7fe5ec000000-7fe5ec021000 rw-p 00000000 00:00 0 
7fe5ec021000-7fe5f0000000 ---p 00000000 00:00 0 
7fe5f3246000-7fe5f3547000 rw-p 00000000 00:00 0 
7fe5f3547000-7fe5f35b3000 r-xp 00000000 08:07 16257056                   /lib/x86_64-linux-gnu/libpcre.so.3.13.1
7fe5f35b3000-7fe5f37b2000 ---p 0006c000 08:07 16257056                   /lib/x86_64-linux-gnu/libpcre.so.3.13.1
7fe5f37b2000-7fe5f37b3000 r--p 0006b000 08:07 16257056                   /lib/x86_64-linux-gnu/libpcre.so.3.13.1
7fe5f37b3000-7fe5f37b4000 rw-p 0006c000 08:07 16257056                   /lib/x86_64-linux-gnu/libpcre.so.3.13.1
7fe5f37b4000-7fe5f37bb000 r-xp 00000000 08:07 13631618                   /usr/lib/x86_64-linux-gnu/libffi.so.6.0.4
7fe5f37bb000-7fe5f39ba000 ---p 00007000 08:07 13631618                   /usr/lib/x86_64-linux-gnu/libffi.so.6.0.4
7fe5f39ba000-7fe5f39bb000 r--p 00006000 08:07 13631618                   /usr/lib/x86_64-linux-gnu/libffi.so.6.0.4
7fe5f39bb000-7fe5f39bc000 rw-p 00007000 08:07 13631618                   /usr/lib/x86_64-linux-gnu/libffi.so.6.0.4
7fe5f39bc000-7fe5f39d3000 r-xp 00000000 08:07 16253007                   /lib/x86_64-linux-gnu/libresolv-2.21.so
7fe5f39d3000-7fe5f3bd3000 ---p 00017000 08:07 16253007                   /lib/x86_64-linux-gnu/libresolv-2.21.so
7fe5f3bd3000-7fe5f3bd5000 r--p 00017000 08:07 16253007                   /lib/x86_64-linux-gnu/libresolv-2.21.so
7fe5f3bd5000-7fe5f3bd6000 rw-p 00019000 08:07 16253007                   /lib/x86_64-linux-gnu/libresolv-2.21.so
7fe5f3bd6000-7fe5f3bd8000 rw-p 00000000 00:00 0 
7fe5f3bd8000-7fe5f3bf9000 r-xp 00000000 08:07 16257131                   /lib/x86_64-linux-gnu/libselinux.so.1
7fe5f3bf9000-7fe5f3df8000 ---p 00021000 08:07 16257131                   /lib/x86_64-linux-gnu/libselinux.so.1
7fe5f3df8000-7fe5f3df9000 r--p 00020000 08:07 16257131                   /lib/x86_64-linux-gnu/libselinux.so.1
7fe5f3df9000-7fe5f3dfa000 rw-p 00021000 08:07 16257131                   /lib/x86_64-linux-gnu/libselinux.so.1
7fe5f3dfa000-7fe5f3dfc000 rw-p 00000000 00:00 0 
7fe5f3dfc000-7fe5f3dff000 r-xp 00000000 08:07 13631893                   /usr/lib/x86_64-linux-gnu/libgmodule-2.0.so.0.4400.1
7fe5f3dff000-7fe5f3ffe000 ---p 00003000 08:07 13631893                   /usr/lib/x86_64-linux-gnu/libgmodule-2.0.so.0.4400.1
7fe5f3ffe000-7fe5f3fff000 r--p 00002000 08:07 13631893                   /usr/lib/x86_64-linux-gnu/libgmodule-2.0.so.0.4400.1
7fe5f3fff000-7fe5f4000000 rw-p 00003000 08:07 13631893                   /usr/lib/x86_64-linux-gnu/libgmodule-2.0.so.0.4400.1
7fe5f4000000-7fe5f4dbd000 rw-p 00000000 00:00 0 
7fe5f4dbd000-7fe5f8000000 ---p 00000000 00:00 0 
7fe5f8000000-7fe5f8021000 rw-p 00000000 00:00 0 
7fe5f8021000-7fe5fc000000 ---p 00000000 00:00 0 
7fe5fc000000-7fe5fc021000 rw-p 00000000 00:00 0 
7fe5fc021000-7fe600000000 ---p 00000000 00:00 0 
7fe600000000-7fe600d16000 rw-p 00000000 00:00 0 
7fe600d16000-7fe604000000 ---p 00000000 00:00 0 
7fe604000000-7fe604021000 rw-p 00000000 00:00 0 
7fe604021000-7fe608000000 ---p 00000000 00:00 0 
7fe608000000-7fe608021000 rw-p 00000000 00:00 0 
7fe608021000-7fe60c000000 ---p 00000000 00:00 0 
7fe60c000000-7fe60c021000 rw-p 00000000 00:00 0 
7fe60c021000-7fe610000000 ---p 00000000 00:00 0 
7fe610000000-7fe610021000 rw-p 00000000 00:00 0 
7fe610021000-7fe614000000 ---p 00000000 00:00 0 
7fe614000000-7fe614021000 rw-p 00000000 00:00 0 
7fe614021000-7fe618000000 ---p 00000000 00:00 0 
7fe618000000-7fe618021000 rw-p 00000000 00:00 0 
7fe618021000-7fe61c000000 ---p 00000000 00:00 0 
7fe61c000000-7fe61c021000 rw-p 00000000 00:00 0 
7fe61c021000-7fe620000000 ---p 00000000 00:00 0 
7fe620003000-7fe620076000 r--s 00466000 08:07 5245525                    /home/hit_alan/zhoufandi/somefilebetweenlinuxandwindows/dex2jar-2.0/d7d747f21e629ccf26fafdb6ebf016c293674c7f2440a3821dc641f4e6399b58/clientdex2jar.jar
7fe620076000-7fe6200a0000 r--s 001e4000 08:07 5245524                    /home/hit_alan/zhoufandi/somefilebetweenlinuxandwindows/dex2jar-2.0/d7d747f21e629ccf26fafdb6ebf016c293674c7f2440a3821dc641f4e6399b58/channeldex2jar.jar
7fe6200a0000-7fe620113000 r--s 00466000 08:07 5245525                    /home/hit_alan/zhoufandi/somefilebetweenlinuxandwindows/dex2jar-2.0/d7d747f21e629ccf26fafdb6ebf016c293674c7f2440a3821dc641f4e6399b58/clientdex2jar.jar
7fe62013d000-7fe62024a000 r-xp 00000000 08:07 16257102                   /lib/x86_64-linux-gnu/libglib-2.0.so.0.4400.1
7fe62024a000-7fe620449000 ---p 0010d000 08:07 16257102                   /lib/x86_64-linux-gnu/libglib-2.0.so.0.4400.1
7fe620449000-7fe62044a000 r--p 0010c000 08:07 16257102                   /lib/x86_64-linux-gnu/libglib-2.0.so.0.4400.1
7fe62044a000-7fe62044b000 rw-p 0010d000 08:07 16257102                   /lib/x86_64-linux-gnu/libglib-2.0.so.0.4400.1
7fe62044b000-7fe62044c000 rw-p 00000000 00:00 0 
7fe62044c000-7fe62049c000 r-xp 00000000 08:07 13631853                   /usr/lib/x86_64-linux-gnu/libgobject-2.0.so.0.4400.1
7fe62049c000-7fe62069c000 ---p 00050000 08:07 13631853                   /usr/lib/x86_64-linux-gnu/libgobject-2.0.so.0.4400.1
7fe62069c000-7fe62069d000 r--p 00050000 08:07 13631853                   /usr/lib/x86_64-linux-gnu/libgobject-2.0.so.0.4400.1
7fe62069d000-7fe62069e000 rw-p 00051000 08:07 13631853                   /usr/lib/x86_64-linux-gnu/libgobject-2.0.so.0.4400.1
7fe62069e000-7fe620816000 r-xp 00000000 08:07 13631875                   /usr/lib/x86_64-linux-gnu/libgio-2.0.so.0.4400.1
7fe620816000-7fe620a16000 ---p 00178000 08:07 13631875                   /usr/lib/x86_64-linux-gnu/libgio-2.0.so.0.4400.1
7fe620a16000-7fe620a1a000 r--p 00178000 08:07 13631875                   /usr/lib/x86_64-linux-gnu/libgio-2.0.so.0.4400.1
7fe620a1a000-7fe620a1c000 rw-p 0017c000 08:07 13631875                   /usr/lib/x86_64-linux-gnu/libgio-2.0.so.0.4400.1
7fe620a1c000-7fe620a1e000 rw-p 00000000 00:00 0 
7fe620a1f000-7fe620a26000 r--s 00000000 08:07 13902402                   /usr/lib/x86_64-linux-gnu/gconv/gconv-modules.cache
7fe620a26000-7fe620a3a000 r--p 00000000 08:07 14421516                   /usr/share/locale-langpack/zh_CN/LC_MESSAGES/libc.mo
7fe620a3a000-7fe620a52000 r-xp 00000000 08:07 13642175                   /usr/lib/jvm/java-7-openjdk-amd64/jre/lib/amd64/libnet.so
7fe620a52000-7fe620c51000 ---p 00018000 08:07 13642175                   /usr/lib/jvm/java-7-openjdk-amd64/jre/lib/amd64/libnet.so
7fe620c51000-7fe620c52000 r--p 00017000 08:07 13642175                   /usr/lib/jvm/java-7-openjdk-amd64/jre/lib/amd64/libnet.so
7fe620c52000-7fe620c53000 rw-p 00018000 08:07 13642175                   /usr/lib/jvm/java-7-openjdk-amd64/jre/lib/amd64/libnet.so
7fe620c53000-7fe620c64000 r-xp 00000000 08:07 13642136                   /usr/lib/jvm/java-7-openjdk-amd64/jre/lib/amd64/libnio.so
7fe620c64000-7fe620e63000 ---p 00011000 08:07 13642136                   /usr/lib/jvm/java-7-openjdk-amd64/jre/lib/amd64/libnio.so
7fe620e63000-7fe620e64000 r--p 00010000 08:07 13642136                   /usr/lib/jvm/java-7-openjdk-amd64/jre/lib/amd64/libnio.so
7fe620e64000-7fe620e65000 rw-p 00011000 08:07 13642136                   /usr/lib/jvm/java-7-openjdk-amd64/jre/lib/amd64/libnio.so
7fe620e65000-7fe620e6f000 r--s 000ae000 08:07 13642193                   /usr/lib/jvm/java-7-openjdk-amd64/jre/lib/resources.jar
7fe620e6f000-7fe620e74000 r--s 00036000 08:07 7081023                    /home/hit_alan/zhoufandi/somefilebetweenlinuxandwindows/target/asm-all-5.0.3.jar
7fe620e74000-7fe620e75000 ---p 00000000 00:00 0 
7fe620e75000-7fe620f75000 rw-p 00000000 00:00 0 
7fe620f75000-7fe620f78000 ---p 00000000 00:00 0 
7fe620f78000-7fe621076000 rw-p 00000000 00:00 0 
7fe621076000-7fe621079000 ---p 00000000 00:00 0 
7fe621079000-7fe621177000 rw-p 00000000 00:00 0 
7fe621177000-7fe62117a000 ---p 00000000 00:00 0 
7fe62117a000-7fe621278000 rw-p 00000000 00:00 0 
7fe621278000-7fe62127b000 ---p 00000000 00:00 0 
7fe62127b000-7fe621379000 rw-p 00000000 00:00 0 
7fe621379000-7fe6217e6000 r--p 00000000 08:07 13634881                   /usr/lib/locale/locale-archive
7fe6217e6000-7fe6217e9000 ---p 00000000 00:00 0 
7fe6217e9000-7fe6218e7000 rw-p 00000000 00:00 0 
7fe6218e7000-7fe6218ea000 ---p 00000000 00:00 0 
7fe6218ea000-7fe6219e8000 rw-p 00000000 00:00 0 
7fe6219e8000-7fe6219e9000 ---p 00000000 00:00 0 
7fe6219e9000-7fe622a41000 rw-p 00000000 00:00 0 
7fe622a41000-7fe622bf3000 r--s 01d2f000 08:07 13642124                   /usr/lib/jvm/java-7-openjdk-amd64/jre/lib/rt.jar
7fe622bf3000-7fe627451000 rw-p 00000000 00:00 0 
7fe627451000-7fe627452000 ---p 00000000 00:00 0 
7fe627452000-7fe627552000 rw-p 00000000 00:00 0 
7fe627552000-7fe627553000 ---p 00000000 00:00 0 
7fe627553000-7fe627653000 rw-p 00000000 00:00 0 
7fe627653000-7fe627654000 ---p 00000000 00:00 0 
7fe627654000-7fe627754000 rw-p 00000000 00:00 0 
7fe627754000-7fe627755000 ---p 00000000 00:00 0 
7fe627755000-7fe627860000 rw-p 00000000 00:00 0 
7fe627860000-7fe6278a8000 rw-p 00000000 00:00 0 
7fe6278a8000-7fe6278d2000 rw-p 00000000 00:00 0 
7fe6278d2000-7fe627b3e000 rw-p 00000000 00:00 0 
7fe627b3e000-7fe627b49000 rw-p 00000000 00:00 0 
7fe627b49000-7fe627b91000 rw-p 00000000 00:00 0 
7fe627b91000-7fe627bbb000 rw-p 00000000 00:00 0 
7fe627bbb000-7fe627e26000 rw-p 00000000 00:00 0 
7fe627e26000-7fe627eff000 rw-p 00000000 00:00 0 
7fe627eff000-7fe627f71000 rw-p 00000000 00:00 0 
7fe627f71000-7fe627f72000 rw-p 00000000 00:00 0 
7fe627f72000-7fe6281e2000 rwxp 00000000 00:00 0 
7fe6281e2000-7fe62af72000 rw-p 00000000 00:00 0 
7fe62af72000-7fe62af7a000 r-xp 00000000 08:07 13642144                   /usr/lib/jvm/java-7-openjdk-amd64/jre/lib/amd64/libzip.so
7fe62af7a000-7fe62b179000 ---p 00008000 08:07 13642144                   /usr/lib/jvm/java-7-openjdk-amd64/jre/lib/amd64/libzip.so
7fe62b179000-7fe62b17a000 r--p 00007000 08:07 13642144                   /usr/lib/jvm/java-7-openjdk-amd64/jre/lib/amd64/libzip.so
7fe62b17a000-7fe62b17b000 rw-p 00008000 08:07 13642144                   /usr/lib/jvm/java-7-openjdk-amd64/jre/lib/amd64/libzip.so
7fe62b17b000-7fe62b187000 r-xp 00000000 08:07 16253008                   /lib/x86_64-linux-gnu/libnss_files-2.21.so
7fe62b187000-7fe62b386000 ---p 0000c000 08:07 16253008                   /lib/x86_64-linux-gnu/libnss_files-2.21.so
7fe62b386000-7fe62b387000 r--p 0000b000 08:07 16253008                   /lib/x86_64-linux-gnu/libnss_files-2.21.so
7fe62b387000-7fe62b388000 rw-p 0000c000 08:07 16253008                   /lib/x86_64-linux-gnu/libnss_files-2.21.so
7fe62b388000-7fe62b393000 r-xp 00000000 08:07 16252996                   /lib/x86_64-linux-gnu/libnss_nis-2.21.so
7fe62b393000-7fe62b592000 ---p 0000b000 08:07 16252996                   /lib/x86_64-linux-gnu/libnss_nis-2.21.so
7fe62b592000-7fe62b593000 r--p 0000a000 08:07 16252996                   /lib/x86_64-linux-gnu/libnss_nis-2.21.so
7fe62b593000-7fe62b594000 rw-p 0000b000 08:07 16252996                   /lib/x86_64-linux-gnu/libnss_nis-2.21.so
7fe62b594000-7fe62b5ab000 r-xp 00000000 08:07 16257004                   /lib/x86_64-linux-gnu/libnsl-2.21.so
7fe62b5ab000-7fe62b7aa000 ---p 00017000 08:07 16257004                   /lib/x86_64-linux-gnu/libnsl-2.21.so
7fe62b7aa000-7fe62b7ab000 r--p 00016000 08:07 16257004                   /lib/x86_64-linux-gnu/libnsl-2.21.so
7fe62b7ab000-7fe62b7ac000 rw-p 00017000 08:07 16257004                   /lib/x86_64-linux-gnu/libnsl-2.21.so
7fe62b7ac000-7fe62b7ae000 rw-p 00000000 00:00 0 
7fe62b7ae000-7fe62b7b6000 r-xp 00000000 08:07 16253010                   /lib/x86_64-linux-gnu/libnss_compat-2.21.so
7fe62b7b6000-7fe62b9b5000 ---p 00008000 08:07 16253010                   /lib/x86_64-linux-gnu/libnss_compat-2.21.so
7fe62b9b5000-7fe62b9b6000 r--p 00007000 08:07 16253010                   /lib/x86_64-linux-gnu/libnss_compat-2.21.so
7fe62b9b6000-7fe62b9b7000 rw-p 00008000 08:07 16253010                   /lib/x86_64-linux-gnu/libnss_compat-2.21.so
7fe62b9b7000-7fe62b9e4000 r-xp 00000000 08:07 13642157                   /usr/lib/jvm/java-7-openjdk-amd64/jre/lib/amd64/libjava.so
7fe62b9e4000-7fe62bbe3000 ---p 0002d000 08:07 13642157                   /usr/lib/jvm/java-7-openjdk-amd64/jre/lib/amd64/libjava.so
7fe62bbe3000-7fe62bbe4000 r--p 0002c000 08:07 13642157                   /usr/lib/jvm/java-7-openjdk-amd64/jre/lib/amd64/libjava.so
7fe62bbe4000-7fe62bbe6000 rw-p 0002d000 08:07 13642157                   /usr/lib/jvm/java-7-openjdk-amd64/jre/lib/amd64/libjava.so
7fe62bbe6000-7fe62bbf5000 r-xp 00000000 08:07 13642171                   /usr/lib/jvm/java-7-openjdk-amd64/jre/lib/amd64/libverify.so
7fe62bbf5000-7fe62bdf4000 ---p 0000f000 08:07 13642171                   /usr/lib/jvm/java-7-openjdk-amd64/jre/lib/amd64/libverify.so
7fe62bdf4000-7fe62bdf7000 r--p 0000e000 08:07 13642171                   /usr/lib/jvm/java-7-openjdk-amd64/jre/lib/amd64/libverify.so
7fe62bdf7000-7fe62bdf8000 rw-p 00011000 08:07 13642171                   /usr/lib/jvm/java-7-openjdk-amd64/jre/lib/amd64/libverify.so
7fe62bdf8000-7fe62bdff000 r-xp 00000000 08:07 16257005                   /lib/x86_64-linux-gnu/librt-2.21.so
7fe62bdff000-7fe62bffe000 ---p 00007000 08:07 16257005                   /lib/x86_64-linux-gnu/librt-2.21.so
7fe62bffe000-7fe62bfff000 r--p 00006000 08:07 16257005                   /lib/x86_64-linux-gnu/librt-2.21.so
7fe62bfff000-7fe62c000000 rw-p 00007000 08:07 16257005                   /lib/x86_64-linux-gnu/librt-2.21.so
7fe62c000000-7fe62fffa000 rw-p 00000000 00:00 0 
7fe62fffa000-7fe630000000 ---p 00000000 00:00 0 
7fe630003000-7fe630019000 r-xp 00000000 08:07 16257047                   /lib/x86_64-linux-gnu/libgcc_s.so.1
7fe630019000-7fe630218000 ---p 00016000 08:07 16257047                   /lib/x86_64-linux-gnu/libgcc_s.so.1
7fe630218000-7fe630219000 rw-p 00015000 08:07 16257047                   /lib/x86_64-linux-gnu/libgcc_s.so.1
7fe630219000-7fe630320000 r-xp 00000000 08:07 16257003                   /lib/x86_64-linux-gnu/libm-2.21.so
7fe630320000-7fe63051f000 ---p 00107000 08:07 16257003                   /lib/x86_64-linux-gnu/libm-2.21.so
7fe63051f000-7fe630520000 r--p 00106000 08:07 16257003                   /lib/x86_64-linux-gnu/libm-2.21.so
7fe630520000-7fe630521000 rw-p 00107000 08:07 16257003                   /lib/x86_64-linux-gnu/libm-2.21.so
7fe630521000-7fe630611000 r-xp 00000000 08:07 13631543                   /usr/lib/x86_64-linux-gnu/libstdc++.so.6.0.20
7fe630611000-7fe630811000 ---p 000f0000 08:07 13631543                   /usr/lib/x86_64-linux-gnu/libstdc++.so.6.0.20
7fe630811000-7fe630819000 r--p 000f0000 08:07 13631543                   /usr/lib/x86_64-linux-gnu/libstdc++.so.6.0.20
7fe630819000-7fe63081b000 rw-p 000f8000 08:07 13631543                   /usr/lib/x86_64-linux-gnu/libstdc++.so.6.0.20
7fe63081b000-7fe630830000 rw-p 00000000 00:00 0 
7fe630830000-7fe631390000 r-xp 00000000 08:07 13642163                   /usr/lib/jvm/java-7-openjdk-amd64/jre/lib/amd64/server/libjvm.so
7fe631390000-7fe631590000 ---p 00b60000 08:07 13642163                   /usr/lib/jvm/java-7-openjdk-amd64/jre/lib/amd64/server/libjvm.so
7fe631590000-7fe63162f000 r--p 00b60000 08:07 13642163                   /usr/lib/jvm/java-7-openjdk-amd64/jre/lib/amd64/server/libjvm.so
7fe63162f000-7fe631652000 rw-p 00bff000 08:07 13642163                   /usr/lib/jvm/java-7-openjdk-amd64/jre/lib/amd64/server/libjvm.so
7fe631652000-7fe63167f000 rw-p 00000000 00:00 0 
7fe63167f000-7fe631698000 r-xp 00000000 08:07 16257026                   /lib/x86_64-linux-gnu/libz.so.1.2.8
7fe631698000-7fe631898000 ---p 00019000 08:07 16257026                   /lib/x86_64-linux-gnu/libz.so.1.2.8
7fe631898000-7fe631899000 r--p 00019000 08:07 16257026                   /lib/x86_64-linux-gnu/libz.so.1.2.8
7fe631899000-7fe63189a000 rw-p 0001a000 08:07 16257026                   /lib/x86_64-linux-gnu/libz.so.1.2.8
7fe63189a000-7fe6318b2000 r-xp 00000000 08:07 16253005                   /lib/x86_64-linux-gnu/libpthread-2.21.so
7fe6318b2000-7fe631ab2000 ---p 00018000 08:07 16253005                   /lib/x86_64-linux-gnu/libpthread-2.21.so
7fe631ab2000-7fe631ab3000 r--p 00018000 08:07 16253005                   /lib/x86_64-linux-gnu/libpthread-2.21.so
7fe631ab3000-7fe631ab4000 rw-p 00019000 08:07 16253005                   /lib/x86_64-linux-gnu/libpthread-2.21.so
7fe631ab4000-7fe631ab8000 rw-p 00000000 00:00 0 
7fe631ab8000-7fe631abb000 r-xp 00000000 08:07 16253001                   /lib/x86_64-linux-gnu/libdl-2.21.so
7fe631abb000-7fe631cba000 ---p 00003000 08:07 16253001                   /lib/x86_64-linux-gnu/libdl-2.21.so
7fe631cba000-7fe631cbb000 r--p 00002000 08:07 16253001                   /lib/x86_64-linux-gnu/libdl-2.21.so
7fe631cbb000-7fe631cbc000 rw-p 00003000 08:07 16253001                   /lib/x86_64-linux-gnu/libdl-2.21.so
7fe631cbc000-7fe631e7c000 r-xp 00000000 08:07 16257010                   /lib/x86_64-linux-gnu/libc-2.21.so
7fe631e7c000-7fe63207c000 ---p 001c0000 08:07 16257010                   /lib/x86_64-linux-gnu/libc-2.21.so
7fe63207c000-7fe632080000 r--p 001c0000 08:07 16257010                   /lib/x86_64-linux-gnu/libc-2.21.so
7fe632080000-7fe632082000 rw-p 001c4000 08:07 16257010                   /lib/x86_64-linux-gnu/libc-2.21.so
7fe632082000-7fe632086000 rw-p 00000000 00:00 0 
7fe632086000-7fe632093000 r-xp 00000000 08:07 13642172                   /usr/lib/jvm/java-7-openjdk-amd64/jre/lib/amd64/jli/libjli.so
7fe632093000-7fe632292000 ---p 0000d000 08:07 13642172                   /usr/lib/jvm/java-7-openjdk-amd64/jre/lib/amd64/jli/libjli.so
7fe632292000-7fe632293000 r--p 0000c000 08:07 13642172                   /usr/lib/jvm/java-7-openjdk-amd64/jre/lib/amd64/jli/libjli.so
7fe632293000-7fe632294000 rw-p 0000d000 08:07 13642172                   /usr/lib/jvm/java-7-openjdk-amd64/jre/lib/amd64/jli/libjli.so
7fe632294000-7fe6322b8000 r-xp 00000000 08:07 16253004                   /lib/x86_64-linux-gnu/ld-2.21.so
7fe6322b8000-7fe6322b9000 rw-p 00000000 00:00 0 
7fe6322b9000-7fe6322ba000 r--s 00005000 08:07 7081028                    /home/hit_alan/zhoufandi/somefilebetweenlinuxandwindows/target/csvio-1.0.2.jar
7fe6322ba000-7fe6322bb000 r--s 00008000 08:07 7081026                    /home/hit_alan/zhoufandi/somefilebetweenlinuxandwindows/target/commons-cli-1.1.jar
7fe6322bb000-7fe6322bd000 r--s 0001d000 08:07 7081025                    /home/hit_alan/zhoufandi/somefilebetweenlinuxandwindows/target/xmlcli-1.2.3.jar
7fe6322bd000-7fe6322bf000 r--s 0000d000 08:07 7081029                    /home/hit_alan/zhoufandi/somefilebetweenlinuxandwindows/target/commons-logging-1.1.1.jar
7fe6322bf000-7fe6322c4000 r--s 00034000 08:07 7081024                    /home/hit_alan/zhoufandi/somefilebetweenlinuxandwindows/target/commons-beanutils-1.8.3.jar
7fe6322c4000-7fe6322cf000 r--s 000b4000 08:07 7081123                    /home/hit_alan/zhoufandi/somefilebetweenlinuxandwindows/target/stigmata-5.0-SNAPSHOT.jar
7fe6322cf000-7fe6322d3000 r--s 00034000 08:07 13642025                   /usr/lib/jvm/java-7-openjdk-amd64/jre/lib/ext/sunjce_provider.jar
7fe6322d3000-7fe6322dd000 rw-p 00000000 00:00 0 
7fe6322dd000-7fe632393000 rw-p 00000000 00:00 0 
7fe632393000-7fe632396000 ---p 00000000 00:00 0 
7fe632396000-7fe632499000 rw-p 00000000 00:00 0 
7fe632499000-7fe63249b000 r--s 0000b000 08:07 7081027                    /home/hit_alan/zhoufandi/somefilebetweenlinuxandwindows/target/commons-dbutils-1.4.jar
7fe63249b000-7fe63249c000 r--s 00002000 08:07 13642027                   /usr/lib/jvm/java-7-openjdk-amd64/jre/lib/ext/dnsns.jar
7fe63249c000-7fe63249e000 r--s 00012000 08:07 13642022                   /usr/lib/jvm/java-7-openjdk-amd64/jre/lib/ext/zipfs.jar
7fe63249e000-7fe6324a2000 r--s 0003c000 08:07 13642026                   /usr/lib/jvm/java-7-openjdk-amd64/jre/lib/ext/sunpkcs11.jar
7fe6324a2000-7fe6324a5000 r--s 0000f000 08:07 13642024                   /usr/lib/jvm/java-7-openjdk-amd64/jre/lib/ext/icedtea-sound.jar
7fe6324a5000-7fe6324a9000 r--s 00085000 08:07 13642023                   /usr/lib/jvm/java-7-openjdk-amd64/jre/lib/ext/localedata.jar
7fe6324a9000-7fe6324ab000 r--s 00006000 08:07 14028198                   /usr/share/java/java-atk-wrapper.jar
7fe6324ab000-7fe6324b3000 rw-s 00000000 08:07 4980954                    /tmp/hsperfdata_hit_alan/4590
7fe6324b3000-7fe6324b4000 rw-p 00000000 00:00 0 
7fe6324b4000-7fe6324b5000 ---p 00000000 00:00 0 
7fe6324b5000-7fe6324b7000 rw-p 00000000 00:00 0 
7fe6324b7000-7fe6324b8000 r--p 00023000 08:07 16253004                   /lib/x86_64-linux-gnu/ld-2.21.so
7fe6324b8000-7fe6324b9000 rw-p 00024000 08:07 16253004                   /lib/x86_64-linux-gnu/ld-2.21.so
7fe6324b9000-7fe6324ba000 rw-p 00000000 00:00 0 
7ffde4efd000-7ffde4f1f000 rw-p 00000000 00:00 0                          [stack]
7ffde4f2b000-7ffde4f2d000 r--p 00000000 00:00 0                          [vvar]
7ffde4f2d000-7ffde4f2f000 r-xp 00000000 00:00 0                          [vdso]
ffffffffff600000-ffffffffff601000 r-xp 00000000 00:00 0                  [vsyscall]

VM Arguments:
java_command: stigmata-5.0-SNAPSHOT.jar -f xml -b cvfv compare ../dex2jar-2.0/d7d747f21e629ccf26fafdb6ebf016c293674c7f2440a3821dc641f4e6399b58/channeldex2jar.jar ../dex2jar-2.0/d7d747f21e629ccf26fafdb6ebf016c293674c7f2440a3821dc641f4e6399b58/clientdex2jar.jar
Launcher Type: SUN_STANDARD

Environment Variables:
JAVA_HOME=/usr/lib/jvm/java-7-openjdk-amd64
PATH=/home/hit_alan/.gvm/vertx/current/bin:/home/hit_alan/.gvm/springboot/current/bin:/home/hit_alan/.gvm/lazybones/current/bin:/home/hit_alan/.gvm/jbake/current/bin:/home/hit_alan/.gvm/groovyserv/current/bin:/home/hit_alan/.gvm/groovy/current/bin:/home/hit_alan/.gvm/griffon/current/bin:/home/hit_alan/.gvm/grails/current/bin:/home/hit_alan/.gvm/gradle/current/bin:/home/hit_alan/.gvm/glide/current/bin:/home/hit_alan/.gvm/gaiden/current/bin:/home/hit_alan/.gvm/crash/current/bin:/home/hit_alan/.gvm/asciidoctorj/current/bin:/home/hit_alan/bin:/usr/local/sbin:/usr/local/bin:/usr/sbin:/usr/bin:/sbin:/bin:/usr/games:/usr/local/games:/usr/gradle-2.4/bin:/usr/grails-3.0.2/bin:/home/hit_alan/softwares/adt-bundle-linux-x86_64-20140624/sdk/platform-tools:/home/hit_alan/softwares/adt-bundle-linux-x86_64-20140624/sdk/tools
SHELL=/bin/bash
DISPLAY=:0.0

Signal Handlers:
SIGSEGV: [libjvm.so+0x992590], sa_mask[0]=0x7ffbfeff, sa_flags=0x10000004
SIGBUS: [libjvm.so+0x992590], sa_mask[0]=0x7ffbfeff, sa_flags=0x10000004
SIGFPE: [libjvm.so+0x7fec60], sa_mask[0]=0x7ffbfeff, sa_flags=0x10000004
SIGPIPE: [libjvm.so+0x7fec60], sa_mask[0]=0x7ffbfeff, sa_flags=0x10000004
SIGXFSZ: [libjvm.so+0x7fec60], sa_mask[0]=0x7ffbfeff, sa_flags=0x10000004
SIGILL: [libjvm.so+0x7fec60], sa_mask[0]=0x7ffbfeff, sa_flags=0x10000004
SIGUSR1: SIG_DFL, sa_mask[0]=0x00000000, sa_flags=0x00000000
SIGUSR2: [libjvm.so+0x7feae0], sa_mask[0]=0x00000004, sa_flags=0x10000004
SIGHUP: [libjvm.so+0x7fece0], sa_mask[0]=0x7ffbfeff, sa_flags=0x10000004
SIGINT: [libjvm.so+0x7fece0], sa_mask[0]=0x7ffbfeff, sa_flags=0x10000004
SIGTERM: [libjvm.so+0x7fece0], sa_mask[0]=0x7ffbfeff, sa_flags=0x10000004
SIGQUIT: [libjvm.so+0x7fece0], sa_mask[0]=0x7ffbfeff, sa_flags=0x10000004
SIGTRAP: SIG_DFL, sa_mask[0]=0x00000000, sa_flags=0x00000000


---------------  S Y S T E M  ---------------

OS:Ubuntu 15.04 (vivid)
uname:Linux 3.19.0-66-generic #74-Ubuntu SMP Tue Jul 19 15:07:04 UTC 2016 x86_64
libc:glibc 2.21 NPTL 2.21 
rlimit: STACK 8192k, CORE 0k, NPROC 31638, NOFILE 65536, AS infinity
load average:12.37 4.98 2.47

/proc/meminfo:
MemTotal:        8121832 kB
MemFree:          147252 kB
MemAvailable:     155520 kB
Buffers:           12108 kB
Cached:           303896 kB
SwapCached:            0 kB
Active:          7518836 kB
Inactive:         221216 kB
Active(anon):    7447892 kB
Inactive(anon):   150676 kB
Active(file):      70944 kB
Inactive(file):    70540 kB
Unevictable:        1328 kB
Mlocked:            1328 kB
SwapTotal:             0 kB
SwapFree:              0 kB
Dirty:              6388 kB
Writeback:             0 kB
AnonPages:       7425468 kB
Mapped:           209452 kB
Shmem:            174448 kB
Slab:              92052 kB
SReclaimable:      43980 kB
SUnreclaim:        48072 kB
KernelStack:       12960 kB
PageTables:        64456 kB
NFS_Unstable:          0 kB
Bounce:                0 kB
WritebackTmp:          0 kB
CommitLimit:     4060916 kB
Committed_AS:   12977700 kB
VmallocTotal:   34359738367 kB
VmallocUsed:      112588 kB
VmallocChunk:   34359556340 kB
HardwareCorrupted:     0 kB
AnonHugePages:   2803712 kB
CmaTotal:              0 kB
CmaFree:               0 kB
HugePages_Total:       0
HugePages_Free:        0
HugePages_Rsvd:        0
HugePages_Surp:        0
Hugepagesize:       2048 kB
DirectMap4k:      355604 kB
DirectMap2M:     7979008 kB
DirectMap1G:     1048576 kB


CPU:total 4 (4 cores per cpu, 1 threads per core) family 6 model 60 stepping 3, cmov, cx8, fxsr, mmx, sse, sse2, sse3, ssse3, sse4.1, sse4.2, popcnt, avx, avx2, aes, erms, tsc, tscinvbit

/proc/cpuinfo:
processor	: 0
vendor_id	: GenuineIntel
cpu family	: 6
model		: 60
model name	: Intel(R) Core(TM) i5-4590 CPU @ 3.30GHz
stepping	: 3
microcode	: 0x1d
cpu MHz		: 3594.550
cache size	: 6144 KB
physical id	: 0
siblings	: 4
core id		: 0
cpu cores	: 4
apicid		: 0
initial apicid	: 0
fpu		: yes
fpu_exception	: yes
cpuid level	: 13
wp		: yes
flags		: fpu vme de pse tsc msr pae mce cx8 apic sep mtrr pge mca cmov pat pse36 clflush dts acpi mmx fxsr sse sse2 ss ht tm pbe syscall nx pdpe1gb rdtscp lm constant_tsc arch_perfmon pebs bts rep_good nopl xtopology nonstop_tsc aperfmperf eagerfpu pni pclmulqdq dtes64 monitor ds_cpl vmx smx est tm2 ssse3 fma cx16 xtpr pdcm pcid sse4_1 sse4_2 x2apic movbe popcnt tsc_deadline_timer aes xsave avx f16c rdrand lahf_lm abm ida arat epb pln pts dtherm tpr_shadow vnmi flexpriority ept vpid fsgsbase tsc_adjust bmi1 avx2 smep bmi2 erms invpcid xsaveopt
bugs		:
bogomips	: 6585.02
clflush size	: 64
cache_alignment	: 64
address sizes	: 39 bits physical, 48 bits virtual
power management:

processor	: 1
vendor_id	: GenuineIntel
cpu family	: 6
model		: 60
model name	: Intel(R) Core(TM) i5-4590 CPU @ 3.30GHz
stepping	: 3
microcode	: 0x1d
cpu MHz		: 3527.519
cache size	: 6144 KB
physical id	: 0
siblings	: 4
core id		: 1
cpu cores	: 4
apicid		: 2
initial apicid	: 2
fpu		: yes
fpu_exception	: yes
cpuid level	: 13
wp		: yes
flags		: fpu vme de pse tsc msr pae mce cx8 apic sep mtrr pge mca cmov pat pse36 clflush dts acpi mmx fxsr sse sse2 ss ht tm pbe syscall nx pdpe1gb rdtscp lm constant_tsc arch_perfmon pebs bts rep_good nopl xtopology nonstop_tsc aperfmperf eagerfpu pni pclmulqdq dtes64 monitor ds_cpl vmx smx est tm2 ssse3 fma cx16 xtpr pdcm pcid sse4_1 sse4_2 x2apic movbe popcnt tsc_deadline_timer aes xsave avx f16c rdrand lahf_lm abm ida arat epb pln pts dtherm tpr_shadow vnmi flexpriority ept vpid fsgsbase tsc_adjust bmi1 avx2 smep bmi2 erms invpcid xsaveopt
bugs		:
bogomips	: 6585.02
clflush size	: 64
cache_alignment	: 64
address sizes	: 39 bits physical, 48 bits virtual
power management:

processor	: 2
vendor_id	: GenuineIntel
cpu family	: 6
model		: 60
model name	: Intel(R) Core(TM) i5-4590 CPU @ 3.30GHz
stepping	: 3
microcode	: 0x1d
cpu MHz		: 3570.832
cache size	: 6144 KB
physical id	: 0
siblings	: 4
core id		: 2
cpu cores	: 4
apicid		: 4
initial apicid	: 4
fpu		: yes
fpu_exception	: yes
cpuid level	: 13
wp		: yes
flags		: fpu vme de pse tsc msr pae mce cx8 apic sep mtrr pge mca cmov pat pse36 clflush dts acpi mmx fxsr sse sse2 ss ht tm pbe syscall nx pdpe1gb rdtscp lm constant_tsc arch_perfmon pebs bts rep_good nopl xtopology nonstop_tsc aperfmperf eagerfpu pni pclmulqdq dtes64 monitor ds_cpl vmx smx est tm2 ssse3 fma cx16 xtpr pdcm pcid sse4_1 sse4_2 x2apic movbe popcnt tsc_deadline_timer aes xsave avx f16c rdrand lahf_lm abm ida arat epb pln pts dtherm tpr_shadow vnmi flexpriority ept vpid fsgsbase tsc_adjust bmi1 avx2 smep bmi2 erms invpcid xsaveopt
bugs		:
bogomips	: 6585.02
clflush size	: 64
cache_alignment	: 64
address sizes	: 39 bits physical, 48 bits virtual
power management:

processor	: 3
vendor_id	: GenuineIntel
cpu family	: 6
model		: 60
model name	: Intel(R) Core(TM) i5-4590 CPU @ 3.30GHz
stepping	: 3
microcode	: 0x1d
cpu MHz		: 3594.550
cache size	: 6144 KB
physical id	: 0
siblings	: 4
core id		: 3
cpu cores	: 4
apicid		: 6
initial apicid	: 6
fpu		: yes
fpu_exception	: yes
cpuid level	: 13
wp		: yes
flags		: fpu vme de pse tsc msr pae mce cx8 apic sep mtrr pge mca cmov pat pse36 clflush dts acpi mmx fxsr sse sse2 ss ht tm pbe syscall nx pdpe1gb rdtscp lm constant_tsc arch_perfmon pebs bts rep_good nopl xtopology nonstop_tsc aperfmperf eagerfpu pni pclmulqdq dtes64 monitor ds_cpl vmx smx est tm2 ssse3 fma cx16 xtpr pdcm pcid sse4_1 sse4_2 x2apic movbe popcnt tsc_deadline_timer aes xsave avx f16c rdrand lahf_lm abm ida arat epb pln pts dtherm tpr_shadow vnmi flexpriority ept vpid fsgsbase tsc_adjust bmi1 avx2 smep bmi2 erms invpcid xsaveopt
bugs		:
bogomips	: 6585.02
clflush size	: 64
cache_alignment	: 64
address sizes	: 39 bits physical, 48 bits virtual
power management:



Memory: 4k page, physical 8121832k(147252k free), swap 0k(0k free)

vm_info: OpenJDK 64-Bit Server VM (24.95-b01) for linux-amd64 JRE (1.7.0_95-b00), built on Jan 21 2016 03:41:02 by "buildd" with gcc 4.9.2

time: Wed Oct 19 21:20:28 2016
elapsed time: 26 seconds

